<?xml version="1.0" encoding="UTF-8" ?>
<testsuite tests="2" failures="0" name="com.yuan.hspot.AppTest" time="0.311" errors="1" skipped="0">
  <properties>
    <property name="java.runtime.name" value="Java(TM) SE Runtime Environment"/>
    <property name="sun.boot.library.path" value="/Library/Java/JavaVirtualMachines/jdk1.8.0_60.jdk/Contents/Home/jre/lib"/>
    <property name="java.vm.version" value="25.60-b23"/>
    <property name="user.country.format" value="CA"/>
    <property name="gopherProxySet" value="false"/>
    <property name="java.vm.vendor" value="Oracle Corporation"/>
    <property name="maven.multiModuleProjectDirectory" value="/Users/yuanxue/Documents/workspace-sts-3.7.0.RELEASE/yuan-hspot"/>
    <property name="java.vendor.url" value="http://java.oracle.com/"/>
    <property name="path.separator" value=":"/>
    <property name="guice.disable.misplaced.annotation.check" value="true"/>
    <property name="java.vm.name" value="Java HotSpot(TM) 64-Bit Server VM"/>
    <property name="file.encoding.pkg" value="sun.io"/>
    <property name="user.country" value="US"/>
    <property name="sun.java.launcher" value="SUN_STANDARD"/>
    <property name="sun.os.patch.level" value="unknown"/>
    <property name="java.vm.specification.name" value="Java Virtual Machine Specification"/>
    <property name="user.dir" value="/Users/yuanxue/Documents/workspace-sts-3.7.0.RELEASE/yuan-hspot"/>
    <property name="java.runtime.version" value="1.8.0_60-b27"/>
    <property name="java.awt.graphicsenv" value="sun.awt.CGraphicsEnvironment"/>
    <property name="java.endorsed.dirs" value="/Library/Java/JavaVirtualMachines/jdk1.8.0_60.jdk/Contents/Home/jre/lib/endorsed"/>
    <property name="os.arch" value="x86_64"/>
    <property name="java.io.tmpdir" value="/var/folders/v_/_ytk_4mn05b4c2t50sncqh900000gn/T/"/>
    <property name="line.separator" value="
"/>
    <property name="java.vm.specification.vendor" value="Oracle Corporation"/>
    <property name="os.name" value="Mac OS X"/>
    <property name="classworlds.conf" value="/usr/local/Cellar/maven/3.3.3/libexec/bin/m2.conf"/>
    <property name="sun.jnu.encoding" value="UTF-8"/>
    <property name="java.library.path" value="/Users/yuanxue/Library/Java/Extensions:/Library/Java/Extensions:/Network/Library/Java/Extensions:/System/Library/Java/Extensions:/usr/lib/java:."/>
    <property name="java.specification.name" value="Java Platform API Specification"/>
    <property name="java.class.version" value="52.0"/>
    <property name="sun.management.compiler" value="HotSpot 64-Bit Tiered Compilers"/>
    <property name="os.version" value="10.10.5"/>
    <property name="http.nonProxyHosts" value="local|*.local|169.254/16|*.169.254/16"/>
    <property name="user.home" value="/Users/yuanxue"/>
    <property name="user.timezone" value="America/Toronto"/>
    <property name="java.awt.printerjob" value="sun.lwawt.macosx.CPrinterJob"/>
    <property name="java.specification.version" value="1.8"/>
    <property name="file.encoding" value="UTF-8"/>
    <property name="user.name" value="yuanxue"/>
    <property name="java.class.path" value="/usr/local/Cellar/maven/3.3.3/libexec/boot/plexus-classworlds-2.5.2.jar"/>
    <property name="java.vm.specification.version" value="1.8"/>
    <property name="sun.arch.data.model" value="64"/>
    <property name="java.home" value="/Library/Java/JavaVirtualMachines/jdk1.8.0_60.jdk/Contents/Home/jre"/>
    <property name="sun.java.command" value="org.codehaus.plexus.classworlds.launcher.Launcher package"/>
    <property name="java.specification.vendor" value="Oracle Corporation"/>
    <property name="user.language" value="en"/>
    <property name="awt.toolkit" value="sun.lwawt.macosx.LWCToolkit"/>
    <property name="java.vm.info" value="mixed mode"/>
    <property name="java.version" value="1.8.0_60"/>
    <property name="java.ext.dirs" value="/Users/yuanxue/Library/Java/Extensions:/Library/Java/JavaVirtualMachines/jdk1.8.0_60.jdk/Contents/Home/jre/lib/ext:/Library/Java/Extensions:/Network/Library/Java/Extensions:/System/Library/Java/Extensions:/usr/lib/java"/>
    <property name="sun.boot.class.path" value="/Library/Java/JavaVirtualMachines/jdk1.8.0_60.jdk/Contents/Home/jre/lib/resources.jar:/Library/Java/JavaVirtualMachines/jdk1.8.0_60.jdk/Contents/Home/jre/lib/rt.jar:/Library/Java/JavaVirtualMachines/jdk1.8.0_60.jdk/Contents/Home/jre/lib/sunrsasign.jar:/Library/Java/JavaVirtualMachines/jdk1.8.0_60.jdk/Contents/Home/jre/lib/jsse.jar:/Library/Java/JavaVirtualMachines/jdk1.8.0_60.jdk/Contents/Home/jre/lib/jce.jar:/Library/Java/JavaVirtualMachines/jdk1.8.0_60.jdk/Contents/Home/jre/lib/charsets.jar:/Library/Java/JavaVirtualMachines/jdk1.8.0_60.jdk/Contents/Home/jre/lib/jfr.jar:/Library/Java/JavaVirtualMachines/jdk1.8.0_60.jdk/Contents/Home/jre/classes"/>
    <property name="java.vendor" value="Oracle Corporation"/>
    <property name="maven.home" value="/usr/local/Cellar/maven/3.3.3/libexec"/>
    <property name="file.separator" value="/"/>
    <property name="java.vendor.url.bug" value="http://bugreport.sun.com/bugreport/"/>
    <property name="sun.cpu.endian" value="little"/>
    <property name="sun.io.unicode.encoding" value="UnicodeBig"/>
    <property name="socksNonProxyHosts" value="local|*.local|169.254/16|*.169.254/16"/>
    <property name="ftp.nonProxyHosts" value="local|*.local|169.254/16|*.169.254/16"/>
    <property name="sun.cpu.isalist" value=""/>
  </properties>
  <testcase classname="com.yuan.hspot.DAOTest.UserDAOTest" name="testFindAll" time="0.271"/>
  <testcase classname="com.yuan.hspot.DAOTest.UserDAOTest" name="testFilterUser" time="0.04">
    <error type="java.lang.NullPointerException">java.lang.NullPointerException
	at com.yuan.hspot.DAO.UserDAO.filterUsers(UserDAO.java:43)
	at com.yuan.hspot.DAOTest.UserDAOTest.testFilterUser(UserDAOTest.java:103)
	at sun.reflect.NativeMethodAccessorImpl.invoke0(Native Method)
	at sun.reflect.NativeMethodAccessorImpl.invoke(NativeMethodAccessorImpl.java:62)
	at sun.reflect.DelegatingMethodAccessorImpl.invoke(DelegatingMethodAccessorImpl.java:43)
	at java.lang.reflect.Method.invoke(Method.java:497)
	at org.junit.runners.model.FrameworkMethod$1.runReflectiveCall(FrameworkMethod.java:50)
	at org.junit.internal.runners.model.ReflectiveCallable.run(ReflectiveCallable.java:12)
	at org.junit.runners.model.FrameworkMethod.invokeExplosively(FrameworkMethod.java:47)
	at org.junit.internal.runners.statements.InvokeMethod.evaluate(InvokeMethod.java:17)
	at org.junit.internal.runners.statements.RunBefores.evaluate(RunBefores.java:26)
	at org.junit.internal.runners.statements.RunAfters.evaluate(RunAfters.java:27)
	at org.junit.runners.ParentRunner.runLeaf(ParentRunner.java:325)
	at org.junit.runners.BlockJUnit4ClassRunner.runChild(BlockJUnit4ClassRunner.java:78)
	at org.junit.runners.BlockJUnit4ClassRunner.runChild(BlockJUnit4ClassRunner.java:57)
	at org.junit.runners.ParentRunner$3.run(ParentRunner.java:290)
	at org.junit.runners.ParentRunner$1.schedule(ParentRunner.java:71)
	at org.junit.runners.ParentRunner.runChildren(ParentRunner.java:288)
	at org.junit.runners.ParentRunner.access$000(ParentRunner.java:58)
	at org.junit.runners.ParentRunner$2.evaluate(ParentRunner.java:268)
	at org.junit.runners.ParentRunner.run(ParentRunner.java:363)
	at org.junit.runners.Suite.runChild(Suite.java:128)
	at org.junit.runners.Suite.runChild(Suite.java:27)
	at org.junit.runners.ParentRunner$3.run(ParentRunner.java:290)
	at org.junit.runners.ParentRunner$1.schedule(ParentRunner.java:71)
	at org.junit.runners.ParentRunner.runChildren(ParentRunner.java:288)
	at org.junit.runners.ParentRunner.access$000(ParentRunner.java:58)
	at org.junit.runners.ParentRunner$2.evaluate(ParentRunner.java:268)
	at org.junit.runners.ParentRunner.run(ParentRunner.java:363)
	at org.apache.maven.surefire.junit4.JUnit4Provider.execute(JUnit4Provider.java:252)
	at org.apache.maven.surefire.junit4.JUnit4Provider.executeTestSet(JUnit4Provider.java:141)
	at org.apache.maven.surefire.junit4.JUnit4Provider.invoke(JUnit4Provider.java:112)
	at sun.reflect.NativeMethodAccessorImpl.invoke0(Native Method)
	at sun.reflect.NativeMethodAccessorImpl.invoke(NativeMethodAccessorImpl.java:62)
	at sun.reflect.DelegatingMethodAccessorImpl.invoke(DelegatingMethodAccessorImpl.java:43)
	at java.lang.reflect.Method.invoke(Method.java:497)
	at org.apache.maven.surefire.util.ReflectionUtils.invokeMethodWithArray(ReflectionUtils.java:189)
	at org.apache.maven.surefire.booter.ProviderFactory$ProviderProxy.invoke(ProviderFactory.java:165)
	at org.apache.maven.surefire.booter.ProviderFactory.invokeProvider(ProviderFactory.java:85)
	at org.apache.maven.surefire.booter.ForkedBooter.runSuitesInProcess(ForkedBooter.java:115)
	at org.apache.maven.surefire.booter.ForkedBooter.main(ForkedBooter.java:75)
</error>
    <system-out>14:56:05.741 [main] DEBUG org.hibernate.type.BasicTypeRegistry - Adding type registration boolean -&gt; org.hibernate.type.BooleanType@6325a3ee
14:56:05.741 [main] DEBUG org.hibernate.type.BasicTypeRegistry - Adding type registration boolean -&gt; org.hibernate.type.BooleanType@6325a3ee
14:56:05.742 [main] DEBUG org.hibernate.type.BasicTypeRegistry - Adding type registration java.lang.Boolean -&gt; org.hibernate.type.BooleanType@6325a3ee
14:56:05.742 [main] DEBUG org.hibernate.type.BasicTypeRegistry - Adding type registration numeric_boolean -&gt; org.hibernate.type.NumericBooleanType@4f970963
14:56:05.742 [main] DEBUG org.hibernate.type.BasicTypeRegistry - Adding type registration true_false -&gt; org.hibernate.type.TrueFalseType@5bc79255
14:56:05.742 [main] DEBUG org.hibernate.type.BasicTypeRegistry - Adding type registration yes_no -&gt; org.hibernate.type.YesNoType@3dd4520b
14:56:05.742 [main] DEBUG org.hibernate.type.BasicTypeRegistry - Adding type registration byte -&gt; org.hibernate.type.ByteType@2758fe70
14:56:05.742 [main] DEBUG org.hibernate.type.BasicTypeRegistry - Adding type registration byte -&gt; org.hibernate.type.ByteType@2758fe70
14:56:05.742 [main] DEBUG org.hibernate.type.BasicTypeRegistry - Adding type registration java.lang.Byte -&gt; org.hibernate.type.ByteType@2758fe70
14:56:05.742 [main] DEBUG org.hibernate.type.BasicTypeRegistry - Adding type registration character -&gt; org.hibernate.type.CharacterType@6ebc05a6
14:56:05.742 [main] DEBUG org.hibernate.type.BasicTypeRegistry - Adding type registration char -&gt; org.hibernate.type.CharacterType@6ebc05a6
14:56:05.742 [main] DEBUG org.hibernate.type.BasicTypeRegistry - Adding type registration java.lang.Character -&gt; org.hibernate.type.CharacterType@6ebc05a6
14:56:05.742 [main] DEBUG org.hibernate.type.BasicTypeRegistry - Adding type registration short -&gt; org.hibernate.type.ShortType@3a883ce7
14:56:05.742 [main] DEBUG org.hibernate.type.BasicTypeRegistry - Adding type registration short -&gt; org.hibernate.type.ShortType@3a883ce7
14:56:05.742 [main] DEBUG org.hibernate.type.BasicTypeRegistry - Adding type registration java.lang.Short -&gt; org.hibernate.type.ShortType@3a883ce7
14:56:05.742 [main] DEBUG org.hibernate.type.BasicTypeRegistry - Adding type registration integer -&gt; org.hibernate.type.IntegerType@3224f60b
14:56:05.742 [main] DEBUG org.hibernate.type.BasicTypeRegistry - Adding type registration int -&gt; org.hibernate.type.IntegerType@3224f60b
14:56:05.742 [main] DEBUG org.hibernate.type.BasicTypeRegistry - Adding type registration java.lang.Integer -&gt; org.hibernate.type.IntegerType@3224f60b
14:56:05.742 [main] DEBUG org.hibernate.type.BasicTypeRegistry - Adding type registration long -&gt; org.hibernate.type.LongType@7494e528
14:56:05.742 [main] DEBUG org.hibernate.type.BasicTypeRegistry - Adding type registration long -&gt; org.hibernate.type.LongType@7494e528
14:56:05.742 [main] DEBUG org.hibernate.type.BasicTypeRegistry - Adding type registration java.lang.Long -&gt; org.hibernate.type.LongType@7494e528
14:56:05.742 [main] DEBUG org.hibernate.type.BasicTypeRegistry - Adding type registration float -&gt; org.hibernate.type.FloatType@2a17b7b6
14:56:05.742 [main] DEBUG org.hibernate.type.BasicTypeRegistry - Adding type registration float -&gt; org.hibernate.type.FloatType@2a17b7b6
14:56:05.742 [main] DEBUG org.hibernate.type.BasicTypeRegistry - Adding type registration java.lang.Float -&gt; org.hibernate.type.FloatType@2a17b7b6
14:56:05.742 [main] DEBUG org.hibernate.type.BasicTypeRegistry - Adding type registration double -&gt; org.hibernate.type.DoubleType@131276c2
14:56:05.742 [main] DEBUG org.hibernate.type.BasicTypeRegistry - Adding type registration double -&gt; org.hibernate.type.DoubleType@131276c2
14:56:05.742 [main] DEBUG org.hibernate.type.BasicTypeRegistry - Adding type registration java.lang.Double -&gt; org.hibernate.type.DoubleType@131276c2
14:56:05.742 [main] DEBUG org.hibernate.type.BasicTypeRegistry - Adding type registration big_decimal -&gt; org.hibernate.type.BigDecimalType@4e7dc304
14:56:05.742 [main] DEBUG org.hibernate.type.BasicTypeRegistry - Adding type registration java.math.BigDecimal -&gt; org.hibernate.type.BigDecimalType@4e7dc304
14:56:05.742 [main] DEBUG org.hibernate.type.BasicTypeRegistry - Adding type registration big_integer -&gt; org.hibernate.type.BigIntegerType@56aac163
14:56:05.742 [main] DEBUG org.hibernate.type.BasicTypeRegistry - Adding type registration java.math.BigInteger -&gt; org.hibernate.type.BigIntegerType@56aac163
14:56:05.742 [main] DEBUG org.hibernate.type.BasicTypeRegistry - Adding type registration string -&gt; org.hibernate.type.StringType@1d29cf23
14:56:05.742 [main] DEBUG org.hibernate.type.BasicTypeRegistry - Adding type registration java.lang.String -&gt; org.hibernate.type.StringType@1d29cf23
14:56:05.742 [main] DEBUG org.hibernate.type.BasicTypeRegistry - Adding type registration nstring -&gt; org.hibernate.type.StringNVarcharType@53f65459
14:56:05.743 [main] DEBUG org.hibernate.type.BasicTypeRegistry - Adding type registration ncharacter -&gt; org.hibernate.type.CharacterNCharType@6acdbdf5
14:56:05.743 [main] DEBUG org.hibernate.type.BasicTypeRegistry - Adding type registration url -&gt; org.hibernate.type.UrlType@33f88ab
14:56:05.743 [main] DEBUG org.hibernate.type.BasicTypeRegistry - Adding type registration java.net.URL -&gt; org.hibernate.type.UrlType@33f88ab
14:56:05.743 [main] DEBUG org.hibernate.type.BasicTypeRegistry - Adding type registration date -&gt; org.hibernate.type.DateType@704a52ec
14:56:05.743 [main] DEBUG org.hibernate.type.BasicTypeRegistry - Adding type registration java.sql.Date -&gt; org.hibernate.type.DateType@704a52ec
14:56:05.743 [main] DEBUG org.hibernate.type.BasicTypeRegistry - Adding type registration time -&gt; org.hibernate.type.TimeType@305fd85d
14:56:05.743 [main] DEBUG org.hibernate.type.BasicTypeRegistry - Adding type registration java.sql.Time -&gt; org.hibernate.type.TimeType@305fd85d
14:56:05.743 [main] DEBUG org.hibernate.type.BasicTypeRegistry - Adding type registration timestamp -&gt; org.hibernate.type.TimestampType@ea1a8d5
14:56:05.743 [main] DEBUG org.hibernate.type.BasicTypeRegistry - Adding type registration java.sql.Timestamp -&gt; org.hibernate.type.TimestampType@ea1a8d5
14:56:05.743 [main] DEBUG org.hibernate.type.BasicTypeRegistry - Adding type registration java.util.Date -&gt; org.hibernate.type.TimestampType@ea1a8d5
14:56:05.743 [main] DEBUG org.hibernate.type.BasicTypeRegistry - Adding type registration dbtimestamp -&gt; org.hibernate.type.DbTimestampType@30a3107a
14:56:05.743 [main] DEBUG org.hibernate.type.BasicTypeRegistry - Adding type registration calendar -&gt; org.hibernate.type.CalendarType@17d677df
14:56:05.743 [main] DEBUG org.hibernate.type.BasicTypeRegistry - Adding type registration java.util.Calendar -&gt; org.hibernate.type.CalendarType@17d677df
14:56:05.743 [main] DEBUG org.hibernate.type.BasicTypeRegistry - Adding type registration java.util.GregorianCalendar -&gt; org.hibernate.type.CalendarType@17d677df
14:56:05.743 [main] DEBUG org.hibernate.type.BasicTypeRegistry - Adding type registration calendar_date -&gt; org.hibernate.type.CalendarDateType@bd8db5a
14:56:05.743 [main] DEBUG org.hibernate.type.BasicTypeRegistry - Adding type registration locale -&gt; org.hibernate.type.LocaleType@480bdb19
14:56:05.743 [main] DEBUG org.hibernate.type.BasicTypeRegistry - Adding type registration java.util.Locale -&gt; org.hibernate.type.LocaleType@480bdb19
14:56:05.743 [main] DEBUG org.hibernate.type.BasicTypeRegistry - Adding type registration currency -&gt; org.hibernate.type.CurrencyType@467aecef
14:56:05.743 [main] DEBUG org.hibernate.type.BasicTypeRegistry - Adding type registration java.util.Currency -&gt; org.hibernate.type.CurrencyType@467aecef
14:56:05.743 [main] DEBUG org.hibernate.type.BasicTypeRegistry - Adding type registration timezone -&gt; org.hibernate.type.TimeZoneType@6f195bc3
14:56:05.743 [main] DEBUG org.hibernate.type.BasicTypeRegistry - Adding type registration java.util.TimeZone -&gt; org.hibernate.type.TimeZoneType@6f195bc3
14:56:05.743 [main] DEBUG org.hibernate.type.BasicTypeRegistry - Adding type registration class -&gt; org.hibernate.type.ClassType@42f93a98
14:56:05.743 [main] DEBUG org.hibernate.type.BasicTypeRegistry - Adding type registration java.lang.Class -&gt; org.hibernate.type.ClassType@42f93a98
14:56:05.743 [main] DEBUG org.hibernate.type.BasicTypeRegistry - Adding type registration uuid-binary -&gt; org.hibernate.type.UUIDBinaryType@32d2fa64
14:56:05.743 [main] DEBUG org.hibernate.type.BasicTypeRegistry - Adding type registration java.util.UUID -&gt; org.hibernate.type.UUIDBinaryType@32d2fa64
14:56:05.743 [main] DEBUG org.hibernate.type.BasicTypeRegistry - Adding type registration uuid-char -&gt; org.hibernate.type.UUIDCharType@9a7504c
14:56:05.743 [main] DEBUG org.hibernate.type.BasicTypeRegistry - Adding type registration pg-uuid -&gt; org.hibernate.type.PostgresUUIDType@5bb21b69
14:56:05.743 [main] DEBUG org.hibernate.type.BasicTypeRegistry - Adding type registration binary -&gt; org.hibernate.type.BinaryType@26a7b76d
14:56:05.743 [main] DEBUG org.hibernate.type.BasicTypeRegistry - Adding type registration byte[] -&gt; org.hibernate.type.BinaryType@26a7b76d
14:56:05.743 [main] DEBUG org.hibernate.type.BasicTypeRegistry - Adding type registration [B -&gt; org.hibernate.type.BinaryType@26a7b76d
14:56:05.743 [main] DEBUG org.hibernate.type.BasicTypeRegistry - Adding type registration wrapper-binary -&gt; org.hibernate.type.WrapperBinaryType@60285225
14:56:05.743 [main] DEBUG org.hibernate.type.BasicTypeRegistry - Adding type registration Byte[] -&gt; org.hibernate.type.WrapperBinaryType@60285225
14:56:05.743 [main] DEBUG org.hibernate.type.BasicTypeRegistry - Adding type registration [Ljava.lang.Byte; -&gt; org.hibernate.type.WrapperBinaryType@60285225
14:56:05.743 [main] DEBUG org.hibernate.type.BasicTypeRegistry - Adding type registration image -&gt; org.hibernate.type.ImageType@cb51256
14:56:05.743 [main] DEBUG org.hibernate.type.BasicTypeRegistry - Adding type registration characters -&gt; org.hibernate.type.CharArrayType@5f3a4b84
14:56:05.743 [main] DEBUG org.hibernate.type.BasicTypeRegistry - Adding type registration char[] -&gt; org.hibernate.type.CharArrayType@5f3a4b84
14:56:05.744 [main] DEBUG org.hibernate.type.BasicTypeRegistry - Adding type registration [C -&gt; org.hibernate.type.CharArrayType@5f3a4b84
14:56:05.744 [main] DEBUG org.hibernate.type.BasicTypeRegistry - Adding type registration wrapper-characters -&gt; org.hibernate.type.CharacterArrayType@46daef40
14:56:05.744 [main] DEBUG org.hibernate.type.BasicTypeRegistry - Adding type registration [Ljava.lang.Character; -&gt; org.hibernate.type.CharacterArrayType@46daef40
14:56:05.744 [main] DEBUG org.hibernate.type.BasicTypeRegistry - Adding type registration Character[] -&gt; org.hibernate.type.CharacterArrayType@46daef40
14:56:05.744 [main] DEBUG org.hibernate.type.BasicTypeRegistry - Adding type registration text -&gt; org.hibernate.type.TextType@5ed828d
14:56:05.744 [main] DEBUG org.hibernate.type.BasicTypeRegistry - Adding type registration ntext -&gt; org.hibernate.type.NTextType@1a3869f4
14:56:05.744 [main] DEBUG org.hibernate.type.BasicTypeRegistry - Adding type registration blob -&gt; org.hibernate.type.BlobType@4671e53b
14:56:05.744 [main] DEBUG org.hibernate.type.BasicTypeRegistry - Adding type registration java.sql.Blob -&gt; org.hibernate.type.BlobType@4671e53b
14:56:05.744 [main] DEBUG org.hibernate.type.BasicTypeRegistry - Adding type registration materialized_blob -&gt; org.hibernate.type.MaterializedBlobType@b7dd107
14:56:05.744 [main] DEBUG org.hibernate.type.BasicTypeRegistry - Adding type registration clob -&gt; org.hibernate.type.ClobType@c81cdd1
14:56:05.744 [main] DEBUG org.hibernate.type.BasicTypeRegistry - Adding type registration java.sql.Clob -&gt; org.hibernate.type.ClobType@c81cdd1
14:56:05.744 [main] DEBUG org.hibernate.type.BasicTypeRegistry - Adding type registration nclob -&gt; org.hibernate.type.NClobType@6ec8211c
14:56:05.744 [main] DEBUG org.hibernate.type.BasicTypeRegistry - Adding type registration java.sql.NClob -&gt; org.hibernate.type.NClobType@6ec8211c
14:56:05.744 [main] DEBUG org.hibernate.type.BasicTypeRegistry - Adding type registration materialized_clob -&gt; org.hibernate.type.MaterializedClobType@2e3fc542
14:56:05.744 [main] DEBUG org.hibernate.type.BasicTypeRegistry - Adding type registration materialized_nclob -&gt; org.hibernate.type.MaterializedNClobType@401e7803
14:56:05.744 [main] DEBUG org.hibernate.type.BasicTypeRegistry - Adding type registration serializable -&gt; org.hibernate.type.SerializableType@2eda0940
14:56:05.744 [main] DEBUG org.hibernate.type.BasicTypeRegistry - Adding type registration object -&gt; org.hibernate.type.ObjectType@481a15ff
14:56:05.744 [main] DEBUG org.hibernate.type.BasicTypeRegistry - Adding type registration java.lang.Object -&gt; org.hibernate.type.ObjectType@481a15ff
14:56:05.744 [main] DEBUG org.hibernate.type.BasicTypeRegistry - Adding type registration imm_date -&gt; org.hibernate.type.AdaptedImmutableType@3569edd5
14:56:05.744 [main] DEBUG org.hibernate.type.BasicTypeRegistry - Adding type registration imm_time -&gt; org.hibernate.type.AdaptedImmutableType@1f651cd8
14:56:05.744 [main] DEBUG org.hibernate.type.BasicTypeRegistry - Adding type registration imm_timestamp -&gt; org.hibernate.type.AdaptedImmutableType@7d0332e1
14:56:05.744 [main] DEBUG org.hibernate.type.BasicTypeRegistry - Adding type registration imm_dbtimestamp -&gt; org.hibernate.type.AdaptedImmutableType@7a356a0d
14:56:05.744 [main] DEBUG org.hibernate.type.BasicTypeRegistry - Adding type registration imm_calendar -&gt; org.hibernate.type.AdaptedImmutableType@c827db
14:56:05.744 [main] DEBUG org.hibernate.type.BasicTypeRegistry - Adding type registration imm_calendar_date -&gt; org.hibernate.type.AdaptedImmutableType@377c68c6
14:56:05.744 [main] DEBUG org.hibernate.type.BasicTypeRegistry - Adding type registration imm_binary -&gt; org.hibernate.type.AdaptedImmutableType@538cd0f2
14:56:05.744 [main] DEBUG org.hibernate.type.BasicTypeRegistry - Adding type registration imm_serializable -&gt; org.hibernate.type.AdaptedImmutableType@238ad8c
14:56:05.744 [main] DEBUG o.h.i.f.i.DefaultIdentifierGeneratorFactory - Registering IdentifierGenerator strategy [uuid2] -&gt; [org.hibernate.id.UUIDGenerator]
14:56:05.744 [main] DEBUG o.h.i.f.i.DefaultIdentifierGeneratorFactory - Registering IdentifierGenerator strategy [guid] -&gt; [org.hibernate.id.GUIDGenerator]
14:56:05.744 [main] DEBUG o.h.i.f.i.DefaultIdentifierGeneratorFactory - Registering IdentifierGenerator strategy [uuid] -&gt; [org.hibernate.id.UUIDHexGenerator]
14:56:05.744 [main] DEBUG o.h.i.f.i.DefaultIdentifierGeneratorFactory - Registering IdentifierGenerator strategy [uuid.hex] -&gt; [org.hibernate.id.UUIDHexGenerator]
14:56:05.744 [main] DEBUG o.h.i.f.i.DefaultIdentifierGeneratorFactory - Registering IdentifierGenerator strategy [hilo] -&gt; [org.hibernate.id.TableHiLoGenerator]
14:56:05.744 [main] DEBUG o.h.i.f.i.DefaultIdentifierGeneratorFactory - Registering IdentifierGenerator strategy [assigned] -&gt; [org.hibernate.id.Assigned]
14:56:05.745 [main] DEBUG o.h.i.f.i.DefaultIdentifierGeneratorFactory - Registering IdentifierGenerator strategy [identity] -&gt; [org.hibernate.id.IdentityGenerator]
14:56:05.745 [main] DEBUG o.h.i.f.i.DefaultIdentifierGeneratorFactory - Registering IdentifierGenerator strategy [select] -&gt; [org.hibernate.id.SelectGenerator]
14:56:05.745 [main] DEBUG o.h.i.f.i.DefaultIdentifierGeneratorFactory - Registering IdentifierGenerator strategy [sequence] -&gt; [org.hibernate.id.SequenceGenerator]
14:56:05.745 [main] DEBUG o.h.i.f.i.DefaultIdentifierGeneratorFactory - Registering IdentifierGenerator strategy [seqhilo] -&gt; [org.hibernate.id.SequenceHiLoGenerator]
14:56:05.745 [main] DEBUG o.h.i.f.i.DefaultIdentifierGeneratorFactory - Registering IdentifierGenerator strategy [increment] -&gt; [org.hibernate.id.IncrementGenerator]
14:56:05.745 [main] DEBUG o.h.i.f.i.DefaultIdentifierGeneratorFactory - Registering IdentifierGenerator strategy [foreign] -&gt; [org.hibernate.id.ForeignGenerator]
14:56:05.745 [main] DEBUG o.h.i.f.i.DefaultIdentifierGeneratorFactory - Registering IdentifierGenerator strategy [sequence-identity] -&gt; [org.hibernate.id.SequenceIdentityGenerator]
14:56:05.745 [main] DEBUG o.h.i.f.i.DefaultIdentifierGeneratorFactory - Registering IdentifierGenerator strategy [enhanced-sequence] -&gt; [org.hibernate.id.enhanced.SequenceStyleGenerator]
14:56:05.745 [main] DEBUG o.h.i.f.i.DefaultIdentifierGeneratorFactory - Registering IdentifierGenerator strategy [enhanced-table] -&gt; [org.hibernate.id.enhanced.TableGenerator]
14:56:05.745 [main] DEBUG o.h.i.internal.IntegratorServiceImpl - Adding Integrator [org.hibernate.cfg.beanvalidation.BeanValidationIntegrator].
14:56:05.745 [main] DEBUG o.h.i.internal.IntegratorServiceImpl - Adding Integrator [org.hibernate.secure.spi.JaccIntegrator].
14:56:05.745 [main] DEBUG o.h.i.internal.IntegratorServiceImpl - Adding Integrator [org.hibernate.cache.internal.CollectionCacheInvalidator].
14:56:05.746 [main] DEBUG o.h.i.internal.IntegratorServiceImpl - Adding Integrator [org.jadira.usertype.dateandtime.joda.integrator.UserTypeJodaTimeHibernateIntegrator].
14:56:05.746 [main] DEBUG o.h.i.internal.IntegratorServiceImpl - Adding Integrator [org.jadira.usertype.moneyandcurrency.joda.integrator.UserTypeJodaMoneyHibernateIntegrator].
14:56:05.746 [main] DEBUG o.h.i.internal.IntegratorServiceImpl - Adding Integrator [org.jadira.usertype.moneyandcurrency.legacyjdk.integrator.UserTypeLegacyJdkMoneyHibernateIntegrator].
14:56:05.747 [main] DEBUG o.h.b.r.s.i.StrategySelectorImpl - Registering named strategy selector [org.hibernate.dialect.Dialect] : [MySQL5] -&gt; [org.hibernate.dialect.MySQL5Dialect] (replacing [org.hibernate.dialect.MySQL5Dialect])
14:56:05.747 [main] DEBUG o.h.b.r.s.i.StrategySelectorImpl - Registering named strategy selector [org.hibernate.dialect.Dialect] : [MySQL5InnoDB] -&gt; [org.hibernate.dialect.MySQL5InnoDBDialect] (replacing [org.hibernate.dialect.MySQL5InnoDBDialect])
14:56:05.749 [main] DEBUG o.h.service.spi.ServiceBinding - Overriding existing service binding [org.hibernate.secure.spi.JaccService]
14:56:05.749 [main] DEBUG org.hibernate.cfg.Configuration - Preparing to build session factory with filters : {}
14:56:05.750 [main] WARN  o.h.e.j.c.i.DriverManagerConnectionProviderImpl - HHH000402: Using Hibernate built-in connection pool (not for production use!)
14:56:05.750 [main] INFO  o.h.e.j.c.i.DriverManagerConnectionProviderImpl - HHH000401: using driver [org.postgresql.Driver] at URL [jdbc:postgresql://127.0.0.1:5432/hspottest]
14:56:05.750 [main] INFO  o.h.e.j.c.i.DriverManagerConnectionProviderImpl - HHH000046: Connection properties: {user=postgres, password=1234}
14:56:05.750 [main] INFO  o.h.e.j.c.i.DriverManagerConnectionProviderImpl - HHH000006: Autocommit mode: false
14:56:05.750 [main] INFO  o.h.e.j.c.i.DriverManagerConnectionProviderImpl - HHH000115: Hibernate connection pool size: 20 (min=1)
14:56:05.750 [main] DEBUG o.h.e.j.c.i.DriverManagerConnectionProviderImpl - Initializing Connection pool with 1 Connections
14:56:05.764 [main] DEBUG o.h.e.jdbc.internal.JdbcServicesImpl - Database -&gt;
       name : PostgreSQL
    version : 9.4.4
      major : 9
      minor : 4
14:56:05.764 [main] DEBUG o.h.e.jdbc.internal.JdbcServicesImpl - Driver -&gt;
       name : PostgreSQL Native Driver
    version : PostgreSQL 9.4 JDBC4.2 (build 1205)
      major : 9
      minor : 4
14:56:05.764 [main] DEBUG o.h.e.jdbc.internal.JdbcServicesImpl - JDBC version : 4.0
14:56:05.765 [main] DEBUG o.h.e.j.c.i.StandardRefCursorSupport - Unexpected error trying to gauge level of JDBC REF_CURSOR support : null
14:56:05.925 [main] INFO  org.hibernate.dialect.Dialect - HHH000400: Using dialect: org.hibernate.dialect.PostgreSQL9Dialect
14:56:05.926 [main] INFO  o.h.e.j.internal.LobCreatorBuilder - HHH000424: Disabling contextual LOB creation as createClob() method threw error : java.lang.reflect.InvocationTargetException
14:56:05.926 [main] DEBUG org.hibernate.cfg.Configuration - Processing hbm.xml files
14:56:05.926 [main] DEBUG org.hibernate.cfg.Configuration - Process annotated classes
14:56:05.927 [main] DEBUG org.hibernate.cfg.AnnotationBinder - Binding entity from annotated class: com.yuan.hspot.Entity.UserDetails
14:56:05.927 [main] DEBUG o.h.cfg.annotations.QueryBinder - Binding named query: UserDetails.findAll =&gt; from UserDetails
14:56:05.927 [main] DEBUG o.h.cfg.annotations.QueryBinder - Binding named query: UserDetails.deleteAll =&gt; delete from UserDetails
14:56:05.927 [main] DEBUG org.hibernate.cfg.Ejb3Column - Binding column: Ejb3DiscriminatorColumn{logicalColumnName&apos;DTYPE&apos;, discriminatorTypeName=&apos;string&apos;}
14:56:05.927 [main] DEBUG org.hibernate.cfg.AnnotationBinder - No value specified for &apos;javax.persistence.sharedCache.mode&apos;; using UNSPECIFIED
14:56:05.927 [main] DEBUG o.h.cfg.annotations.EntityBinder - Import with entity name UserDetails
14:56:05.928 [main] DEBUG o.h.cfg.annotations.EntityBinder - Bind entity com.yuan.hspot.Entity.UserDetails on table UserDetails
14:56:05.930 [main] DEBUG org.hibernate.cfg.Ejb3Column - Binding column: Ejb3Column{table=org.hibernate.mapping.Table(UserDetails), mappingColumn=userID, insertable=true, updatable=true, unique=false}
14:56:05.931 [main] DEBUG o.h.cfg.annotations.PropertyBinder - MetadataSourceProcessor property userID with lazy=false
14:56:05.931 [main] DEBUG o.h.cfg.AbstractPropertyHolder - Attempting to locate auto-apply AttributeConverter for property [com.yuan.hspot.Entity.UserDetails:userID]
14:56:05.931 [main] DEBUG o.h.c.annotations.SimpleValueBinder - building SimpleValue for userID
14:56:05.931 [main] DEBUG o.h.cfg.annotations.PropertyBinder - Building property userID
14:56:05.931 [main] DEBUG org.hibernate.cfg.Ejb3Column - Binding column: Ejb3Column{table=org.hibernate.mapping.Table(UserDetails), mappingColumn=email, insertable=true, updatable=true, unique=true}
14:56:05.932 [main] DEBUG o.h.cfg.annotations.PropertyBinder - MetadataSourceProcessor property email with lazy=false
14:56:05.932 [main] DEBUG o.h.cfg.AbstractPropertyHolder - Attempting to locate auto-apply AttributeConverter for property [com.yuan.hspot.Entity.UserDetails:email]
14:56:05.932 [main] DEBUG o.h.c.annotations.SimpleValueBinder - building SimpleValue for email
14:56:05.932 [main] DEBUG o.h.cfg.annotations.PropertyBinder - Building property email
14:56:05.932 [main] DEBUG org.hibernate.cfg.Ejb3Column - Binding column: Ejb3Column{table=org.hibernate.mapping.Table(UserDetails), mappingColumn=firstName, insertable=true, updatable=true, unique=false}
14:56:05.932 [main] DEBUG o.h.cfg.annotations.PropertyBinder - MetadataSourceProcessor property firstName with lazy=false
14:56:05.932 [main] DEBUG o.h.cfg.AbstractPropertyHolder - Attempting to locate auto-apply AttributeConverter for property [com.yuan.hspot.Entity.UserDetails:firstName]
14:56:05.932 [main] DEBUG o.h.c.annotations.SimpleValueBinder - building SimpleValue for firstName
14:56:05.932 [main] DEBUG o.h.cfg.annotations.PropertyBinder - Building property firstName
14:56:05.933 [main] DEBUG org.hibernate.cfg.Ejb3Column - Binding column: Ejb3Column{table=org.hibernate.mapping.Table(UserDetails), mappingColumn=lastName, insertable=true, updatable=true, unique=false}
14:56:05.933 [main] DEBUG o.h.cfg.annotations.PropertyBinder - MetadataSourceProcessor property lastName with lazy=false
14:56:05.933 [main] DEBUG o.h.cfg.AbstractPropertyHolder - Attempting to locate auto-apply AttributeConverter for property [com.yuan.hspot.Entity.UserDetails:lastName]
14:56:05.933 [main] DEBUG o.h.c.annotations.SimpleValueBinder - building SimpleValue for lastName
14:56:05.933 [main] DEBUG o.h.cfg.annotations.PropertyBinder - Building property lastName
14:56:05.933 [main] DEBUG org.hibernate.cfg.Ejb3Column - Binding column: Ejb3JoinColumn{logicalColumnName=&apos;null&apos;, referencedColumn=&apos;null&apos;, mappedBy=&apos;userDetails&apos;}
14:56:05.933 [main] DEBUG org.hibernate.cfg.Ejb3Column - Binding column: Ejb3Column{table=org.hibernate.mapping.Table(UserDetails), mappingColumn=messages, insertable=true, updatable=true, unique=false}
14:56:05.933 [main] DEBUG org.hibernate.cfg.Ejb3Column - Binding column: Ejb3Column{table=org.hibernate.mapping.Table(UserDetails), mappingColumn=null, insertable=true, updatable=true, unique=false}
14:56:05.933 [main] DEBUG org.hibernate.cfg.Ejb3Column - Binding column: Ejb3Column{table=org.hibernate.mapping.Table(UserDetails), mappingColumn=element, insertable=true, updatable=true, unique=false}
14:56:05.933 [main] DEBUG org.hibernate.cfg.Ejb3Column - Binding column: Ejb3Column{table=org.hibernate.mapping.Table(UserDetails), mappingColumn=messages_KEY, insertable=true, updatable=true, unique=false}
14:56:05.933 [main] DEBUG org.hibernate.cfg.Ejb3Column - Binding column: Ejb3JoinColumn{logicalColumnName=&apos;messages_KEY&apos;, referencedColumn=&apos;null&apos;, mappedBy=&apos;null&apos;}
14:56:05.934 [main] DEBUG org.hibernate.cfg.Ejb3Column - Binding column: Ejb3JoinColumn{logicalColumnName=&apos;null&apos;, referencedColumn=&apos;null&apos;, mappedBy=&apos;userDetails&apos;}
14:56:05.934 [main] DEBUG org.hibernate.cfg.Ejb3Column - Binding column: Ejb3JoinColumn{logicalColumnName=&apos;null&apos;, referencedColumn=&apos;null&apos;, mappedBy=&apos;userDetails&apos;}
14:56:05.934 [main] DEBUG o.h.cfg.annotations.CollectionBinder - Collection role: com.yuan.hspot.Entity.UserDetails.messages
14:56:05.934 [main] DEBUG o.h.cfg.annotations.PropertyBinder - Building property messages
14:56:05.934 [main] DEBUG org.hibernate.cfg.Ejb3Column - Binding column: Ejb3Column{table=org.hibernate.mapping.Table(UserDetails), mappingColumn=password, insertable=true, updatable=true, unique=false}
14:56:05.934 [main] DEBUG o.h.cfg.annotations.PropertyBinder - MetadataSourceProcessor property password with lazy=false
14:56:05.934 [main] DEBUG o.h.cfg.AbstractPropertyHolder - Attempting to locate auto-apply AttributeConverter for property [com.yuan.hspot.Entity.UserDetails:password]
14:56:05.934 [main] DEBUG o.h.c.annotations.SimpleValueBinder - building SimpleValue for password
14:56:05.934 [main] DEBUG o.h.cfg.annotations.PropertyBinder - Building property password
14:56:05.934 [main] DEBUG org.hibernate.cfg.Ejb3Column - Binding column: Ejb3JoinColumn{logicalColumnName=&apos;null&apos;, referencedColumn=&apos;null&apos;, mappedBy=&apos;reviewGiver&apos;}
14:56:05.934 [main] DEBUG org.hibernate.cfg.Ejb3Column - Binding column: Ejb3Column{table=org.hibernate.mapping.Table(UserDetails), mappingColumn=reviewGiven, insertable=true, updatable=true, unique=false}
14:56:05.934 [main] DEBUG org.hibernate.cfg.Ejb3Column - Binding column: Ejb3Column{table=org.hibernate.mapping.Table(UserDetails), mappingColumn=null, insertable=true, updatable=true, unique=false}
14:56:05.935 [main] DEBUG org.hibernate.cfg.Ejb3Column - Binding column: Ejb3Column{table=org.hibernate.mapping.Table(UserDetails), mappingColumn=element, insertable=true, updatable=true, unique=false}
14:56:05.935 [main] DEBUG org.hibernate.cfg.Ejb3Column - Binding column: Ejb3Column{table=org.hibernate.mapping.Table(UserDetails), mappingColumn=reviewGiven_KEY, insertable=true, updatable=true, unique=false}
14:56:05.935 [main] DEBUG org.hibernate.cfg.Ejb3Column - Binding column: Ejb3JoinColumn{logicalColumnName=&apos;reviewGiven_KEY&apos;, referencedColumn=&apos;null&apos;, mappedBy=&apos;null&apos;}
14:56:05.935 [main] DEBUG org.hibernate.cfg.Ejb3Column - Binding column: Ejb3JoinColumn{logicalColumnName=&apos;null&apos;, referencedColumn=&apos;null&apos;, mappedBy=&apos;reviewGiver&apos;}
14:56:05.935 [main] DEBUG org.hibernate.cfg.Ejb3Column - Binding column: Ejb3JoinColumn{logicalColumnName=&apos;null&apos;, referencedColumn=&apos;null&apos;, mappedBy=&apos;reviewGiver&apos;}
14:56:05.935 [main] DEBUG o.h.cfg.annotations.CollectionBinder - Collection role: com.yuan.hspot.Entity.UserDetails.reviewGiven
14:56:05.935 [main] DEBUG o.h.cfg.annotations.PropertyBinder - Building property reviewGiven
14:56:05.935 [main] DEBUG org.hibernate.cfg.Ejb3Column - Binding column: Ejb3JoinColumn{logicalColumnName=&apos;null&apos;, referencedColumn=&apos;null&apos;, mappedBy=&apos;reviewReceiver&apos;}
14:56:05.935 [main] DEBUG org.hibernate.cfg.Ejb3Column - Binding column: Ejb3Column{table=org.hibernate.mapping.Table(UserDetails), mappingColumn=reviewReceived, insertable=true, updatable=true, unique=false}
14:56:05.936 [main] DEBUG org.hibernate.cfg.Ejb3Column - Binding column: Ejb3Column{table=org.hibernate.mapping.Table(UserDetails), mappingColumn=null, insertable=true, updatable=true, unique=false}
14:56:05.936 [main] DEBUG org.hibernate.cfg.Ejb3Column - Binding column: Ejb3Column{table=org.hibernate.mapping.Table(UserDetails), mappingColumn=element, insertable=true, updatable=true, unique=false}
14:56:05.936 [main] DEBUG org.hibernate.cfg.Ejb3Column - Binding column: Ejb3Column{table=org.hibernate.mapping.Table(UserDetails), mappingColumn=reviewReceived_KEY, insertable=true, updatable=true, unique=false}
14:56:05.936 [main] DEBUG org.hibernate.cfg.Ejb3Column - Binding column: Ejb3JoinColumn{logicalColumnName=&apos;reviewReceived_KEY&apos;, referencedColumn=&apos;null&apos;, mappedBy=&apos;null&apos;}
14:56:05.936 [main] DEBUG org.hibernate.cfg.Ejb3Column - Binding column: Ejb3JoinColumn{logicalColumnName=&apos;null&apos;, referencedColumn=&apos;null&apos;, mappedBy=&apos;reviewReceiver&apos;}
14:56:05.936 [main] DEBUG org.hibernate.cfg.Ejb3Column - Binding column: Ejb3JoinColumn{logicalColumnName=&apos;null&apos;, referencedColumn=&apos;null&apos;, mappedBy=&apos;reviewReceiver&apos;}
14:56:05.936 [main] DEBUG o.h.cfg.annotations.CollectionBinder - Collection role: com.yuan.hspot.Entity.UserDetails.reviewReceived
14:56:05.936 [main] DEBUG o.h.cfg.annotations.PropertyBinder - Building property reviewReceived
14:56:05.936 [main] DEBUG org.hibernate.cfg.Ejb3Column - Binding column: Ejb3Column{table=org.hibernate.mapping.Table(UserDetails), mappingColumn=role, insertable=true, updatable=true, unique=false}
14:56:05.936 [main] DEBUG o.h.cfg.annotations.PropertyBinder - MetadataSourceProcessor property role with lazy=false
14:56:05.936 [main] DEBUG o.h.cfg.AbstractPropertyHolder - Attempting to locate auto-apply AttributeConverter for property [com.yuan.hspot.Entity.UserDetails:role]
14:56:05.936 [main] DEBUG o.h.c.annotations.SimpleValueBinder - building SimpleValue for role
14:56:05.936 [main] DEBUG o.h.cfg.annotations.PropertyBinder - Building property role
14:56:05.937 [main] DEBUG org.hibernate.cfg.Ejb3Column - Binding column: Ejb3JoinColumn{logicalColumnName=&apos;null&apos;, referencedColumn=&apos;null&apos;, mappedBy=&apos;&apos;}
14:56:05.937 [main] DEBUG org.hibernate.cfg.Ejb3Column - Binding column: Ejb3Column{table=org.hibernate.mapping.Table(UserDetails), mappingColumn=skills, insertable=true, updatable=true, unique=false}
14:56:05.937 [main] DEBUG org.hibernate.cfg.Ejb3Column - Binding column: Ejb3Column{table=org.hibernate.mapping.Table(UserDetails), mappingColumn=null, insertable=true, updatable=true, unique=false}
14:56:05.937 [main] DEBUG org.hibernate.cfg.Ejb3Column - Binding column: Ejb3Column{table=org.hibernate.mapping.Table(UserDetails), mappingColumn=skills, insertable=true, updatable=true, unique=false}
14:56:05.937 [main] DEBUG org.hibernate.cfg.Ejb3Column - Binding column: Ejb3Column{table=org.hibernate.mapping.Table(UserDetails), mappingColumn=skills_KEY, insertable=true, updatable=true, unique=false}
14:56:05.937 [main] DEBUG org.hibernate.cfg.Ejb3Column - Binding column: Ejb3JoinColumn{logicalColumnName=&apos;skills_KEY&apos;, referencedColumn=&apos;null&apos;, mappedBy=&apos;null&apos;}
14:56:05.937 [main] DEBUG org.hibernate.cfg.Ejb3Column - Binding column: Ejb3JoinColumn{logicalColumnName=&apos;null&apos;, referencedColumn=&apos;null&apos;, mappedBy=&apos;&apos;}
14:56:05.937 [main] DEBUG org.hibernate.cfg.Ejb3Column - Binding column: Ejb3JoinColumn{logicalColumnName=&apos;null&apos;, referencedColumn=&apos;null&apos;, mappedBy=&apos;&apos;}
14:56:05.937 [main] DEBUG o.h.cfg.annotations.CollectionBinder - Collection role: com.yuan.hspot.Entity.UserDetails.skills
14:56:05.937 [main] DEBUG o.h.cfg.annotations.PropertyBinder - Building property skills
14:56:05.937 [main] DEBUG org.hibernate.cfg.Ejb3Column - Binding column: Ejb3JoinColumn{logicalColumnName=&apos;null&apos;, referencedColumn=&apos;null&apos;, mappedBy=&apos;userOne&apos;}
14:56:05.937 [main] DEBUG org.hibernate.cfg.Ejb3Column - Binding column: Ejb3Column{table=org.hibernate.mapping.Table(UserDetails), mappingColumn=userOneConversations, insertable=true, updatable=true, unique=false}
14:56:05.938 [main] DEBUG org.hibernate.cfg.Ejb3Column - Binding column: Ejb3Column{table=org.hibernate.mapping.Table(UserDetails), mappingColumn=null, insertable=true, updatable=true, unique=false}
14:56:05.938 [main] DEBUG org.hibernate.cfg.Ejb3Column - Binding column: Ejb3Column{table=org.hibernate.mapping.Table(UserDetails), mappingColumn=element, insertable=true, updatable=true, unique=false}
14:56:05.938 [main] DEBUG org.hibernate.cfg.Ejb3Column - Binding column: Ejb3Column{table=org.hibernate.mapping.Table(UserDetails), mappingColumn=userOneConversations_KEY, insertable=true, updatable=true, unique=false}
14:56:05.938 [main] DEBUG org.hibernate.cfg.Ejb3Column - Binding column: Ejb3JoinColumn{logicalColumnName=&apos;userOneConversations_KEY&apos;, referencedColumn=&apos;null&apos;, mappedBy=&apos;null&apos;}
14:56:05.938 [main] DEBUG org.hibernate.cfg.Ejb3Column - Binding column: Ejb3JoinColumn{logicalColumnName=&apos;null&apos;, referencedColumn=&apos;null&apos;, mappedBy=&apos;userOne&apos;}
14:56:05.938 [main] DEBUG org.hibernate.cfg.Ejb3Column - Binding column: Ejb3JoinColumn{logicalColumnName=&apos;null&apos;, referencedColumn=&apos;null&apos;, mappedBy=&apos;userOne&apos;}
14:56:05.938 [main] DEBUG o.h.cfg.annotations.CollectionBinder - Collection role: com.yuan.hspot.Entity.UserDetails.userOneConversations
14:56:05.938 [main] DEBUG o.h.cfg.annotations.PropertyBinder - Building property userOneConversations
14:56:05.938 [main] DEBUG org.hibernate.cfg.Ejb3Column - Binding column: Ejb3JoinColumn{logicalColumnName=&apos;null&apos;, referencedColumn=&apos;null&apos;, mappedBy=&apos;userTwo&apos;}
14:56:05.938 [main] DEBUG org.hibernate.cfg.Ejb3Column - Binding column: Ejb3Column{table=org.hibernate.mapping.Table(UserDetails), mappingColumn=userTwoConversations, insertable=true, updatable=true, unique=false}
14:56:05.938 [main] DEBUG org.hibernate.cfg.Ejb3Column - Binding column: Ejb3Column{table=org.hibernate.mapping.Table(UserDetails), mappingColumn=null, insertable=true, updatable=true, unique=false}
14:56:05.939 [main] DEBUG org.hibernate.cfg.Ejb3Column - Binding column: Ejb3Column{table=org.hibernate.mapping.Table(UserDetails), mappingColumn=element, insertable=true, updatable=true, unique=false}
14:56:05.939 [main] DEBUG org.hibernate.cfg.Ejb3Column - Binding column: Ejb3Column{table=org.hibernate.mapping.Table(UserDetails), mappingColumn=userTwoConversations_KEY, insertable=true, updatable=true, unique=false}
14:56:05.939 [main] DEBUG org.hibernate.cfg.Ejb3Column - Binding column: Ejb3JoinColumn{logicalColumnName=&apos;userTwoConversations_KEY&apos;, referencedColumn=&apos;null&apos;, mappedBy=&apos;null&apos;}
14:56:05.939 [main] DEBUG org.hibernate.cfg.Ejb3Column - Binding column: Ejb3JoinColumn{logicalColumnName=&apos;null&apos;, referencedColumn=&apos;null&apos;, mappedBy=&apos;userTwo&apos;}
14:56:05.939 [main] DEBUG org.hibernate.cfg.Ejb3Column - Binding column: Ejb3JoinColumn{logicalColumnName=&apos;null&apos;, referencedColumn=&apos;null&apos;, mappedBy=&apos;userTwo&apos;}
14:56:05.939 [main] DEBUG o.h.cfg.annotations.CollectionBinder - Collection role: com.yuan.hspot.Entity.UserDetails.userTwoConversations
14:56:05.939 [main] DEBUG o.h.cfg.annotations.PropertyBinder - Building property userTwoConversations
14:56:05.939 [main] DEBUG org.hibernate.cfg.AnnotationBinder - Binding entity from annotated class: com.yuan.hspot.Entity.Message
14:56:05.939 [main] DEBUG o.h.cfg.annotations.QueryBinder - Binding named query: Message.findAll =&gt; from Message
14:56:05.939 [main] DEBUG org.hibernate.cfg.Ejb3Column - Binding column: Ejb3DiscriminatorColumn{logicalColumnName&apos;DTYPE&apos;, discriminatorTypeName=&apos;string&apos;}
14:56:05.939 [main] DEBUG org.hibernate.cfg.AnnotationBinder - No value specified for &apos;javax.persistence.sharedCache.mode&apos;; using UNSPECIFIED
14:56:05.939 [main] DEBUG o.h.cfg.annotations.EntityBinder - Import with entity name Message
14:56:05.939 [main] DEBUG o.h.cfg.annotations.EntityBinder - Bind entity com.yuan.hspot.Entity.Message on table Message
14:56:05.940 [main] DEBUG org.hibernate.cfg.Ejb3Column - Binding column: Ejb3Column{table=org.hibernate.mapping.Table(Message), mappingColumn=messageID, insertable=true, updatable=true, unique=false}
14:56:05.940 [main] DEBUG o.h.cfg.annotations.PropertyBinder - MetadataSourceProcessor property messageID with lazy=false
14:56:05.941 [main] DEBUG o.h.cfg.AbstractPropertyHolder - Attempting to locate auto-apply AttributeConverter for property [com.yuan.hspot.Entity.Message:messageID]
14:56:05.941 [main] DEBUG o.h.c.annotations.SimpleValueBinder - building SimpleValue for messageID
14:56:05.941 [main] DEBUG o.h.cfg.annotations.PropertyBinder - Building property messageID
14:56:05.941 [main] DEBUG org.hibernate.cfg.Ejb3Column - Binding column: Ejb3JoinColumn{logicalColumnName=&apos;null&apos;, referencedColumn=&apos;null&apos;, mappedBy=&apos;null&apos;}
14:56:05.941 [main] DEBUG org.hibernate.cfg.Ejb3Column - Binding column: Ejb3Column{table=org.hibernate.mapping.Table(Message), mappingColumn=conversation, insertable=true, updatable=true, unique=false}
14:56:05.941 [main] DEBUG o.h.cfg.annotations.PropertyBinder - Building property conversation
14:56:05.941 [main] DEBUG org.hibernate.cfg.Ejb3Column - Binding column: Ejb3Column{table=org.hibernate.mapping.Table(Message), mappingColumn=created, insertable=true, updatable=true, unique=false}
14:56:05.941 [main] DEBUG o.h.cfg.annotations.PropertyBinder - MetadataSourceProcessor property created with lazy=false
14:56:05.941 [main] DEBUG o.h.cfg.AbstractPropertyHolder - Attempting to locate auto-apply AttributeConverter for property [com.yuan.hspot.Entity.Message:created]
14:56:05.941 [main] DEBUG o.h.c.annotations.SimpleValueBinder - building SimpleValue for created
14:56:05.942 [main] DEBUG o.h.cfg.annotations.PropertyBinder - Building property created
14:56:05.942 [main] DEBUG org.hibernate.cfg.Ejb3Column - Binding column: Ejb3Column{table=org.hibernate.mapping.Table(Message), mappingColumn=messageContent, insertable=true, updatable=true, unique=false}
14:56:05.942 [main] DEBUG o.h.cfg.annotations.PropertyBinder - MetadataSourceProcessor property messageContent with lazy=false
14:56:05.942 [main] DEBUG o.h.cfg.AbstractPropertyHolder - Attempting to locate auto-apply AttributeConverter for property [com.yuan.hspot.Entity.Message:messageContent]
14:56:05.942 [main] DEBUG o.h.c.annotations.SimpleValueBinder - building SimpleValue for messageContent
14:56:05.942 [main] DEBUG o.h.cfg.annotations.PropertyBinder - Building property messageContent
14:56:05.942 [main] DEBUG org.hibernate.cfg.Ejb3Column - Binding column: Ejb3JoinColumn{logicalColumnName=&apos;null&apos;, referencedColumn=&apos;null&apos;, mappedBy=&apos;null&apos;}
14:56:05.942 [main] DEBUG org.hibernate.cfg.Ejb3Column - Binding column: Ejb3Column{table=org.hibernate.mapping.Table(Message), mappingColumn=userDetails, insertable=true, updatable=true, unique=false}
14:56:05.942 [main] DEBUG o.h.cfg.annotations.PropertyBinder - Building property userDetails
14:56:05.942 [main] DEBUG org.hibernate.cfg.AnnotationBinder - Binding entity from annotated class: com.yuan.hspot.Entity.Review
14:56:05.943 [main] DEBUG o.h.cfg.annotations.QueryBinder - Binding named query: Review.findAll =&gt; from Review
14:56:05.943 [main] DEBUG org.hibernate.cfg.Ejb3Column - Binding column: Ejb3DiscriminatorColumn{logicalColumnName&apos;DTYPE&apos;, discriminatorTypeName=&apos;string&apos;}
14:56:05.943 [main] DEBUG org.hibernate.cfg.AnnotationBinder - No value specified for &apos;javax.persistence.sharedCache.mode&apos;; using UNSPECIFIED
14:56:05.943 [main] DEBUG o.h.cfg.annotations.EntityBinder - Import with entity name Review
14:56:05.943 [main] DEBUG o.h.cfg.annotations.EntityBinder - Bind entity com.yuan.hspot.Entity.Review on table Review
14:56:05.943 [main] DEBUG org.hibernate.cfg.Ejb3Column - Binding column: Ejb3Column{table=org.hibernate.mapping.Table(Review), mappingColumn=reviewID, insertable=true, updatable=true, unique=false}
14:56:05.944 [main] DEBUG o.h.cfg.annotations.PropertyBinder - MetadataSourceProcessor property reviewID with lazy=false
14:56:05.944 [main] DEBUG o.h.cfg.AbstractPropertyHolder - Attempting to locate auto-apply AttributeConverter for property [com.yuan.hspot.Entity.Review:reviewID]
14:56:05.944 [main] DEBUG o.h.c.annotations.SimpleValueBinder - building SimpleValue for reviewID
14:56:05.944 [main] DEBUG o.h.cfg.annotations.PropertyBinder - Building property reviewID
14:56:05.944 [main] DEBUG org.hibernate.cfg.Ejb3Column - Binding column: Ejb3Column{table=org.hibernate.mapping.Table(Review), mappingColumn=reviewContent, insertable=true, updatable=true, unique=false}
14:56:05.944 [main] DEBUG o.h.cfg.annotations.PropertyBinder - MetadataSourceProcessor property reviewContent with lazy=false
14:56:05.944 [main] DEBUG o.h.cfg.AbstractPropertyHolder - Attempting to locate auto-apply AttributeConverter for property [com.yuan.hspot.Entity.Review:reviewContent]
14:56:05.944 [main] DEBUG o.h.c.annotations.SimpleValueBinder - building SimpleValue for reviewContent
14:56:05.944 [main] DEBUG o.h.cfg.annotations.PropertyBinder - Building property reviewContent
14:56:05.944 [main] DEBUG org.hibernate.cfg.Ejb3Column - Binding column: Ejb3JoinColumn{logicalColumnName=&apos;null&apos;, referencedColumn=&apos;null&apos;, mappedBy=&apos;null&apos;}
14:56:05.944 [main] DEBUG org.hibernate.cfg.Ejb3Column - Binding column: Ejb3Column{table=org.hibernate.mapping.Table(Review), mappingColumn=reviewGiver, insertable=true, updatable=true, unique=false}
14:56:05.945 [main] DEBUG o.h.cfg.annotations.PropertyBinder - Building property reviewGiver
14:56:05.945 [main] DEBUG org.hibernate.cfg.Ejb3Column - Binding column: Ejb3JoinColumn{logicalColumnName=&apos;null&apos;, referencedColumn=&apos;null&apos;, mappedBy=&apos;null&apos;}
14:56:05.945 [main] DEBUG org.hibernate.cfg.Ejb3Column - Binding column: Ejb3Column{table=org.hibernate.mapping.Table(Review), mappingColumn=reviewReceiver, insertable=true, updatable=true, unique=false}
14:56:05.945 [main] DEBUG o.h.cfg.annotations.PropertyBinder - Building property reviewReceiver
14:56:05.945 [main] DEBUG org.hibernate.cfg.Ejb3Column - Binding column: Ejb3Column{table=org.hibernate.mapping.Table(Review), mappingColumn=star, insertable=true, updatable=true, unique=false}
14:56:05.945 [main] DEBUG o.h.cfg.annotations.PropertyBinder - MetadataSourceProcessor property star with lazy=false
14:56:05.945 [main] DEBUG o.h.cfg.AbstractPropertyHolder - Attempting to locate auto-apply AttributeConverter for property [com.yuan.hspot.Entity.Review:star]
14:56:05.945 [main] DEBUG o.h.c.annotations.SimpleValueBinder - building SimpleValue for star
14:56:05.945 [main] DEBUG o.h.cfg.annotations.PropertyBinder - Building property star
14:56:05.946 [main] DEBUG org.hibernate.cfg.AnnotationBinder - Binding entity from annotated class: com.yuan.hspot.Entity.Conversation
14:56:05.946 [main] DEBUG o.h.cfg.annotations.QueryBinder - Binding named query: Conversation.findAll =&gt; from Conversation
14:56:05.946 [main] DEBUG org.hibernate.cfg.Ejb3Column - Binding column: Ejb3DiscriminatorColumn{logicalColumnName&apos;DTYPE&apos;, discriminatorTypeName=&apos;string&apos;}
14:56:05.946 [main] DEBUG org.hibernate.cfg.AnnotationBinder - No value specified for &apos;javax.persistence.sharedCache.mode&apos;; using UNSPECIFIED
14:56:05.946 [main] DEBUG o.h.cfg.annotations.EntityBinder - Import with entity name Conversation
14:56:05.946 [main] DEBUG o.h.cfg.annotations.EntityBinder - Bind entity com.yuan.hspot.Entity.Conversation on table Conversation
14:56:05.947 [main] DEBUG org.hibernate.cfg.Ejb3Column - Binding column: Ejb3Column{table=org.hibernate.mapping.Table(Conversation), mappingColumn=conversationID, insertable=true, updatable=true, unique=false}
14:56:05.947 [main] DEBUG o.h.cfg.annotations.PropertyBinder - MetadataSourceProcessor property conversationID with lazy=false
14:56:05.947 [main] DEBUG o.h.cfg.AbstractPropertyHolder - Attempting to locate auto-apply AttributeConverter for property [com.yuan.hspot.Entity.Conversation:conversationID]
14:56:05.947 [main] DEBUG o.h.c.annotations.SimpleValueBinder - building SimpleValue for conversationID
14:56:05.947 [main] DEBUG o.h.cfg.annotations.PropertyBinder - Building property conversationID
14:56:05.948 [main] DEBUG org.hibernate.cfg.Ejb3Column - Binding column: Ejb3JoinColumn{logicalColumnName=&apos;null&apos;, referencedColumn=&apos;null&apos;, mappedBy=&apos;conversation&apos;}
14:56:05.948 [main] DEBUG org.hibernate.cfg.Ejb3Column - Binding column: Ejb3Column{table=org.hibernate.mapping.Table(Conversation), mappingColumn=messages, insertable=true, updatable=true, unique=false}
14:56:05.948 [main] DEBUG org.hibernate.cfg.Ejb3Column - Binding column: Ejb3Column{table=org.hibernate.mapping.Table(Conversation), mappingColumn=null, insertable=true, updatable=true, unique=false}
14:56:05.948 [main] DEBUG org.hibernate.cfg.Ejb3Column - Binding column: Ejb3Column{table=org.hibernate.mapping.Table(Conversation), mappingColumn=element, insertable=true, updatable=true, unique=false}
14:56:05.948 [main] DEBUG org.hibernate.cfg.Ejb3Column - Binding column: Ejb3Column{table=org.hibernate.mapping.Table(Conversation), mappingColumn=messages_KEY, insertable=true, updatable=true, unique=false}
14:56:05.948 [main] DEBUG org.hibernate.cfg.Ejb3Column - Binding column: Ejb3JoinColumn{logicalColumnName=&apos;messages_KEY&apos;, referencedColumn=&apos;null&apos;, mappedBy=&apos;null&apos;}
14:56:05.948 [main] DEBUG org.hibernate.cfg.Ejb3Column - Binding column: Ejb3JoinColumn{logicalColumnName=&apos;null&apos;, referencedColumn=&apos;null&apos;, mappedBy=&apos;conversation&apos;}
14:56:05.948 [main] DEBUG org.hibernate.cfg.Ejb3Column - Binding column: Ejb3JoinColumn{logicalColumnName=&apos;null&apos;, referencedColumn=&apos;null&apos;, mappedBy=&apos;conversation&apos;}
14:56:05.948 [main] DEBUG o.h.cfg.annotations.CollectionBinder - Collection role: com.yuan.hspot.Entity.Conversation.messages
14:56:05.949 [main] DEBUG o.h.cfg.annotations.PropertyBinder - Building property messages
14:56:05.949 [main] DEBUG org.hibernate.cfg.Ejb3Column - Binding column: Ejb3JoinColumn{logicalColumnName=&apos;null&apos;, referencedColumn=&apos;null&apos;, mappedBy=&apos;null&apos;}
14:56:05.949 [main] DEBUG org.hibernate.cfg.Ejb3Column - Binding column: Ejb3Column{table=org.hibernate.mapping.Table(Conversation), mappingColumn=userOne, insertable=true, updatable=true, unique=false}
14:56:05.949 [main] DEBUG o.h.cfg.annotations.PropertyBinder - Building property userOne
14:56:05.949 [main] DEBUG org.hibernate.cfg.Ejb3Column - Binding column: Ejb3JoinColumn{logicalColumnName=&apos;null&apos;, referencedColumn=&apos;null&apos;, mappedBy=&apos;null&apos;}
14:56:05.949 [main] DEBUG org.hibernate.cfg.Ejb3Column - Binding column: Ejb3Column{table=org.hibernate.mapping.Table(Conversation), mappingColumn=userTwo, insertable=true, updatable=true, unique=false}
14:56:05.949 [main] DEBUG o.h.cfg.annotations.PropertyBinder - Building property userTwo
14:56:05.949 [main] DEBUG o.h.c.annotations.SimpleValueBinder - Starting fillSimpleValue for userID
14:56:05.949 [main] DEBUG o.h.c.annotations.SimpleValueBinder - Starting fillSimpleValue for email
14:56:05.949 [main] DEBUG o.h.c.annotations.SimpleValueBinder - Starting fillSimpleValue for firstName
14:56:05.949 [main] DEBUG o.h.c.annotations.SimpleValueBinder - Starting fillSimpleValue for lastName
14:56:05.949 [main] DEBUG o.h.c.annotations.SimpleValueBinder - Starting fillSimpleValue for password
14:56:05.949 [main] DEBUG o.h.c.annotations.SimpleValueBinder - Starting fillSimpleValue for role
14:56:05.950 [main] DEBUG o.h.c.annotations.SimpleValueBinder - Starting fillSimpleValue for messageID
14:56:05.950 [main] DEBUG o.h.c.annotations.SimpleValueBinder - Starting fillSimpleValue for created
14:56:05.950 [main] DEBUG o.h.c.annotations.SimpleValueBinder - Starting fillSimpleValue for messageContent
14:56:05.950 [main] DEBUG o.h.c.annotations.SimpleValueBinder - Starting fillSimpleValue for reviewID
14:56:05.950 [main] DEBUG o.h.c.annotations.SimpleValueBinder - Starting fillSimpleValue for reviewContent
14:56:05.950 [main] DEBUG o.h.c.annotations.SimpleValueBinder - Starting fillSimpleValue for star
14:56:05.950 [main] DEBUG o.h.c.annotations.SimpleValueBinder - Starting fillSimpleValue for conversationID
14:56:05.950 [main] DEBUG org.hibernate.cfg.Configuration - Processing fk mappings (*ToOne and JoinedSubclass)
14:56:05.952 [main] DEBUG org.hibernate.cfg.Configuration - Processing extends queue
14:56:05.952 [main] DEBUG org.hibernate.cfg.Configuration - Processing extends queue
14:56:05.952 [main] DEBUG org.hibernate.cfg.Configuration - Processing collection mappings
14:56:05.952 [main] DEBUG o.hibernate.cfg.CollectionSecondPass - Second pass for collection: com.yuan.hspot.Entity.UserDetails.skills
14:56:05.952 [main] DEBUG o.h.cfg.annotations.CollectionBinder - Binding a collection of element: com.yuan.hspot.Entity.UserDetails.skills
14:56:05.952 [main] DEBUG o.h.cfg.CollectionPropertyHolder - Attempting to locate auto-apply AttributeConverter for collection element [com.yuan.hspot.Entity.UserDetails.skills]
14:56:05.952 [main] DEBUG o.h.c.annotations.SimpleValueBinder - building SimpleValue for null
14:56:05.952 [main] DEBUG o.h.c.annotations.SimpleValueBinder - Starting fillSimpleValue for null
14:56:05.952 [main] DEBUG o.hibernate.cfg.CollectionSecondPass - Mapped collection key: UserDetails_userID, element: skills
14:56:05.952 [main] DEBUG o.hibernate.cfg.CollectionSecondPass - Second pass for collection: com.yuan.hspot.Entity.UserDetails.messages
14:56:05.953 [main] DEBUG o.h.cfg.annotations.CollectionBinder - Binding a OneToMany: com.yuan.hspot.Entity.UserDetails.messages through a foreign key
14:56:05.953 [main] DEBUG o.h.cfg.annotations.CollectionBinder - Mapping collection: com.yuan.hspot.Entity.UserDetails.messages -&gt; Message
14:56:05.953 [main] DEBUG o.h.cfg.annotations.TableBinder - Retrieving property com.yuan.hspot.Entity.Message.userDetails
14:56:05.953 [main] DEBUG o.hibernate.cfg.CollectionSecondPass - Mapped collection key: userDetails_userID, one-to-many: com.yuan.hspot.Entity.Message
14:56:05.953 [main] DEBUG o.hibernate.cfg.CollectionSecondPass - Second pass for collection: com.yuan.hspot.Entity.UserDetails.reviewGiven
14:56:05.953 [main] DEBUG o.h.cfg.annotations.CollectionBinder - Binding a OneToMany: com.yuan.hspot.Entity.UserDetails.reviewGiven through a foreign key
14:56:05.953 [main] DEBUG o.h.cfg.annotations.CollectionBinder - Mapping collection: com.yuan.hspot.Entity.UserDetails.reviewGiven -&gt; Review
14:56:05.953 [main] DEBUG o.h.cfg.annotations.TableBinder - Retrieving property com.yuan.hspot.Entity.Review.reviewGiver
14:56:05.953 [main] DEBUG o.hibernate.cfg.CollectionSecondPass - Mapped collection key: reviewGiver_userID, one-to-many: com.yuan.hspot.Entity.Review
14:56:05.953 [main] DEBUG o.hibernate.cfg.CollectionSecondPass - Second pass for collection: com.yuan.hspot.Entity.UserDetails.reviewReceived
14:56:05.953 [main] DEBUG o.h.cfg.annotations.CollectionBinder - Binding a OneToMany: com.yuan.hspot.Entity.UserDetails.reviewReceived through a foreign key
14:56:05.953 [main] DEBUG o.h.cfg.annotations.CollectionBinder - Mapping collection: com.yuan.hspot.Entity.UserDetails.reviewReceived -&gt; Review
14:56:05.953 [main] DEBUG o.h.cfg.annotations.TableBinder - Retrieving property com.yuan.hspot.Entity.Review.reviewReceiver
14:56:05.953 [main] DEBUG o.hibernate.cfg.CollectionSecondPass - Mapped collection key: reviewReceiver_userID, one-to-many: com.yuan.hspot.Entity.Review
14:56:05.953 [main] DEBUG o.hibernate.cfg.CollectionSecondPass - Second pass for collection: com.yuan.hspot.Entity.UserDetails.userOneConversations
14:56:05.953 [main] DEBUG o.h.cfg.annotations.CollectionBinder - Binding a OneToMany: com.yuan.hspot.Entity.UserDetails.userOneConversations through a foreign key
14:56:05.953 [main] DEBUG o.h.cfg.annotations.CollectionBinder - Mapping collection: com.yuan.hspot.Entity.UserDetails.userOneConversations -&gt; Conversation
14:56:05.953 [main] DEBUG o.h.cfg.annotations.TableBinder - Retrieving property com.yuan.hspot.Entity.Conversation.userOne
14:56:05.953 [main] DEBUG o.hibernate.cfg.CollectionSecondPass - Mapped collection key: userOne_userID, one-to-many: com.yuan.hspot.Entity.Conversation
14:56:05.953 [main] DEBUG o.hibernate.cfg.CollectionSecondPass - Second pass for collection: com.yuan.hspot.Entity.UserDetails.userTwoConversations
14:56:05.953 [main] DEBUG o.h.cfg.annotations.CollectionBinder - Binding a OneToMany: com.yuan.hspot.Entity.UserDetails.userTwoConversations through a foreign key
14:56:05.953 [main] DEBUG o.h.cfg.annotations.CollectionBinder - Mapping collection: com.yuan.hspot.Entity.UserDetails.userTwoConversations -&gt; Conversation
14:56:05.953 [main] DEBUG o.h.cfg.annotations.TableBinder - Retrieving property com.yuan.hspot.Entity.Conversation.userTwo
14:56:05.953 [main] DEBUG o.hibernate.cfg.CollectionSecondPass - Mapped collection key: userTwo_userID, one-to-many: com.yuan.hspot.Entity.Conversation
14:56:05.953 [main] DEBUG o.hibernate.cfg.CollectionSecondPass - Second pass for collection: com.yuan.hspot.Entity.Conversation.messages
14:56:05.953 [main] DEBUG o.h.cfg.annotations.CollectionBinder - Binding a OneToMany: com.yuan.hspot.Entity.Conversation.messages through a foreign key
14:56:05.953 [main] DEBUG o.h.cfg.annotations.CollectionBinder - Mapping collection: com.yuan.hspot.Entity.Conversation.messages -&gt; Message
14:56:05.954 [main] DEBUG o.h.cfg.annotations.TableBinder - Retrieving property com.yuan.hspot.Entity.Message.conversation
14:56:05.954 [main] DEBUG o.hibernate.cfg.CollectionSecondPass - Mapped collection key: conversation_conversationID, one-to-many: com.yuan.hspot.Entity.Message
14:56:05.954 [main] DEBUG org.hibernate.cfg.Configuration - Processing native query and ResultSetMapping mappings
14:56:05.954 [main] DEBUG org.hibernate.cfg.Configuration - Processing association property references
14:56:05.954 [main] DEBUG org.hibernate.cfg.Configuration - Creating tables&apos; unique integer identifiers
14:56:05.954 [main] DEBUG org.hibernate.cfg.Configuration - Processing foreign key constraints
14:56:05.954 [main] DEBUG org.hibernate.cfg.Configuration - Resolving reference to class: com.yuan.hspot.Entity.UserDetails
14:56:05.954 [main] DEBUG org.hibernate.cfg.Configuration - Resolving reference to class: com.yuan.hspot.Entity.UserDetails
14:56:05.954 [main] DEBUG org.hibernate.cfg.Configuration - Resolving reference to class: com.yuan.hspot.Entity.Conversation
14:56:05.954 [main] DEBUG org.hibernate.cfg.Configuration - Resolving reference to class: com.yuan.hspot.Entity.UserDetails
14:56:05.954 [main] DEBUG org.hibernate.cfg.Configuration - Resolving reference to class: com.yuan.hspot.Entity.UserDetails
14:56:05.954 [main] DEBUG org.hibernate.cfg.Configuration - Resolving reference to class: com.yuan.hspot.Entity.UserDetails
14:56:05.954 [main] DEBUG org.hibernate.cfg.Configuration - Resolving reference to class: com.yuan.hspot.Entity.UserDetails
14:56:05.954 [main] DEBUG o.h.e.t.j.p.i.JtaPlatformInitiator - No JtaPlatform was specified, checking resolver
14:56:05.955 [main] DEBUG o.h.e.t.j.p.i.JtaPlatformResolverInitiator - No JtaPlatformResolver was specified, using default [org.hibernate.engine.transaction.jta.platform.internal.StandardJtaPlatformResolver]
14:56:05.956 [main] DEBUG o.h.e.t.j.p.i.StandardJtaPlatformResolver - Could not resolve JtaPlatform, using default [org.hibernate.engine.transaction.jta.platform.internal.NoJtaPlatform]
14:56:05.957 [main] DEBUG org.hibernate.cfg.SettingsFactory - Automatic flush during beforeCompletion(): disabled
14:56:05.957 [main] DEBUG org.hibernate.cfg.SettingsFactory - Automatic session close at end of transaction: disabled
14:56:05.957 [main] DEBUG org.hibernate.cfg.SettingsFactory - JDBC batch size: 15
14:56:05.957 [main] DEBUG org.hibernate.cfg.SettingsFactory - JDBC batch updates for versioned data: disabled
14:56:05.957 [main] DEBUG org.hibernate.cfg.SettingsFactory - Scrollable result sets: enabled
14:56:05.957 [main] DEBUG org.hibernate.cfg.SettingsFactory - Wrap result sets: disabled
14:56:05.957 [main] DEBUG org.hibernate.cfg.SettingsFactory - JDBC3 getGeneratedKeys(): enabled
14:56:05.957 [main] DEBUG org.hibernate.cfg.SettingsFactory - multi-tenancy strategy : NONE
14:56:05.957 [main] DEBUG org.hibernate.cfg.SettingsFactory - Connection release mode: auto
14:56:05.957 [main] INFO  o.h.e.t.i.TransactionFactoryInitiator - HHH000399: Using default transaction strategy (direct JDBC transactions)
14:56:05.957 [main] DEBUG org.hibernate.cfg.SettingsFactory - Using BatchFetchStyle : LEGACY
14:56:05.957 [main] DEBUG org.hibernate.cfg.SettingsFactory - Default batch fetch size: 1
14:56:05.957 [main] DEBUG org.hibernate.cfg.SettingsFactory - Generate SQL with comments: disabled
14:56:05.957 [main] DEBUG org.hibernate.cfg.SettingsFactory - Order SQL updates by primary key: disabled
14:56:05.957 [main] DEBUG org.hibernate.cfg.SettingsFactory - Order SQL inserts for batching: disabled
14:56:05.957 [main] DEBUG org.hibernate.cfg.SettingsFactory - Default null ordering: none
14:56:05.957 [main] DEBUG org.hibernate.cfg.SettingsFactory - Query translator: org.hibernate.hql.internal.ast.ASTQueryTranslatorFactory
14:56:05.957 [main] INFO  o.h.h.i.a.ASTQueryTranslatorFactory - HHH000397: Using ASTQueryTranslatorFactory
14:56:05.957 [main] DEBUG org.hibernate.cfg.SettingsFactory - Query language substitutions: {}
14:56:05.957 [main] DEBUG org.hibernate.cfg.SettingsFactory - JPA-QL strict compliance: disabled
14:56:05.957 [main] DEBUG org.hibernate.cfg.SettingsFactory - Second-level cache: enabled
14:56:05.957 [main] DEBUG org.hibernate.cfg.SettingsFactory - Query cache: disabled
14:56:05.958 [main] DEBUG o.h.c.i.RegionFactoryInitiator - Cache region factory : org.hibernate.cache.internal.NoCachingRegionFactory
14:56:05.958 [main] DEBUG org.hibernate.cfg.SettingsFactory - Optimize cache for minimal puts: disabled
14:56:05.958 [main] DEBUG org.hibernate.cfg.SettingsFactory - Structured second-level cache entries: disabled
14:56:05.958 [main] DEBUG org.hibernate.cfg.SettingsFactory - Second-level cache direct-reference entries: disabled
14:56:05.958 [main] DEBUG org.hibernate.cfg.SettingsFactory - Automatic eviction of collection cache: disabled
14:56:05.958 [main] DEBUG org.hibernate.cfg.SettingsFactory - Statistics: disabled
14:56:05.958 [main] DEBUG org.hibernate.cfg.SettingsFactory - Deleted entity synthetic identifier rollback: disabled
14:56:05.958 [main] DEBUG org.hibernate.cfg.SettingsFactory - Default entity-mode: pojo
14:56:05.958 [main] DEBUG org.hibernate.cfg.SettingsFactory - Named query checking : enabled
14:56:05.958 [main] DEBUG org.hibernate.cfg.SettingsFactory - Check Nullability in Core (should be disabled when Bean Validation is on): enabled
14:56:05.958 [main] DEBUG org.hibernate.cfg.SettingsFactory - Allow initialization of lazy state outside session : : disabled
14:56:05.958 [main] DEBUG org.hibernate.cfg.SettingsFactory - JTA Track by Thread: enabled
14:56:05.958 [main] DEBUG o.h.internal.SessionFactoryImpl - Building session factory
14:56:05.959 [main] DEBUG o.h.internal.SessionFactoryImpl - Session factory constructed with filter configurations : {}
14:56:05.959 [main] DEBUG o.h.internal.SessionFactoryImpl - Instantiating session factory with properties: {java.runtime.name=Java(TM) SE Runtime Environment, hibernate.connection.password=1234, sun.boot.library.path=/Library/Java/JavaVirtualMachines/jdk1.8.0_60.jdk/Contents/Home/jre/lib, java.vm.version=25.60-b23, hibernate.connection.username=postgres, user.country.format=CA, gopherProxySet=false, java.vm.vendor=Oracle Corporation, java.vendor.url=http://java.oracle.com/, path.separator=:, java.vm.name=Java HotSpot(TM) 64-Bit Server VM, file.encoding.pkg=sun.io, user.country=US, sun.java.launcher=SUN_STANDARD, sun.os.patch.level=unknown, java.vm.specification.name=Java Virtual Machine Specification, user.dir=/Users/yuanxue/Documents/workspace-sts-3.7.0.RELEASE/yuan-hspot, java.runtime.version=1.8.0_60-b27, java.awt.graphicsenv=sun.awt.CGraphicsEnvironment, basedir=/Users/yuanxue/Documents/workspace-sts-3.7.0.RELEASE/yuan-hspot, hibernate.current_session_context_class=thread, java.endorsed.dirs=/Library/Java/JavaVirtualMachines/jdk1.8.0_60.jdk/Contents/Home/jre/lib/endorsed, os.arch=x86_64, surefire.real.class.path=/Users/yuanxue/Documents/workspace-sts-3.7.0.RELEASE/yuan-hspot/target/surefire/surefirebooter6212790837700239414.jar, java.io.tmpdir=/var/folders/v_/_ytk_4mn05b4c2t50sncqh900000gn/T/, line.separator=
, java.vm.specification.vendor=Oracle Corporation, os.name=Mac OS X, sun.jnu.encoding=UTF-8, java.library.path=/Users/yuanxue/Library/Java/Extensions:/Library/Java/Extensions:/Network/Library/Java/Extensions:/System/Library/Java/Extensions:/usr/lib/java:., surefire.test.class.path=/Users/yuanxue/Documents/workspace-sts-3.7.0.RELEASE/yuan-hspot/target/test-classes:/Users/yuanxue/Documents/workspace-sts-3.7.0.RELEASE/yuan-hspot/target/classes:/Users/yuanxue/.m2/repository/junit/junit/4.12/junit-4.12.jar:/Users/yuanxue/.m2/repository/org/hamcrest/hamcrest-core/1.3/hamcrest-core-1.3.jar:/Users/yuanxue/.m2/repository/io/dropwizard/dropwizard-core/0.9.0/dropwizard-core-0.9.0.jar:/Users/yuanxue/.m2/repository/io/dropwizard/dropwizard-util/0.9.0/dropwizard-util-0.9.0.jar:/Users/yuanxue/.m2/repository/com/fasterxml/jackson/core/jackson-annotations/2.6.0/jackson-annotations-2.6.0.jar:/Users/yuanxue/.m2/repository/com/google/guava/guava/18.0/guava-18.0.jar:/Users/yuanxue/.m2/repository/com/google/code/findbugs/jsr305/3.0.1/jsr305-3.0.1.jar:/Users/yuanxue/.m2/repository/joda-time/joda-time/2.9/joda-time-2.9.jar:/Users/yuanxue/.m2/repository/io/dropwizard/dropwizard-jackson/0.9.0/dropwizard-jackson-0.9.0.jar:/Users/yuanxue/.m2/repository/com/fasterxml/jackson/core/jackson-core/2.6.3/jackson-core-2.6.3.jar:/Users/yuanxue/.m2/repository/com/fasterxml/jackson/core/jackson-databind/2.6.3/jackson-databind-2.6.3.jar:/Users/yuanxue/.m2/repository/com/fasterxml/jackson/datatype/jackson-datatype-jdk7/2.6.3/jackson-datatype-jdk7-2.6.3.jar:/Users/yuanxue/.m2/repository/com/fasterxml/jackson/datatype/jackson-datatype-guava/2.6.3/jackson-datatype-guava-2.6.3.jar:/Users/yuanxue/.m2/repository/com/fasterxml/jackson/module/jackson-module-afterburner/2.6.3/jackson-module-afterburner-2.6.3.jar:/Users/yuanxue/.m2/repository/com/fasterxml/jackson/datatype/jackson-datatype-joda/2.6.3/jackson-datatype-joda-2.6.3.jar:/Users/yuanxue/.m2/repository/org/slf4j/slf4j-api/1.7.12/slf4j-api-1.7.12.jar:/Users/yuanxue/.m2/repository/ch/qos/logback/logback-classic/1.1.3/logback-classic-1.1.3.jar:/Users/yuanxue/.m2/repository/io/dropwizard/dropwizard-validation/0.9.0/dropwizard-validation-0.9.0.jar:/Users/yuanxue/.m2/repository/org/hibernate/hibernate-validator/5.2.2.Final/hibernate-validator-5.2.2.Final.jar:/Users/yuanxue/.m2/repository/javax/validation/validation-api/1.1.0.Final/validation-api-1.1.0.Final.jar:/Users/yuanxue/.m2/repository/org/jboss/logging/jboss-logging/3.2.1.Final/jboss-logging-3.2.1.Final.jar:/Users/yuanxue/.m2/repository/com/fasterxml/classmate/1.1.0/classmate-1.1.0.jar:/Users/yuanxue/.m2/repository/org/glassfish/javax.el/3.0.0/javax.el-3.0.0.jar:/Users/yuanxue/.m2/repository/io/dropwizard/dropwizard-configuration/0.9.0/dropwizard-configuration-0.9.0.jar:/Users/yuanxue/.m2/repository/com/fasterxml/jackson/dataformat/jackson-dataformat-yaml/2.6.3/jackson-dataformat-yaml-2.6.3.jar:/Users/yuanxue/.m2/repository/org/yaml/snakeyaml/1.15/snakeyaml-1.15.jar:/Users/yuanxue/.m2/repository/org/apache/commons/commons-lang3/3.4/commons-lang3-3.4.jar:/Users/yuanxue/.m2/repository/io/dropwizard/dropwizard-logging/0.9.0/dropwizard-logging-0.9.0.jar:/Users/yuanxue/.m2/repository/io/dropwizard/metrics/metrics-logback/3.1.2/metrics-logback-3.1.2.jar:/Users/yuanxue/.m2/repository/org/slf4j/jul-to-slf4j/1.7.12/jul-to-slf4j-1.7.12.jar:/Users/yuanxue/.m2/repository/ch/qos/logback/logback-core/1.1.3/logback-core-1.1.3.jar:/Users/yuanxue/.m2/repository/org/slf4j/log4j-over-slf4j/1.7.12/log4j-over-slf4j-1.7.12.jar:/Users/yuanxue/.m2/repository/org/slf4j/jcl-over-slf4j/1.7.12/jcl-over-slf4j-1.7.12.jar:/Users/yuanxue/.m2/repository/org/eclipse/jetty/jetty-util/9.2.13.v20150730/jetty-util-9.2.13.v20150730.jar:/Users/yuanxue/.m2/repository/io/dropwizard/dropwizard-metrics/0.9.0/dropwizard-metrics-0.9.0.jar:/Users/yuanxue/.m2/repository/io/dropwizard/dropwizard-jersey/0.9.0/dropwizard-jersey-0.9.0.jar:/Users/yuanxue/.m2/repository/org/glassfish/jersey/core/jersey-server/2.22.1/jersey-server-2.22.1.jar:/Users/yuanxue/.m2/repository/org/glassfish/jersey/core/jersey-common/2.22.1/jersey-common-2.22.1.jar:/Users/yuanxue/.m2/repository/org/glassfish/jersey/bundles/repackaged/jersey-guava/2.22.1/jersey-guava-2.22.1.jar:/Users/yuanxue/.m2/repository/org/glassfish/hk2/osgi-resource-locator/1.0.1/osgi-resource-locator-1.0.1.jar:/Users/yuanxue/.m2/repository/org/glassfish/jersey/core/jersey-client/2.22.1/jersey-client-2.22.1.jar:/Users/yuanxue/.m2/repository/javax/ws/rs/javax.ws.rs-api/2.0.1/javax.ws.rs-api-2.0.1.jar:/Users/yuanxue/.m2/repository/org/glassfish/jersey/media/jersey-media-jaxb/2.22.1/jersey-media-jaxb-2.22.1.jar:/Users/yuanxue/.m2/repository/javax/annotation/javax.annotation-api/1.2/javax.annotation-api-1.2.jar:/Users/yuanxue/.m2/repository/org/glassfish/hk2/hk2-api/2.4.0-b31/hk2-api-2.4.0-b31.jar:/Users/yuanxue/.m2/repository/org/glassfish/hk2/hk2-utils/2.4.0-b31/hk2-utils-2.4.0-b31.jar:/Users/yuanxue/.m2/repository/org/glassfish/hk2/external/aopalliance-repackaged/2.4.0-b31/aopalliance-repackaged-2.4.0-b31.jar:/Users/yuanxue/.m2/repository/org/glassfish/hk2/external/javax.inject/2.4.0-b31/javax.inject-2.4.0-b31.jar:/Users/yuanxue/.m2/repository/org/glassfish/hk2/hk2-locator/2.4.0-b31/hk2-locator-2.4.0-b31.jar:/Users/yuanxue/.m2/repository/org/glassfish/jersey/ext/jersey-metainf-services/2.22.1/jersey-metainf-services-2.22.1.jar:/Users/yuanxue/.m2/repository/org/glassfish/jersey/ext/jersey-bean-validation/2.22.1/jersey-bean-validation-2.22.1.jar:/Users/yuanxue/.m2/repository/io/dropwizard/metrics/metrics-jersey2/3.1.2/metrics-jersey2-3.1.2.jar:/Users/yuanxue/.m2/repository/com/fasterxml/jackson/jaxrs/jackson-jaxrs-json-provider/2.6.3/jackson-jaxrs-json-provider-2.6.3.jar:/Users/yuanxue/.m2/repository/com/fasterxml/jackson/jaxrs/jackson-jaxrs-base/2.6.3/jackson-jaxrs-base-2.6.3.jar:/Users/yuanxue/.m2/repository/com/fasterxml/jackson/module/jackson-module-jaxb-annotations/2.6.3/jackson-module-jaxb-annotations-2.6.3.jar:/Users/yuanxue/.m2/repository/org/glassfish/jersey/containers/jersey-container-servlet/2.22.1/jersey-container-servlet-2.22.1.jar:/Users/yuanxue/.m2/repository/org/glassfish/jersey/containers/jersey-container-servlet-core/2.22.1/jersey-container-servlet-core-2.22.1.jar:/Users/yuanxue/.m2/repository/org/eclipse/jetty/jetty-server/9.2.13.v20150730/jetty-server-9.2.13.v20150730.jar:/Users/yuanxue/.m2/repository/javax/servlet/javax.servlet-api/3.1.0/javax.servlet-api-3.1.0.jar:/Users/yuanxue/.m2/repository/org/eclipse/jetty/jetty-io/9.2.13.v20150730/jetty-io-9.2.13.v20150730.jar:/Users/yuanxue/.m2/repository/org/eclipse/jetty/jetty-webapp/9.2.13.v20150730/jetty-webapp-9.2.13.v20150730.jar:/Users/yuanxue/.m2/repository/org/eclipse/jetty/jetty-xml/9.2.13.v20150730/jetty-xml-9.2.13.v20150730.jar:/Users/yuanxue/.m2/repository/org/eclipse/jetty/jetty-continuation/9.2.13.v20150730/jetty-continuation-9.2.13.v20150730.jar:/Users/yuanxue/.m2/repository/io/dropwizard/dropwizard-servlets/0.9.0/dropwizard-servlets-0.9.0.jar:/Users/yuanxue/.m2/repository/io/dropwizard/metrics/metrics-annotation/3.1.2/metrics-annotation-3.1.2.jar:/Users/yuanxue/.m2/repository/io/dropwizard/dropwizard-jetty/0.9.0/dropwizard-jetty-0.9.0.jar:/Users/yuanxue/.m2/repository/io/dropwizard/metrics/metrics-jetty9/3.1.2/metrics-jetty9-3.1.2.jar:/Users/yuanxue/.m2/repository/org/eclipse/jetty/jetty-servlet/9.2.13.v20150730/jetty-servlet-9.2.13.v20150730.jar:/Users/yuanxue/.m2/repository/org/eclipse/jetty/jetty-security/9.2.13.v20150730/jetty-security-9.2.13.v20150730.jar:/Users/yuanxue/.m2/repository/org/eclipse/jetty/jetty-servlets/9.2.13.v20150730/jetty-servlets-9.2.13.v20150730.jar:/Users/yuanxue/.m2/repository/org/eclipse/jetty/jetty-http/9.2.13.v20150730/jetty-http-9.2.13.v20150730.jar:/Users/yuanxue/.m2/repository/io/dropwizard/dropwizard-lifecycle/0.9.0/dropwizard-lifecycle-0.9.0.jar:/Users/yuanxue/.m2/repository/io/dropwizard/metrics/metrics-core/3.1.2/metrics-core-3.1.2.jar:/Users/yuanxue/.m2/repository/io/dropwizard/metrics/metrics-jvm/3.1.2/metrics-jvm-3.1.2.jar:/Users/yuanxue/.m2/repository/io/dropwizard/metrics/metrics-servlets/3.1.2/metrics-servlets-3.1.2.jar:/Users/yuanxue/.m2/repository/io/dropwizard/metrics/metrics-json/3.1.2/metrics-json-3.1.2.jar:/Users/yuanxue/.m2/repository/io/dropwizard/metrics/metrics-healthchecks/3.1.2/metrics-healthchecks-3.1.2.jar:/Users/yuanxue/.m2/repository/net/sourceforge/argparse4j/argparse4j/0.6.0/argparse4j-0.6.0.jar:/Users/yuanxue/.m2/repository/org/eclipse/jetty/toolchain/setuid/jetty-setuid-java/1.0.3/jetty-setuid-java-1.0.3.jar:/Users/yuanxue/.m2/repository/org/postgresql/postgresql/9.4-1205-jdbc42/postgresql-9.4-1205-jdbc42.jar:/Users/yuanxue/.m2/repository/io/dropwizard/dropwizard-hibernate/0.9.0/dropwizard-hibernate-0.9.0.jar:/Users/yuanxue/.m2/repository/io/dropwizard/dropwizard-db/0.9.0/dropwizard-db-0.9.0.jar:/Users/yuanxue/.m2/repository/org/apache/tomcat/tomcat-jdbc/8.0.28/tomcat-jdbc-8.0.28.jar:/Users/yuanxue/.m2/repository/org/apache/tomcat/tomcat-juli/8.0.28/tomcat-juli-8.0.28.jar:/Users/yuanxue/.m2/repository/com/fasterxml/jackson/datatype/jackson-datatype-hibernate4/2.6.3/jackson-datatype-hibernate4-2.6.3.jar:/Users/yuanxue/.m2/repository/org/jadira/usertype/usertype.core/4.0.0.GA/usertype.core-4.0.0.GA.jar:/Users/yuanxue/.m2/repository/org/jadira/usertype/usertype.spi/4.0.0.GA/usertype.spi-4.0.0.GA.jar:/Users/yuanxue/.m2/repository/org/hibernate/hibernate-core/4.3.11.Final/hibernate-core-4.3.11.Final.jar:/Users/yuanxue/.m2/repository/org/jboss/logging/jboss-logging-annotations/1.2.0.Beta1/jboss-logging-annotations-1.2.0.Beta1.jar:/Users/yuanxue/.m2/repository/org/jboss/spec/javax/transaction/jboss-transaction-api_1.2_spec/1.0.0.Final/jboss-transaction-api_1.2_spec-1.0.0.Final.jar:/Users/yuanxue/.m2/repository/dom4j/dom4j/1.6.1/dom4j-1.6.1.jar:/Users/yuanxue/.m2/repository/xml-apis/xml-apis/1.0.b2/xml-apis-1.0.b2.jar:/Users/yuanxue/.m2/repository/org/hibernate/common/hibernate-commons-annotations/4.0.5.Final/hibernate-commons-annotations-4.0.5.Final.jar:/Users/yuanxue/.m2/repository/org/hibernate/javax/persistence/hibernate-jpa-2.1-api/1.0.0.Final/hibernate-jpa-2.1-api-1.0.0.Final.jar:/Users/yuanxue/.m2/repository/org/javassist/javassist/3.18.1-GA/javassist-3.18.1-GA.jar:/Users/yuanxue/.m2/repository/antlr/antlr/2.7.7/antlr-2.7.7.jar:/Users/yuanxue/.m2/repository/org/jboss/jandex/1.1.0.Final/jandex-1.1.0.Final.jar:/Users/yuanxue/.m2/repository/com/h2database/h2/1.4.190/h2-1.4.190.jar:, java.specification.name=Java Platform API Specification, java.class.version=52.0, sun.management.compiler=HotSpot 64-Bit Tiered Compilers, os.version=10.10.5, http.nonProxyHosts=local|*.local|169.254/16|*.169.254/16, user.home=/Users/yuanxue, user.timezone=America/Toronto, java.awt.printerjob=sun.lwawt.macosx.CPrinterJob, java.specification.version=1.8, file.encoding=UTF-8, hibernate.connection.driver_class=org.postgresql.Driver, user.name=yuanxue, java.class.path=/Users/yuanxue/Documents/workspace-sts-3.7.0.RELEASE/yuan-hspot/target/test-classes:/Users/yuanxue/Documents/workspace-sts-3.7.0.RELEASE/yuan-hspot/target/classes:/Users/yuanxue/.m2/repository/junit/junit/4.12/junit-4.12.jar:/Users/yuanxue/.m2/repository/org/hamcrest/hamcrest-core/1.3/hamcrest-core-1.3.jar:/Users/yuanxue/.m2/repository/io/dropwizard/dropwizard-core/0.9.0/dropwizard-core-0.9.0.jar:/Users/yuanxue/.m2/repository/io/dropwizard/dropwizard-util/0.9.0/dropwizard-util-0.9.0.jar:/Users/yuanxue/.m2/repository/com/fasterxml/jackson/core/jackson-annotations/2.6.0/jackson-annotations-2.6.0.jar:/Users/yuanxue/.m2/repository/com/google/guava/guava/18.0/guava-18.0.jar:/Users/yuanxue/.m2/repository/com/google/code/findbugs/jsr305/3.0.1/jsr305-3.0.1.jar:/Users/yuanxue/.m2/repository/joda-time/joda-time/2.9/joda-time-2.9.jar:/Users/yuanxue/.m2/repository/io/dropwizard/dropwizard-jackson/0.9.0/dropwizard-jackson-0.9.0.jar:/Users/yuanxue/.m2/repository/com/fasterxml/jackson/core/jackson-core/2.6.3/jackson-core-2.6.3.jar:/Users/yuanxue/.m2/repository/com/fasterxml/jackson/core/jackson-databind/2.6.3/jackson-databind-2.6.3.jar:/Users/yuanxue/.m2/repository/com/fasterxml/jackson/datatype/jackson-datatype-jdk7/2.6.3/jackson-datatype-jdk7-2.6.3.jar:/Users/yuanxue/.m2/repository/com/fasterxml/jackson/datatype/jackson-datatype-guava/2.6.3/jackson-datatype-guava-2.6.3.jar:/Users/yuanxue/.m2/repository/com/fasterxml/jackson/module/jackson-module-afterburner/2.6.3/jackson-module-afterburner-2.6.3.jar:/Users/yuanxue/.m2/repository/com/fasterxml/jackson/datatype/jackson-datatype-joda/2.6.3/jackson-datatype-joda-2.6.3.jar:/Users/yuanxue/.m2/repository/org/slf4j/slf4j-api/1.7.12/slf4j-api-1.7.12.jar:/Users/yuanxue/.m2/repository/ch/qos/logback/logback-classic/1.1.3/logback-classic-1.1.3.jar:/Users/yuanxue/.m2/repository/io/dropwizard/dropwizard-validation/0.9.0/dropwizard-validation-0.9.0.jar:/Users/yuanxue/.m2/repository/org/hibernate/hibernate-validator/5.2.2.Final/hibernate-validator-5.2.2.Final.jar:/Users/yuanxue/.m2/repository/javax/validation/validation-api/1.1.0.Final/validation-api-1.1.0.Final.jar:/Users/yuanxue/.m2/repository/org/jboss/logging/jboss-logging/3.2.1.Final/jboss-logging-3.2.1.Final.jar:/Users/yuanxue/.m2/repository/com/fasterxml/classmate/1.1.0/classmate-1.1.0.jar:/Users/yuanxue/.m2/repository/org/glassfish/javax.el/3.0.0/javax.el-3.0.0.jar:/Users/yuanxue/.m2/repository/io/dropwizard/dropwizard-configuration/0.9.0/dropwizard-configuration-0.9.0.jar:/Users/yuanxue/.m2/repository/com/fasterxml/jackson/dataformat/jackson-dataformat-yaml/2.6.3/jackson-dataformat-yaml-2.6.3.jar:/Users/yuanxue/.m2/repository/org/yaml/snakeyaml/1.15/snakeyaml-1.15.jar:/Users/yuanxue/.m2/repository/org/apache/commons/commons-lang3/3.4/commons-lang3-3.4.jar:/Users/yuanxue/.m2/repository/io/dropwizard/dropwizard-logging/0.9.0/dropwizard-logging-0.9.0.jar:/Users/yuanxue/.m2/repository/io/dropwizard/metrics/metrics-logback/3.1.2/metrics-logback-3.1.2.jar:/Users/yuanxue/.m2/repository/org/slf4j/jul-to-slf4j/1.7.12/jul-to-slf4j-1.7.12.jar:/Users/yuanxue/.m2/repository/ch/qos/logback/logback-core/1.1.3/logback-core-1.1.3.jar:/Users/yuanxue/.m2/repository/org/slf4j/log4j-over-slf4j/1.7.12/log4j-over-slf4j-1.7.12.jar:/Users/yuanxue/.m2/repository/org/slf4j/jcl-over-slf4j/1.7.12/jcl-over-slf4j-1.7.12.jar:/Users/yuanxue/.m2/repository/org/eclipse/jetty/jetty-util/9.2.13.v20150730/jetty-util-9.2.13.v20150730.jar:/Users/yuanxue/.m2/repository/io/dropwizard/dropwizard-metrics/0.9.0/dropwizard-metrics-0.9.0.jar:/Users/yuanxue/.m2/repository/io/dropwizard/dropwizard-jersey/0.9.0/dropwizard-jersey-0.9.0.jar:/Users/yuanxue/.m2/repository/org/glassfish/jersey/core/jersey-server/2.22.1/jersey-server-2.22.1.jar:/Users/yuanxue/.m2/repository/org/glassfish/jersey/core/jersey-common/2.22.1/jersey-common-2.22.1.jar:/Users/yuanxue/.m2/repository/org/glassfish/jersey/bundles/repackaged/jersey-guava/2.22.1/jersey-guava-2.22.1.jar:/Users/yuanxue/.m2/repository/org/glassfish/hk2/osgi-resource-locator/1.0.1/osgi-resource-locator-1.0.1.jar:/Users/yuanxue/.m2/repository/org/glassfish/jersey/core/jersey-client/2.22.1/jersey-client-2.22.1.jar:/Users/yuanxue/.m2/repository/javax/ws/rs/javax.ws.rs-api/2.0.1/javax.ws.rs-api-2.0.1.jar:/Users/yuanxue/.m2/repository/org/glassfish/jersey/media/jersey-media-jaxb/2.22.1/jersey-media-jaxb-2.22.1.jar:/Users/yuanxue/.m2/repository/javax/annotation/javax.annotation-api/1.2/javax.annotation-api-1.2.jar:/Users/yuanxue/.m2/repository/org/glassfish/hk2/hk2-api/2.4.0-b31/hk2-api-2.4.0-b31.jar:/Users/yuanxue/.m2/repository/org/glassfish/hk2/hk2-utils/2.4.0-b31/hk2-utils-2.4.0-b31.jar:/Users/yuanxue/.m2/repository/org/glassfish/hk2/external/aopalliance-repackaged/2.4.0-b31/aopalliance-repackaged-2.4.0-b31.jar:/Users/yuanxue/.m2/repository/org/glassfish/hk2/external/javax.inject/2.4.0-b31/javax.inject-2.4.0-b31.jar:/Users/yuanxue/.m2/repository/org/glassfish/hk2/hk2-locator/2.4.0-b31/hk2-locator-2.4.0-b31.jar:/Users/yuanxue/.m2/repository/org/glassfish/jersey/ext/jersey-metainf-services/2.22.1/jersey-metainf-services-2.22.1.jar:/Users/yuanxue/.m2/repository/org/glassfish/jersey/ext/jersey-bean-validation/2.22.1/jersey-bean-validation-2.22.1.jar:/Users/yuanxue/.m2/repository/io/dropwizard/metrics/metrics-jersey2/3.1.2/metrics-jersey2-3.1.2.jar:/Users/yuanxue/.m2/repository/com/fasterxml/jackson/jaxrs/jackson-jaxrs-json-provider/2.6.3/jackson-jaxrs-json-provider-2.6.3.jar:/Users/yuanxue/.m2/repository/com/fasterxml/jackson/jaxrs/jackson-jaxrs-base/2.6.3/jackson-jaxrs-base-2.6.3.jar:/Users/yuanxue/.m2/repository/com/fasterxml/jackson/module/jackson-module-jaxb-annotations/2.6.3/jackson-module-jaxb-annotations-2.6.3.jar:/Users/yuanxue/.m2/repository/org/glassfish/jersey/containers/jersey-container-servlet/2.22.1/jersey-container-servlet-2.22.1.jar:/Users/yuanxue/.m2/repository/org/glassfish/jersey/containers/jersey-container-servlet-core/2.22.1/jersey-container-servlet-core-2.22.1.jar:/Users/yuanxue/.m2/repository/org/eclipse/jetty/jetty-server/9.2.13.v20150730/jetty-server-9.2.13.v20150730.jar:/Users/yuanxue/.m2/repository/javax/servlet/javax.servlet-api/3.1.0/javax.servlet-api-3.1.0.jar:/Users/yuanxue/.m2/repository/org/eclipse/jetty/jetty-io/9.2.13.v20150730/jetty-io-9.2.13.v20150730.jar:/Users/yuanxue/.m2/repository/org/eclipse/jetty/jetty-webapp/9.2.13.v20150730/jetty-webapp-9.2.13.v20150730.jar:/Users/yuanxue/.m2/repository/org/eclipse/jetty/jetty-xml/9.2.13.v20150730/jetty-xml-9.2.13.v20150730.jar:/Users/yuanxue/.m2/repository/org/eclipse/jetty/jetty-continuation/9.2.13.v20150730/jetty-continuation-9.2.13.v20150730.jar:/Users/yuanxue/.m2/repository/io/dropwizard/dropwizard-servlets/0.9.0/dropwizard-servlets-0.9.0.jar:/Users/yuanxue/.m2/repository/io/dropwizard/metrics/metrics-annotation/3.1.2/metrics-annotation-3.1.2.jar:/Users/yuanxue/.m2/repository/io/dropwizard/dropwizard-jetty/0.9.0/dropwizard-jetty-0.9.0.jar:/Users/yuanxue/.m2/repository/io/dropwizard/metrics/metrics-jetty9/3.1.2/metrics-jetty9-3.1.2.jar:/Users/yuanxue/.m2/repository/org/eclipse/jetty/jetty-servlet/9.2.13.v20150730/jetty-servlet-9.2.13.v20150730.jar:/Users/yuanxue/.m2/repository/org/eclipse/jetty/jetty-security/9.2.13.v20150730/jetty-security-9.2.13.v20150730.jar:/Users/yuanxue/.m2/repository/org/eclipse/jetty/jetty-servlets/9.2.13.v20150730/jetty-servlets-9.2.13.v20150730.jar:/Users/yuanxue/.m2/repository/org/eclipse/jetty/jetty-http/9.2.13.v20150730/jetty-http-9.2.13.v20150730.jar:/Users/yuanxue/.m2/repository/io/dropwizard/dropwizard-lifecycle/0.9.0/dropwizard-lifecycle-0.9.0.jar:/Users/yuanxue/.m2/repository/io/dropwizard/metrics/metrics-core/3.1.2/metrics-core-3.1.2.jar:/Users/yuanxue/.m2/repository/io/dropwizard/metrics/metrics-jvm/3.1.2/metrics-jvm-3.1.2.jar:/Users/yuanxue/.m2/repository/io/dropwizard/metrics/metrics-servlets/3.1.2/metrics-servlets-3.1.2.jar:/Users/yuanxue/.m2/repository/io/dropwizard/metrics/metrics-json/3.1.2/metrics-json-3.1.2.jar:/Users/yuanxue/.m2/repository/io/dropwizard/metrics/metrics-healthchecks/3.1.2/metrics-healthchecks-3.1.2.jar:/Users/yuanxue/.m2/repository/net/sourceforge/argparse4j/argparse4j/0.6.0/argparse4j-0.6.0.jar:/Users/yuanxue/.m2/repository/org/eclipse/jetty/toolchain/setuid/jetty-setuid-java/1.0.3/jetty-setuid-java-1.0.3.jar:/Users/yuanxue/.m2/repository/org/postgresql/postgresql/9.4-1205-jdbc42/postgresql-9.4-1205-jdbc42.jar:/Users/yuanxue/.m2/repository/io/dropwizard/dropwizard-hibernate/0.9.0/dropwizard-hibernate-0.9.0.jar:/Users/yuanxue/.m2/repository/io/dropwizard/dropwizard-db/0.9.0/dropwizard-db-0.9.0.jar:/Users/yuanxue/.m2/repository/org/apache/tomcat/tomcat-jdbc/8.0.28/tomcat-jdbc-8.0.28.jar:/Users/yuanxue/.m2/repository/org/apache/tomcat/tomcat-juli/8.0.28/tomcat-juli-8.0.28.jar:/Users/yuanxue/.m2/repository/com/fasterxml/jackson/datatype/jackson-datatype-hibernate4/2.6.3/jackson-datatype-hibernate4-2.6.3.jar:/Users/yuanxue/.m2/repository/org/jadira/usertype/usertype.core/4.0.0.GA/usertype.core-4.0.0.GA.jar:/Users/yuanxue/.m2/repository/org/jadira/usertype/usertype.spi/4.0.0.GA/usertype.spi-4.0.0.GA.jar:/Users/yuanxue/.m2/repository/org/hibernate/hibernate-core/4.3.11.Final/hibernate-core-4.3.11.Final.jar:/Users/yuanxue/.m2/repository/org/jboss/logging/jboss-logging-annotations/1.2.0.Beta1/jboss-logging-annotations-1.2.0.Beta1.jar:/Users/yuanxue/.m2/repository/org/jboss/spec/javax/transaction/jboss-transaction-api_1.2_spec/1.0.0.Final/jboss-transaction-api_1.2_spec-1.0.0.Final.jar:/Users/yuanxue/.m2/repository/dom4j/dom4j/1.6.1/dom4j-1.6.1.jar:/Users/yuanxue/.m2/repository/xml-apis/xml-apis/1.0.b2/xml-apis-1.0.b2.jar:/Users/yuanxue/.m2/repository/org/hibernate/common/hibernate-commons-annotations/4.0.5.Final/hibernate-commons-annotations-4.0.5.Final.jar:/Users/yuanxue/.m2/repository/org/hibernate/javax/persistence/hibernate-jpa-2.1-api/1.0.0.Final/hibernate-jpa-2.1-api-1.0.0.Final.jar:/Users/yuanxue/.m2/repository/org/javassist/javassist/3.18.1-GA/javassist-3.18.1-GA.jar:/Users/yuanxue/.m2/repository/antlr/antlr/2.7.7/antlr-2.7.7.jar:/Users/yuanxue/.m2/repository/org/jboss/jandex/1.1.0.Final/jandex-1.1.0.Final.jar:/Users/yuanxue/.m2/repository/com/h2database/h2/1.4.190/h2-1.4.190.jar:, hibernate.bytecode.use_reflection_optimizer=false, hibernate.show_sql=true, java.vm.specification.version=1.8, sun.arch.data.model=64, java.home=/Library/Java/JavaVirtualMachines/jdk1.8.0_60.jdk/Contents/Home/jre, sun.java.command=/Users/yuanxue/Documents/workspace-sts-3.7.0.RELEASE/yuan-hspot/target/surefire/surefirebooter6212790837700239414.jar /Users/yuanxue/Documents/workspace-sts-3.7.0.RELEASE/yuan-hspot/target/surefire/surefire6511870622445204231tmp /Users/yuanxue/Documents/workspace-sts-3.7.0.RELEASE/yuan-hspot/target/surefire/surefire_03463891916024498696tmp, hibernate.connection.url=jdbc:postgresql://127.0.0.1:5432/hspottest, java.specification.vendor=Oracle Corporation, user.language=en, awt.toolkit=sun.lwawt.macosx.LWCToolkit, java.vm.info=mixed mode, java.version=1.8.0_60, java.ext.dirs=/Users/yuanxue/Library/Java/Extensions:/Library/Java/JavaVirtualMachines/jdk1.8.0_60.jdk/Contents/Home/jre/lib/ext:/Library/Java/Extensions:/Network/Library/Java/Extensions:/System/Library/Java/Extensions:/usr/lib/java, sun.boot.class.path=/Library/Java/JavaVirtualMachines/jdk1.8.0_60.jdk/Contents/Home/jre/lib/resources.jar:/Library/Java/JavaVirtualMachines/jdk1.8.0_60.jdk/Contents/Home/jre/lib/rt.jar:/Library/Java/JavaVirtualMachines/jdk1.8.0_60.jdk/Contents/Home/jre/lib/sunrsasign.jar:/Library/Java/JavaVirtualMachines/jdk1.8.0_60.jdk/Contents/Home/jre/lib/jsse.jar:/Library/Java/JavaVirtualMachines/jdk1.8.0_60.jdk/Contents/Home/jre/lib/jce.jar:/Library/Java/JavaVirtualMachines/jdk1.8.0_60.jdk/Contents/Home/jre/lib/charsets.jar:/Library/Java/JavaVirtualMachines/jdk1.8.0_60.jdk/Contents/Home/jre/lib/jfr.jar:/Library/Java/JavaVirtualMachines/jdk1.8.0_60.jdk/Contents/Home/jre/classes, java.vendor=Oracle Corporation, localRepository=/Users/yuanxue/.m2/repository, file.separator=/, java.vendor.url.bug=http://bugreport.sun.com/bugreport/, hibernate.hbm2ddl.auto=create, sun.cpu.endian=little, sun.io.unicode.encoding=UnicodeBig, socksNonProxyHosts=local|*.local|169.254/16|*.169.254/16, ftp.nonProxyHosts=local|*.local|169.254/16|*.169.254/16, sun.cpu.isalist=}
14:56:05.960 [main] DEBUG o.h.v.i.e.r.DefaultTraversableResolver - Found javax.persistence.Persistence on classpath containing &apos;getPersistenceUtil&apos;. Assuming JPA 2 environment. Trying to instantiate JPA aware TraversableResolver
14:56:05.960 [main] DEBUG o.h.v.i.e.r.DefaultTraversableResolver - Instantiated JPA aware TraversableResolver of type org.hibernate.validator.internal.engine.resolver.JPATraversableResolver.
14:56:05.961 [main] DEBUG o.h.v.i.xml.ValidationXmlParser - Trying to load META-INF/validation.xml for XML based Validator configuration.
14:56:05.961 [main] DEBUG o.h.v.i.xml.ResourceLoaderHelper - Trying to load META-INF/validation.xml via TCCL
14:56:05.961 [main] DEBUG o.h.v.i.xml.ResourceLoaderHelper - Trying to load META-INF/validation.xml via Hibernate Validator&apos;s class loader
14:56:05.962 [main] DEBUG o.h.v.i.xml.ValidationXmlParser - No META-INF/validation.xml found. Using annotation based configuration only.
14:56:05.981 [main] DEBUG o.h.secure.spi.JaccIntegrator - Skipping JACC integration as it was not enabled
14:56:06.010 [main] DEBUG o.h.i.f.i.DefaultIdentifierGeneratorFactory - Setting dialect [org.hibernate.dialect.PostgreSQL9Dialect]
14:56:06.010 [main] DEBUG o.h.i.f.i.DefaultIdentifierGeneratorFactory - Setting dialect [org.hibernate.dialect.PostgreSQL9Dialect]
14:56:06.010 [main] DEBUG o.h.i.f.i.DefaultIdentifierGeneratorFactory - Setting dialect [org.hibernate.dialect.PostgreSQL9Dialect]
14:56:06.010 [main] DEBUG o.h.i.f.i.DefaultIdentifierGeneratorFactory - Setting dialect [org.hibernate.dialect.PostgreSQL9Dialect]
14:56:06.016 [main] DEBUG o.h.p.c.AbstractCollectionPersister - Static SQL for collection: com.yuan.hspot.Entity.UserDetails.reviewGiven
14:56:06.016 [main] DEBUG o.h.p.c.AbstractCollectionPersister -  Row insert: update Review set reviewGiver_userID=? where reviewID=?
14:56:06.016 [main] DEBUG o.h.p.c.AbstractCollectionPersister -  Row update: update Review set  where reviewID=?
14:56:06.016 [main] DEBUG o.h.p.c.AbstractCollectionPersister -  Row delete: update Review set reviewGiver_userID=null where reviewGiver_userID=? and reviewID=?
14:56:06.016 [main] DEBUG o.h.p.c.AbstractCollectionPersister -  One-shot delete: update Review set reviewGiver_userID=null where reviewGiver_userID=?
14:56:06.016 [main] DEBUG o.h.p.c.AbstractCollectionPersister - Static SQL for collection: com.yuan.hspot.Entity.UserDetails.reviewReceived
14:56:06.016 [main] DEBUG o.h.p.c.AbstractCollectionPersister -  Row insert: update Review set reviewReceiver_userID=? where reviewID=?
14:56:06.016 [main] DEBUG o.h.p.c.AbstractCollectionPersister -  Row update: update Review set  where reviewID=?
14:56:06.016 [main] DEBUG o.h.p.c.AbstractCollectionPersister -  Row delete: update Review set reviewReceiver_userID=null where reviewReceiver_userID=? and reviewID=?
14:56:06.016 [main] DEBUG o.h.p.c.AbstractCollectionPersister -  One-shot delete: update Review set reviewReceiver_userID=null where reviewReceiver_userID=?
14:56:06.016 [main] DEBUG o.h.p.c.AbstractCollectionPersister - Static SQL for collection: com.yuan.hspot.Entity.UserDetails.userOneConversations
14:56:06.017 [main] DEBUG o.h.p.c.AbstractCollectionPersister -  Row insert: update Conversation set userOne_userID=? where conversationID=?
14:56:06.017 [main] DEBUG o.h.p.c.AbstractCollectionPersister -  Row update: update Conversation set  where conversationID=?
14:56:06.017 [main] DEBUG o.h.p.c.AbstractCollectionPersister -  Row delete: update Conversation set userOne_userID=null where userOne_userID=? and conversationID=?
14:56:06.017 [main] DEBUG o.h.p.c.AbstractCollectionPersister -  One-shot delete: update Conversation set userOne_userID=null where userOne_userID=?
14:56:06.017 [main] DEBUG o.h.p.c.AbstractCollectionPersister - Static SQL for collection: com.yuan.hspot.Entity.UserDetails.userTwoConversations
14:56:06.017 [main] DEBUG o.h.p.c.AbstractCollectionPersister -  Row insert: update Conversation set userTwo_userID=? where conversationID=?
14:56:06.017 [main] DEBUG o.h.p.c.AbstractCollectionPersister -  Row update: update Conversation set  where conversationID=?
14:56:06.017 [main] DEBUG o.h.p.c.AbstractCollectionPersister -  Row delete: update Conversation set userTwo_userID=null where userTwo_userID=? and conversationID=?
14:56:06.017 [main] DEBUG o.h.p.c.AbstractCollectionPersister -  One-shot delete: update Conversation set userTwo_userID=null where userTwo_userID=?
14:56:06.017 [main] DEBUG o.h.p.c.AbstractCollectionPersister - Static SQL for collection: com.yuan.hspot.Entity.UserDetails.messages
14:56:06.017 [main] DEBUG o.h.p.c.AbstractCollectionPersister -  Row insert: update Message set userDetails_userID=? where messageID=?
14:56:06.017 [main] DEBUG o.h.p.c.AbstractCollectionPersister -  Row update: update Message set  where messageID=?
14:56:06.017 [main] DEBUG o.h.p.c.AbstractCollectionPersister -  Row delete: update Message set userDetails_userID=null where userDetails_userID=? and messageID=?
14:56:06.017 [main] DEBUG o.h.p.c.AbstractCollectionPersister -  One-shot delete: update Message set userDetails_userID=null where userDetails_userID=?
14:56:06.018 [main] DEBUG o.h.p.c.AbstractCollectionPersister - Static SQL for collection: com.yuan.hspot.Entity.UserDetails.skills
14:56:06.018 [main] DEBUG o.h.p.c.AbstractCollectionPersister -  Row insert: insert into UserDetails_skills (UserDetails_userID, skills) values (?, ?)
14:56:06.018 [main] DEBUG o.h.p.c.AbstractCollectionPersister -  Row update: update UserDetails_skills set skills=? where UserDetails_userID=? and skills=?
14:56:06.018 [main] DEBUG o.h.p.c.AbstractCollectionPersister -  Row delete: delete from UserDetails_skills where UserDetails_userID=? and skills=?
14:56:06.018 [main] DEBUG o.h.p.c.AbstractCollectionPersister -  One-shot delete: delete from UserDetails_skills where UserDetails_userID=?
14:56:06.018 [main] DEBUG o.h.p.c.AbstractCollectionPersister - Static SQL for collection: com.yuan.hspot.Entity.Conversation.messages
14:56:06.018 [main] DEBUG o.h.p.c.AbstractCollectionPersister -  Row insert: update Message set conversation_conversationID=? where messageID=?
14:56:06.018 [main] DEBUG o.h.p.c.AbstractCollectionPersister -  Row update: update Message set  where messageID=?
14:56:06.018 [main] DEBUG o.h.p.c.AbstractCollectionPersister -  Row delete: update Message set conversation_conversationID=null where conversation_conversationID=? and messageID=?
14:56:06.018 [main] DEBUG o.h.p.c.AbstractCollectionPersister -  One-shot delete: update Message set conversation_conversationID=null where conversation_conversationID=?
14:56:06.018 [main] DEBUG o.h.p.entity.AbstractEntityPersister - Static SQL for entity: com.yuan.hspot.Entity.Review
14:56:06.019 [main] DEBUG o.h.p.entity.AbstractEntityPersister -  Version select: select reviewID from Review where reviewID =?
14:56:06.019 [main] DEBUG o.h.p.entity.AbstractEntityPersister -  Snapshot select: select review_.reviewID, review_.reviewContent as reviewCo2_2_, review_.reviewGiver_userID as reviewGi4_2_, review_.reviewReceiver_userID as reviewRe5_2_, review_.star as star3_2_ from Review review_ where review_.reviewID=?
14:56:06.019 [main] DEBUG o.h.p.entity.AbstractEntityPersister -  Insert 0: insert into Review (reviewContent, reviewGiver_userID, reviewReceiver_userID, star, reviewID) values (?, ?, ?, ?, ?)
14:56:06.019 [main] DEBUG o.h.p.entity.AbstractEntityPersister -  Update 0: update Review set reviewContent=?, reviewGiver_userID=?, reviewReceiver_userID=?, star=? where reviewID=?
14:56:06.019 [main] DEBUG o.h.p.entity.AbstractEntityPersister -  Delete 0: delete from Review where reviewID=?
14:56:06.019 [main] DEBUG o.h.p.entity.AbstractEntityPersister -  Identity insert: insert into Review (reviewContent, reviewGiver_userID, reviewReceiver_userID, star) values (?, ?, ?, ?)
14:56:06.019 [main] DEBUG o.h.l.p.b.i.spaces.QuerySpacesImpl - Adding QuerySpace : uid = &lt;gen:0&gt; -&gt; org.hibernate.loader.plan.build.internal.spaces.EntityQuerySpaceImpl@773bd77b]
14:56:06.019 [main] DEBUG o.h.p.w.spi.MetamodelGraphWalker - Visiting attribute path : reviewContent
14:56:06.019 [main] DEBUG o.h.p.w.spi.MetamodelGraphWalker - Visiting attribute path : reviewGiver
14:56:06.019 [main] DEBUG o.h.l.p.b.i.spaces.QuerySpacesImpl - Adding QuerySpace : uid = &lt;gen:1&gt; -&gt; org.hibernate.loader.plan.build.internal.spaces.EntityQuerySpaceImpl@6d91790b]
14:56:06.019 [main] DEBUG o.h.p.w.spi.MetamodelGraphWalker - Visiting attribute path : reviewGiver.email
14:56:06.019 [main] DEBUG o.h.p.w.spi.MetamodelGraphWalker - Visiting attribute path : reviewGiver.firstName
14:56:06.019 [main] DEBUG o.h.p.w.spi.MetamodelGraphWalker - Visiting attribute path : reviewGiver.lastName
14:56:06.019 [main] DEBUG o.h.p.w.spi.MetamodelGraphWalker - Visiting attribute path : reviewGiver.messages
14:56:06.019 [main] DEBUG o.h.p.w.spi.MetamodelGraphWalker - Visiting attribute path : reviewGiver.password
14:56:06.019 [main] DEBUG o.h.p.w.spi.MetamodelGraphWalker - Visiting attribute path : reviewGiver.reviewGiven
14:56:06.019 [main] DEBUG o.h.p.w.spi.MetamodelGraphWalker - Property path deemed to be circular : reviewGiver.reviewGiven
14:56:06.019 [main] DEBUG o.h.p.w.spi.MetamodelGraphWalker - Visiting attribute path : reviewGiver.reviewReceived
14:56:06.019 [main] DEBUG o.h.p.w.spi.MetamodelGraphWalker - Visiting attribute path : reviewGiver.role
14:56:06.020 [main] DEBUG o.h.p.w.spi.MetamodelGraphWalker - Visiting attribute path : reviewGiver.skills
14:56:06.020 [main] DEBUG o.h.p.w.spi.MetamodelGraphWalker - Visiting attribute path : reviewGiver.userOneConversations
14:56:06.020 [main] DEBUG o.h.p.w.spi.MetamodelGraphWalker - Visiting attribute path : reviewGiver.userTwoConversations
14:56:06.020 [main] DEBUG o.h.p.w.spi.MetamodelGraphWalker - Visiting attribute path : reviewReceiver
14:56:06.020 [main] DEBUG o.h.l.p.b.i.spaces.QuerySpacesImpl - Adding QuerySpace : uid = &lt;gen:2&gt; -&gt; org.hibernate.loader.plan.build.internal.spaces.EntityQuerySpaceImpl@47c64cfe]
14:56:06.020 [main] DEBUG o.h.p.w.spi.MetamodelGraphWalker - Visiting attribute path : reviewReceiver.email
14:56:06.020 [main] DEBUG o.h.p.w.spi.MetamodelGraphWalker - Visiting attribute path : reviewReceiver.firstName
14:56:06.020 [main] DEBUG o.h.p.w.spi.MetamodelGraphWalker - Visiting attribute path : reviewReceiver.lastName
14:56:06.020 [main] DEBUG o.h.p.w.spi.MetamodelGraphWalker - Visiting attribute path : reviewReceiver.messages
14:56:06.020 [main] DEBUG o.h.p.w.spi.MetamodelGraphWalker - Visiting attribute path : reviewReceiver.password
14:56:06.020 [main] DEBUG o.h.p.w.spi.MetamodelGraphWalker - Visiting attribute path : reviewReceiver.reviewGiven
14:56:06.020 [main] DEBUG o.h.p.w.spi.MetamodelGraphWalker - Property path deemed to be circular : reviewReceiver.reviewGiven
14:56:06.020 [main] DEBUG o.h.p.w.spi.MetamodelGraphWalker - Visiting attribute path : reviewReceiver.reviewReceived
14:56:06.020 [main] DEBUG o.h.p.w.spi.MetamodelGraphWalker - Property path deemed to be circular : reviewReceiver.reviewReceived
14:56:06.020 [main] DEBUG o.h.p.w.spi.MetamodelGraphWalker - Visiting attribute path : reviewReceiver.role
14:56:06.020 [main] DEBUG o.h.p.w.spi.MetamodelGraphWalker - Visiting attribute path : reviewReceiver.skills
14:56:06.020 [main] DEBUG o.h.p.w.spi.MetamodelGraphWalker - Visiting attribute path : reviewReceiver.userOneConversations
14:56:06.020 [main] DEBUG o.h.p.w.spi.MetamodelGraphWalker - Visiting attribute path : reviewReceiver.userTwoConversations
14:56:06.020 [main] DEBUG o.h.p.w.spi.MetamodelGraphWalker - Visiting attribute path : star
14:56:06.020 [main] DEBUG o.h.l.p.b.i.FetchStyleLoadPlanBuildingAssociationVisitationStrategy - Building LoadPlan...
14:56:06.021 [main] DEBUG o.h.l.p.e.i.LoadQueryJoinAndFetchProcessor - processing queryspace &lt;gen:0&gt;
14:56:06.021 [main] DEBUG o.h.l.p.b.spi.LoadPlanTreePrinter - LoadPlan(entity=com.yuan.hspot.Entity.Review)
    - Returns
       - EntityReturnImpl(entity=com.yuan.hspot.Entity.Review, querySpaceUid=&lt;gen:0&gt;, path=com.yuan.hspot.Entity.Review)
          - EntityAttributeFetchImpl(entity=com.yuan.hspot.Entity.UserDetails, querySpaceUid=&lt;gen:1&gt;, path=com.yuan.hspot.Entity.Review.reviewGiver)
          - EntityAttributeFetchImpl(entity=com.yuan.hspot.Entity.UserDetails, querySpaceUid=&lt;gen:2&gt;, path=com.yuan.hspot.Entity.Review.reviewReceiver)
    - QuerySpaces
       - EntityQuerySpaceImpl(uid=&lt;gen:0&gt;, entity=com.yuan.hspot.Entity.Review)
          - SQL table alias mapping - review0_
          - alias suffix - 0_
          - suffixed key columns - {reviewID1_2_0_}
          - JOIN (JoinDefinedByMetadata(reviewGiver)) : &lt;gen:0&gt; -&gt; &lt;gen:1&gt;
             - EntityQuerySpaceImpl(uid=&lt;gen:1&gt;, entity=com.yuan.hspot.Entity.UserDetails)
                - SQL table alias mapping - userdetail1_
                - alias suffix - 1_
                - suffixed key columns - {userID1_3_1_}
          - JOIN (JoinDefinedByMetadata(reviewReceiver)) : &lt;gen:0&gt; -&gt; &lt;gen:2&gt;
             - EntityQuerySpaceImpl(uid=&lt;gen:2&gt;, entity=com.yuan.hspot.Entity.UserDetails)
                - SQL table alias mapping - userdetail2_
                - alias suffix - 2_
                - suffixed key columns - {userID1_3_2_}

14:56:06.021 [main] DEBUG o.h.loader.entity.plan.EntityLoader - Static select for entity com.yuan.hspot.Entity.Review [NONE]: select review0_.reviewID as reviewID1_2_0_, review0_.reviewContent as reviewCo2_2_0_, review0_.reviewGiver_userID as reviewGi4_2_0_, review0_.reviewReceiver_userID as reviewRe5_2_0_, review0_.star as star3_2_0_, userdetail1_.userID as userID1_3_1_, userdetail1_.email as email2_3_1_, userdetail1_.firstName as firstNam3_3_1_, userdetail1_.lastName as lastName4_3_1_, userdetail1_.password as password5_3_1_, userdetail1_.role as role6_3_1_, userdetail2_.userID as userID1_3_2_, userdetail2_.email as email2_3_2_, userdetail2_.firstName as firstNam3_3_2_, userdetail2_.lastName as lastName4_3_2_, userdetail2_.password as password5_3_2_, userdetail2_.role as role6_3_2_ from Review review0_ left outer join UserDetails userdetail1_ on review0_.reviewGiver_userID=userdetail1_.userID left outer join UserDetails userdetail2_ on review0_.reviewReceiver_userID=userdetail2_.userID where review0_.reviewID=?
14:56:06.021 [main] DEBUG o.h.l.p.b.i.spaces.QuerySpacesImpl - Adding QuerySpace : uid = &lt;gen:0&gt; -&gt; org.hibernate.loader.plan.build.internal.spaces.EntityQuerySpaceImpl@a567e72]
14:56:06.021 [main] DEBUG o.h.p.w.spi.MetamodelGraphWalker - Visiting attribute path : reviewContent
14:56:06.021 [main] DEBUG o.h.p.w.spi.MetamodelGraphWalker - Visiting attribute path : reviewGiver
14:56:06.022 [main] DEBUG o.h.l.p.b.i.spaces.QuerySpacesImpl - Adding QuerySpace : uid = &lt;gen:1&gt; -&gt; org.hibernate.loader.plan.build.internal.spaces.EntityQuerySpaceImpl@6f8f8a80]
14:56:06.022 [main] DEBUG o.h.p.w.spi.MetamodelGraphWalker - Visiting attribute path : reviewGiver.email
14:56:06.022 [main] DEBUG o.h.p.w.spi.MetamodelGraphWalker - Visiting attribute path : reviewGiver.firstName
14:56:06.022 [main] DEBUG o.h.p.w.spi.MetamodelGraphWalker - Visiting attribute path : reviewGiver.lastName
14:56:06.022 [main] DEBUG o.h.p.w.spi.MetamodelGraphWalker - Visiting attribute path : reviewGiver.messages
14:56:06.022 [main] DEBUG o.h.p.w.spi.MetamodelGraphWalker - Visiting attribute path : reviewGiver.password
14:56:06.022 [main] DEBUG o.h.p.w.spi.MetamodelGraphWalker - Visiting attribute path : reviewGiver.reviewGiven
14:56:06.022 [main] DEBUG o.h.p.w.spi.MetamodelGraphWalker - Property path deemed to be circular : reviewGiver.reviewGiven
14:56:06.022 [main] DEBUG o.h.p.w.spi.MetamodelGraphWalker - Visiting attribute path : reviewGiver.reviewReceived
14:56:06.022 [main] DEBUG o.h.p.w.spi.MetamodelGraphWalker - Visiting attribute path : reviewGiver.role
14:56:06.022 [main] DEBUG o.h.p.w.spi.MetamodelGraphWalker - Visiting attribute path : reviewGiver.skills
14:56:06.022 [main] DEBUG o.h.p.w.spi.MetamodelGraphWalker - Visiting attribute path : reviewGiver.userOneConversations
14:56:06.022 [main] DEBUG o.h.p.w.spi.MetamodelGraphWalker - Visiting attribute path : reviewGiver.userTwoConversations
14:56:06.022 [main] DEBUG o.h.p.w.spi.MetamodelGraphWalker - Visiting attribute path : reviewReceiver
14:56:06.022 [main] DEBUG o.h.l.p.b.i.spaces.QuerySpacesImpl - Adding QuerySpace : uid = &lt;gen:2&gt; -&gt; org.hibernate.loader.plan.build.internal.spaces.EntityQuerySpaceImpl@72805168]
14:56:06.022 [main] DEBUG o.h.p.w.spi.MetamodelGraphWalker - Visiting attribute path : reviewReceiver.email
14:56:06.022 [main] DEBUG o.h.p.w.spi.MetamodelGraphWalker - Visiting attribute path : reviewReceiver.firstName
14:56:06.022 [main] DEBUG o.h.p.w.spi.MetamodelGraphWalker - Visiting attribute path : reviewReceiver.lastName
14:56:06.022 [main] DEBUG o.h.p.w.spi.MetamodelGraphWalker - Visiting attribute path : reviewReceiver.messages
14:56:06.023 [main] DEBUG o.h.p.w.spi.MetamodelGraphWalker - Visiting attribute path : reviewReceiver.password
14:56:06.023 [main] DEBUG o.h.p.w.spi.MetamodelGraphWalker - Visiting attribute path : reviewReceiver.reviewGiven
14:56:06.023 [main] DEBUG o.h.p.w.spi.MetamodelGraphWalker - Property path deemed to be circular : reviewReceiver.reviewGiven
14:56:06.023 [main] DEBUG o.h.p.w.spi.MetamodelGraphWalker - Visiting attribute path : reviewReceiver.reviewReceived
14:56:06.023 [main] DEBUG o.h.p.w.spi.MetamodelGraphWalker - Property path deemed to be circular : reviewReceiver.reviewReceived
14:56:06.023 [main] DEBUG o.h.p.w.spi.MetamodelGraphWalker - Visiting attribute path : reviewReceiver.role
14:56:06.023 [main] DEBUG o.h.p.w.spi.MetamodelGraphWalker - Visiting attribute path : reviewReceiver.skills
14:56:06.023 [main] DEBUG o.h.p.w.spi.MetamodelGraphWalker - Visiting attribute path : reviewReceiver.userOneConversations
14:56:06.023 [main] DEBUG o.h.p.w.spi.MetamodelGraphWalker - Visiting attribute path : reviewReceiver.userTwoConversations
14:56:06.023 [main] DEBUG o.h.p.w.spi.MetamodelGraphWalker - Visiting attribute path : star
14:56:06.023 [main] DEBUG o.h.l.p.b.i.FetchStyleLoadPlanBuildingAssociationVisitationStrategy - Building LoadPlan...
14:56:06.023 [main] DEBUG o.h.l.p.e.i.LoadQueryJoinAndFetchProcessor - processing queryspace &lt;gen:0&gt;
14:56:06.024 [main] DEBUG o.h.l.p.b.spi.LoadPlanTreePrinter - LoadPlan(entity=com.yuan.hspot.Entity.Review)
    - Returns
       - EntityReturnImpl(entity=com.yuan.hspot.Entity.Review, querySpaceUid=&lt;gen:0&gt;, path=com.yuan.hspot.Entity.Review)
          - EntityAttributeFetchImpl(entity=com.yuan.hspot.Entity.UserDetails, querySpaceUid=&lt;gen:1&gt;, path=com.yuan.hspot.Entity.Review.reviewGiver)
          - EntityAttributeFetchImpl(entity=com.yuan.hspot.Entity.UserDetails, querySpaceUid=&lt;gen:2&gt;, path=com.yuan.hspot.Entity.Review.reviewReceiver)
    - QuerySpaces
       - EntityQuerySpaceImpl(uid=&lt;gen:0&gt;, entity=com.yuan.hspot.Entity.Review)
          - SQL table alias mapping - review0_
          - alias suffix - 0_
          - suffixed key columns - {reviewID1_2_0_}
          - JOIN (JoinDefinedByMetadata(reviewGiver)) : &lt;gen:0&gt; -&gt; &lt;gen:1&gt;
             - EntityQuerySpaceImpl(uid=&lt;gen:1&gt;, entity=com.yuan.hspot.Entity.UserDetails)
                - SQL table alias mapping - userdetail1_
                - alias suffix - 1_
                - suffixed key columns - {userID1_3_1_}
          - JOIN (JoinDefinedByMetadata(reviewReceiver)) : &lt;gen:0&gt; -&gt; &lt;gen:2&gt;
             - EntityQuerySpaceImpl(uid=&lt;gen:2&gt;, entity=com.yuan.hspot.Entity.UserDetails)
                - SQL table alias mapping - userdetail2_
                - alias suffix - 2_
                - suffixed key columns - {userID1_3_2_}

14:56:06.025 [main] DEBUG o.h.loader.entity.plan.EntityLoader - Static select for entity com.yuan.hspot.Entity.Review [READ]: select review0_.reviewID as reviewID1_2_0_, review0_.reviewContent as reviewCo2_2_0_, review0_.reviewGiver_userID as reviewGi4_2_0_, review0_.reviewReceiver_userID as reviewRe5_2_0_, review0_.star as star3_2_0_, userdetail1_.userID as userID1_3_1_, userdetail1_.email as email2_3_1_, userdetail1_.firstName as firstNam3_3_1_, userdetail1_.lastName as lastName4_3_1_, userdetail1_.password as password5_3_1_, userdetail1_.role as role6_3_1_, userdetail2_.userID as userID1_3_2_, userdetail2_.email as email2_3_2_, userdetail2_.firstName as firstNam3_3_2_, userdetail2_.lastName as lastName4_3_2_, userdetail2_.password as password5_3_2_, userdetail2_.role as role6_3_2_ from Review review0_ left outer join UserDetails userdetail1_ on review0_.reviewGiver_userID=userdetail1_.userID left outer join UserDetails userdetail2_ on review0_.reviewReceiver_userID=userdetail2_.userID where review0_.reviewID=?
14:56:06.025 [main] DEBUG o.h.l.p.b.i.spaces.QuerySpacesImpl - Adding QuerySpace : uid = &lt;gen:0&gt; -&gt; org.hibernate.loader.plan.build.internal.spaces.EntityQuerySpaceImpl@27f1bbe0]
14:56:06.025 [main] DEBUG o.h.p.w.spi.MetamodelGraphWalker - Visiting attribute path : reviewContent
14:56:06.025 [main] DEBUG o.h.p.w.spi.MetamodelGraphWalker - Visiting attribute path : reviewGiver
14:56:06.025 [main] DEBUG o.h.l.p.b.i.spaces.QuerySpacesImpl - Adding QuerySpace : uid = &lt;gen:1&gt; -&gt; org.hibernate.loader.plan.build.internal.spaces.EntityQuerySpaceImpl@7c211fd0]
14:56:06.025 [main] DEBUG o.h.p.w.spi.MetamodelGraphWalker - Visiting attribute path : reviewReceiver
14:56:06.025 [main] DEBUG o.h.l.p.b.i.spaces.QuerySpacesImpl - Adding QuerySpace : uid = &lt;gen:2&gt; -&gt; org.hibernate.loader.plan.build.internal.spaces.EntityQuerySpaceImpl@7004e3d]
14:56:06.025 [main] DEBUG o.h.p.w.spi.MetamodelGraphWalker - Visiting attribute path : star
14:56:06.025 [main] DEBUG o.h.l.p.b.i.FetchStyleLoadPlanBuildingAssociationVisitationStrategy - Building LoadPlan...
14:56:06.025 [main] DEBUG o.h.l.p.e.i.LoadQueryJoinAndFetchProcessor - processing queryspace &lt;gen:0&gt;
14:56:06.026 [main] DEBUG o.h.l.p.b.spi.LoadPlanTreePrinter - LoadPlan(entity=com.yuan.hspot.Entity.Review)
    - Returns
       - EntityReturnImpl(entity=com.yuan.hspot.Entity.Review, querySpaceUid=&lt;gen:0&gt;, path=com.yuan.hspot.Entity.Review)
          - EntityAttributeFetchImpl(entity=com.yuan.hspot.Entity.UserDetails, querySpaceUid=&lt;gen:1&gt;, path=com.yuan.hspot.Entity.Review.reviewGiver)
          - EntityAttributeFetchImpl(entity=com.yuan.hspot.Entity.UserDetails, querySpaceUid=&lt;gen:2&gt;, path=com.yuan.hspot.Entity.Review.reviewReceiver)
    - QuerySpaces
       - EntityQuerySpaceImpl(uid=&lt;gen:0&gt;, entity=com.yuan.hspot.Entity.Review)
          - SQL table alias mapping - review0_
          - alias suffix - 0_
          - suffixed key columns - {reviewID1_2_0_}

14:56:06.026 [main] DEBUG o.h.loader.entity.plan.EntityLoader - Static select for entity com.yuan.hspot.Entity.Review [UPGRADE]: select review0_.reviewID as reviewID1_2_0_, review0_.reviewContent as reviewCo2_2_0_, review0_.reviewGiver_userID as reviewGi4_2_0_, review0_.reviewReceiver_userID as reviewRe5_2_0_, review0_.star as star3_2_0_ from Review review0_ where review0_.reviewID=? for update
14:56:06.026 [main] DEBUG o.h.l.p.b.i.spaces.QuerySpacesImpl - Adding QuerySpace : uid = &lt;gen:0&gt; -&gt; org.hibernate.loader.plan.build.internal.spaces.EntityQuerySpaceImpl@2d84cb86]
14:56:06.026 [main] DEBUG o.h.p.w.spi.MetamodelGraphWalker - Visiting attribute path : reviewContent
14:56:06.026 [main] DEBUG o.h.p.w.spi.MetamodelGraphWalker - Visiting attribute path : reviewGiver
14:56:06.026 [main] DEBUG o.h.l.p.b.i.spaces.QuerySpacesImpl - Adding QuerySpace : uid = &lt;gen:1&gt; -&gt; org.hibernate.loader.plan.build.internal.spaces.EntityQuerySpaceImpl@588ffeb]
14:56:06.026 [main] DEBUG o.h.p.w.spi.MetamodelGraphWalker - Visiting attribute path : reviewReceiver
14:56:06.026 [main] DEBUG o.h.l.p.b.i.spaces.QuerySpacesImpl - Adding QuerySpace : uid = &lt;gen:2&gt; -&gt; org.hibernate.loader.plan.build.internal.spaces.EntityQuerySpaceImpl@7c28c1]
14:56:06.027 [main] DEBUG o.h.p.w.spi.MetamodelGraphWalker - Visiting attribute path : star
14:56:06.027 [main] DEBUG o.h.l.p.b.i.FetchStyleLoadPlanBuildingAssociationVisitationStrategy - Building LoadPlan...
14:56:06.027 [main] DEBUG o.h.l.p.e.i.LoadQueryJoinAndFetchProcessor - processing queryspace &lt;gen:0&gt;
14:56:06.027 [main] DEBUG o.h.l.p.b.spi.LoadPlanTreePrinter - LoadPlan(entity=com.yuan.hspot.Entity.Review)
    - Returns
       - EntityReturnImpl(entity=com.yuan.hspot.Entity.Review, querySpaceUid=&lt;gen:0&gt;, path=com.yuan.hspot.Entity.Review)
          - EntityAttributeFetchImpl(entity=com.yuan.hspot.Entity.UserDetails, querySpaceUid=&lt;gen:1&gt;, path=com.yuan.hspot.Entity.Review.reviewGiver)
          - EntityAttributeFetchImpl(entity=com.yuan.hspot.Entity.UserDetails, querySpaceUid=&lt;gen:2&gt;, path=com.yuan.hspot.Entity.Review.reviewReceiver)
    - QuerySpaces
       - EntityQuerySpaceImpl(uid=&lt;gen:0&gt;, entity=com.yuan.hspot.Entity.Review)
          - SQL table alias mapping - review0_
          - alias suffix - 0_
          - suffixed key columns - {reviewID1_2_0_}

14:56:06.027 [main] DEBUG o.h.loader.entity.plan.EntityLoader - Static select for entity com.yuan.hspot.Entity.Review [UPGRADE_NOWAIT]: select review0_.reviewID as reviewID1_2_0_, review0_.reviewContent as reviewCo2_2_0_, review0_.reviewGiver_userID as reviewGi4_2_0_, review0_.reviewReceiver_userID as reviewRe5_2_0_, review0_.star as star3_2_0_ from Review review0_ where review0_.reviewID=? for update nowait 
14:56:06.027 [main] DEBUG o.h.l.p.b.i.spaces.QuerySpacesImpl - Adding QuerySpace : uid = &lt;gen:0&gt; -&gt; org.hibernate.loader.plan.build.internal.spaces.EntityQuerySpaceImpl@baf1bb3]
14:56:06.028 [main] DEBUG o.h.p.w.spi.MetamodelGraphWalker - Visiting attribute path : reviewContent
14:56:06.028 [main] DEBUG o.h.p.w.spi.MetamodelGraphWalker - Visiting attribute path : reviewGiver
14:56:06.028 [main] DEBUG o.h.l.p.b.i.spaces.QuerySpacesImpl - Adding QuerySpace : uid = &lt;gen:1&gt; -&gt; org.hibernate.loader.plan.build.internal.spaces.EntityQuerySpaceImpl@25d958c6]
14:56:06.028 [main] DEBUG o.h.p.w.spi.MetamodelGraphWalker - Visiting attribute path : reviewReceiver
14:56:06.028 [main] DEBUG o.h.l.p.b.i.spaces.QuerySpacesImpl - Adding QuerySpace : uid = &lt;gen:2&gt; -&gt; org.hibernate.loader.plan.build.internal.spaces.EntityQuerySpaceImpl@4482469c]
14:56:06.028 [main] DEBUG o.h.p.w.spi.MetamodelGraphWalker - Visiting attribute path : star
14:56:06.028 [main] DEBUG o.h.l.p.b.i.FetchStyleLoadPlanBuildingAssociationVisitationStrategy - Building LoadPlan...
14:56:06.028 [main] DEBUG o.h.l.p.e.i.LoadQueryJoinAndFetchProcessor - processing queryspace &lt;gen:0&gt;
14:56:06.029 [main] DEBUG o.h.l.p.b.spi.LoadPlanTreePrinter - LoadPlan(entity=com.yuan.hspot.Entity.Review)
    - Returns
       - EntityReturnImpl(entity=com.yuan.hspot.Entity.Review, querySpaceUid=&lt;gen:0&gt;, path=com.yuan.hspot.Entity.Review)
          - EntityAttributeFetchImpl(entity=com.yuan.hspot.Entity.UserDetails, querySpaceUid=&lt;gen:1&gt;, path=com.yuan.hspot.Entity.Review.reviewGiver)
          - EntityAttributeFetchImpl(entity=com.yuan.hspot.Entity.UserDetails, querySpaceUid=&lt;gen:2&gt;, path=com.yuan.hspot.Entity.Review.reviewReceiver)
    - QuerySpaces
       - EntityQuerySpaceImpl(uid=&lt;gen:0&gt;, entity=com.yuan.hspot.Entity.Review)
          - SQL table alias mapping - review0_
          - alias suffix - 0_
          - suffixed key columns - {reviewID1_2_0_}

14:56:06.029 [main] DEBUG o.h.loader.entity.plan.EntityLoader - Static select for entity com.yuan.hspot.Entity.Review [UPGRADE_SKIPLOCKED]: select review0_.reviewID as reviewID1_2_0_, review0_.reviewContent as reviewCo2_2_0_, review0_.reviewGiver_userID as reviewGi4_2_0_, review0_.reviewReceiver_userID as reviewRe5_2_0_, review0_.star as star3_2_0_ from Review review0_ where review0_.reviewID=? for update
14:56:06.029 [main] DEBUG o.h.l.p.b.i.spaces.QuerySpacesImpl - Adding QuerySpace : uid = &lt;gen:0&gt; -&gt; org.hibernate.loader.plan.build.internal.spaces.EntityQuerySpaceImpl@3703bf3c]
14:56:06.029 [main] DEBUG o.h.p.w.spi.MetamodelGraphWalker - Visiting attribute path : reviewContent
14:56:06.029 [main] DEBUG o.h.p.w.spi.MetamodelGraphWalker - Visiting attribute path : reviewGiver
14:56:06.029 [main] DEBUG o.h.l.p.b.i.spaces.QuerySpacesImpl - Adding QuerySpace : uid = &lt;gen:1&gt; -&gt; org.hibernate.loader.plan.build.internal.spaces.EntityQuerySpaceImpl@5b3f3ba0]
14:56:06.029 [main] DEBUG o.h.p.w.spi.MetamodelGraphWalker - Visiting attribute path : reviewReceiver
14:56:06.029 [main] DEBUG o.h.l.p.b.i.spaces.QuerySpacesImpl - Adding QuerySpace : uid = &lt;gen:2&gt; -&gt; org.hibernate.loader.plan.build.internal.spaces.EntityQuerySpaceImpl@ddf20fd]
14:56:06.029 [main] DEBUG o.h.p.w.spi.MetamodelGraphWalker - Visiting attribute path : star
14:56:06.029 [main] DEBUG o.h.l.p.b.i.FetchStyleLoadPlanBuildingAssociationVisitationStrategy - Building LoadPlan...
14:56:06.030 [main] DEBUG o.h.l.p.e.i.LoadQueryJoinAndFetchProcessor - processing queryspace &lt;gen:0&gt;
14:56:06.030 [main] DEBUG o.h.l.p.b.spi.LoadPlanTreePrinter - LoadPlan(entity=com.yuan.hspot.Entity.Review)
    - Returns
       - EntityReturnImpl(entity=com.yuan.hspot.Entity.Review, querySpaceUid=&lt;gen:0&gt;, path=com.yuan.hspot.Entity.Review)
          - EntityAttributeFetchImpl(entity=com.yuan.hspot.Entity.UserDetails, querySpaceUid=&lt;gen:1&gt;, path=com.yuan.hspot.Entity.Review.reviewGiver)
          - EntityAttributeFetchImpl(entity=com.yuan.hspot.Entity.UserDetails, querySpaceUid=&lt;gen:2&gt;, path=com.yuan.hspot.Entity.Review.reviewReceiver)
    - QuerySpaces
       - EntityQuerySpaceImpl(uid=&lt;gen:0&gt;, entity=com.yuan.hspot.Entity.Review)
          - SQL table alias mapping - review0_
          - alias suffix - 0_
          - suffixed key columns - {reviewID1_2_0_}

14:56:06.030 [main] DEBUG o.h.loader.entity.plan.EntityLoader - Static select for entity com.yuan.hspot.Entity.Review [FORCE]: select review0_.reviewID as reviewID1_2_0_, review0_.reviewContent as reviewCo2_2_0_, review0_.reviewGiver_userID as reviewGi4_2_0_, review0_.reviewReceiver_userID as reviewRe5_2_0_, review0_.star as star3_2_0_ from Review review0_ where review0_.reviewID=? for update nowait 
14:56:06.030 [main] DEBUG o.h.l.p.b.i.spaces.QuerySpacesImpl - Adding QuerySpace : uid = &lt;gen:0&gt; -&gt; org.hibernate.loader.plan.build.internal.spaces.EntityQuerySpaceImpl@278f8425]
14:56:06.030 [main] DEBUG o.h.p.w.spi.MetamodelGraphWalker - Visiting attribute path : reviewContent
14:56:06.030 [main] DEBUG o.h.p.w.spi.MetamodelGraphWalker - Visiting attribute path : reviewGiver
14:56:06.030 [main] DEBUG o.h.l.p.b.i.spaces.QuerySpacesImpl - Adding QuerySpace : uid = &lt;gen:1&gt; -&gt; org.hibernate.loader.plan.build.internal.spaces.EntityQuerySpaceImpl@4b1abd11]
14:56:06.031 [main] DEBUG o.h.p.w.spi.MetamodelGraphWalker - Visiting attribute path : reviewReceiver
14:56:06.031 [main] DEBUG o.h.l.p.b.i.spaces.QuerySpacesImpl - Adding QuerySpace : uid = &lt;gen:2&gt; -&gt; org.hibernate.loader.plan.build.internal.spaces.EntityQuerySpaceImpl@3f36b447]
14:56:06.031 [main] DEBUG o.h.p.w.spi.MetamodelGraphWalker - Visiting attribute path : star
14:56:06.031 [main] DEBUG o.h.l.p.b.i.FetchStyleLoadPlanBuildingAssociationVisitationStrategy - Building LoadPlan...
14:56:06.031 [main] DEBUG o.h.l.p.e.i.LoadQueryJoinAndFetchProcessor - processing queryspace &lt;gen:0&gt;
14:56:06.031 [main] DEBUG o.h.l.p.b.spi.LoadPlanTreePrinter - LoadPlan(entity=com.yuan.hspot.Entity.Review)
    - Returns
       - EntityReturnImpl(entity=com.yuan.hspot.Entity.Review, querySpaceUid=&lt;gen:0&gt;, path=com.yuan.hspot.Entity.Review)
          - EntityAttributeFetchImpl(entity=com.yuan.hspot.Entity.UserDetails, querySpaceUid=&lt;gen:1&gt;, path=com.yuan.hspot.Entity.Review.reviewGiver)
          - EntityAttributeFetchImpl(entity=com.yuan.hspot.Entity.UserDetails, querySpaceUid=&lt;gen:2&gt;, path=com.yuan.hspot.Entity.Review.reviewReceiver)
    - QuerySpaces
       - EntityQuerySpaceImpl(uid=&lt;gen:0&gt;, entity=com.yuan.hspot.Entity.Review)
          - SQL table alias mapping - review0_
          - alias suffix - 0_
          - suffixed key columns - {reviewID1_2_0_}

14:56:06.031 [main] DEBUG o.h.loader.entity.plan.EntityLoader - Static select for entity com.yuan.hspot.Entity.Review [PESSIMISTIC_READ]: select review0_.reviewID as reviewID1_2_0_, review0_.reviewContent as reviewCo2_2_0_, review0_.reviewGiver_userID as reviewGi4_2_0_, review0_.reviewReceiver_userID as reviewRe5_2_0_, review0_.star as star3_2_0_ from Review review0_ where review0_.reviewID=? for share
14:56:06.032 [main] DEBUG o.h.l.p.b.i.spaces.QuerySpacesImpl - Adding QuerySpace : uid = &lt;gen:0&gt; -&gt; org.hibernate.loader.plan.build.internal.spaces.EntityQuerySpaceImpl@6443b128]
14:56:06.032 [main] DEBUG o.h.p.w.spi.MetamodelGraphWalker - Visiting attribute path : reviewContent
14:56:06.032 [main] DEBUG o.h.p.w.spi.MetamodelGraphWalker - Visiting attribute path : reviewGiver
14:56:06.032 [main] DEBUG o.h.l.p.b.i.spaces.QuerySpacesImpl - Adding QuerySpace : uid = &lt;gen:1&gt; -&gt; org.hibernate.loader.plan.build.internal.spaces.EntityQuerySpaceImpl@40021799]
14:56:06.032 [main] DEBUG o.h.p.w.spi.MetamodelGraphWalker - Visiting attribute path : reviewReceiver
14:56:06.032 [main] DEBUG o.h.l.p.b.i.spaces.QuerySpacesImpl - Adding QuerySpace : uid = &lt;gen:2&gt; -&gt; org.hibernate.loader.plan.build.internal.spaces.EntityQuerySpaceImpl@4a1c0752]
14:56:06.032 [main] DEBUG o.h.p.w.spi.MetamodelGraphWalker - Visiting attribute path : star
14:56:06.032 [main] DEBUG o.h.l.p.b.i.FetchStyleLoadPlanBuildingAssociationVisitationStrategy - Building LoadPlan...
14:56:06.032 [main] DEBUG o.h.l.p.e.i.LoadQueryJoinAndFetchProcessor - processing queryspace &lt;gen:0&gt;
14:56:06.033 [main] DEBUG o.h.l.p.b.spi.LoadPlanTreePrinter - LoadPlan(entity=com.yuan.hspot.Entity.Review)
    - Returns
       - EntityReturnImpl(entity=com.yuan.hspot.Entity.Review, querySpaceUid=&lt;gen:0&gt;, path=com.yuan.hspot.Entity.Review)
          - EntityAttributeFetchImpl(entity=com.yuan.hspot.Entity.UserDetails, querySpaceUid=&lt;gen:1&gt;, path=com.yuan.hspot.Entity.Review.reviewGiver)
          - EntityAttributeFetchImpl(entity=com.yuan.hspot.Entity.UserDetails, querySpaceUid=&lt;gen:2&gt;, path=com.yuan.hspot.Entity.Review.reviewReceiver)
    - QuerySpaces
       - EntityQuerySpaceImpl(uid=&lt;gen:0&gt;, entity=com.yuan.hspot.Entity.Review)
          - SQL table alias mapping - review0_
          - alias suffix - 0_
          - suffixed key columns - {reviewID1_2_0_}

14:56:06.033 [main] DEBUG o.h.loader.entity.plan.EntityLoader - Static select for entity com.yuan.hspot.Entity.Review [PESSIMISTIC_WRITE]: select review0_.reviewID as reviewID1_2_0_, review0_.reviewContent as reviewCo2_2_0_, review0_.reviewGiver_userID as reviewGi4_2_0_, review0_.reviewReceiver_userID as reviewRe5_2_0_, review0_.star as star3_2_0_ from Review review0_ where review0_.reviewID=? for update
14:56:06.033 [main] DEBUG o.h.l.p.b.i.spaces.QuerySpacesImpl - Adding QuerySpace : uid = &lt;gen:0&gt; -&gt; org.hibernate.loader.plan.build.internal.spaces.EntityQuerySpaceImpl@332f25c8]
14:56:06.033 [main] DEBUG o.h.p.w.spi.MetamodelGraphWalker - Visiting attribute path : reviewContent
14:56:06.033 [main] DEBUG o.h.p.w.spi.MetamodelGraphWalker - Visiting attribute path : reviewGiver
14:56:06.033 [main] DEBUG o.h.l.p.b.i.spaces.QuerySpacesImpl - Adding QuerySpace : uid = &lt;gen:1&gt; -&gt; org.hibernate.loader.plan.build.internal.spaces.EntityQuerySpaceImpl@4bdcaf36]
14:56:06.033 [main] DEBUG o.h.p.w.spi.MetamodelGraphWalker - Visiting attribute path : reviewReceiver
14:56:06.033 [main] DEBUG o.h.l.p.b.i.spaces.QuerySpacesImpl - Adding QuerySpace : uid = &lt;gen:2&gt; -&gt; org.hibernate.loader.plan.build.internal.spaces.EntityQuerySpaceImpl@61d01788]
14:56:06.033 [main] DEBUG o.h.p.w.spi.MetamodelGraphWalker - Visiting attribute path : star
14:56:06.033 [main] DEBUG o.h.l.p.b.i.FetchStyleLoadPlanBuildingAssociationVisitationStrategy - Building LoadPlan...
14:56:06.033 [main] DEBUG o.h.l.p.e.i.LoadQueryJoinAndFetchProcessor - processing queryspace &lt;gen:0&gt;
14:56:06.034 [main] DEBUG o.h.l.p.b.spi.LoadPlanTreePrinter - LoadPlan(entity=com.yuan.hspot.Entity.Review)
    - Returns
       - EntityReturnImpl(entity=com.yuan.hspot.Entity.Review, querySpaceUid=&lt;gen:0&gt;, path=com.yuan.hspot.Entity.Review)
          - EntityAttributeFetchImpl(entity=com.yuan.hspot.Entity.UserDetails, querySpaceUid=&lt;gen:1&gt;, path=com.yuan.hspot.Entity.Review.reviewGiver)
          - EntityAttributeFetchImpl(entity=com.yuan.hspot.Entity.UserDetails, querySpaceUid=&lt;gen:2&gt;, path=com.yuan.hspot.Entity.Review.reviewReceiver)
    - QuerySpaces
       - EntityQuerySpaceImpl(uid=&lt;gen:0&gt;, entity=com.yuan.hspot.Entity.Review)
          - SQL table alias mapping - review0_
          - alias suffix - 0_
          - suffixed key columns - {reviewID1_2_0_}

14:56:06.034 [main] DEBUG o.h.loader.entity.plan.EntityLoader - Static select for entity com.yuan.hspot.Entity.Review [PESSIMISTIC_FORCE_INCREMENT]: select review0_.reviewID as reviewID1_2_0_, review0_.reviewContent as reviewCo2_2_0_, review0_.reviewGiver_userID as reviewGi4_2_0_, review0_.reviewReceiver_userID as reviewRe5_2_0_, review0_.star as star3_2_0_ from Review review0_ where review0_.reviewID=? for update nowait 
14:56:06.034 [main] DEBUG o.h.l.p.b.i.spaces.QuerySpacesImpl - Adding QuerySpace : uid = &lt;gen:0&gt; -&gt; org.hibernate.loader.plan.build.internal.spaces.EntityQuerySpaceImpl@2b9b7f1f]
14:56:06.034 [main] DEBUG o.h.p.w.spi.MetamodelGraphWalker - Visiting attribute path : reviewContent
14:56:06.034 [main] DEBUG o.h.p.w.spi.MetamodelGraphWalker - Visiting attribute path : reviewGiver
14:56:06.034 [main] DEBUG o.h.l.p.b.i.spaces.QuerySpacesImpl - Adding QuerySpace : uid = &lt;gen:1&gt; -&gt; org.hibernate.loader.plan.build.internal.spaces.EntityQuerySpaceImpl@847f3e7]
14:56:06.034 [main] DEBUG o.h.p.w.spi.MetamodelGraphWalker - Visiting attribute path : reviewReceiver
14:56:06.034 [main] DEBUG o.h.l.p.b.i.spaces.QuerySpacesImpl - Adding QuerySpace : uid = &lt;gen:2&gt; -&gt; org.hibernate.loader.plan.build.internal.spaces.EntityQuerySpaceImpl@69cac930]
14:56:06.034 [main] DEBUG o.h.p.w.spi.MetamodelGraphWalker - Visiting attribute path : star
14:56:06.034 [main] DEBUG o.h.l.p.b.i.FetchStyleLoadPlanBuildingAssociationVisitationStrategy - Building LoadPlan...
14:56:06.035 [main] DEBUG o.h.l.p.e.i.LoadQueryJoinAndFetchProcessor - processing queryspace &lt;gen:0&gt;
14:56:06.035 [main] DEBUG o.h.l.p.b.spi.LoadPlanTreePrinter - LoadPlan(entity=com.yuan.hspot.Entity.Review)
    - Returns
       - EntityReturnImpl(entity=com.yuan.hspot.Entity.Review, querySpaceUid=&lt;gen:0&gt;, path=com.yuan.hspot.Entity.Review)
          - EntityAttributeFetchImpl(entity=com.yuan.hspot.Entity.UserDetails, querySpaceUid=&lt;gen:1&gt;, path=com.yuan.hspot.Entity.Review.reviewGiver)
          - EntityAttributeFetchImpl(entity=com.yuan.hspot.Entity.UserDetails, querySpaceUid=&lt;gen:2&gt;, path=com.yuan.hspot.Entity.Review.reviewReceiver)
    - QuerySpaces
       - EntityQuerySpaceImpl(uid=&lt;gen:0&gt;, entity=com.yuan.hspot.Entity.Review)
          - SQL table alias mapping - review0_
          - alias suffix - 0_
          - suffixed key columns - {reviewID1_2_0_}

14:56:06.035 [main] DEBUG o.h.loader.entity.plan.EntityLoader - Static select for entity com.yuan.hspot.Entity.Review [OPTIMISTIC]: select review0_.reviewID as reviewID1_2_0_, review0_.reviewContent as reviewCo2_2_0_, review0_.reviewGiver_userID as reviewGi4_2_0_, review0_.reviewReceiver_userID as reviewRe5_2_0_, review0_.star as star3_2_0_ from Review review0_ where review0_.reviewID=?
14:56:06.035 [main] DEBUG o.h.l.p.b.i.spaces.QuerySpacesImpl - Adding QuerySpace : uid = &lt;gen:0&gt; -&gt; org.hibernate.loader.plan.build.internal.spaces.EntityQuerySpaceImpl@19593091]
14:56:06.035 [main] DEBUG o.h.p.w.spi.MetamodelGraphWalker - Visiting attribute path : reviewContent
14:56:06.035 [main] DEBUG o.h.p.w.spi.MetamodelGraphWalker - Visiting attribute path : reviewGiver
14:56:06.035 [main] DEBUG o.h.l.p.b.i.spaces.QuerySpacesImpl - Adding QuerySpace : uid = &lt;gen:1&gt; -&gt; org.hibernate.loader.plan.build.internal.spaces.EntityQuerySpaceImpl@6ad6fa53]
14:56:06.036 [main] DEBUG o.h.p.w.spi.MetamodelGraphWalker - Visiting attribute path : reviewReceiver
14:56:06.036 [main] DEBUG o.h.l.p.b.i.spaces.QuerySpacesImpl - Adding QuerySpace : uid = &lt;gen:2&gt; -&gt; org.hibernate.loader.plan.build.internal.spaces.EntityQuerySpaceImpl@55ea2d70]
14:56:06.036 [main] DEBUG o.h.p.w.spi.MetamodelGraphWalker - Visiting attribute path : star
14:56:06.036 [main] DEBUG o.h.l.p.b.i.FetchStyleLoadPlanBuildingAssociationVisitationStrategy - Building LoadPlan...
14:56:06.036 [main] DEBUG o.h.l.p.e.i.LoadQueryJoinAndFetchProcessor - processing queryspace &lt;gen:0&gt;
14:56:06.036 [main] DEBUG o.h.l.p.b.spi.LoadPlanTreePrinter - LoadPlan(entity=com.yuan.hspot.Entity.Review)
    - Returns
       - EntityReturnImpl(entity=com.yuan.hspot.Entity.Review, querySpaceUid=&lt;gen:0&gt;, path=com.yuan.hspot.Entity.Review)
          - EntityAttributeFetchImpl(entity=com.yuan.hspot.Entity.UserDetails, querySpaceUid=&lt;gen:1&gt;, path=com.yuan.hspot.Entity.Review.reviewGiver)
          - EntityAttributeFetchImpl(entity=com.yuan.hspot.Entity.UserDetails, querySpaceUid=&lt;gen:2&gt;, path=com.yuan.hspot.Entity.Review.reviewReceiver)
    - QuerySpaces
       - EntityQuerySpaceImpl(uid=&lt;gen:0&gt;, entity=com.yuan.hspot.Entity.Review)
          - SQL table alias mapping - review0_
          - alias suffix - 0_
          - suffixed key columns - {reviewID1_2_0_}

14:56:06.036 [main] DEBUG o.h.loader.entity.plan.EntityLoader - Static select for entity com.yuan.hspot.Entity.Review [OPTIMISTIC_FORCE_INCREMENT]: select review0_.reviewID as reviewID1_2_0_, review0_.reviewContent as reviewCo2_2_0_, review0_.reviewGiver_userID as reviewGi4_2_0_, review0_.reviewReceiver_userID as reviewRe5_2_0_, review0_.star as star3_2_0_ from Review review0_ where review0_.reviewID=?
14:56:06.036 [main] DEBUG org.hibernate.loader.Loader - Static select for action ACTION_MERGE on entity com.yuan.hspot.Entity.Review: select review0_.reviewID as reviewID1_2_0_, review0_.reviewContent as reviewCo2_2_0_, review0_.reviewGiver_userID as reviewGi4_2_0_, review0_.reviewReceiver_userID as reviewRe5_2_0_, review0_.star as star3_2_0_ from Review review0_ where review0_.reviewID=?
14:56:06.037 [main] DEBUG org.hibernate.loader.Loader - Static select for action ACTION_REFRESH on entity com.yuan.hspot.Entity.Review: select review0_.reviewID as reviewID1_2_0_, review0_.reviewContent as reviewCo2_2_0_, review0_.reviewGiver_userID as reviewGi4_2_0_, review0_.reviewReceiver_userID as reviewRe5_2_0_, review0_.star as star3_2_0_ from Review review0_ where review0_.reviewID=?
14:56:06.037 [main] DEBUG o.h.p.entity.AbstractEntityPersister - Static SQL for entity: com.yuan.hspot.Entity.Conversation
14:56:06.037 [main] DEBUG o.h.p.entity.AbstractEntityPersister -  Version select: select conversationID from Conversation where conversationID =?
14:56:06.037 [main] DEBUG o.h.p.entity.AbstractEntityPersister -  Snapshot select: select conversati_.conversationID, conversati_.userOne_userID as userOne_2_0_, conversati_.userTwo_userID as userTwo_3_0_ from Conversation conversati_ where conversati_.conversationID=?
14:56:06.037 [main] DEBUG o.h.p.entity.AbstractEntityPersister -  Insert 0: insert into Conversation (userOne_userID, userTwo_userID, conversationID) values (?, ?, ?)
14:56:06.037 [main] DEBUG o.h.p.entity.AbstractEntityPersister -  Update 0: update Conversation set userOne_userID=?, userTwo_userID=? where conversationID=?
14:56:06.037 [main] DEBUG o.h.p.entity.AbstractEntityPersister -  Delete 0: delete from Conversation where conversationID=?
14:56:06.037 [main] DEBUG o.h.p.entity.AbstractEntityPersister -  Identity insert: insert into Conversation (userOne_userID, userTwo_userID) values (?, ?)
14:56:06.037 [main] DEBUG o.h.l.p.b.i.spaces.QuerySpacesImpl - Adding QuerySpace : uid = &lt;gen:0&gt; -&gt; org.hibernate.loader.plan.build.internal.spaces.EntityQuerySpaceImpl@5e742e4]
14:56:06.037 [main] DEBUG o.h.p.w.spi.MetamodelGraphWalker - Visiting attribute path : messages
14:56:06.037 [main] DEBUG o.h.p.w.spi.MetamodelGraphWalker - Visiting attribute path : userOne
14:56:06.037 [main] DEBUG o.h.l.p.b.i.spaces.QuerySpacesImpl - Adding QuerySpace : uid = &lt;gen:1&gt; -&gt; org.hibernate.loader.plan.build.internal.spaces.EntityQuerySpaceImpl@4a03bb68]
14:56:06.037 [main] DEBUG o.h.p.w.spi.MetamodelGraphWalker - Visiting attribute path : userOne.email
14:56:06.037 [main] DEBUG o.h.p.w.spi.MetamodelGraphWalker - Visiting attribute path : userOne.firstName
14:56:06.037 [main] DEBUG o.h.p.w.spi.MetamodelGraphWalker - Visiting attribute path : userOne.lastName
14:56:06.037 [main] DEBUG o.h.p.w.spi.MetamodelGraphWalker - Visiting attribute path : userOne.messages
14:56:06.037 [main] DEBUG o.h.p.w.spi.MetamodelGraphWalker - Visiting attribute path : userOne.password
14:56:06.038 [main] DEBUG o.h.p.w.spi.MetamodelGraphWalker - Visiting attribute path : userOne.reviewGiven
14:56:06.038 [main] DEBUG o.h.p.w.spi.MetamodelGraphWalker - Visiting attribute path : userOne.reviewReceived
14:56:06.038 [main] DEBUG o.h.p.w.spi.MetamodelGraphWalker - Visiting attribute path : userOne.role
14:56:06.038 [main] DEBUG o.h.p.w.spi.MetamodelGraphWalker - Visiting attribute path : userOne.skills
14:56:06.038 [main] DEBUG o.h.p.w.spi.MetamodelGraphWalker - Visiting attribute path : userOne.userOneConversations
14:56:06.038 [main] DEBUG o.h.p.w.spi.MetamodelGraphWalker - Property path deemed to be circular : userOne.userOneConversations
14:56:06.038 [main] DEBUG o.h.p.w.spi.MetamodelGraphWalker - Visiting attribute path : userOne.userTwoConversations
14:56:06.038 [main] DEBUG o.h.p.w.spi.MetamodelGraphWalker - Visiting attribute path : userTwo
14:56:06.038 [main] DEBUG o.h.l.p.b.i.spaces.QuerySpacesImpl - Adding QuerySpace : uid = &lt;gen:2&gt; -&gt; org.hibernate.loader.plan.build.internal.spaces.EntityQuerySpaceImpl@71c905a3]
14:56:06.038 [main] DEBUG o.h.p.w.spi.MetamodelGraphWalker - Visiting attribute path : userTwo.email
14:56:06.038 [main] DEBUG o.h.p.w.spi.MetamodelGraphWalker - Visiting attribute path : userTwo.firstName
14:56:06.038 [main] DEBUG o.h.p.w.spi.MetamodelGraphWalker - Visiting attribute path : userTwo.lastName
14:56:06.038 [main] DEBUG o.h.p.w.spi.MetamodelGraphWalker - Visiting attribute path : userTwo.messages
14:56:06.038 [main] DEBUG o.h.p.w.spi.MetamodelGraphWalker - Visiting attribute path : userTwo.password
14:56:06.038 [main] DEBUG o.h.p.w.spi.MetamodelGraphWalker - Visiting attribute path : userTwo.reviewGiven
14:56:06.038 [main] DEBUG o.h.p.w.spi.MetamodelGraphWalker - Visiting attribute path : userTwo.reviewReceived
14:56:06.038 [main] DEBUG o.h.p.w.spi.MetamodelGraphWalker - Visiting attribute path : userTwo.role
14:56:06.038 [main] DEBUG o.h.p.w.spi.MetamodelGraphWalker - Visiting attribute path : userTwo.skills
14:56:06.039 [main] DEBUG o.h.p.w.spi.MetamodelGraphWalker - Visiting attribute path : userTwo.userOneConversations
14:56:06.039 [main] DEBUG o.h.p.w.spi.MetamodelGraphWalker - Property path deemed to be circular : userTwo.userOneConversations
14:56:06.039 [main] DEBUG o.h.p.w.spi.MetamodelGraphWalker - Visiting attribute path : userTwo.userTwoConversations
14:56:06.039 [main] DEBUG o.h.p.w.spi.MetamodelGraphWalker - Property path deemed to be circular : userTwo.userTwoConversations
14:56:06.039 [main] DEBUG o.h.l.p.b.i.FetchStyleLoadPlanBuildingAssociationVisitationStrategy - Building LoadPlan...
14:56:06.039 [main] DEBUG o.h.l.p.e.i.LoadQueryJoinAndFetchProcessor - processing queryspace &lt;gen:0&gt;
14:56:06.039 [main] DEBUG o.h.l.p.b.spi.LoadPlanTreePrinter - LoadPlan(entity=com.yuan.hspot.Entity.Conversation)
    - Returns
       - EntityReturnImpl(entity=com.yuan.hspot.Entity.Conversation, querySpaceUid=&lt;gen:0&gt;, path=com.yuan.hspot.Entity.Conversation)
          - EntityAttributeFetchImpl(entity=com.yuan.hspot.Entity.UserDetails, querySpaceUid=&lt;gen:1&gt;, path=com.yuan.hspot.Entity.Conversation.userOne)
          - EntityAttributeFetchImpl(entity=com.yuan.hspot.Entity.UserDetails, querySpaceUid=&lt;gen:2&gt;, path=com.yuan.hspot.Entity.Conversation.userTwo)
    - QuerySpaces
       - EntityQuerySpaceImpl(uid=&lt;gen:0&gt;, entity=com.yuan.hspot.Entity.Conversation)
          - SQL table alias mapping - conversati0_
          - alias suffix - 0_
          - suffixed key columns - {conversa1_0_0_}
          - JOIN (JoinDefinedByMetadata(userOne)) : &lt;gen:0&gt; -&gt; &lt;gen:1&gt;
             - EntityQuerySpaceImpl(uid=&lt;gen:1&gt;, entity=com.yuan.hspot.Entity.UserDetails)
                - SQL table alias mapping - userdetail1_
                - alias suffix - 1_
                - suffixed key columns - {userID1_3_1_}
          - JOIN (JoinDefinedByMetadata(userTwo)) : &lt;gen:0&gt; -&gt; &lt;gen:2&gt;
             - EntityQuerySpaceImpl(uid=&lt;gen:2&gt;, entity=com.yuan.hspot.Entity.UserDetails)
                - SQL table alias mapping - userdetail2_
                - alias suffix - 2_
                - suffixed key columns - {userID1_3_2_}

14:56:06.039 [main] DEBUG o.h.loader.entity.plan.EntityLoader - Static select for entity com.yuan.hspot.Entity.Conversation [NONE]: select conversati0_.conversationID as conversa1_0_0_, conversati0_.userOne_userID as userOne_2_0_0_, conversati0_.userTwo_userID as userTwo_3_0_0_, userdetail1_.userID as userID1_3_1_, userdetail1_.email as email2_3_1_, userdetail1_.firstName as firstNam3_3_1_, userdetail1_.lastName as lastName4_3_1_, userdetail1_.password as password5_3_1_, userdetail1_.role as role6_3_1_, userdetail2_.userID as userID1_3_2_, userdetail2_.email as email2_3_2_, userdetail2_.firstName as firstNam3_3_2_, userdetail2_.lastName as lastName4_3_2_, userdetail2_.password as password5_3_2_, userdetail2_.role as role6_3_2_ from Conversation conversati0_ left outer join UserDetails userdetail1_ on conversati0_.userOne_userID=userdetail1_.userID left outer join UserDetails userdetail2_ on conversati0_.userTwo_userID=userdetail2_.userID where conversati0_.conversationID=?
14:56:06.040 [main] DEBUG o.h.l.p.b.i.spaces.QuerySpacesImpl - Adding QuerySpace : uid = &lt;gen:0&gt; -&gt; org.hibernate.loader.plan.build.internal.spaces.EntityQuerySpaceImpl@67a056f1]
14:56:06.040 [main] DEBUG o.h.p.w.spi.MetamodelGraphWalker - Visiting attribute path : messages
14:56:06.040 [main] DEBUG o.h.p.w.spi.MetamodelGraphWalker - Visiting attribute path : userOne
14:56:06.040 [main] DEBUG o.h.l.p.b.i.spaces.QuerySpacesImpl - Adding QuerySpace : uid = &lt;gen:1&gt; -&gt; org.hibernate.loader.plan.build.internal.spaces.EntityQuerySpaceImpl@247667dd]
14:56:06.040 [main] DEBUG o.h.p.w.spi.MetamodelGraphWalker - Visiting attribute path : userOne.email
14:56:06.040 [main] DEBUG o.h.p.w.spi.MetamodelGraphWalker - Visiting attribute path : userOne.firstName
14:56:06.040 [main] DEBUG o.h.p.w.spi.MetamodelGraphWalker - Visiting attribute path : userOne.lastName
14:56:06.040 [main] DEBUG o.h.p.w.spi.MetamodelGraphWalker - Visiting attribute path : userOne.messages
14:56:06.040 [main] DEBUG o.h.p.w.spi.MetamodelGraphWalker - Visiting attribute path : userOne.password
14:56:06.040 [main] DEBUG o.h.p.w.spi.MetamodelGraphWalker - Visiting attribute path : userOne.reviewGiven
14:56:06.040 [main] DEBUG o.h.p.w.spi.MetamodelGraphWalker - Visiting attribute path : userOne.reviewReceived
14:56:06.040 [main] DEBUG o.h.p.w.spi.MetamodelGraphWalker - Visiting attribute path : userOne.role
14:56:06.040 [main] DEBUG o.h.p.w.spi.MetamodelGraphWalker - Visiting attribute path : userOne.skills
14:56:06.040 [main] DEBUG o.h.p.w.spi.MetamodelGraphWalker - Visiting attribute path : userOne.userOneConversations
14:56:06.040 [main] DEBUG o.h.p.w.spi.MetamodelGraphWalker - Property path deemed to be circular : userOne.userOneConversations
14:56:06.040 [main] DEBUG o.h.p.w.spi.MetamodelGraphWalker - Visiting attribute path : userOne.userTwoConversations
14:56:06.040 [main] DEBUG o.h.p.w.spi.MetamodelGraphWalker - Visiting attribute path : userTwo
14:56:06.040 [main] DEBUG o.h.l.p.b.i.spaces.QuerySpacesImpl - Adding QuerySpace : uid = &lt;gen:2&gt; -&gt; org.hibernate.loader.plan.build.internal.spaces.EntityQuerySpaceImpl@afb5821]
14:56:06.040 [main] DEBUG o.h.p.w.spi.MetamodelGraphWalker - Visiting attribute path : userTwo.email
14:56:06.041 [main] DEBUG o.h.p.w.spi.MetamodelGraphWalker - Visiting attribute path : userTwo.firstName
14:56:06.041 [main] DEBUG o.h.p.w.spi.MetamodelGraphWalker - Visiting attribute path : userTwo.lastName
14:56:06.041 [main] DEBUG o.h.p.w.spi.MetamodelGraphWalker - Visiting attribute path : userTwo.messages
14:56:06.041 [main] DEBUG o.h.p.w.spi.MetamodelGraphWalker - Visiting attribute path : userTwo.password
14:56:06.041 [main] DEBUG o.h.p.w.spi.MetamodelGraphWalker - Visiting attribute path : userTwo.reviewGiven
14:56:06.041 [main] DEBUG o.h.p.w.spi.MetamodelGraphWalker - Visiting attribute path : userTwo.reviewReceived
14:56:06.041 [main] DEBUG o.h.p.w.spi.MetamodelGraphWalker - Visiting attribute path : userTwo.role
14:56:06.041 [main] DEBUG o.h.p.w.spi.MetamodelGraphWalker - Visiting attribute path : userTwo.skills
14:56:06.041 [main] DEBUG o.h.p.w.spi.MetamodelGraphWalker - Visiting attribute path : userTwo.userOneConversations
14:56:06.041 [main] DEBUG o.h.p.w.spi.MetamodelGraphWalker - Property path deemed to be circular : userTwo.userOneConversations
14:56:06.041 [main] DEBUG o.h.p.w.spi.MetamodelGraphWalker - Visiting attribute path : userTwo.userTwoConversations
14:56:06.041 [main] DEBUG o.h.p.w.spi.MetamodelGraphWalker - Property path deemed to be circular : userTwo.userTwoConversations
14:56:06.041 [main] DEBUG o.h.l.p.b.i.FetchStyleLoadPlanBuildingAssociationVisitationStrategy - Building LoadPlan...
14:56:06.041 [main] DEBUG o.h.l.p.e.i.LoadQueryJoinAndFetchProcessor - processing queryspace &lt;gen:0&gt;
14:56:06.042 [main] DEBUG o.h.l.p.b.spi.LoadPlanTreePrinter - LoadPlan(entity=com.yuan.hspot.Entity.Conversation)
    - Returns
       - EntityReturnImpl(entity=com.yuan.hspot.Entity.Conversation, querySpaceUid=&lt;gen:0&gt;, path=com.yuan.hspot.Entity.Conversation)
          - EntityAttributeFetchImpl(entity=com.yuan.hspot.Entity.UserDetails, querySpaceUid=&lt;gen:1&gt;, path=com.yuan.hspot.Entity.Conversation.userOne)
          - EntityAttributeFetchImpl(entity=com.yuan.hspot.Entity.UserDetails, querySpaceUid=&lt;gen:2&gt;, path=com.yuan.hspot.Entity.Conversation.userTwo)
    - QuerySpaces
       - EntityQuerySpaceImpl(uid=&lt;gen:0&gt;, entity=com.yuan.hspot.Entity.Conversation)
          - SQL table alias mapping - conversati0_
          - alias suffix - 0_
          - suffixed key columns - {conversa1_0_0_}
          - JOIN (JoinDefinedByMetadata(userOne)) : &lt;gen:0&gt; -&gt; &lt;gen:1&gt;
             - EntityQuerySpaceImpl(uid=&lt;gen:1&gt;, entity=com.yuan.hspot.Entity.UserDetails)
                - SQL table alias mapping - userdetail1_
                - alias suffix - 1_
                - suffixed key columns - {userID1_3_1_}
          - JOIN (JoinDefinedByMetadata(userTwo)) : &lt;gen:0&gt; -&gt; &lt;gen:2&gt;
             - EntityQuerySpaceImpl(uid=&lt;gen:2&gt;, entity=com.yuan.hspot.Entity.UserDetails)
                - SQL table alias mapping - userdetail2_
                - alias suffix - 2_
                - suffixed key columns - {userID1_3_2_}

14:56:06.042 [main] DEBUG o.h.loader.entity.plan.EntityLoader - Static select for entity com.yuan.hspot.Entity.Conversation [READ]: select conversati0_.conversationID as conversa1_0_0_, conversati0_.userOne_userID as userOne_2_0_0_, conversati0_.userTwo_userID as userTwo_3_0_0_, userdetail1_.userID as userID1_3_1_, userdetail1_.email as email2_3_1_, userdetail1_.firstName as firstNam3_3_1_, userdetail1_.lastName as lastName4_3_1_, userdetail1_.password as password5_3_1_, userdetail1_.role as role6_3_1_, userdetail2_.userID as userID1_3_2_, userdetail2_.email as email2_3_2_, userdetail2_.firstName as firstNam3_3_2_, userdetail2_.lastName as lastName4_3_2_, userdetail2_.password as password5_3_2_, userdetail2_.role as role6_3_2_ from Conversation conversati0_ left outer join UserDetails userdetail1_ on conversati0_.userOne_userID=userdetail1_.userID left outer join UserDetails userdetail2_ on conversati0_.userTwo_userID=userdetail2_.userID where conversati0_.conversationID=?
14:56:06.042 [main] DEBUG o.h.l.p.b.i.spaces.QuerySpacesImpl - Adding QuerySpace : uid = &lt;gen:0&gt; -&gt; org.hibernate.loader.plan.build.internal.spaces.EntityQuerySpaceImpl@5c20ffa8]
14:56:06.042 [main] DEBUG o.h.p.w.spi.MetamodelGraphWalker - Visiting attribute path : messages
14:56:06.042 [main] DEBUG o.h.p.w.spi.MetamodelGraphWalker - Visiting attribute path : userOne
14:56:06.042 [main] DEBUG o.h.l.p.b.i.spaces.QuerySpacesImpl - Adding QuerySpace : uid = &lt;gen:1&gt; -&gt; org.hibernate.loader.plan.build.internal.spaces.EntityQuerySpaceImpl@2f879bab]
14:56:06.042 [main] DEBUG o.h.p.w.spi.MetamodelGraphWalker - Visiting attribute path : userTwo
14:56:06.042 [main] DEBUG o.h.l.p.b.i.spaces.QuerySpacesImpl - Adding QuerySpace : uid = &lt;gen:2&gt; -&gt; org.hibernate.loader.plan.build.internal.spaces.EntityQuerySpaceImpl@1d4664d7]
14:56:06.042 [main] DEBUG o.h.l.p.b.i.FetchStyleLoadPlanBuildingAssociationVisitationStrategy - Building LoadPlan...
14:56:06.042 [main] DEBUG o.h.l.p.e.i.LoadQueryJoinAndFetchProcessor - processing queryspace &lt;gen:0&gt;
14:56:06.042 [main] DEBUG o.h.l.p.b.spi.LoadPlanTreePrinter - LoadPlan(entity=com.yuan.hspot.Entity.Conversation)
    - Returns
       - EntityReturnImpl(entity=com.yuan.hspot.Entity.Conversation, querySpaceUid=&lt;gen:0&gt;, path=com.yuan.hspot.Entity.Conversation)
          - EntityAttributeFetchImpl(entity=com.yuan.hspot.Entity.UserDetails, querySpaceUid=&lt;gen:1&gt;, path=com.yuan.hspot.Entity.Conversation.userOne)
          - EntityAttributeFetchImpl(entity=com.yuan.hspot.Entity.UserDetails, querySpaceUid=&lt;gen:2&gt;, path=com.yuan.hspot.Entity.Conversation.userTwo)
    - QuerySpaces
       - EntityQuerySpaceImpl(uid=&lt;gen:0&gt;, entity=com.yuan.hspot.Entity.Conversation)
          - SQL table alias mapping - conversati0_
          - alias suffix - 0_
          - suffixed key columns - {conversa1_0_0_}

14:56:06.043 [main] DEBUG o.h.loader.entity.plan.EntityLoader - Static select for entity com.yuan.hspot.Entity.Conversation [UPGRADE]: select conversati0_.conversationID as conversa1_0_0_, conversati0_.userOne_userID as userOne_2_0_0_, conversati0_.userTwo_userID as userTwo_3_0_0_ from Conversation conversati0_ where conversati0_.conversationID=? for update
14:56:06.043 [main] DEBUG o.h.l.p.b.i.spaces.QuerySpacesImpl - Adding QuerySpace : uid = &lt;gen:0&gt; -&gt; org.hibernate.loader.plan.build.internal.spaces.EntityQuerySpaceImpl@46c00568]
14:56:06.043 [main] DEBUG o.h.p.w.spi.MetamodelGraphWalker - Visiting attribute path : messages
14:56:06.043 [main] DEBUG o.h.p.w.spi.MetamodelGraphWalker - Visiting attribute path : userOne
14:56:06.043 [main] DEBUG o.h.l.p.b.i.spaces.QuerySpacesImpl - Adding QuerySpace : uid = &lt;gen:1&gt; -&gt; org.hibernate.loader.plan.build.internal.spaces.EntityQuerySpaceImpl@458544e0]
14:56:06.043 [main] DEBUG o.h.p.w.spi.MetamodelGraphWalker - Visiting attribute path : userTwo
14:56:06.043 [main] DEBUG o.h.l.p.b.i.spaces.QuerySpacesImpl - Adding QuerySpace : uid = &lt;gen:2&gt; -&gt; org.hibernate.loader.plan.build.internal.spaces.EntityQuerySpaceImpl@6bcbf05b]
14:56:06.043 [main] DEBUG o.h.l.p.b.i.FetchStyleLoadPlanBuildingAssociationVisitationStrategy - Building LoadPlan...
14:56:06.043 [main] DEBUG o.h.l.p.e.i.LoadQueryJoinAndFetchProcessor - processing queryspace &lt;gen:0&gt;
14:56:06.043 [main] DEBUG o.h.l.p.b.spi.LoadPlanTreePrinter - LoadPlan(entity=com.yuan.hspot.Entity.Conversation)
    - Returns
       - EntityReturnImpl(entity=com.yuan.hspot.Entity.Conversation, querySpaceUid=&lt;gen:0&gt;, path=com.yuan.hspot.Entity.Conversation)
          - EntityAttributeFetchImpl(entity=com.yuan.hspot.Entity.UserDetails, querySpaceUid=&lt;gen:1&gt;, path=com.yuan.hspot.Entity.Conversation.userOne)
          - EntityAttributeFetchImpl(entity=com.yuan.hspot.Entity.UserDetails, querySpaceUid=&lt;gen:2&gt;, path=com.yuan.hspot.Entity.Conversation.userTwo)
    - QuerySpaces
       - EntityQuerySpaceImpl(uid=&lt;gen:0&gt;, entity=com.yuan.hspot.Entity.Conversation)
          - SQL table alias mapping - conversati0_
          - alias suffix - 0_
          - suffixed key columns - {conversa1_0_0_}

14:56:06.043 [main] DEBUG o.h.loader.entity.plan.EntityLoader - Static select for entity com.yuan.hspot.Entity.Conversation [UPGRADE_NOWAIT]: select conversati0_.conversationID as conversa1_0_0_, conversati0_.userOne_userID as userOne_2_0_0_, conversati0_.userTwo_userID as userTwo_3_0_0_ from Conversation conversati0_ where conversati0_.conversationID=? for update nowait 
14:56:06.043 [main] DEBUG o.h.l.p.b.i.spaces.QuerySpacesImpl - Adding QuerySpace : uid = &lt;gen:0&gt; -&gt; org.hibernate.loader.plan.build.internal.spaces.EntityQuerySpaceImpl@2d66530f]
14:56:06.043 [main] DEBUG o.h.p.w.spi.MetamodelGraphWalker - Visiting attribute path : messages
14:56:06.044 [main] DEBUG o.h.p.w.spi.MetamodelGraphWalker - Visiting attribute path : userOne
14:56:06.044 [main] DEBUG o.h.l.p.b.i.spaces.QuerySpacesImpl - Adding QuerySpace : uid = &lt;gen:1&gt; -&gt; org.hibernate.loader.plan.build.internal.spaces.EntityQuerySpaceImpl@72ed9aad]
14:56:06.044 [main] DEBUG o.h.p.w.spi.MetamodelGraphWalker - Visiting attribute path : userTwo
14:56:06.044 [main] DEBUG o.h.l.p.b.i.spaces.QuerySpacesImpl - Adding QuerySpace : uid = &lt;gen:2&gt; -&gt; org.hibernate.loader.plan.build.internal.spaces.EntityQuerySpaceImpl@4690f583]
14:56:06.044 [main] DEBUG o.h.l.p.b.i.FetchStyleLoadPlanBuildingAssociationVisitationStrategy - Building LoadPlan...
14:56:06.044 [main] DEBUG o.h.l.p.e.i.LoadQueryJoinAndFetchProcessor - processing queryspace &lt;gen:0&gt;
14:56:06.044 [main] DEBUG o.h.l.p.b.spi.LoadPlanTreePrinter - LoadPlan(entity=com.yuan.hspot.Entity.Conversation)
    - Returns
       - EntityReturnImpl(entity=com.yuan.hspot.Entity.Conversation, querySpaceUid=&lt;gen:0&gt;, path=com.yuan.hspot.Entity.Conversation)
          - EntityAttributeFetchImpl(entity=com.yuan.hspot.Entity.UserDetails, querySpaceUid=&lt;gen:1&gt;, path=com.yuan.hspot.Entity.Conversation.userOne)
          - EntityAttributeFetchImpl(entity=com.yuan.hspot.Entity.UserDetails, querySpaceUid=&lt;gen:2&gt;, path=com.yuan.hspot.Entity.Conversation.userTwo)
    - QuerySpaces
       - EntityQuerySpaceImpl(uid=&lt;gen:0&gt;, entity=com.yuan.hspot.Entity.Conversation)
          - SQL table alias mapping - conversati0_
          - alias suffix - 0_
          - suffixed key columns - {conversa1_0_0_}

14:56:06.044 [main] DEBUG o.h.loader.entity.plan.EntityLoader - Static select for entity com.yuan.hspot.Entity.Conversation [UPGRADE_SKIPLOCKED]: select conversati0_.conversationID as conversa1_0_0_, conversati0_.userOne_userID as userOne_2_0_0_, conversati0_.userTwo_userID as userTwo_3_0_0_ from Conversation conversati0_ where conversati0_.conversationID=? for update
14:56:06.044 [main] DEBUG o.h.l.p.b.i.spaces.QuerySpacesImpl - Adding QuerySpace : uid = &lt;gen:0&gt; -&gt; org.hibernate.loader.plan.build.internal.spaces.EntityQuerySpaceImpl@59712875]
14:56:06.044 [main] DEBUG o.h.p.w.spi.MetamodelGraphWalker - Visiting attribute path : messages
14:56:06.044 [main] DEBUG o.h.p.w.spi.MetamodelGraphWalker - Visiting attribute path : userOne
14:56:06.044 [main] DEBUG o.h.l.p.b.i.spaces.QuerySpacesImpl - Adding QuerySpace : uid = &lt;gen:1&gt; -&gt; org.hibernate.loader.plan.build.internal.spaces.EntityQuerySpaceImpl@59942b48]
14:56:06.044 [main] DEBUG o.h.p.w.spi.MetamodelGraphWalker - Visiting attribute path : userTwo
14:56:06.045 [main] DEBUG o.h.l.p.b.i.spaces.QuerySpacesImpl - Adding QuerySpace : uid = &lt;gen:2&gt; -&gt; org.hibernate.loader.plan.build.internal.spaces.EntityQuerySpaceImpl@1869f114]
14:56:06.045 [main] DEBUG o.h.l.p.b.i.FetchStyleLoadPlanBuildingAssociationVisitationStrategy - Building LoadPlan...
14:56:06.045 [main] DEBUG o.h.l.p.e.i.LoadQueryJoinAndFetchProcessor - processing queryspace &lt;gen:0&gt;
14:56:06.045 [main] DEBUG o.h.l.p.b.spi.LoadPlanTreePrinter - LoadPlan(entity=com.yuan.hspot.Entity.Conversation)
    - Returns
       - EntityReturnImpl(entity=com.yuan.hspot.Entity.Conversation, querySpaceUid=&lt;gen:0&gt;, path=com.yuan.hspot.Entity.Conversation)
          - EntityAttributeFetchImpl(entity=com.yuan.hspot.Entity.UserDetails, querySpaceUid=&lt;gen:1&gt;, path=com.yuan.hspot.Entity.Conversation.userOne)
          - EntityAttributeFetchImpl(entity=com.yuan.hspot.Entity.UserDetails, querySpaceUid=&lt;gen:2&gt;, path=com.yuan.hspot.Entity.Conversation.userTwo)
    - QuerySpaces
       - EntityQuerySpaceImpl(uid=&lt;gen:0&gt;, entity=com.yuan.hspot.Entity.Conversation)
          - SQL table alias mapping - conversati0_
          - alias suffix - 0_
          - suffixed key columns - {conversa1_0_0_}

14:56:06.045 [main] DEBUG o.h.loader.entity.plan.EntityLoader - Static select for entity com.yuan.hspot.Entity.Conversation [FORCE]: select conversati0_.conversationID as conversa1_0_0_, conversati0_.userOne_userID as userOne_2_0_0_, conversati0_.userTwo_userID as userTwo_3_0_0_ from Conversation conversati0_ where conversati0_.conversationID=? for update nowait 
14:56:06.045 [main] DEBUG o.h.l.p.b.i.spaces.QuerySpacesImpl - Adding QuerySpace : uid = &lt;gen:0&gt; -&gt; org.hibernate.loader.plan.build.internal.spaces.EntityQuerySpaceImpl@488b50ec]
14:56:06.045 [main] DEBUG o.h.p.w.spi.MetamodelGraphWalker - Visiting attribute path : messages
14:56:06.045 [main] DEBUG o.h.p.w.spi.MetamodelGraphWalker - Visiting attribute path : userOne
14:56:06.045 [main] DEBUG o.h.l.p.b.i.spaces.QuerySpacesImpl - Adding QuerySpace : uid = &lt;gen:1&gt; -&gt; org.hibernate.loader.plan.build.internal.spaces.EntityQuerySpaceImpl@6090f3ca]
14:56:06.045 [main] DEBUG o.h.p.w.spi.MetamodelGraphWalker - Visiting attribute path : userTwo
14:56:06.045 [main] DEBUG o.h.l.p.b.i.spaces.QuerySpacesImpl - Adding QuerySpace : uid = &lt;gen:2&gt; -&gt; org.hibernate.loader.plan.build.internal.spaces.EntityQuerySpaceImpl@37a64f9d]
14:56:06.046 [main] DEBUG o.h.l.p.b.i.FetchStyleLoadPlanBuildingAssociationVisitationStrategy - Building LoadPlan...
14:56:06.046 [main] DEBUG o.h.l.p.e.i.LoadQueryJoinAndFetchProcessor - processing queryspace &lt;gen:0&gt;
14:56:06.046 [main] DEBUG o.h.l.p.b.spi.LoadPlanTreePrinter - LoadPlan(entity=com.yuan.hspot.Entity.Conversation)
    - Returns
       - EntityReturnImpl(entity=com.yuan.hspot.Entity.Conversation, querySpaceUid=&lt;gen:0&gt;, path=com.yuan.hspot.Entity.Conversation)
          - EntityAttributeFetchImpl(entity=com.yuan.hspot.Entity.UserDetails, querySpaceUid=&lt;gen:1&gt;, path=com.yuan.hspot.Entity.Conversation.userOne)
          - EntityAttributeFetchImpl(entity=com.yuan.hspot.Entity.UserDetails, querySpaceUid=&lt;gen:2&gt;, path=com.yuan.hspot.Entity.Conversation.userTwo)
    - QuerySpaces
       - EntityQuerySpaceImpl(uid=&lt;gen:0&gt;, entity=com.yuan.hspot.Entity.Conversation)
          - SQL table alias mapping - conversati0_
          - alias suffix - 0_
          - suffixed key columns - {conversa1_0_0_}

14:56:06.046 [main] DEBUG o.h.loader.entity.plan.EntityLoader - Static select for entity com.yuan.hspot.Entity.Conversation [PESSIMISTIC_READ]: select conversati0_.conversationID as conversa1_0_0_, conversati0_.userOne_userID as userOne_2_0_0_, conversati0_.userTwo_userID as userTwo_3_0_0_ from Conversation conversati0_ where conversati0_.conversationID=? for share
14:56:06.046 [main] DEBUG o.h.l.p.b.i.spaces.QuerySpacesImpl - Adding QuerySpace : uid = &lt;gen:0&gt; -&gt; org.hibernate.loader.plan.build.internal.spaces.EntityQuerySpaceImpl@25b865b5]
14:56:06.046 [main] DEBUG o.h.p.w.spi.MetamodelGraphWalker - Visiting attribute path : messages
14:56:06.046 [main] DEBUG o.h.p.w.spi.MetamodelGraphWalker - Visiting attribute path : userOne
14:56:06.046 [main] DEBUG o.h.l.p.b.i.spaces.QuerySpacesImpl - Adding QuerySpace : uid = &lt;gen:1&gt; -&gt; org.hibernate.loader.plan.build.internal.spaces.EntityQuerySpaceImpl@6872f9c8]
14:56:06.046 [main] DEBUG o.h.p.w.spi.MetamodelGraphWalker - Visiting attribute path : userTwo
14:56:06.047 [main] DEBUG o.h.l.p.b.i.spaces.QuerySpacesImpl - Adding QuerySpace : uid = &lt;gen:2&gt; -&gt; org.hibernate.loader.plan.build.internal.spaces.EntityQuerySpaceImpl@6d2d99fc]
14:56:06.047 [main] DEBUG o.h.l.p.b.i.FetchStyleLoadPlanBuildingAssociationVisitationStrategy - Building LoadPlan...
14:56:06.047 [main] DEBUG o.h.l.p.e.i.LoadQueryJoinAndFetchProcessor - processing queryspace &lt;gen:0&gt;
14:56:06.047 [main] DEBUG o.h.l.p.b.spi.LoadPlanTreePrinter - LoadPlan(entity=com.yuan.hspot.Entity.Conversation)
    - Returns
       - EntityReturnImpl(entity=com.yuan.hspot.Entity.Conversation, querySpaceUid=&lt;gen:0&gt;, path=com.yuan.hspot.Entity.Conversation)
          - EntityAttributeFetchImpl(entity=com.yuan.hspot.Entity.UserDetails, querySpaceUid=&lt;gen:1&gt;, path=com.yuan.hspot.Entity.Conversation.userOne)
          - EntityAttributeFetchImpl(entity=com.yuan.hspot.Entity.UserDetails, querySpaceUid=&lt;gen:2&gt;, path=com.yuan.hspot.Entity.Conversation.userTwo)
    - QuerySpaces
       - EntityQuerySpaceImpl(uid=&lt;gen:0&gt;, entity=com.yuan.hspot.Entity.Conversation)
          - SQL table alias mapping - conversati0_
          - alias suffix - 0_
          - suffixed key columns - {conversa1_0_0_}

14:56:06.047 [main] DEBUG o.h.loader.entity.plan.EntityLoader - Static select for entity com.yuan.hspot.Entity.Conversation [PESSIMISTIC_WRITE]: select conversati0_.conversationID as conversa1_0_0_, conversati0_.userOne_userID as userOne_2_0_0_, conversati0_.userTwo_userID as userTwo_3_0_0_ from Conversation conversati0_ where conversati0_.conversationID=? for update
14:56:06.047 [main] DEBUG o.h.l.p.b.i.spaces.QuerySpacesImpl - Adding QuerySpace : uid = &lt;gen:0&gt; -&gt; org.hibernate.loader.plan.build.internal.spaces.EntityQuerySpaceImpl@bdecc21]
14:56:06.047 [main] DEBUG o.h.p.w.spi.MetamodelGraphWalker - Visiting attribute path : messages
14:56:06.048 [main] DEBUG o.h.p.w.spi.MetamodelGraphWalker - Visiting attribute path : userOne
14:56:06.048 [main] DEBUG o.h.l.p.b.i.spaces.QuerySpacesImpl - Adding QuerySpace : uid = &lt;gen:1&gt; -&gt; org.hibernate.loader.plan.build.internal.spaces.EntityQuerySpaceImpl@21f9277b]
14:56:06.048 [main] DEBUG o.h.p.w.spi.MetamodelGraphWalker - Visiting attribute path : userTwo
14:56:06.048 [main] DEBUG o.h.l.p.b.i.spaces.QuerySpacesImpl - Adding QuerySpace : uid = &lt;gen:2&gt; -&gt; org.hibernate.loader.plan.build.internal.spaces.EntityQuerySpaceImpl@201aa8c1]
14:56:06.048 [main] DEBUG o.h.l.p.b.i.FetchStyleLoadPlanBuildingAssociationVisitationStrategy - Building LoadPlan...
14:56:06.048 [main] DEBUG o.h.l.p.e.i.LoadQueryJoinAndFetchProcessor - processing queryspace &lt;gen:0&gt;
14:56:06.048 [main] DEBUG o.h.l.p.b.spi.LoadPlanTreePrinter - LoadPlan(entity=com.yuan.hspot.Entity.Conversation)
    - Returns
       - EntityReturnImpl(entity=com.yuan.hspot.Entity.Conversation, querySpaceUid=&lt;gen:0&gt;, path=com.yuan.hspot.Entity.Conversation)
          - EntityAttributeFetchImpl(entity=com.yuan.hspot.Entity.UserDetails, querySpaceUid=&lt;gen:1&gt;, path=com.yuan.hspot.Entity.Conversation.userOne)
          - EntityAttributeFetchImpl(entity=com.yuan.hspot.Entity.UserDetails, querySpaceUid=&lt;gen:2&gt;, path=com.yuan.hspot.Entity.Conversation.userTwo)
    - QuerySpaces
       - EntityQuerySpaceImpl(uid=&lt;gen:0&gt;, entity=com.yuan.hspot.Entity.Conversation)
          - SQL table alias mapping - conversati0_
          - alias suffix - 0_
          - suffixed key columns - {conversa1_0_0_}

14:56:06.049 [main] DEBUG o.h.loader.entity.plan.EntityLoader - Static select for entity com.yuan.hspot.Entity.Conversation [PESSIMISTIC_FORCE_INCREMENT]: select conversati0_.conversationID as conversa1_0_0_, conversati0_.userOne_userID as userOne_2_0_0_, conversati0_.userTwo_userID as userTwo_3_0_0_ from Conversation conversati0_ where conversati0_.conversationID=? for update nowait 
14:56:06.049 [main] DEBUG o.h.l.p.b.i.spaces.QuerySpacesImpl - Adding QuerySpace : uid = &lt;gen:0&gt; -&gt; org.hibernate.loader.plan.build.internal.spaces.EntityQuerySpaceImpl@5d58c727]
14:56:06.049 [main] DEBUG o.h.p.w.spi.MetamodelGraphWalker - Visiting attribute path : messages
14:56:06.049 [main] DEBUG o.h.p.w.spi.MetamodelGraphWalker - Visiting attribute path : userOne
14:56:06.049 [main] DEBUG o.h.l.p.b.i.spaces.QuerySpacesImpl - Adding QuerySpace : uid = &lt;gen:1&gt; -&gt; org.hibernate.loader.plan.build.internal.spaces.EntityQuerySpaceImpl@3a095ec0]
14:56:06.049 [main] DEBUG o.h.p.w.spi.MetamodelGraphWalker - Visiting attribute path : userTwo
14:56:06.049 [main] DEBUG o.h.l.p.b.i.spaces.QuerySpacesImpl - Adding QuerySpace : uid = &lt;gen:2&gt; -&gt; org.hibernate.loader.plan.build.internal.spaces.EntityQuerySpaceImpl@4f20a5e0]
14:56:06.049 [main] DEBUG o.h.l.p.b.i.FetchStyleLoadPlanBuildingAssociationVisitationStrategy - Building LoadPlan...
14:56:06.049 [main] DEBUG o.h.l.p.e.i.LoadQueryJoinAndFetchProcessor - processing queryspace &lt;gen:0&gt;
14:56:06.050 [main] DEBUG o.h.l.p.b.spi.LoadPlanTreePrinter - LoadPlan(entity=com.yuan.hspot.Entity.Conversation)
    - Returns
       - EntityReturnImpl(entity=com.yuan.hspot.Entity.Conversation, querySpaceUid=&lt;gen:0&gt;, path=com.yuan.hspot.Entity.Conversation)
          - EntityAttributeFetchImpl(entity=com.yuan.hspot.Entity.UserDetails, querySpaceUid=&lt;gen:1&gt;, path=com.yuan.hspot.Entity.Conversation.userOne)
          - EntityAttributeFetchImpl(entity=com.yuan.hspot.Entity.UserDetails, querySpaceUid=&lt;gen:2&gt;, path=com.yuan.hspot.Entity.Conversation.userTwo)
    - QuerySpaces
       - EntityQuerySpaceImpl(uid=&lt;gen:0&gt;, entity=com.yuan.hspot.Entity.Conversation)
          - SQL table alias mapping - conversati0_
          - alias suffix - 0_
          - suffixed key columns - {conversa1_0_0_}

14:56:06.050 [main] DEBUG o.h.loader.entity.plan.EntityLoader - Static select for entity com.yuan.hspot.Entity.Conversation [OPTIMISTIC]: select conversati0_.conversationID as conversa1_0_0_, conversati0_.userOne_userID as userOne_2_0_0_, conversati0_.userTwo_userID as userTwo_3_0_0_ from Conversation conversati0_ where conversati0_.conversationID=?
14:56:06.050 [main] DEBUG o.h.l.p.b.i.spaces.QuerySpacesImpl - Adding QuerySpace : uid = &lt;gen:0&gt; -&gt; org.hibernate.loader.plan.build.internal.spaces.EntityQuerySpaceImpl@54da32dc]
14:56:06.050 [main] DEBUG o.h.p.w.spi.MetamodelGraphWalker - Visiting attribute path : messages
14:56:06.050 [main] DEBUG o.h.p.w.spi.MetamodelGraphWalker - Visiting attribute path : userOne
14:56:06.050 [main] DEBUG o.h.l.p.b.i.spaces.QuerySpacesImpl - Adding QuerySpace : uid = &lt;gen:1&gt; -&gt; org.hibernate.loader.plan.build.internal.spaces.EntityQuerySpaceImpl@6df7988f]
14:56:06.050 [main] DEBUG o.h.p.w.spi.MetamodelGraphWalker - Visiting attribute path : userTwo
14:56:06.051 [main] DEBUG o.h.l.p.b.i.spaces.QuerySpacesImpl - Adding QuerySpace : uid = &lt;gen:2&gt; -&gt; org.hibernate.loader.plan.build.internal.spaces.EntityQuerySpaceImpl@27b22f74]
14:56:06.051 [main] DEBUG o.h.l.p.b.i.FetchStyleLoadPlanBuildingAssociationVisitationStrategy - Building LoadPlan...
14:56:06.051 [main] DEBUG o.h.l.p.e.i.LoadQueryJoinAndFetchProcessor - processing queryspace &lt;gen:0&gt;
14:56:06.051 [main] DEBUG o.h.l.p.b.spi.LoadPlanTreePrinter - LoadPlan(entity=com.yuan.hspot.Entity.Conversation)
    - Returns
       - EntityReturnImpl(entity=com.yuan.hspot.Entity.Conversation, querySpaceUid=&lt;gen:0&gt;, path=com.yuan.hspot.Entity.Conversation)
          - EntityAttributeFetchImpl(entity=com.yuan.hspot.Entity.UserDetails, querySpaceUid=&lt;gen:1&gt;, path=com.yuan.hspot.Entity.Conversation.userOne)
          - EntityAttributeFetchImpl(entity=com.yuan.hspot.Entity.UserDetails, querySpaceUid=&lt;gen:2&gt;, path=com.yuan.hspot.Entity.Conversation.userTwo)
    - QuerySpaces
       - EntityQuerySpaceImpl(uid=&lt;gen:0&gt;, entity=com.yuan.hspot.Entity.Conversation)
          - SQL table alias mapping - conversati0_
          - alias suffix - 0_
          - suffixed key columns - {conversa1_0_0_}

14:56:06.051 [main] DEBUG o.h.loader.entity.plan.EntityLoader - Static select for entity com.yuan.hspot.Entity.Conversation [OPTIMISTIC_FORCE_INCREMENT]: select conversati0_.conversationID as conversa1_0_0_, conversati0_.userOne_userID as userOne_2_0_0_, conversati0_.userTwo_userID as userTwo_3_0_0_ from Conversation conversati0_ where conversati0_.conversationID=?
14:56:06.052 [main] DEBUG org.hibernate.loader.Loader - Static select for action ACTION_MERGE on entity com.yuan.hspot.Entity.Conversation: select conversati0_.conversationID as conversa1_0_0_, conversati0_.userOne_userID as userOne_2_0_0_, conversati0_.userTwo_userID as userTwo_3_0_0_ from Conversation conversati0_ where conversati0_.conversationID=?
14:56:06.052 [main] DEBUG org.hibernate.loader.Loader - Static select for action ACTION_REFRESH on entity com.yuan.hspot.Entity.Conversation: select conversati0_.conversationID as conversa1_0_0_, conversati0_.userOne_userID as userOne_2_0_0_, conversati0_.userTwo_userID as userTwo_3_0_0_ from Conversation conversati0_ where conversati0_.conversationID=?
14:56:06.053 [main] DEBUG o.h.p.entity.AbstractEntityPersister - Static SQL for entity: com.yuan.hspot.Entity.Message
14:56:06.053 [main] DEBUG o.h.p.entity.AbstractEntityPersister -  Version select: select messageID from Message where messageID =?
14:56:06.053 [main] DEBUG o.h.p.entity.AbstractEntityPersister -  Snapshot select: select message_.messageID, message_.conversation_conversationID as conversa4_1_, message_.created as created2_1_, message_.messageContent as messageC3_1_, message_.userDetails_userID as userDeta5_1_ from Message message_ where message_.messageID=?
14:56:06.053 [main] DEBUG o.h.p.entity.AbstractEntityPersister -  Insert 0: insert into Message (conversation_conversationID, created, messageContent, userDetails_userID, messageID) values (?, ?, ?, ?, ?)
14:56:06.053 [main] DEBUG o.h.p.entity.AbstractEntityPersister -  Update 0: update Message set conversation_conversationID=?, created=?, messageContent=?, userDetails_userID=? where messageID=?
14:56:06.053 [main] DEBUG o.h.p.entity.AbstractEntityPersister -  Delete 0: delete from Message where messageID=?
14:56:06.053 [main] DEBUG o.h.p.entity.AbstractEntityPersister -  Identity insert: insert into Message (conversation_conversationID, created, messageContent, userDetails_userID) values (?, ?, ?, ?)
14:56:06.053 [main] DEBUG o.h.l.p.b.i.spaces.QuerySpacesImpl - Adding QuerySpace : uid = &lt;gen:0&gt; -&gt; org.hibernate.loader.plan.build.internal.spaces.EntityQuerySpaceImpl@22fba58c]
14:56:06.054 [main] DEBUG o.h.p.w.spi.MetamodelGraphWalker - Visiting attribute path : conversation
14:56:06.054 [main] DEBUG o.h.l.p.b.i.spaces.QuerySpacesImpl - Adding QuerySpace : uid = &lt;gen:1&gt; -&gt; org.hibernate.loader.plan.build.internal.spaces.EntityQuerySpaceImpl@2fe88a09]
14:56:06.054 [main] DEBUG o.h.p.w.spi.MetamodelGraphWalker - Visiting attribute path : conversation.messages
14:56:06.055 [main] DEBUG o.h.p.w.spi.MetamodelGraphWalker - Property path deemed to be circular : conversation.messages
14:56:06.055 [main] DEBUG o.h.p.w.spi.MetamodelGraphWalker - Visiting attribute path : conversation.userOne
14:56:06.055 [main] DEBUG o.h.l.p.b.i.spaces.QuerySpacesImpl - Adding QuerySpace : uid = &lt;gen:2&gt; -&gt; org.hibernate.loader.plan.build.internal.spaces.EntityQuerySpaceImpl@66bfd864]
14:56:06.055 [main] DEBUG o.h.p.w.spi.MetamodelGraphWalker - Visiting attribute path : conversation.userOne.email
14:56:06.056 [main] DEBUG o.h.p.w.spi.MetamodelGraphWalker - Visiting attribute path : conversation.userOne.firstName
14:56:06.056 [main] DEBUG o.h.p.w.spi.MetamodelGraphWalker - Visiting attribute path : conversation.userOne.lastName
14:56:06.056 [main] DEBUG o.h.p.w.spi.MetamodelGraphWalker - Visiting attribute path : conversation.userOne.messages
14:56:06.056 [main] DEBUG o.h.p.w.spi.MetamodelGraphWalker - Visiting attribute path : conversation.userOne.password
14:56:06.056 [main] DEBUG o.h.p.w.spi.MetamodelGraphWalker - Visiting attribute path : conversation.userOne.reviewGiven
14:56:06.056 [main] DEBUG o.h.p.w.spi.MetamodelGraphWalker - Visiting attribute path : conversation.userOne.reviewReceived
14:56:06.056 [main] DEBUG o.h.p.w.spi.MetamodelGraphWalker - Visiting attribute path : conversation.userOne.role
14:56:06.056 [main] DEBUG o.h.p.w.spi.MetamodelGraphWalker - Visiting attribute path : conversation.userOne.skills
14:56:06.057 [main] DEBUG o.h.p.w.spi.MetamodelGraphWalker - Visiting attribute path : conversation.userOne.userOneConversations
14:56:06.057 [main] DEBUG o.h.p.w.spi.MetamodelGraphWalker - Property path deemed to be circular : conversation.userOne.userOneConversations
14:56:06.057 [main] DEBUG o.h.p.w.spi.MetamodelGraphWalker - Visiting attribute path : conversation.userOne.userTwoConversations
14:56:06.057 [main] DEBUG o.h.p.w.spi.MetamodelGraphWalker - Visiting attribute path : conversation.userTwo
14:56:06.057 [main] DEBUG o.h.l.p.b.i.spaces.QuerySpacesImpl - Adding QuerySpace : uid = &lt;gen:3&gt; -&gt; org.hibernate.loader.plan.build.internal.spaces.EntityQuerySpaceImpl@21fff664]
14:56:06.057 [main] DEBUG o.h.p.w.spi.MetamodelGraphWalker - Visiting attribute path : conversation.userTwo.email
14:56:06.057 [main] DEBUG o.h.p.w.spi.MetamodelGraphWalker - Visiting attribute path : conversation.userTwo.firstName
14:56:06.057 [main] DEBUG o.h.p.w.spi.MetamodelGraphWalker - Visiting attribute path : conversation.userTwo.lastName
14:56:06.057 [main] DEBUG o.h.p.w.spi.MetamodelGraphWalker - Visiting attribute path : conversation.userTwo.messages
14:56:06.057 [main] DEBUG o.h.p.w.spi.MetamodelGraphWalker - Visiting attribute path : conversation.userTwo.password
14:56:06.057 [main] DEBUG o.h.p.w.spi.MetamodelGraphWalker - Visiting attribute path : conversation.userTwo.reviewGiven
14:56:06.057 [main] DEBUG o.h.p.w.spi.MetamodelGraphWalker - Visiting attribute path : conversation.userTwo.reviewReceived
14:56:06.057 [main] DEBUG o.h.p.w.spi.MetamodelGraphWalker - Visiting attribute path : conversation.userTwo.role
14:56:06.057 [main] DEBUG o.h.p.w.spi.MetamodelGraphWalker - Visiting attribute path : conversation.userTwo.skills
14:56:06.057 [main] DEBUG o.h.p.w.spi.MetamodelGraphWalker - Visiting attribute path : conversation.userTwo.userOneConversations
14:56:06.057 [main] DEBUG o.h.p.w.spi.MetamodelGraphWalker - Property path deemed to be circular : conversation.userTwo.userOneConversations
14:56:06.057 [main] DEBUG o.h.p.w.spi.MetamodelGraphWalker - Visiting attribute path : conversation.userTwo.userTwoConversations
14:56:06.057 [main] DEBUG o.h.p.w.spi.MetamodelGraphWalker - Property path deemed to be circular : conversation.userTwo.userTwoConversations
14:56:06.057 [main] DEBUG o.h.p.w.spi.MetamodelGraphWalker - Visiting attribute path : created
14:56:06.057 [main] DEBUG o.h.p.w.spi.MetamodelGraphWalker - Visiting attribute path : messageContent
14:56:06.057 [main] DEBUG o.h.p.w.spi.MetamodelGraphWalker - Visiting attribute path : userDetails
14:56:06.058 [main] DEBUG o.h.l.p.b.i.spaces.QuerySpacesImpl - Adding QuerySpace : uid = &lt;gen:4&gt; -&gt; org.hibernate.loader.plan.build.internal.spaces.EntityQuerySpaceImpl@1e6308a9]
14:56:06.058 [main] DEBUG o.h.p.w.spi.MetamodelGraphWalker - Visiting attribute path : userDetails.email
14:56:06.058 [main] DEBUG o.h.p.w.spi.MetamodelGraphWalker - Visiting attribute path : userDetails.firstName
14:56:06.058 [main] DEBUG o.h.p.w.spi.MetamodelGraphWalker - Visiting attribute path : userDetails.lastName
14:56:06.058 [main] DEBUG o.h.p.w.spi.MetamodelGraphWalker - Visiting attribute path : userDetails.messages
14:56:06.058 [main] DEBUG o.h.p.w.spi.MetamodelGraphWalker - Property path deemed to be circular : userDetails.messages
14:56:06.058 [main] DEBUG o.h.p.w.spi.MetamodelGraphWalker - Visiting attribute path : userDetails.password
14:56:06.058 [main] DEBUG o.h.p.w.spi.MetamodelGraphWalker - Visiting attribute path : userDetails.reviewGiven
14:56:06.058 [main] DEBUG o.h.p.w.spi.MetamodelGraphWalker - Visiting attribute path : userDetails.reviewReceived
14:56:06.058 [main] DEBUG o.h.p.w.spi.MetamodelGraphWalker - Visiting attribute path : userDetails.role
14:56:06.058 [main] DEBUG o.h.p.w.spi.MetamodelGraphWalker - Visiting attribute path : userDetails.skills
14:56:06.058 [main] DEBUG o.h.p.w.spi.MetamodelGraphWalker - Visiting attribute path : userDetails.userOneConversations
14:56:06.058 [main] DEBUG o.h.p.w.spi.MetamodelGraphWalker - Property path deemed to be circular : userDetails.userOneConversations
14:56:06.058 [main] DEBUG o.h.p.w.spi.MetamodelGraphWalker - Visiting attribute path : userDetails.userTwoConversations
14:56:06.058 [main] DEBUG o.h.p.w.spi.MetamodelGraphWalker - Property path deemed to be circular : userDetails.userTwoConversations
14:56:06.058 [main] DEBUG o.h.l.p.b.i.FetchStyleLoadPlanBuildingAssociationVisitationStrategy - Building LoadPlan...
14:56:06.058 [main] DEBUG o.h.l.p.e.i.LoadQueryJoinAndFetchProcessor - processing queryspace &lt;gen:0&gt;
14:56:06.059 [main] DEBUG o.h.l.p.b.spi.LoadPlanTreePrinter - LoadPlan(entity=com.yuan.hspot.Entity.Message)
    - Returns
       - EntityReturnImpl(entity=com.yuan.hspot.Entity.Message, querySpaceUid=&lt;gen:0&gt;, path=com.yuan.hspot.Entity.Message)
          - EntityAttributeFetchImpl(entity=com.yuan.hspot.Entity.Conversation, querySpaceUid=&lt;gen:1&gt;, path=com.yuan.hspot.Entity.Message.conversation)
             - EntityAttributeFetchImpl(entity=com.yuan.hspot.Entity.UserDetails, querySpaceUid=&lt;gen:2&gt;, path=com.yuan.hspot.Entity.Message.conversation.userOne)
             - EntityAttributeFetchImpl(entity=com.yuan.hspot.Entity.UserDetails, querySpaceUid=&lt;gen:3&gt;, path=com.yuan.hspot.Entity.Message.conversation.userTwo)
          - EntityAttributeFetchImpl(entity=com.yuan.hspot.Entity.UserDetails, querySpaceUid=&lt;gen:4&gt;, path=com.yuan.hspot.Entity.Message.userDetails)
    - QuerySpaces
       - EntityQuerySpaceImpl(uid=&lt;gen:0&gt;, entity=com.yuan.hspot.Entity.Message)
          - SQL table alias mapping - message0_
          - alias suffix - 0_
          - suffixed key columns - {messageI1_1_0_}
          - JOIN (JoinDefinedByMetadata(conversation)) : &lt;gen:0&gt; -&gt; &lt;gen:1&gt;
             - EntityQuerySpaceImpl(uid=&lt;gen:1&gt;, entity=com.yuan.hspot.Entity.Conversation)
                - SQL table alias mapping - conversati1_
                - alias suffix - 1_
                - suffixed key columns - {conversa1_0_1_}
                - JOIN (JoinDefinedByMetadata(userOne)) : &lt;gen:1&gt; -&gt; &lt;gen:2&gt;
                   - EntityQuerySpaceImpl(uid=&lt;gen:2&gt;, entity=com.yuan.hspot.Entity.UserDetails)
                      - SQL table alias mapping - userdetail2_
                      - alias suffix - 2_
                      - suffixed key columns - {userID1_3_2_}
                - JOIN (JoinDefinedByMetadata(userTwo)) : &lt;gen:1&gt; -&gt; &lt;gen:3&gt;
                   - EntityQuerySpaceImpl(uid=&lt;gen:3&gt;, entity=com.yuan.hspot.Entity.UserDetails)
                      - SQL table alias mapping - userdetail3_
                      - alias suffix - 3_
                      - suffixed key columns - {userID1_3_3_}
          - JOIN (JoinDefinedByMetadata(userDetails)) : &lt;gen:0&gt; -&gt; &lt;gen:4&gt;
             - EntityQuerySpaceImpl(uid=&lt;gen:4&gt;, entity=com.yuan.hspot.Entity.UserDetails)
                - SQL table alias mapping - userdetail4_
                - alias suffix - 4_
                - suffixed key columns - {userID1_3_4_}

14:56:06.059 [main] DEBUG o.h.loader.entity.plan.EntityLoader - Static select for entity com.yuan.hspot.Entity.Message [NONE]: select message0_.messageID as messageI1_1_0_, message0_.conversation_conversationID as conversa4_1_0_, message0_.created as created2_1_0_, message0_.messageContent as messageC3_1_0_, message0_.userDetails_userID as userDeta5_1_0_, conversati1_.conversationID as conversa1_0_1_, conversati1_.userOne_userID as userOne_2_0_1_, conversati1_.userTwo_userID as userTwo_3_0_1_, userdetail2_.userID as userID1_3_2_, userdetail2_.email as email2_3_2_, userdetail2_.firstName as firstNam3_3_2_, userdetail2_.lastName as lastName4_3_2_, userdetail2_.password as password5_3_2_, userdetail2_.role as role6_3_2_, userdetail3_.userID as userID1_3_3_, userdetail3_.email as email2_3_3_, userdetail3_.firstName as firstNam3_3_3_, userdetail3_.lastName as lastName4_3_3_, userdetail3_.password as password5_3_3_, userdetail3_.role as role6_3_3_, userdetail4_.userID as userID1_3_4_, userdetail4_.email as email2_3_4_, userdetail4_.firstName as firstNam3_3_4_, userdetail4_.lastName as lastName4_3_4_, userdetail4_.password as password5_3_4_, userdetail4_.role as role6_3_4_ from Message message0_ left outer join Conversation conversati1_ on message0_.conversation_conversationID=conversati1_.conversationID left outer join UserDetails userdetail2_ on conversati1_.userOne_userID=userdetail2_.userID left outer join UserDetails userdetail3_ on conversati1_.userTwo_userID=userdetail3_.userID left outer join UserDetails userdetail4_ on message0_.userDetails_userID=userdetail4_.userID where message0_.messageID=?
14:56:06.059 [main] DEBUG o.h.l.p.b.i.spaces.QuerySpacesImpl - Adding QuerySpace : uid = &lt;gen:0&gt; -&gt; org.hibernate.loader.plan.build.internal.spaces.EntityQuerySpaceImpl@6edc4161]
14:56:06.060 [main] DEBUG o.h.p.w.spi.MetamodelGraphWalker - Visiting attribute path : conversation
14:56:06.060 [main] DEBUG o.h.l.p.b.i.spaces.QuerySpacesImpl - Adding QuerySpace : uid = &lt;gen:1&gt; -&gt; org.hibernate.loader.plan.build.internal.spaces.EntityQuerySpaceImpl@5226e402]
14:56:06.060 [main] DEBUG o.h.p.w.spi.MetamodelGraphWalker - Visiting attribute path : conversation.messages
14:56:06.060 [main] DEBUG o.h.p.w.spi.MetamodelGraphWalker - Property path deemed to be circular : conversation.messages
14:56:06.060 [main] DEBUG o.h.p.w.spi.MetamodelGraphWalker - Visiting attribute path : conversation.userOne
14:56:06.060 [main] DEBUG o.h.l.p.b.i.spaces.QuerySpacesImpl - Adding QuerySpace : uid = &lt;gen:2&gt; -&gt; org.hibernate.loader.plan.build.internal.spaces.EntityQuerySpaceImpl@189b5fb1]
14:56:06.060 [main] DEBUG o.h.p.w.spi.MetamodelGraphWalker - Visiting attribute path : conversation.userOne.email
14:56:06.060 [main] DEBUG o.h.p.w.spi.MetamodelGraphWalker - Visiting attribute path : conversation.userOne.firstName
14:56:06.060 [main] DEBUG o.h.p.w.spi.MetamodelGraphWalker - Visiting attribute path : conversation.userOne.lastName
14:56:06.060 [main] DEBUG o.h.p.w.spi.MetamodelGraphWalker - Visiting attribute path : conversation.userOne.messages
14:56:06.060 [main] DEBUG o.h.p.w.spi.MetamodelGraphWalker - Visiting attribute path : conversation.userOne.password
14:56:06.061 [main] DEBUG o.h.p.w.spi.MetamodelGraphWalker - Visiting attribute path : conversation.userOne.reviewGiven
14:56:06.061 [main] DEBUG o.h.p.w.spi.MetamodelGraphWalker - Visiting attribute path : conversation.userOne.reviewReceived
14:56:06.061 [main] DEBUG o.h.p.w.spi.MetamodelGraphWalker - Visiting attribute path : conversation.userOne.role
14:56:06.061 [main] DEBUG o.h.p.w.spi.MetamodelGraphWalker - Visiting attribute path : conversation.userOne.skills
14:56:06.061 [main] DEBUG o.h.p.w.spi.MetamodelGraphWalker - Visiting attribute path : conversation.userOne.userOneConversations
14:56:06.061 [main] DEBUG o.h.p.w.spi.MetamodelGraphWalker - Property path deemed to be circular : conversation.userOne.userOneConversations
14:56:06.061 [main] DEBUG o.h.p.w.spi.MetamodelGraphWalker - Visiting attribute path : conversation.userOne.userTwoConversations
14:56:06.061 [main] DEBUG o.h.p.w.spi.MetamodelGraphWalker - Visiting attribute path : conversation.userTwo
14:56:06.061 [main] DEBUG o.h.l.p.b.i.spaces.QuerySpacesImpl - Adding QuerySpace : uid = &lt;gen:3&gt; -&gt; org.hibernate.loader.plan.build.internal.spaces.EntityQuerySpaceImpl@1ddd3478]
14:56:06.061 [main] DEBUG o.h.p.w.spi.MetamodelGraphWalker - Visiting attribute path : conversation.userTwo.email
14:56:06.061 [main] DEBUG o.h.p.w.spi.MetamodelGraphWalker - Visiting attribute path : conversation.userTwo.firstName
14:56:06.061 [main] DEBUG o.h.p.w.spi.MetamodelGraphWalker - Visiting attribute path : conversation.userTwo.lastName
14:56:06.061 [main] DEBUG o.h.p.w.spi.MetamodelGraphWalker - Visiting attribute path : conversation.userTwo.messages
14:56:06.061 [main] DEBUG o.h.p.w.spi.MetamodelGraphWalker - Visiting attribute path : conversation.userTwo.password
14:56:06.061 [main] DEBUG o.h.p.w.spi.MetamodelGraphWalker - Visiting attribute path : conversation.userTwo.reviewGiven
14:56:06.061 [main] DEBUG o.h.p.w.spi.MetamodelGraphWalker - Visiting attribute path : conversation.userTwo.reviewReceived
14:56:06.061 [main] DEBUG o.h.p.w.spi.MetamodelGraphWalker - Visiting attribute path : conversation.userTwo.role
14:56:06.062 [main] DEBUG o.h.p.w.spi.MetamodelGraphWalker - Visiting attribute path : conversation.userTwo.skills
14:56:06.062 [main] DEBUG o.h.p.w.spi.MetamodelGraphWalker - Visiting attribute path : conversation.userTwo.userOneConversations
14:56:06.062 [main] DEBUG o.h.p.w.spi.MetamodelGraphWalker - Property path deemed to be circular : conversation.userTwo.userOneConversations
14:56:06.062 [main] DEBUG o.h.p.w.spi.MetamodelGraphWalker - Visiting attribute path : conversation.userTwo.userTwoConversations
14:56:06.062 [main] DEBUG o.h.p.w.spi.MetamodelGraphWalker - Property path deemed to be circular : conversation.userTwo.userTwoConversations
14:56:06.062 [main] DEBUG o.h.p.w.spi.MetamodelGraphWalker - Visiting attribute path : created
14:56:06.062 [main] DEBUG o.h.p.w.spi.MetamodelGraphWalker - Visiting attribute path : messageContent
14:56:06.062 [main] DEBUG o.h.p.w.spi.MetamodelGraphWalker - Visiting attribute path : userDetails
14:56:06.062 [main] DEBUG o.h.l.p.b.i.spaces.QuerySpacesImpl - Adding QuerySpace : uid = &lt;gen:4&gt; -&gt; org.hibernate.loader.plan.build.internal.spaces.EntityQuerySpaceImpl@4d33940d]
14:56:06.062 [main] DEBUG o.h.p.w.spi.MetamodelGraphWalker - Visiting attribute path : userDetails.email
14:56:06.062 [main] DEBUG o.h.p.w.spi.MetamodelGraphWalker - Visiting attribute path : userDetails.firstName
14:56:06.062 [main] DEBUG o.h.p.w.spi.MetamodelGraphWalker - Visiting attribute path : userDetails.lastName
14:56:06.062 [main] DEBUG o.h.p.w.spi.MetamodelGraphWalker - Visiting attribute path : userDetails.messages
14:56:06.063 [main] DEBUG o.h.p.w.spi.MetamodelGraphWalker - Property path deemed to be circular : userDetails.messages
14:56:06.063 [main] DEBUG o.h.p.w.spi.MetamodelGraphWalker - Visiting attribute path : userDetails.password
14:56:06.063 [main] DEBUG o.h.p.w.spi.MetamodelGraphWalker - Visiting attribute path : userDetails.reviewGiven
14:56:06.063 [main] DEBUG o.h.p.w.spi.MetamodelGraphWalker - Visiting attribute path : userDetails.reviewReceived
14:56:06.063 [main] DEBUG o.h.p.w.spi.MetamodelGraphWalker - Visiting attribute path : userDetails.role
14:56:06.063 [main] DEBUG o.h.p.w.spi.MetamodelGraphWalker - Visiting attribute path : userDetails.skills
14:56:06.063 [main] DEBUG o.h.p.w.spi.MetamodelGraphWalker - Visiting attribute path : userDetails.userOneConversations
14:56:06.063 [main] DEBUG o.h.p.w.spi.MetamodelGraphWalker - Property path deemed to be circular : userDetails.userOneConversations
14:56:06.063 [main] DEBUG o.h.p.w.spi.MetamodelGraphWalker - Visiting attribute path : userDetails.userTwoConversations
14:56:06.063 [main] DEBUG o.h.p.w.spi.MetamodelGraphWalker - Property path deemed to be circular : userDetails.userTwoConversations
14:56:06.063 [main] DEBUG o.h.l.p.b.i.FetchStyleLoadPlanBuildingAssociationVisitationStrategy - Building LoadPlan...
14:56:06.063 [main] DEBUG o.h.l.p.e.i.LoadQueryJoinAndFetchProcessor - processing queryspace &lt;gen:0&gt;
14:56:06.064 [main] DEBUG o.h.l.p.b.spi.LoadPlanTreePrinter - LoadPlan(entity=com.yuan.hspot.Entity.Message)
    - Returns
       - EntityReturnImpl(entity=com.yuan.hspot.Entity.Message, querySpaceUid=&lt;gen:0&gt;, path=com.yuan.hspot.Entity.Message)
          - EntityAttributeFetchImpl(entity=com.yuan.hspot.Entity.Conversation, querySpaceUid=&lt;gen:1&gt;, path=com.yuan.hspot.Entity.Message.conversation)
             - EntityAttributeFetchImpl(entity=com.yuan.hspot.Entity.UserDetails, querySpaceUid=&lt;gen:2&gt;, path=com.yuan.hspot.Entity.Message.conversation.userOne)
             - EntityAttributeFetchImpl(entity=com.yuan.hspot.Entity.UserDetails, querySpaceUid=&lt;gen:3&gt;, path=com.yuan.hspot.Entity.Message.conversation.userTwo)
          - EntityAttributeFetchImpl(entity=com.yuan.hspot.Entity.UserDetails, querySpaceUid=&lt;gen:4&gt;, path=com.yuan.hspot.Entity.Message.userDetails)
    - QuerySpaces
       - EntityQuerySpaceImpl(uid=&lt;gen:0&gt;, entity=com.yuan.hspot.Entity.Message)
          - SQL table alias mapping - message0_
          - alias suffix - 0_
          - suffixed key columns - {messageI1_1_0_}
          - JOIN (JoinDefinedByMetadata(conversation)) : &lt;gen:0&gt; -&gt; &lt;gen:1&gt;
             - EntityQuerySpaceImpl(uid=&lt;gen:1&gt;, entity=com.yuan.hspot.Entity.Conversation)
                - SQL table alias mapping - conversati1_
                - alias suffix - 1_
                - suffixed key columns - {conversa1_0_1_}
                - JOIN (JoinDefinedByMetadata(userOne)) : &lt;gen:1&gt; -&gt; &lt;gen:2&gt;
                   - EntityQuerySpaceImpl(uid=&lt;gen:2&gt;, entity=com.yuan.hspot.Entity.UserDetails)
                      - SQL table alias mapping - userdetail2_
                      - alias suffix - 2_
                      - suffixed key columns - {userID1_3_2_}
                - JOIN (JoinDefinedByMetadata(userTwo)) : &lt;gen:1&gt; -&gt; &lt;gen:3&gt;
                   - EntityQuerySpaceImpl(uid=&lt;gen:3&gt;, entity=com.yuan.hspot.Entity.UserDetails)
                      - SQL table alias mapping - userdetail3_
                      - alias suffix - 3_
                      - suffixed key columns - {userID1_3_3_}
          - JOIN (JoinDefinedByMetadata(userDetails)) : &lt;gen:0&gt; -&gt; &lt;gen:4&gt;
             - EntityQuerySpaceImpl(uid=&lt;gen:4&gt;, entity=com.yuan.hspot.Entity.UserDetails)
                - SQL table alias mapping - userdetail4_
                - alias suffix - 4_
                - suffixed key columns - {userID1_3_4_}

14:56:06.064 [main] DEBUG o.h.loader.entity.plan.EntityLoader - Static select for entity com.yuan.hspot.Entity.Message [READ]: select message0_.messageID as messageI1_1_0_, message0_.conversation_conversationID as conversa4_1_0_, message0_.created as created2_1_0_, message0_.messageContent as messageC3_1_0_, message0_.userDetails_userID as userDeta5_1_0_, conversati1_.conversationID as conversa1_0_1_, conversati1_.userOne_userID as userOne_2_0_1_, conversati1_.userTwo_userID as userTwo_3_0_1_, userdetail2_.userID as userID1_3_2_, userdetail2_.email as email2_3_2_, userdetail2_.firstName as firstNam3_3_2_, userdetail2_.lastName as lastName4_3_2_, userdetail2_.password as password5_3_2_, userdetail2_.role as role6_3_2_, userdetail3_.userID as userID1_3_3_, userdetail3_.email as email2_3_3_, userdetail3_.firstName as firstNam3_3_3_, userdetail3_.lastName as lastName4_3_3_, userdetail3_.password as password5_3_3_, userdetail3_.role as role6_3_3_, userdetail4_.userID as userID1_3_4_, userdetail4_.email as email2_3_4_, userdetail4_.firstName as firstNam3_3_4_, userdetail4_.lastName as lastName4_3_4_, userdetail4_.password as password5_3_4_, userdetail4_.role as role6_3_4_ from Message message0_ left outer join Conversation conversati1_ on message0_.conversation_conversationID=conversati1_.conversationID left outer join UserDetails userdetail2_ on conversati1_.userOne_userID=userdetail2_.userID left outer join UserDetails userdetail3_ on conversati1_.userTwo_userID=userdetail3_.userID left outer join UserDetails userdetail4_ on message0_.userDetails_userID=userdetail4_.userID where message0_.messageID=?
14:56:06.064 [main] DEBUG o.h.l.p.b.i.spaces.QuerySpacesImpl - Adding QuerySpace : uid = &lt;gen:0&gt; -&gt; org.hibernate.loader.plan.build.internal.spaces.EntityQuerySpaceImpl@37c5fc56]
14:56:06.065 [main] DEBUG o.h.p.w.spi.MetamodelGraphWalker - Visiting attribute path : conversation
14:56:06.065 [main] DEBUG o.h.l.p.b.i.spaces.QuerySpacesImpl - Adding QuerySpace : uid = &lt;gen:1&gt; -&gt; org.hibernate.loader.plan.build.internal.spaces.EntityQuerySpaceImpl@50825a02]
14:56:06.065 [main] DEBUG o.h.p.w.spi.MetamodelGraphWalker - Visiting attribute path : created
14:56:06.065 [main] DEBUG o.h.p.w.spi.MetamodelGraphWalker - Visiting attribute path : messageContent
14:56:06.065 [main] DEBUG o.h.p.w.spi.MetamodelGraphWalker - Visiting attribute path : userDetails
14:56:06.065 [main] DEBUG o.h.l.p.b.i.spaces.QuerySpacesImpl - Adding QuerySpace : uid = &lt;gen:2&gt; -&gt; org.hibernate.loader.plan.build.internal.spaces.EntityQuerySpaceImpl@68809cc7]
14:56:06.065 [main] DEBUG o.h.l.p.b.i.FetchStyleLoadPlanBuildingAssociationVisitationStrategy - Building LoadPlan...
14:56:06.065 [main] DEBUG o.h.l.p.e.i.LoadQueryJoinAndFetchProcessor - processing queryspace &lt;gen:0&gt;
14:56:06.066 [main] DEBUG o.h.l.p.b.spi.LoadPlanTreePrinter - LoadPlan(entity=com.yuan.hspot.Entity.Message)
    - Returns
       - EntityReturnImpl(entity=com.yuan.hspot.Entity.Message, querySpaceUid=&lt;gen:0&gt;, path=com.yuan.hspot.Entity.Message)
          - EntityAttributeFetchImpl(entity=com.yuan.hspot.Entity.Conversation, querySpaceUid=&lt;gen:1&gt;, path=com.yuan.hspot.Entity.Message.conversation)
          - EntityAttributeFetchImpl(entity=com.yuan.hspot.Entity.UserDetails, querySpaceUid=&lt;gen:2&gt;, path=com.yuan.hspot.Entity.Message.userDetails)
    - QuerySpaces
       - EntityQuerySpaceImpl(uid=&lt;gen:0&gt;, entity=com.yuan.hspot.Entity.Message)
          - SQL table alias mapping - message0_
          - alias suffix - 0_
          - suffixed key columns - {messageI1_1_0_}

14:56:06.066 [main] DEBUG o.h.loader.entity.plan.EntityLoader - Static select for entity com.yuan.hspot.Entity.Message [UPGRADE]: select message0_.messageID as messageI1_1_0_, message0_.conversation_conversationID as conversa4_1_0_, message0_.created as created2_1_0_, message0_.messageContent as messageC3_1_0_, message0_.userDetails_userID as userDeta5_1_0_ from Message message0_ where message0_.messageID=? for update
14:56:06.066 [main] DEBUG o.h.l.p.b.i.spaces.QuerySpacesImpl - Adding QuerySpace : uid = &lt;gen:0&gt; -&gt; org.hibernate.loader.plan.build.internal.spaces.EntityQuerySpaceImpl@703feacd]
14:56:06.066 [main] DEBUG o.h.p.w.spi.MetamodelGraphWalker - Visiting attribute path : conversation
14:56:06.066 [main] DEBUG o.h.l.p.b.i.spaces.QuerySpacesImpl - Adding QuerySpace : uid = &lt;gen:1&gt; -&gt; org.hibernate.loader.plan.build.internal.spaces.EntityQuerySpaceImpl@3241713e]
14:56:06.066 [main] DEBUG o.h.p.w.spi.MetamodelGraphWalker - Visiting attribute path : created
14:56:06.066 [main] DEBUG o.h.p.w.spi.MetamodelGraphWalker - Visiting attribute path : messageContent
14:56:06.066 [main] DEBUG o.h.p.w.spi.MetamodelGraphWalker - Visiting attribute path : userDetails
14:56:06.066 [main] DEBUG o.h.l.p.b.i.spaces.QuerySpacesImpl - Adding QuerySpace : uid = &lt;gen:2&gt; -&gt; org.hibernate.loader.plan.build.internal.spaces.EntityQuerySpaceImpl@5ecba515]
14:56:06.066 [main] DEBUG o.h.l.p.b.i.FetchStyleLoadPlanBuildingAssociationVisitationStrategy - Building LoadPlan...
14:56:06.067 [main] DEBUG o.h.l.p.e.i.LoadQueryJoinAndFetchProcessor - processing queryspace &lt;gen:0&gt;
14:56:06.067 [main] DEBUG o.h.l.p.b.spi.LoadPlanTreePrinter - LoadPlan(entity=com.yuan.hspot.Entity.Message)
    - Returns
       - EntityReturnImpl(entity=com.yuan.hspot.Entity.Message, querySpaceUid=&lt;gen:0&gt;, path=com.yuan.hspot.Entity.Message)
          - EntityAttributeFetchImpl(entity=com.yuan.hspot.Entity.Conversation, querySpaceUid=&lt;gen:1&gt;, path=com.yuan.hspot.Entity.Message.conversation)
          - EntityAttributeFetchImpl(entity=com.yuan.hspot.Entity.UserDetails, querySpaceUid=&lt;gen:2&gt;, path=com.yuan.hspot.Entity.Message.userDetails)
    - QuerySpaces
       - EntityQuerySpaceImpl(uid=&lt;gen:0&gt;, entity=com.yuan.hspot.Entity.Message)
          - SQL table alias mapping - message0_
          - alias suffix - 0_
          - suffixed key columns - {messageI1_1_0_}

14:56:06.067 [main] DEBUG o.h.loader.entity.plan.EntityLoader - Static select for entity com.yuan.hspot.Entity.Message [UPGRADE_NOWAIT]: select message0_.messageID as messageI1_1_0_, message0_.conversation_conversationID as conversa4_1_0_, message0_.created as created2_1_0_, message0_.messageContent as messageC3_1_0_, message0_.userDetails_userID as userDeta5_1_0_ from Message message0_ where message0_.messageID=? for update nowait 
14:56:06.067 [main] DEBUG o.h.l.p.b.i.spaces.QuerySpacesImpl - Adding QuerySpace : uid = &lt;gen:0&gt; -&gt; org.hibernate.loader.plan.build.internal.spaces.EntityQuerySpaceImpl@512d4583]
14:56:06.067 [main] DEBUG o.h.p.w.spi.MetamodelGraphWalker - Visiting attribute path : conversation
14:56:06.067 [main] DEBUG o.h.l.p.b.i.spaces.QuerySpacesImpl - Adding QuerySpace : uid = &lt;gen:1&gt; -&gt; org.hibernate.loader.plan.build.internal.spaces.EntityQuerySpaceImpl@13cd7ea5]
14:56:06.067 [main] DEBUG o.h.p.w.spi.MetamodelGraphWalker - Visiting attribute path : created
14:56:06.067 [main] DEBUG o.h.p.w.spi.MetamodelGraphWalker - Visiting attribute path : messageContent
14:56:06.067 [main] DEBUG o.h.p.w.spi.MetamodelGraphWalker - Visiting attribute path : userDetails
14:56:06.068 [main] DEBUG o.h.l.p.b.i.spaces.QuerySpacesImpl - Adding QuerySpace : uid = &lt;gen:2&gt; -&gt; org.hibernate.loader.plan.build.internal.spaces.EntityQuerySpaceImpl@102d92c4]
14:56:06.068 [main] DEBUG o.h.l.p.b.i.FetchStyleLoadPlanBuildingAssociationVisitationStrategy - Building LoadPlan...
14:56:06.068 [main] DEBUG o.h.l.p.e.i.LoadQueryJoinAndFetchProcessor - processing queryspace &lt;gen:0&gt;
14:56:06.068 [main] DEBUG o.h.l.p.b.spi.LoadPlanTreePrinter - LoadPlan(entity=com.yuan.hspot.Entity.Message)
    - Returns
       - EntityReturnImpl(entity=com.yuan.hspot.Entity.Message, querySpaceUid=&lt;gen:0&gt;, path=com.yuan.hspot.Entity.Message)
          - EntityAttributeFetchImpl(entity=com.yuan.hspot.Entity.Conversation, querySpaceUid=&lt;gen:1&gt;, path=com.yuan.hspot.Entity.Message.conversation)
          - EntityAttributeFetchImpl(entity=com.yuan.hspot.Entity.UserDetails, querySpaceUid=&lt;gen:2&gt;, path=com.yuan.hspot.Entity.Message.userDetails)
    - QuerySpaces
       - EntityQuerySpaceImpl(uid=&lt;gen:0&gt;, entity=com.yuan.hspot.Entity.Message)
          - SQL table alias mapping - message0_
          - alias suffix - 0_
          - suffixed key columns - {messageI1_1_0_}

14:56:06.068 [main] DEBUG o.h.loader.entity.plan.EntityLoader - Static select for entity com.yuan.hspot.Entity.Message [UPGRADE_SKIPLOCKED]: select message0_.messageID as messageI1_1_0_, message0_.conversation_conversationID as conversa4_1_0_, message0_.created as created2_1_0_, message0_.messageContent as messageC3_1_0_, message0_.userDetails_userID as userDeta5_1_0_ from Message message0_ where message0_.messageID=? for update
14:56:06.068 [main] DEBUG o.h.l.p.b.i.spaces.QuerySpacesImpl - Adding QuerySpace : uid = &lt;gen:0&gt; -&gt; org.hibernate.loader.plan.build.internal.spaces.EntityQuerySpaceImpl@2b97cc1f]
14:56:06.068 [main] DEBUG o.h.p.w.spi.MetamodelGraphWalker - Visiting attribute path : conversation
14:56:06.068 [main] DEBUG o.h.l.p.b.i.spaces.QuerySpacesImpl - Adding QuerySpace : uid = &lt;gen:1&gt; -&gt; org.hibernate.loader.plan.build.internal.spaces.EntityQuerySpaceImpl@18324f97]
14:56:06.069 [main] DEBUG o.h.p.w.spi.MetamodelGraphWalker - Visiting attribute path : created
14:56:06.069 [main] DEBUG o.h.p.w.spi.MetamodelGraphWalker - Visiting attribute path : messageContent
14:56:06.069 [main] DEBUG o.h.p.w.spi.MetamodelGraphWalker - Visiting attribute path : userDetails
14:56:06.069 [main] DEBUG o.h.l.p.b.i.spaces.QuerySpacesImpl - Adding QuerySpace : uid = &lt;gen:2&gt; -&gt; org.hibernate.loader.plan.build.internal.spaces.EntityQuerySpaceImpl@64f555e7]
14:56:06.069 [main] DEBUG o.h.l.p.b.i.FetchStyleLoadPlanBuildingAssociationVisitationStrategy - Building LoadPlan...
14:56:06.069 [main] DEBUG o.h.l.p.e.i.LoadQueryJoinAndFetchProcessor - processing queryspace &lt;gen:0&gt;
14:56:06.069 [main] DEBUG o.h.l.p.b.spi.LoadPlanTreePrinter - LoadPlan(entity=com.yuan.hspot.Entity.Message)
    - Returns
       - EntityReturnImpl(entity=com.yuan.hspot.Entity.Message, querySpaceUid=&lt;gen:0&gt;, path=com.yuan.hspot.Entity.Message)
          - EntityAttributeFetchImpl(entity=com.yuan.hspot.Entity.Conversation, querySpaceUid=&lt;gen:1&gt;, path=com.yuan.hspot.Entity.Message.conversation)
          - EntityAttributeFetchImpl(entity=com.yuan.hspot.Entity.UserDetails, querySpaceUid=&lt;gen:2&gt;, path=com.yuan.hspot.Entity.Message.userDetails)
    - QuerySpaces
       - EntityQuerySpaceImpl(uid=&lt;gen:0&gt;, entity=com.yuan.hspot.Entity.Message)
          - SQL table alias mapping - message0_
          - alias suffix - 0_
          - suffixed key columns - {messageI1_1_0_}

14:56:06.069 [main] DEBUG o.h.loader.entity.plan.EntityLoader - Static select for entity com.yuan.hspot.Entity.Message [FORCE]: select message0_.messageID as messageI1_1_0_, message0_.conversation_conversationID as conversa4_1_0_, message0_.created as created2_1_0_, message0_.messageContent as messageC3_1_0_, message0_.userDetails_userID as userDeta5_1_0_ from Message message0_ where message0_.messageID=? for update nowait 
14:56:06.070 [main] DEBUG o.h.l.p.b.i.spaces.QuerySpacesImpl - Adding QuerySpace : uid = &lt;gen:0&gt; -&gt; org.hibernate.loader.plan.build.internal.spaces.EntityQuerySpaceImpl@71178a52]
14:56:06.070 [main] DEBUG o.h.p.w.spi.MetamodelGraphWalker - Visiting attribute path : conversation
14:56:06.070 [main] DEBUG o.h.l.p.b.i.spaces.QuerySpacesImpl - Adding QuerySpace : uid = &lt;gen:1&gt; -&gt; org.hibernate.loader.plan.build.internal.spaces.EntityQuerySpaceImpl@abbc908]
14:56:06.070 [main] DEBUG o.h.p.w.spi.MetamodelGraphWalker - Visiting attribute path : created
14:56:06.070 [main] DEBUG o.h.p.w.spi.MetamodelGraphWalker - Visiting attribute path : messageContent
14:56:06.070 [main] DEBUG o.h.p.w.spi.MetamodelGraphWalker - Visiting attribute path : userDetails
14:56:06.070 [main] DEBUG o.h.l.p.b.i.spaces.QuerySpacesImpl - Adding QuerySpace : uid = &lt;gen:2&gt; -&gt; org.hibernate.loader.plan.build.internal.spaces.EntityQuerySpaceImpl@44afefd5]
14:56:06.070 [main] DEBUG o.h.l.p.b.i.FetchStyleLoadPlanBuildingAssociationVisitationStrategy - Building LoadPlan...
14:56:06.070 [main] DEBUG o.h.l.p.e.i.LoadQueryJoinAndFetchProcessor - processing queryspace &lt;gen:0&gt;
14:56:06.071 [main] DEBUG o.h.l.p.b.spi.LoadPlanTreePrinter - LoadPlan(entity=com.yuan.hspot.Entity.Message)
    - Returns
       - EntityReturnImpl(entity=com.yuan.hspot.Entity.Message, querySpaceUid=&lt;gen:0&gt;, path=com.yuan.hspot.Entity.Message)
          - EntityAttributeFetchImpl(entity=com.yuan.hspot.Entity.Conversation, querySpaceUid=&lt;gen:1&gt;, path=com.yuan.hspot.Entity.Message.conversation)
          - EntityAttributeFetchImpl(entity=com.yuan.hspot.Entity.UserDetails, querySpaceUid=&lt;gen:2&gt;, path=com.yuan.hspot.Entity.Message.userDetails)
    - QuerySpaces
       - EntityQuerySpaceImpl(uid=&lt;gen:0&gt;, entity=com.yuan.hspot.Entity.Message)
          - SQL table alias mapping - message0_
          - alias suffix - 0_
          - suffixed key columns - {messageI1_1_0_}

14:56:06.071 [main] DEBUG o.h.loader.entity.plan.EntityLoader - Static select for entity com.yuan.hspot.Entity.Message [PESSIMISTIC_READ]: select message0_.messageID as messageI1_1_0_, message0_.conversation_conversationID as conversa4_1_0_, message0_.created as created2_1_0_, message0_.messageContent as messageC3_1_0_, message0_.userDetails_userID as userDeta5_1_0_ from Message message0_ where message0_.messageID=? for share
14:56:06.071 [main] DEBUG o.h.l.p.b.i.spaces.QuerySpacesImpl - Adding QuerySpace : uid = &lt;gen:0&gt; -&gt; org.hibernate.loader.plan.build.internal.spaces.EntityQuerySpaceImpl@9a7a808]
14:56:06.071 [main] DEBUG o.h.p.w.spi.MetamodelGraphWalker - Visiting attribute path : conversation
14:56:06.071 [main] DEBUG o.h.l.p.b.i.spaces.QuerySpacesImpl - Adding QuerySpace : uid = &lt;gen:1&gt; -&gt; org.hibernate.loader.plan.build.internal.spaces.EntityQuerySpaceImpl@2687f956]
14:56:06.071 [main] DEBUG o.h.p.w.spi.MetamodelGraphWalker - Visiting attribute path : created
14:56:06.071 [main] DEBUG o.h.p.w.spi.MetamodelGraphWalker - Visiting attribute path : messageContent
14:56:06.071 [main] DEBUG o.h.p.w.spi.MetamodelGraphWalker - Visiting attribute path : userDetails
14:56:06.071 [main] DEBUG o.h.l.p.b.i.spaces.QuerySpacesImpl - Adding QuerySpace : uid = &lt;gen:2&gt; -&gt; org.hibernate.loader.plan.build.internal.spaces.EntityQuerySpaceImpl@1ded7b14]
14:56:06.071 [main] DEBUG o.h.l.p.b.i.FetchStyleLoadPlanBuildingAssociationVisitationStrategy - Building LoadPlan...
14:56:06.071 [main] DEBUG o.h.l.p.e.i.LoadQueryJoinAndFetchProcessor - processing queryspace &lt;gen:0&gt;
14:56:06.072 [main] DEBUG o.h.l.p.b.spi.LoadPlanTreePrinter - LoadPlan(entity=com.yuan.hspot.Entity.Message)
    - Returns
       - EntityReturnImpl(entity=com.yuan.hspot.Entity.Message, querySpaceUid=&lt;gen:0&gt;, path=com.yuan.hspot.Entity.Message)
          - EntityAttributeFetchImpl(entity=com.yuan.hspot.Entity.Conversation, querySpaceUid=&lt;gen:1&gt;, path=com.yuan.hspot.Entity.Message.conversation)
          - EntityAttributeFetchImpl(entity=com.yuan.hspot.Entity.UserDetails, querySpaceUid=&lt;gen:2&gt;, path=com.yuan.hspot.Entity.Message.userDetails)
    - QuerySpaces
       - EntityQuerySpaceImpl(uid=&lt;gen:0&gt;, entity=com.yuan.hspot.Entity.Message)
          - SQL table alias mapping - message0_
          - alias suffix - 0_
          - suffixed key columns - {messageI1_1_0_}

14:56:06.072 [main] DEBUG o.h.loader.entity.plan.EntityLoader - Static select for entity com.yuan.hspot.Entity.Message [PESSIMISTIC_WRITE]: select message0_.messageID as messageI1_1_0_, message0_.conversation_conversationID as conversa4_1_0_, message0_.created as created2_1_0_, message0_.messageContent as messageC3_1_0_, message0_.userDetails_userID as userDeta5_1_0_ from Message message0_ where message0_.messageID=? for update
14:56:06.072 [main] DEBUG o.h.l.p.b.i.spaces.QuerySpacesImpl - Adding QuerySpace : uid = &lt;gen:0&gt; -&gt; org.hibernate.loader.plan.build.internal.spaces.EntityQuerySpaceImpl@29be7749]
14:56:06.072 [main] DEBUG o.h.p.w.spi.MetamodelGraphWalker - Visiting attribute path : conversation
14:56:06.072 [main] DEBUG o.h.l.p.b.i.spaces.QuerySpacesImpl - Adding QuerySpace : uid = &lt;gen:1&gt; -&gt; org.hibernate.loader.plan.build.internal.spaces.EntityQuerySpaceImpl@4650a407]
14:56:06.072 [main] DEBUG o.h.p.w.spi.MetamodelGraphWalker - Visiting attribute path : created
14:56:06.072 [main] DEBUG o.h.p.w.spi.MetamodelGraphWalker - Visiting attribute path : messageContent
14:56:06.072 [main] DEBUG o.h.p.w.spi.MetamodelGraphWalker - Visiting attribute path : userDetails
14:56:06.073 [main] DEBUG o.h.l.p.b.i.spaces.QuerySpacesImpl - Adding QuerySpace : uid = &lt;gen:2&gt; -&gt; org.hibernate.loader.plan.build.internal.spaces.EntityQuerySpaceImpl@30135202]
14:56:06.073 [main] DEBUG o.h.l.p.b.i.FetchStyleLoadPlanBuildingAssociationVisitationStrategy - Building LoadPlan...
14:56:06.073 [main] DEBUG o.h.l.p.e.i.LoadQueryJoinAndFetchProcessor - processing queryspace &lt;gen:0&gt;
14:56:06.073 [main] DEBUG o.h.l.p.b.spi.LoadPlanTreePrinter - LoadPlan(entity=com.yuan.hspot.Entity.Message)
    - Returns
       - EntityReturnImpl(entity=com.yuan.hspot.Entity.Message, querySpaceUid=&lt;gen:0&gt;, path=com.yuan.hspot.Entity.Message)
          - EntityAttributeFetchImpl(entity=com.yuan.hspot.Entity.Conversation, querySpaceUid=&lt;gen:1&gt;, path=com.yuan.hspot.Entity.Message.conversation)
          - EntityAttributeFetchImpl(entity=com.yuan.hspot.Entity.UserDetails, querySpaceUid=&lt;gen:2&gt;, path=com.yuan.hspot.Entity.Message.userDetails)
    - QuerySpaces
       - EntityQuerySpaceImpl(uid=&lt;gen:0&gt;, entity=com.yuan.hspot.Entity.Message)
          - SQL table alias mapping - message0_
          - alias suffix - 0_
          - suffixed key columns - {messageI1_1_0_}

14:56:06.074 [main] DEBUG o.h.loader.entity.plan.EntityLoader - Static select for entity com.yuan.hspot.Entity.Message [PESSIMISTIC_FORCE_INCREMENT]: select message0_.messageID as messageI1_1_0_, message0_.conversation_conversationID as conversa4_1_0_, message0_.created as created2_1_0_, message0_.messageContent as messageC3_1_0_, message0_.userDetails_userID as userDeta5_1_0_ from Message message0_ where message0_.messageID=? for update nowait 
14:56:06.074 [main] DEBUG o.h.l.p.b.i.spaces.QuerySpacesImpl - Adding QuerySpace : uid = &lt;gen:0&gt; -&gt; org.hibernate.loader.plan.build.internal.spaces.EntityQuerySpaceImpl@6a4d7f76]
14:56:06.074 [main] DEBUG o.h.p.w.spi.MetamodelGraphWalker - Visiting attribute path : conversation
14:56:06.074 [main] DEBUG o.h.l.p.b.i.spaces.QuerySpacesImpl - Adding QuerySpace : uid = &lt;gen:1&gt; -&gt; org.hibernate.loader.plan.build.internal.spaces.EntityQuerySpaceImpl@53dfacba]
14:56:06.074 [main] DEBUG o.h.p.w.spi.MetamodelGraphWalker - Visiting attribute path : created
14:56:06.074 [main] DEBUG o.h.p.w.spi.MetamodelGraphWalker - Visiting attribute path : messageContent
14:56:06.074 [main] DEBUG o.h.p.w.spi.MetamodelGraphWalker - Visiting attribute path : userDetails
14:56:06.074 [main] DEBUG o.h.l.p.b.i.spaces.QuerySpacesImpl - Adding QuerySpace : uid = &lt;gen:2&gt; -&gt; org.hibernate.loader.plan.build.internal.spaces.EntityQuerySpaceImpl@79767781]
14:56:06.074 [main] DEBUG o.h.l.p.b.i.FetchStyleLoadPlanBuildingAssociationVisitationStrategy - Building LoadPlan...
14:56:06.075 [main] DEBUG o.h.l.p.e.i.LoadQueryJoinAndFetchProcessor - processing queryspace &lt;gen:0&gt;
14:56:06.075 [main] DEBUG o.h.l.p.b.spi.LoadPlanTreePrinter - LoadPlan(entity=com.yuan.hspot.Entity.Message)
    - Returns
       - EntityReturnImpl(entity=com.yuan.hspot.Entity.Message, querySpaceUid=&lt;gen:0&gt;, path=com.yuan.hspot.Entity.Message)
          - EntityAttributeFetchImpl(entity=com.yuan.hspot.Entity.Conversation, querySpaceUid=&lt;gen:1&gt;, path=com.yuan.hspot.Entity.Message.conversation)
          - EntityAttributeFetchImpl(entity=com.yuan.hspot.Entity.UserDetails, querySpaceUid=&lt;gen:2&gt;, path=com.yuan.hspot.Entity.Message.userDetails)
    - QuerySpaces
       - EntityQuerySpaceImpl(uid=&lt;gen:0&gt;, entity=com.yuan.hspot.Entity.Message)
          - SQL table alias mapping - message0_
          - alias suffix - 0_
          - suffixed key columns - {messageI1_1_0_}

14:56:06.075 [main] DEBUG o.h.loader.entity.plan.EntityLoader - Static select for entity com.yuan.hspot.Entity.Message [OPTIMISTIC]: select message0_.messageID as messageI1_1_0_, message0_.conversation_conversationID as conversa4_1_0_, message0_.created as created2_1_0_, message0_.messageContent as messageC3_1_0_, message0_.userDetails_userID as userDeta5_1_0_ from Message message0_ where message0_.messageID=?
14:56:06.075 [main] DEBUG o.h.l.p.b.i.spaces.QuerySpacesImpl - Adding QuerySpace : uid = &lt;gen:0&gt; -&gt; org.hibernate.loader.plan.build.internal.spaces.EntityQuerySpaceImpl@78411116]
14:56:06.075 [main] DEBUG o.h.p.w.spi.MetamodelGraphWalker - Visiting attribute path : conversation
14:56:06.076 [main] DEBUG o.h.l.p.b.i.spaces.QuerySpacesImpl - Adding QuerySpace : uid = &lt;gen:1&gt; -&gt; org.hibernate.loader.plan.build.internal.spaces.EntityQuerySpaceImpl@245a060f]
14:56:06.076 [main] DEBUG o.h.p.w.spi.MetamodelGraphWalker - Visiting attribute path : created
14:56:06.076 [main] DEBUG o.h.p.w.spi.MetamodelGraphWalker - Visiting attribute path : messageContent
14:56:06.076 [main] DEBUG o.h.p.w.spi.MetamodelGraphWalker - Visiting attribute path : userDetails
14:56:06.076 [main] DEBUG o.h.l.p.b.i.spaces.QuerySpacesImpl - Adding QuerySpace : uid = &lt;gen:2&gt; -&gt; org.hibernate.loader.plan.build.internal.spaces.EntityQuerySpaceImpl@6edaa77a]
14:56:06.076 [main] DEBUG o.h.l.p.b.i.FetchStyleLoadPlanBuildingAssociationVisitationStrategy - Building LoadPlan...
14:56:06.076 [main] DEBUG o.h.l.p.e.i.LoadQueryJoinAndFetchProcessor - processing queryspace &lt;gen:0&gt;
14:56:06.077 [main] DEBUG o.h.l.p.b.spi.LoadPlanTreePrinter - LoadPlan(entity=com.yuan.hspot.Entity.Message)
    - Returns
       - EntityReturnImpl(entity=com.yuan.hspot.Entity.Message, querySpaceUid=&lt;gen:0&gt;, path=com.yuan.hspot.Entity.Message)
          - EntityAttributeFetchImpl(entity=com.yuan.hspot.Entity.Conversation, querySpaceUid=&lt;gen:1&gt;, path=com.yuan.hspot.Entity.Message.conversation)
          - EntityAttributeFetchImpl(entity=com.yuan.hspot.Entity.UserDetails, querySpaceUid=&lt;gen:2&gt;, path=com.yuan.hspot.Entity.Message.userDetails)
    - QuerySpaces
       - EntityQuerySpaceImpl(uid=&lt;gen:0&gt;, entity=com.yuan.hspot.Entity.Message)
          - SQL table alias mapping - message0_
          - alias suffix - 0_
          - suffixed key columns - {messageI1_1_0_}

14:56:06.077 [main] DEBUG o.h.loader.entity.plan.EntityLoader - Static select for entity com.yuan.hspot.Entity.Message [OPTIMISTIC_FORCE_INCREMENT]: select message0_.messageID as messageI1_1_0_, message0_.conversation_conversationID as conversa4_1_0_, message0_.created as created2_1_0_, message0_.messageContent as messageC3_1_0_, message0_.userDetails_userID as userDeta5_1_0_ from Message message0_ where message0_.messageID=?
14:56:06.077 [main] DEBUG org.hibernate.loader.Loader - Static select for action ACTION_MERGE on entity com.yuan.hspot.Entity.Message: select message0_.messageID as messageI1_1_0_, message0_.conversation_conversationID as conversa4_1_0_, message0_.created as created2_1_0_, message0_.messageContent as messageC3_1_0_, message0_.userDetails_userID as userDeta5_1_0_ from Message message0_ where message0_.messageID=?
14:56:06.077 [main] DEBUG org.hibernate.loader.Loader - Static select for action ACTION_REFRESH on entity com.yuan.hspot.Entity.Message: select message0_.messageID as messageI1_1_0_, message0_.conversation_conversationID as conversa4_1_0_, message0_.created as created2_1_0_, message0_.messageContent as messageC3_1_0_, message0_.userDetails_userID as userDeta5_1_0_ from Message message0_ where message0_.messageID=?
14:56:06.077 [main] DEBUG o.h.p.entity.AbstractEntityPersister - Static SQL for entity: com.yuan.hspot.Entity.UserDetails
14:56:06.077 [main] DEBUG o.h.p.entity.AbstractEntityPersister -  Version select: select userID from UserDetails where userID =?
14:56:06.078 [main] DEBUG o.h.p.entity.AbstractEntityPersister -  Snapshot select: select userdetail_.userID, userdetail_.email as email2_3_, userdetail_.firstName as firstNam3_3_, userdetail_.lastName as lastName4_3_, userdetail_.password as password5_3_, userdetail_.role as role6_3_ from UserDetails userdetail_ where userdetail_.userID=?
14:56:06.078 [main] DEBUG o.h.p.entity.AbstractEntityPersister -  Insert 0: insert into UserDetails (email, firstName, lastName, password, role, userID) values (?, ?, ?, ?, ?, ?)
14:56:06.078 [main] DEBUG o.h.p.entity.AbstractEntityPersister -  Update 0: update UserDetails set email=?, firstName=?, lastName=?, password=?, role=? where userID=?
14:56:06.078 [main] DEBUG o.h.p.entity.AbstractEntityPersister -  Delete 0: delete from UserDetails where userID=?
14:56:06.078 [main] DEBUG o.h.p.entity.AbstractEntityPersister -  Identity insert: insert into UserDetails (email, firstName, lastName, password, role) values (?, ?, ?, ?, ?)
14:56:06.078 [main] DEBUG o.h.l.p.b.i.spaces.QuerySpacesImpl - Adding QuerySpace : uid = &lt;gen:0&gt; -&gt; org.hibernate.loader.plan.build.internal.spaces.EntityQuerySpaceImpl@1e63d216]
14:56:06.078 [main] DEBUG o.h.p.w.spi.MetamodelGraphWalker - Visiting attribute path : email
14:56:06.078 [main] DEBUG o.h.p.w.spi.MetamodelGraphWalker - Visiting attribute path : firstName
14:56:06.078 [main] DEBUG o.h.p.w.spi.MetamodelGraphWalker - Visiting attribute path : lastName
14:56:06.078 [main] DEBUG o.h.p.w.spi.MetamodelGraphWalker - Visiting attribute path : messages
14:56:06.078 [main] DEBUG o.h.p.w.spi.MetamodelGraphWalker - Visiting attribute path : password
14:56:06.078 [main] DEBUG o.h.p.w.spi.MetamodelGraphWalker - Visiting attribute path : reviewGiven
14:56:06.078 [main] DEBUG o.h.p.w.spi.MetamodelGraphWalker - Visiting attribute path : reviewReceived
14:56:06.078 [main] DEBUG o.h.p.w.spi.MetamodelGraphWalker - Visiting attribute path : role
14:56:06.078 [main] DEBUG o.h.p.w.spi.MetamodelGraphWalker - Visiting attribute path : skills
14:56:06.078 [main] DEBUG o.h.p.w.spi.MetamodelGraphWalker - Visiting attribute path : userOneConversations
14:56:06.078 [main] DEBUG o.h.p.w.spi.MetamodelGraphWalker - Visiting attribute path : userTwoConversations
14:56:06.078 [main] DEBUG o.h.l.p.b.i.FetchStyleLoadPlanBuildingAssociationVisitationStrategy - Building LoadPlan...
14:56:06.079 [main] DEBUG o.h.l.p.e.i.LoadQueryJoinAndFetchProcessor - processing queryspace &lt;gen:0&gt;
14:56:06.079 [main] DEBUG o.h.l.p.b.spi.LoadPlanTreePrinter - LoadPlan(entity=com.yuan.hspot.Entity.UserDetails)
    - Returns
       - EntityReturnImpl(entity=com.yuan.hspot.Entity.UserDetails, querySpaceUid=&lt;gen:0&gt;, path=com.yuan.hspot.Entity.UserDetails)
    - QuerySpaces
       - EntityQuerySpaceImpl(uid=&lt;gen:0&gt;, entity=com.yuan.hspot.Entity.UserDetails)
          - SQL table alias mapping - userdetail0_
          - alias suffix - 0_
          - suffixed key columns - {userID1_3_0_}

14:56:06.079 [main] DEBUG o.h.loader.entity.plan.EntityLoader - Static select for entity com.yuan.hspot.Entity.UserDetails [NONE]: select userdetail0_.userID as userID1_3_0_, userdetail0_.email as email2_3_0_, userdetail0_.firstName as firstNam3_3_0_, userdetail0_.lastName as lastName4_3_0_, userdetail0_.password as password5_3_0_, userdetail0_.role as role6_3_0_ from UserDetails userdetail0_ where userdetail0_.userID=?
14:56:06.079 [main] DEBUG o.h.l.p.b.i.spaces.QuerySpacesImpl - Adding QuerySpace : uid = &lt;gen:0&gt; -&gt; org.hibernate.loader.plan.build.internal.spaces.EntityQuerySpaceImpl@16c3ca31]
14:56:06.079 [main] DEBUG o.h.p.w.spi.MetamodelGraphWalker - Visiting attribute path : email
14:56:06.079 [main] DEBUG o.h.p.w.spi.MetamodelGraphWalker - Visiting attribute path : firstName
14:56:06.079 [main] DEBUG o.h.p.w.spi.MetamodelGraphWalker - Visiting attribute path : lastName
14:56:06.079 [main] DEBUG o.h.p.w.spi.MetamodelGraphWalker - Visiting attribute path : messages
14:56:06.079 [main] DEBUG o.h.p.w.spi.MetamodelGraphWalker - Visiting attribute path : password
14:56:06.079 [main] DEBUG o.h.p.w.spi.MetamodelGraphWalker - Visiting attribute path : reviewGiven
14:56:06.079 [main] DEBUG o.h.p.w.spi.MetamodelGraphWalker - Visiting attribute path : reviewReceived
14:56:06.080 [main] DEBUG o.h.p.w.spi.MetamodelGraphWalker - Visiting attribute path : role
14:56:06.080 [main] DEBUG o.h.p.w.spi.MetamodelGraphWalker - Visiting attribute path : skills
14:56:06.080 [main] DEBUG o.h.p.w.spi.MetamodelGraphWalker - Visiting attribute path : userOneConversations
14:56:06.080 [main] DEBUG o.h.p.w.spi.MetamodelGraphWalker - Visiting attribute path : userTwoConversations
14:56:06.080 [main] DEBUG o.h.l.p.b.i.FetchStyleLoadPlanBuildingAssociationVisitationStrategy - Building LoadPlan...
14:56:06.080 [main] DEBUG o.h.l.p.e.i.LoadQueryJoinAndFetchProcessor - processing queryspace &lt;gen:0&gt;
14:56:06.080 [main] DEBUG o.h.l.p.b.spi.LoadPlanTreePrinter - LoadPlan(entity=com.yuan.hspot.Entity.UserDetails)
    - Returns
       - EntityReturnImpl(entity=com.yuan.hspot.Entity.UserDetails, querySpaceUid=&lt;gen:0&gt;, path=com.yuan.hspot.Entity.UserDetails)
    - QuerySpaces
       - EntityQuerySpaceImpl(uid=&lt;gen:0&gt;, entity=com.yuan.hspot.Entity.UserDetails)
          - SQL table alias mapping - userdetail0_
          - alias suffix - 0_
          - suffixed key columns - {userID1_3_0_}

14:56:06.080 [main] DEBUG o.h.loader.entity.plan.EntityLoader - Static select for entity com.yuan.hspot.Entity.UserDetails [READ]: select userdetail0_.userID as userID1_3_0_, userdetail0_.email as email2_3_0_, userdetail0_.firstName as firstNam3_3_0_, userdetail0_.lastName as lastName4_3_0_, userdetail0_.password as password5_3_0_, userdetail0_.role as role6_3_0_ from UserDetails userdetail0_ where userdetail0_.userID=?
14:56:06.080 [main] DEBUG o.h.l.p.b.i.spaces.QuerySpacesImpl - Adding QuerySpace : uid = &lt;gen:0&gt; -&gt; org.hibernate.loader.plan.build.internal.spaces.EntityQuerySpaceImpl@2d6aca33]
14:56:06.081 [main] DEBUG o.h.p.w.spi.MetamodelGraphWalker - Visiting attribute path : email
14:56:06.081 [main] DEBUG o.h.p.w.spi.MetamodelGraphWalker - Visiting attribute path : firstName
14:56:06.081 [main] DEBUG o.h.p.w.spi.MetamodelGraphWalker - Visiting attribute path : lastName
14:56:06.081 [main] DEBUG o.h.p.w.spi.MetamodelGraphWalker - Visiting attribute path : messages
14:56:06.081 [main] DEBUG o.h.p.w.spi.MetamodelGraphWalker - Visiting attribute path : password
14:56:06.081 [main] DEBUG o.h.p.w.spi.MetamodelGraphWalker - Visiting attribute path : reviewGiven
14:56:06.081 [main] DEBUG o.h.p.w.spi.MetamodelGraphWalker - Visiting attribute path : reviewReceived
14:56:06.081 [main] DEBUG o.h.p.w.spi.MetamodelGraphWalker - Visiting attribute path : role
14:56:06.081 [main] DEBUG o.h.p.w.spi.MetamodelGraphWalker - Visiting attribute path : skills
14:56:06.081 [main] DEBUG o.h.p.w.spi.MetamodelGraphWalker - Visiting attribute path : userOneConversations
14:56:06.081 [main] DEBUG o.h.p.w.spi.MetamodelGraphWalker - Visiting attribute path : userTwoConversations
14:56:06.081 [main] DEBUG o.h.l.p.b.i.FetchStyleLoadPlanBuildingAssociationVisitationStrategy - Building LoadPlan...
14:56:06.081 [main] DEBUG o.h.l.p.e.i.LoadQueryJoinAndFetchProcessor - processing queryspace &lt;gen:0&gt;
14:56:06.082 [main] DEBUG o.h.l.p.b.spi.LoadPlanTreePrinter - LoadPlan(entity=com.yuan.hspot.Entity.UserDetails)
    - Returns
       - EntityReturnImpl(entity=com.yuan.hspot.Entity.UserDetails, querySpaceUid=&lt;gen:0&gt;, path=com.yuan.hspot.Entity.UserDetails)
    - QuerySpaces
       - EntityQuerySpaceImpl(uid=&lt;gen:0&gt;, entity=com.yuan.hspot.Entity.UserDetails)
          - SQL table alias mapping - userdetail0_
          - alias suffix - 0_
          - suffixed key columns - {userID1_3_0_}

14:56:06.082 [main] DEBUG o.h.loader.entity.plan.EntityLoader - Static select for entity com.yuan.hspot.Entity.UserDetails [UPGRADE]: select userdetail0_.userID as userID1_3_0_, userdetail0_.email as email2_3_0_, userdetail0_.firstName as firstNam3_3_0_, userdetail0_.lastName as lastName4_3_0_, userdetail0_.password as password5_3_0_, userdetail0_.role as role6_3_0_ from UserDetails userdetail0_ where userdetail0_.userID=? for update
14:56:06.082 [main] DEBUG o.h.l.p.b.i.spaces.QuerySpacesImpl - Adding QuerySpace : uid = &lt;gen:0&gt; -&gt; org.hibernate.loader.plan.build.internal.spaces.EntityQuerySpaceImpl@29314cc9]
14:56:06.082 [main] DEBUG o.h.p.w.spi.MetamodelGraphWalker - Visiting attribute path : email
14:56:06.082 [main] DEBUG o.h.p.w.spi.MetamodelGraphWalker - Visiting attribute path : firstName
14:56:06.082 [main] DEBUG o.h.p.w.spi.MetamodelGraphWalker - Visiting attribute path : lastName
14:56:06.082 [main] DEBUG o.h.p.w.spi.MetamodelGraphWalker - Visiting attribute path : messages
14:56:06.082 [main] DEBUG o.h.p.w.spi.MetamodelGraphWalker - Visiting attribute path : password
14:56:06.082 [main] DEBUG o.h.p.w.spi.MetamodelGraphWalker - Visiting attribute path : reviewGiven
14:56:06.082 [main] DEBUG o.h.p.w.spi.MetamodelGraphWalker - Visiting attribute path : reviewReceived
14:56:06.082 [main] DEBUG o.h.p.w.spi.MetamodelGraphWalker - Visiting attribute path : role
14:56:06.082 [main] DEBUG o.h.p.w.spi.MetamodelGraphWalker - Visiting attribute path : skills
14:56:06.082 [main] DEBUG o.h.p.w.spi.MetamodelGraphWalker - Visiting attribute path : userOneConversations
14:56:06.082 [main] DEBUG o.h.p.w.spi.MetamodelGraphWalker - Visiting attribute path : userTwoConversations
14:56:06.082 [main] DEBUG o.h.l.p.b.i.FetchStyleLoadPlanBuildingAssociationVisitationStrategy - Building LoadPlan...
14:56:06.083 [main] DEBUG o.h.l.p.e.i.LoadQueryJoinAndFetchProcessor - processing queryspace &lt;gen:0&gt;
14:56:06.083 [main] DEBUG o.h.l.p.b.spi.LoadPlanTreePrinter - LoadPlan(entity=com.yuan.hspot.Entity.UserDetails)
    - Returns
       - EntityReturnImpl(entity=com.yuan.hspot.Entity.UserDetails, querySpaceUid=&lt;gen:0&gt;, path=com.yuan.hspot.Entity.UserDetails)
    - QuerySpaces
       - EntityQuerySpaceImpl(uid=&lt;gen:0&gt;, entity=com.yuan.hspot.Entity.UserDetails)
          - SQL table alias mapping - userdetail0_
          - alias suffix - 0_
          - suffixed key columns - {userID1_3_0_}

14:56:06.083 [main] DEBUG o.h.loader.entity.plan.EntityLoader - Static select for entity com.yuan.hspot.Entity.UserDetails [UPGRADE_NOWAIT]: select userdetail0_.userID as userID1_3_0_, userdetail0_.email as email2_3_0_, userdetail0_.firstName as firstNam3_3_0_, userdetail0_.lastName as lastName4_3_0_, userdetail0_.password as password5_3_0_, userdetail0_.role as role6_3_0_ from UserDetails userdetail0_ where userdetail0_.userID=? for update nowait 
14:56:06.083 [main] DEBUG o.h.l.p.b.i.spaces.QuerySpacesImpl - Adding QuerySpace : uid = &lt;gen:0&gt; -&gt; org.hibernate.loader.plan.build.internal.spaces.EntityQuerySpaceImpl@35f8a9d3]
14:56:06.083 [main] DEBUG o.h.p.w.spi.MetamodelGraphWalker - Visiting attribute path : email
14:56:06.083 [main] DEBUG o.h.p.w.spi.MetamodelGraphWalker - Visiting attribute path : firstName
14:56:06.083 [main] DEBUG o.h.p.w.spi.MetamodelGraphWalker - Visiting attribute path : lastName
14:56:06.083 [main] DEBUG o.h.p.w.spi.MetamodelGraphWalker - Visiting attribute path : messages
14:56:06.084 [main] DEBUG o.h.p.w.spi.MetamodelGraphWalker - Visiting attribute path : password
14:56:06.084 [main] DEBUG o.h.p.w.spi.MetamodelGraphWalker - Visiting attribute path : reviewGiven
14:56:06.084 [main] DEBUG o.h.p.w.spi.MetamodelGraphWalker - Visiting attribute path : reviewReceived
14:56:06.084 [main] DEBUG o.h.p.w.spi.MetamodelGraphWalker - Visiting attribute path : role
14:56:06.084 [main] DEBUG o.h.p.w.spi.MetamodelGraphWalker - Visiting attribute path : skills
14:56:06.084 [main] DEBUG o.h.p.w.spi.MetamodelGraphWalker - Visiting attribute path : userOneConversations
14:56:06.084 [main] DEBUG o.h.p.w.spi.MetamodelGraphWalker - Visiting attribute path : userTwoConversations
14:56:06.084 [main] DEBUG o.h.l.p.b.i.FetchStyleLoadPlanBuildingAssociationVisitationStrategy - Building LoadPlan...
14:56:06.084 [main] DEBUG o.h.l.p.e.i.LoadQueryJoinAndFetchProcessor - processing queryspace &lt;gen:0&gt;
14:56:06.085 [main] DEBUG o.h.l.p.b.spi.LoadPlanTreePrinter - LoadPlan(entity=com.yuan.hspot.Entity.UserDetails)
    - Returns
       - EntityReturnImpl(entity=com.yuan.hspot.Entity.UserDetails, querySpaceUid=&lt;gen:0&gt;, path=com.yuan.hspot.Entity.UserDetails)
    - QuerySpaces
       - EntityQuerySpaceImpl(uid=&lt;gen:0&gt;, entity=com.yuan.hspot.Entity.UserDetails)
          - SQL table alias mapping - userdetail0_
          - alias suffix - 0_
          - suffixed key columns - {userID1_3_0_}

14:56:06.085 [main] DEBUG o.h.loader.entity.plan.EntityLoader - Static select for entity com.yuan.hspot.Entity.UserDetails [UPGRADE_SKIPLOCKED]: select userdetail0_.userID as userID1_3_0_, userdetail0_.email as email2_3_0_, userdetail0_.firstName as firstNam3_3_0_, userdetail0_.lastName as lastName4_3_0_, userdetail0_.password as password5_3_0_, userdetail0_.role as role6_3_0_ from UserDetails userdetail0_ where userdetail0_.userID=? for update
14:56:06.085 [main] DEBUG o.h.l.p.b.i.spaces.QuerySpacesImpl - Adding QuerySpace : uid = &lt;gen:0&gt; -&gt; org.hibernate.loader.plan.build.internal.spaces.EntityQuerySpaceImpl@6b1e7ad3]
14:56:06.085 [main] DEBUG o.h.p.w.spi.MetamodelGraphWalker - Visiting attribute path : email
14:56:06.085 [main] DEBUG o.h.p.w.spi.MetamodelGraphWalker - Visiting attribute path : firstName
14:56:06.085 [main] DEBUG o.h.p.w.spi.MetamodelGraphWalker - Visiting attribute path : lastName
14:56:06.085 [main] DEBUG o.h.p.w.spi.MetamodelGraphWalker - Visiting attribute path : messages
14:56:06.085 [main] DEBUG o.h.p.w.spi.MetamodelGraphWalker - Visiting attribute path : password
14:56:06.085 [main] DEBUG o.h.p.w.spi.MetamodelGraphWalker - Visiting attribute path : reviewGiven
14:56:06.085 [main] DEBUG o.h.p.w.spi.MetamodelGraphWalker - Visiting attribute path : reviewReceived
14:56:06.085 [main] DEBUG o.h.p.w.spi.MetamodelGraphWalker - Visiting attribute path : role
14:56:06.085 [main] DEBUG o.h.p.w.spi.MetamodelGraphWalker - Visiting attribute path : skills
14:56:06.085 [main] DEBUG o.h.p.w.spi.MetamodelGraphWalker - Visiting attribute path : userOneConversations
14:56:06.085 [main] DEBUG o.h.p.w.spi.MetamodelGraphWalker - Visiting attribute path : userTwoConversations
14:56:06.085 [main] DEBUG o.h.l.p.b.i.FetchStyleLoadPlanBuildingAssociationVisitationStrategy - Building LoadPlan...
14:56:06.085 [main] DEBUG o.h.l.p.e.i.LoadQueryJoinAndFetchProcessor - processing queryspace &lt;gen:0&gt;
14:56:06.086 [main] DEBUG o.h.l.p.b.spi.LoadPlanTreePrinter - LoadPlan(entity=com.yuan.hspot.Entity.UserDetails)
    - Returns
       - EntityReturnImpl(entity=com.yuan.hspot.Entity.UserDetails, querySpaceUid=&lt;gen:0&gt;, path=com.yuan.hspot.Entity.UserDetails)
    - QuerySpaces
       - EntityQuerySpaceImpl(uid=&lt;gen:0&gt;, entity=com.yuan.hspot.Entity.UserDetails)
          - SQL table alias mapping - userdetail0_
          - alias suffix - 0_
          - suffixed key columns - {userID1_3_0_}

14:56:06.086 [main] DEBUG o.h.loader.entity.plan.EntityLoader - Static select for entity com.yuan.hspot.Entity.UserDetails [FORCE]: select userdetail0_.userID as userID1_3_0_, userdetail0_.email as email2_3_0_, userdetail0_.firstName as firstNam3_3_0_, userdetail0_.lastName as lastName4_3_0_, userdetail0_.password as password5_3_0_, userdetail0_.role as role6_3_0_ from UserDetails userdetail0_ where userdetail0_.userID=? for update nowait 
14:56:06.086 [main] DEBUG o.h.l.p.b.i.spaces.QuerySpacesImpl - Adding QuerySpace : uid = &lt;gen:0&gt; -&gt; org.hibernate.loader.plan.build.internal.spaces.EntityQuerySpaceImpl@13a37e2a]
14:56:06.086 [main] DEBUG o.h.p.w.spi.MetamodelGraphWalker - Visiting attribute path : email
14:56:06.086 [main] DEBUG o.h.p.w.spi.MetamodelGraphWalker - Visiting attribute path : firstName
14:56:06.086 [main] DEBUG o.h.p.w.spi.MetamodelGraphWalker - Visiting attribute path : lastName
14:56:06.086 [main] DEBUG o.h.p.w.spi.MetamodelGraphWalker - Visiting attribute path : messages
14:56:06.086 [main] DEBUG o.h.p.w.spi.MetamodelGraphWalker - Visiting attribute path : password
14:56:06.086 [main] DEBUG o.h.p.w.spi.MetamodelGraphWalker - Visiting attribute path : reviewGiven
14:56:06.086 [main] DEBUG o.h.p.w.spi.MetamodelGraphWalker - Visiting attribute path : reviewReceived
14:56:06.086 [main] DEBUG o.h.p.w.spi.MetamodelGraphWalker - Visiting attribute path : role
14:56:06.086 [main] DEBUG o.h.p.w.spi.MetamodelGraphWalker - Visiting attribute path : skills
14:56:06.086 [main] DEBUG o.h.p.w.spi.MetamodelGraphWalker - Visiting attribute path : userOneConversations
14:56:06.086 [main] DEBUG o.h.p.w.spi.MetamodelGraphWalker - Visiting attribute path : userTwoConversations
14:56:06.086 [main] DEBUG o.h.l.p.b.i.FetchStyleLoadPlanBuildingAssociationVisitationStrategy - Building LoadPlan...
14:56:06.087 [main] DEBUG o.h.l.p.e.i.LoadQueryJoinAndFetchProcessor - processing queryspace &lt;gen:0&gt;
14:56:06.087 [main] DEBUG o.h.l.p.b.spi.LoadPlanTreePrinter - LoadPlan(entity=com.yuan.hspot.Entity.UserDetails)
    - Returns
       - EntityReturnImpl(entity=com.yuan.hspot.Entity.UserDetails, querySpaceUid=&lt;gen:0&gt;, path=com.yuan.hspot.Entity.UserDetails)
    - QuerySpaces
       - EntityQuerySpaceImpl(uid=&lt;gen:0&gt;, entity=com.yuan.hspot.Entity.UserDetails)
          - SQL table alias mapping - userdetail0_
          - alias suffix - 0_
          - suffixed key columns - {userID1_3_0_}

14:56:06.087 [main] DEBUG o.h.loader.entity.plan.EntityLoader - Static select for entity com.yuan.hspot.Entity.UserDetails [PESSIMISTIC_READ]: select userdetail0_.userID as userID1_3_0_, userdetail0_.email as email2_3_0_, userdetail0_.firstName as firstNam3_3_0_, userdetail0_.lastName as lastName4_3_0_, userdetail0_.password as password5_3_0_, userdetail0_.role as role6_3_0_ from UserDetails userdetail0_ where userdetail0_.userID=? for share
14:56:06.087 [main] DEBUG o.h.l.p.b.i.spaces.QuerySpacesImpl - Adding QuerySpace : uid = &lt;gen:0&gt; -&gt; org.hibernate.loader.plan.build.internal.spaces.EntityQuerySpaceImpl@1280851e]
14:56:06.087 [main] DEBUG o.h.p.w.spi.MetamodelGraphWalker - Visiting attribute path : email
14:56:06.087 [main] DEBUG o.h.p.w.spi.MetamodelGraphWalker - Visiting attribute path : firstName
14:56:06.087 [main] DEBUG o.h.p.w.spi.MetamodelGraphWalker - Visiting attribute path : lastName
14:56:06.087 [main] DEBUG o.h.p.w.spi.MetamodelGraphWalker - Visiting attribute path : messages
14:56:06.087 [main] DEBUG o.h.p.w.spi.MetamodelGraphWalker - Visiting attribute path : password
14:56:06.087 [main] DEBUG o.h.p.w.spi.MetamodelGraphWalker - Visiting attribute path : reviewGiven
14:56:06.087 [main] DEBUG o.h.p.w.spi.MetamodelGraphWalker - Visiting attribute path : reviewReceived
14:56:06.087 [main] DEBUG o.h.p.w.spi.MetamodelGraphWalker - Visiting attribute path : role
14:56:06.087 [main] DEBUG o.h.p.w.spi.MetamodelGraphWalker - Visiting attribute path : skills
14:56:06.087 [main] DEBUG o.h.p.w.spi.MetamodelGraphWalker - Visiting attribute path : userOneConversations
14:56:06.087 [main] DEBUG o.h.p.w.spi.MetamodelGraphWalker - Visiting attribute path : userTwoConversations
14:56:06.087 [main] DEBUG o.h.l.p.b.i.FetchStyleLoadPlanBuildingAssociationVisitationStrategy - Building LoadPlan...
14:56:06.088 [main] DEBUG o.h.l.p.e.i.LoadQueryJoinAndFetchProcessor - processing queryspace &lt;gen:0&gt;
14:56:06.088 [main] DEBUG o.h.l.p.b.spi.LoadPlanTreePrinter - LoadPlan(entity=com.yuan.hspot.Entity.UserDetails)
    - Returns
       - EntityReturnImpl(entity=com.yuan.hspot.Entity.UserDetails, querySpaceUid=&lt;gen:0&gt;, path=com.yuan.hspot.Entity.UserDetails)
    - QuerySpaces
       - EntityQuerySpaceImpl(uid=&lt;gen:0&gt;, entity=com.yuan.hspot.Entity.UserDetails)
          - SQL table alias mapping - userdetail0_
          - alias suffix - 0_
          - suffixed key columns - {userID1_3_0_}

14:56:06.088 [main] DEBUG o.h.loader.entity.plan.EntityLoader - Static select for entity com.yuan.hspot.Entity.UserDetails [PESSIMISTIC_WRITE]: select userdetail0_.userID as userID1_3_0_, userdetail0_.email as email2_3_0_, userdetail0_.firstName as firstNam3_3_0_, userdetail0_.lastName as lastName4_3_0_, userdetail0_.password as password5_3_0_, userdetail0_.role as role6_3_0_ from UserDetails userdetail0_ where userdetail0_.userID=? for update
14:56:06.088 [main] DEBUG o.h.l.p.b.i.spaces.QuerySpacesImpl - Adding QuerySpace : uid = &lt;gen:0&gt; -&gt; org.hibernate.loader.plan.build.internal.spaces.EntityQuerySpaceImpl@56de6d6b]
14:56:06.088 [main] DEBUG o.h.p.w.spi.MetamodelGraphWalker - Visiting attribute path : email
14:56:06.088 [main] DEBUG o.h.p.w.spi.MetamodelGraphWalker - Visiting attribute path : firstName
14:56:06.088 [main] DEBUG o.h.p.w.spi.MetamodelGraphWalker - Visiting attribute path : lastName
14:56:06.088 [main] DEBUG o.h.p.w.spi.MetamodelGraphWalker - Visiting attribute path : messages
14:56:06.088 [main] DEBUG o.h.p.w.spi.MetamodelGraphWalker - Visiting attribute path : password
14:56:06.088 [main] DEBUG o.h.p.w.spi.MetamodelGraphWalker - Visiting attribute path : reviewGiven
14:56:06.088 [main] DEBUG o.h.p.w.spi.MetamodelGraphWalker - Visiting attribute path : reviewReceived
14:56:06.088 [main] DEBUG o.h.p.w.spi.MetamodelGraphWalker - Visiting attribute path : role
14:56:06.088 [main] DEBUG o.h.p.w.spi.MetamodelGraphWalker - Visiting attribute path : skills
14:56:06.088 [main] DEBUG o.h.p.w.spi.MetamodelGraphWalker - Visiting attribute path : userOneConversations
14:56:06.089 [main] DEBUG o.h.p.w.spi.MetamodelGraphWalker - Visiting attribute path : userTwoConversations
14:56:06.089 [main] DEBUG o.h.l.p.b.i.FetchStyleLoadPlanBuildingAssociationVisitationStrategy - Building LoadPlan...
14:56:06.089 [main] DEBUG o.h.l.p.e.i.LoadQueryJoinAndFetchProcessor - processing queryspace &lt;gen:0&gt;
14:56:06.089 [main] DEBUG o.h.l.p.b.spi.LoadPlanTreePrinter - LoadPlan(entity=com.yuan.hspot.Entity.UserDetails)
    - Returns
       - EntityReturnImpl(entity=com.yuan.hspot.Entity.UserDetails, querySpaceUid=&lt;gen:0&gt;, path=com.yuan.hspot.Entity.UserDetails)
    - QuerySpaces
       - EntityQuerySpaceImpl(uid=&lt;gen:0&gt;, entity=com.yuan.hspot.Entity.UserDetails)
          - SQL table alias mapping - userdetail0_
          - alias suffix - 0_
          - suffixed key columns - {userID1_3_0_}

14:56:06.089 [main] DEBUG o.h.loader.entity.plan.EntityLoader - Static select for entity com.yuan.hspot.Entity.UserDetails [PESSIMISTIC_FORCE_INCREMENT]: select userdetail0_.userID as userID1_3_0_, userdetail0_.email as email2_3_0_, userdetail0_.firstName as firstNam3_3_0_, userdetail0_.lastName as lastName4_3_0_, userdetail0_.password as password5_3_0_, userdetail0_.role as role6_3_0_ from UserDetails userdetail0_ where userdetail0_.userID=? for update nowait 
14:56:06.089 [main] DEBUG o.h.l.p.b.i.spaces.QuerySpacesImpl - Adding QuerySpace : uid = &lt;gen:0&gt; -&gt; org.hibernate.loader.plan.build.internal.spaces.EntityQuerySpaceImpl@4fcc0416]
14:56:06.089 [main] DEBUG o.h.p.w.spi.MetamodelGraphWalker - Visiting attribute path : email
14:56:06.089 [main] DEBUG o.h.p.w.spi.MetamodelGraphWalker - Visiting attribute path : firstName
14:56:06.089 [main] DEBUG o.h.p.w.spi.MetamodelGraphWalker - Visiting attribute path : lastName
14:56:06.090 [main] DEBUG o.h.p.w.spi.MetamodelGraphWalker - Visiting attribute path : messages
14:56:06.090 [main] DEBUG o.h.p.w.spi.MetamodelGraphWalker - Visiting attribute path : password
14:56:06.090 [main] DEBUG o.h.p.w.spi.MetamodelGraphWalker - Visiting attribute path : reviewGiven
14:56:06.090 [main] DEBUG o.h.p.w.spi.MetamodelGraphWalker - Visiting attribute path : reviewReceived
14:56:06.090 [main] DEBUG o.h.p.w.spi.MetamodelGraphWalker - Visiting attribute path : role
14:56:06.090 [main] DEBUG o.h.p.w.spi.MetamodelGraphWalker - Visiting attribute path : skills
14:56:06.090 [main] DEBUG o.h.p.w.spi.MetamodelGraphWalker - Visiting attribute path : userOneConversations
14:56:06.090 [main] DEBUG o.h.p.w.spi.MetamodelGraphWalker - Visiting attribute path : userTwoConversations
14:56:06.090 [main] DEBUG o.h.l.p.b.i.FetchStyleLoadPlanBuildingAssociationVisitationStrategy - Building LoadPlan...
14:56:06.090 [main] DEBUG o.h.l.p.e.i.LoadQueryJoinAndFetchProcessor - processing queryspace &lt;gen:0&gt;
14:56:06.090 [main] DEBUG o.h.l.p.b.spi.LoadPlanTreePrinter - LoadPlan(entity=com.yuan.hspot.Entity.UserDetails)
    - Returns
       - EntityReturnImpl(entity=com.yuan.hspot.Entity.UserDetails, querySpaceUid=&lt;gen:0&gt;, path=com.yuan.hspot.Entity.UserDetails)
    - QuerySpaces
       - EntityQuerySpaceImpl(uid=&lt;gen:0&gt;, entity=com.yuan.hspot.Entity.UserDetails)
          - SQL table alias mapping - userdetail0_
          - alias suffix - 0_
          - suffixed key columns - {userID1_3_0_}

14:56:06.090 [main] DEBUG o.h.loader.entity.plan.EntityLoader - Static select for entity com.yuan.hspot.Entity.UserDetails [OPTIMISTIC]: select userdetail0_.userID as userID1_3_0_, userdetail0_.email as email2_3_0_, userdetail0_.firstName as firstNam3_3_0_, userdetail0_.lastName as lastName4_3_0_, userdetail0_.password as password5_3_0_, userdetail0_.role as role6_3_0_ from UserDetails userdetail0_ where userdetail0_.userID=?
14:56:06.090 [main] DEBUG o.h.l.p.b.i.spaces.QuerySpacesImpl - Adding QuerySpace : uid = &lt;gen:0&gt; -&gt; org.hibernate.loader.plan.build.internal.spaces.EntityQuerySpaceImpl@1473b8c0]
14:56:06.091 [main] DEBUG o.h.p.w.spi.MetamodelGraphWalker - Visiting attribute path : email
14:56:06.091 [main] DEBUG o.h.p.w.spi.MetamodelGraphWalker - Visiting attribute path : firstName
14:56:06.091 [main] DEBUG o.h.p.w.spi.MetamodelGraphWalker - Visiting attribute path : lastName
14:56:06.091 [main] DEBUG o.h.p.w.spi.MetamodelGraphWalker - Visiting attribute path : messages
14:56:06.091 [main] DEBUG o.h.p.w.spi.MetamodelGraphWalker - Visiting attribute path : password
14:56:06.091 [main] DEBUG o.h.p.w.spi.MetamodelGraphWalker - Visiting attribute path : reviewGiven
14:56:06.091 [main] DEBUG o.h.p.w.spi.MetamodelGraphWalker - Visiting attribute path : reviewReceived
14:56:06.091 [main] DEBUG o.h.p.w.spi.MetamodelGraphWalker - Visiting attribute path : role
14:56:06.091 [main] DEBUG o.h.p.w.spi.MetamodelGraphWalker - Visiting attribute path : skills
14:56:06.091 [main] DEBUG o.h.p.w.spi.MetamodelGraphWalker - Visiting attribute path : userOneConversations
14:56:06.091 [main] DEBUG o.h.p.w.spi.MetamodelGraphWalker - Visiting attribute path : userTwoConversations
14:56:06.091 [main] DEBUG o.h.l.p.b.i.FetchStyleLoadPlanBuildingAssociationVisitationStrategy - Building LoadPlan...
14:56:06.091 [main] DEBUG o.h.l.p.e.i.LoadQueryJoinAndFetchProcessor - processing queryspace &lt;gen:0&gt;
14:56:06.092 [main] DEBUG o.h.l.p.b.spi.LoadPlanTreePrinter - LoadPlan(entity=com.yuan.hspot.Entity.UserDetails)
    - Returns
       - EntityReturnImpl(entity=com.yuan.hspot.Entity.UserDetails, querySpaceUid=&lt;gen:0&gt;, path=com.yuan.hspot.Entity.UserDetails)
    - QuerySpaces
       - EntityQuerySpaceImpl(uid=&lt;gen:0&gt;, entity=com.yuan.hspot.Entity.UserDetails)
          - SQL table alias mapping - userdetail0_
          - alias suffix - 0_
          - suffixed key columns - {userID1_3_0_}

14:56:06.092 [main] DEBUG o.h.loader.entity.plan.EntityLoader - Static select for entity com.yuan.hspot.Entity.UserDetails [OPTIMISTIC_FORCE_INCREMENT]: select userdetail0_.userID as userID1_3_0_, userdetail0_.email as email2_3_0_, userdetail0_.firstName as firstNam3_3_0_, userdetail0_.lastName as lastName4_3_0_, userdetail0_.password as password5_3_0_, userdetail0_.role as role6_3_0_ from UserDetails userdetail0_ where userdetail0_.userID=?
14:56:06.092 [main] DEBUG org.hibernate.loader.Loader - Static select for action ACTION_MERGE on entity com.yuan.hspot.Entity.UserDetails: select userdetail0_.userID as userID1_3_0_, userdetail0_.email as email2_3_0_, userdetail0_.firstName as firstNam3_3_0_, userdetail0_.lastName as lastName4_3_0_, userdetail0_.password as password5_3_0_, userdetail0_.role as role6_3_0_ from UserDetails userdetail0_ where userdetail0_.userID=?
14:56:06.092 [main] DEBUG org.hibernate.loader.Loader - Static select for action ACTION_REFRESH on entity com.yuan.hspot.Entity.UserDetails: select userdetail0_.userID as userID1_3_0_, userdetail0_.email as email2_3_0_, userdetail0_.firstName as firstNam3_3_0_, userdetail0_.lastName as lastName4_3_0_, userdetail0_.password as password5_3_0_, userdetail0_.role as role6_3_0_ from UserDetails userdetail0_ where userdetail0_.userID=?
14:56:06.092 [main] DEBUG o.h.l.p.b.i.spaces.QuerySpacesImpl - Adding QuerySpace : uid = &lt;gen:0&gt; -&gt; org.hibernate.loader.plan.build.internal.spaces.CollectionQuerySpaceImpl@749f539e]
14:56:06.093 [main] DEBUG o.h.l.p.b.i.spaces.QuerySpacesImpl - Adding QuerySpace : uid = &lt;gen:1&gt; -&gt; org.hibernate.loader.plan.build.internal.spaces.EntityQuerySpaceImpl@5ca1f591]
14:56:06.093 [main] DEBUG o.h.p.w.spi.MetamodelGraphWalker - Visiting attribute path : reviewContent
14:56:06.093 [main] DEBUG o.h.p.w.spi.MetamodelGraphWalker - Visiting attribute path : reviewGiver
14:56:06.093 [main] DEBUG o.h.p.w.spi.MetamodelGraphWalker - Property path deemed to be circular : reviewGiver
14:56:06.093 [main] DEBUG o.h.p.w.spi.MetamodelGraphWalker - Visiting attribute path : reviewReceiver
14:56:06.093 [main] DEBUG o.h.l.p.b.i.spaces.QuerySpacesImpl - Adding QuerySpace : uid = &lt;gen:2&gt; -&gt; org.hibernate.loader.plan.build.internal.spaces.EntityQuerySpaceImpl@6075b2d3]
14:56:06.093 [main] DEBUG o.h.p.w.spi.MetamodelGraphWalker - Visiting attribute path : reviewReceiver.email
14:56:06.093 [main] DEBUG o.h.p.w.spi.MetamodelGraphWalker - Visiting attribute path : reviewReceiver.firstName
14:56:06.093 [main] DEBUG o.h.p.w.spi.MetamodelGraphWalker - Visiting attribute path : reviewReceiver.lastName
14:56:06.093 [main] DEBUG o.h.p.w.spi.MetamodelGraphWalker - Visiting attribute path : reviewReceiver.messages
14:56:06.093 [main] DEBUG o.h.p.w.spi.MetamodelGraphWalker - Visiting attribute path : reviewReceiver.password
14:56:06.093 [main] DEBUG o.h.p.w.spi.MetamodelGraphWalker - Visiting attribute path : reviewReceiver.reviewGiven
14:56:06.093 [main] DEBUG o.h.p.w.spi.MetamodelGraphWalker - Property path deemed to be circular : reviewReceiver.reviewGiven
14:56:06.093 [main] DEBUG o.h.p.w.spi.MetamodelGraphWalker - Visiting attribute path : reviewReceiver.reviewReceived
14:56:06.093 [main] DEBUG o.h.p.w.spi.MetamodelGraphWalker - Property path deemed to be circular : reviewReceiver.reviewReceived
14:56:06.093 [main] DEBUG o.h.p.w.spi.MetamodelGraphWalker - Visiting attribute path : reviewReceiver.role
14:56:06.093 [main] DEBUG o.h.p.w.spi.MetamodelGraphWalker - Visiting attribute path : reviewReceiver.skills
14:56:06.093 [main] DEBUG o.h.p.w.spi.MetamodelGraphWalker - Visiting attribute path : reviewReceiver.userOneConversations
14:56:06.093 [main] DEBUG o.h.p.w.spi.MetamodelGraphWalker - Visiting attribute path : reviewReceiver.userTwoConversations
14:56:06.093 [main] DEBUG o.h.p.w.spi.MetamodelGraphWalker - Visiting attribute path : star
14:56:06.093 [main] DEBUG o.h.l.p.b.i.FetchStyleLoadPlanBuildingAssociationVisitationStrategy - Building LoadPlan...
14:56:06.094 [main] DEBUG o.h.l.p.e.i.LoadQueryJoinAndFetchProcessor - processing queryspace &lt;gen:0&gt;
14:56:06.094 [main] DEBUG o.h.l.p.b.spi.LoadPlanTreePrinter - LoadPlan(collection=com.yuan.hspot.Entity.UserDetails.reviewGiven)
    - Returns
       - CollectionReturnImpl(collection=com.yuan.hspot.Entity.UserDetails.reviewGiven, querySpaceUid=&lt;gen:0&gt;, path=[com.yuan.hspot.Entity.UserDetails.reviewGiven])
          - (collection element) CollectionFetchableElementEntityGraph(entity=com.yuan.hspot.Entity.Review, querySpaceUid=&lt;gen:1&gt;, path=[com.yuan.hspot.Entity.UserDetails.reviewGiven].&lt;elements&gt;)
             - EntityAttributeFetchImpl(entity=com.yuan.hspot.Entity.UserDetails, querySpaceUid=&lt;gen:2&gt;, path=[com.yuan.hspot.Entity.UserDetails.reviewGiven].&lt;elements&gt;.reviewReceiver)
    - QuerySpaces
       - CollectionQuerySpaceImpl(uid=&lt;gen:0&gt;, collection=com.yuan.hspot.Entity.UserDetails.reviewGiven)
          - SQL table alias mapping - reviewgive0_
          - alias suffix - 0_
          - suffixed key columns - {reviewGi4_3_0_}
          - entity-element alias suffix - 1_
          - 1_entity-element suffixed key columns - reviewID1_2_1_
          - JOIN (JoinDefinedByMetadata(elements)) : &lt;gen:0&gt; -&gt; &lt;gen:1&gt;
             - EntityQuerySpaceImpl(uid=&lt;gen:1&gt;, entity=com.yuan.hspot.Entity.Review)
                - SQL table alias mapping - reviewgive0_
                - alias suffix - 1_
                - suffixed key columns - {reviewID1_2_1_}
                - JOIN (JoinDefinedByMetadata(reviewReceiver)) : &lt;gen:1&gt; -&gt; &lt;gen:2&gt;
                   - EntityQuerySpaceImpl(uid=&lt;gen:2&gt;, entity=com.yuan.hspot.Entity.UserDetails)
                      - SQL table alias mapping - userdetail1_
                      - alias suffix - 2_
                      - suffixed key columns - {userID1_3_2_}

14:56:06.094 [main] DEBUG o.h.l.c.plan.CollectionLoader - Static select for collection com.yuan.hspot.Entity.UserDetails.reviewGiven: select reviewgive0_.reviewGiver_userID as reviewGi4_3_0_, reviewgive0_.reviewID as reviewID1_2_0_, reviewgive0_.reviewID as reviewID1_2_1_, reviewgive0_.reviewContent as reviewCo2_2_1_, reviewgive0_.reviewGiver_userID as reviewGi4_2_1_, reviewgive0_.reviewReceiver_userID as reviewRe5_2_1_, reviewgive0_.star as star3_2_1_, userdetail1_.userID as userID1_3_2_, userdetail1_.email as email2_3_2_, userdetail1_.firstName as firstNam3_3_2_, userdetail1_.lastName as lastName4_3_2_, userdetail1_.password as password5_3_2_, userdetail1_.role as role6_3_2_ from Review reviewgive0_ left outer join UserDetails userdetail1_ on reviewgive0_.reviewReceiver_userID=userdetail1_.userID where reviewgive0_.reviewGiver_userID=?
14:56:06.094 [main] DEBUG o.h.l.p.b.i.spaces.QuerySpacesImpl - Adding QuerySpace : uid = &lt;gen:0&gt; -&gt; org.hibernate.loader.plan.build.internal.spaces.CollectionQuerySpaceImpl@997d532]
14:56:06.094 [main] DEBUG o.h.l.p.b.i.spaces.QuerySpacesImpl - Adding QuerySpace : uid = &lt;gen:1&gt; -&gt; org.hibernate.loader.plan.build.internal.spaces.EntityQuerySpaceImpl@273842a6]
14:56:06.095 [main] DEBUG o.h.p.w.spi.MetamodelGraphWalker - Visiting attribute path : reviewContent
14:56:06.095 [main] DEBUG o.h.p.w.spi.MetamodelGraphWalker - Visiting attribute path : reviewGiver
14:56:06.095 [main] DEBUG o.h.l.p.b.i.spaces.QuerySpacesImpl - Adding QuerySpace : uid = &lt;gen:2&gt; -&gt; org.hibernate.loader.plan.build.internal.spaces.EntityQuerySpaceImpl@3028e50e]
14:56:06.095 [main] DEBUG o.h.p.w.spi.MetamodelGraphWalker - Visiting attribute path : reviewGiver.email
14:56:06.095 [main] DEBUG o.h.p.w.spi.MetamodelGraphWalker - Visiting attribute path : reviewGiver.firstName
14:56:06.095 [main] DEBUG o.h.p.w.spi.MetamodelGraphWalker - Visiting attribute path : reviewGiver.lastName
14:56:06.095 [main] DEBUG o.h.p.w.spi.MetamodelGraphWalker - Visiting attribute path : reviewGiver.messages
14:56:06.095 [main] DEBUG o.h.p.w.spi.MetamodelGraphWalker - Visiting attribute path : reviewGiver.password
14:56:06.095 [main] DEBUG o.h.p.w.spi.MetamodelGraphWalker - Visiting attribute path : reviewGiver.reviewGiven
14:56:06.095 [main] DEBUG o.h.p.w.spi.MetamodelGraphWalker - Property path deemed to be circular : reviewGiver.reviewGiven
14:56:06.095 [main] DEBUG o.h.p.w.spi.MetamodelGraphWalker - Visiting attribute path : reviewGiver.reviewReceived
14:56:06.095 [main] DEBUG o.h.p.w.spi.MetamodelGraphWalker - Property path deemed to be circular : reviewGiver.reviewReceived
14:56:06.095 [main] DEBUG o.h.p.w.spi.MetamodelGraphWalker - Visiting attribute path : reviewGiver.role
14:56:06.095 [main] DEBUG o.h.p.w.spi.MetamodelGraphWalker - Visiting attribute path : reviewGiver.skills
14:56:06.104 [main] DEBUG o.h.p.w.spi.MetamodelGraphWalker - Visiting attribute path : reviewGiver.userOneConversations
14:56:06.104 [main] DEBUG o.h.p.w.spi.MetamodelGraphWalker - Visiting attribute path : reviewGiver.userTwoConversations
14:56:06.104 [main] DEBUG o.h.p.w.spi.MetamodelGraphWalker - Visiting attribute path : reviewReceiver
14:56:06.104 [main] DEBUG o.h.p.w.spi.MetamodelGraphWalker - Property path deemed to be circular : reviewReceiver
14:56:06.104 [main] DEBUG o.h.p.w.spi.MetamodelGraphWalker - Visiting attribute path : star
14:56:06.104 [main] DEBUG o.h.l.p.b.i.FetchStyleLoadPlanBuildingAssociationVisitationStrategy - Building LoadPlan...
14:56:06.105 [main] DEBUG o.h.l.p.e.i.LoadQueryJoinAndFetchProcessor - processing queryspace &lt;gen:0&gt;
14:56:06.106 [main] DEBUG o.h.l.p.b.spi.LoadPlanTreePrinter - LoadPlan(collection=com.yuan.hspot.Entity.UserDetails.reviewReceived)
    - Returns
       - CollectionReturnImpl(collection=com.yuan.hspot.Entity.UserDetails.reviewReceived, querySpaceUid=&lt;gen:0&gt;, path=[com.yuan.hspot.Entity.UserDetails.reviewReceived])
          - (collection element) CollectionFetchableElementEntityGraph(entity=com.yuan.hspot.Entity.Review, querySpaceUid=&lt;gen:1&gt;, path=[com.yuan.hspot.Entity.UserDetails.reviewReceived].&lt;elements&gt;)
             - EntityAttributeFetchImpl(entity=com.yuan.hspot.Entity.UserDetails, querySpaceUid=&lt;gen:2&gt;, path=[com.yuan.hspot.Entity.UserDetails.reviewReceived].&lt;elements&gt;.reviewGiver)
    - QuerySpaces
       - CollectionQuerySpaceImpl(uid=&lt;gen:0&gt;, collection=com.yuan.hspot.Entity.UserDetails.reviewReceived)
          - SQL table alias mapping - reviewrece0_
          - alias suffix - 0_
          - suffixed key columns - {reviewRe5_3_0_}
          - entity-element alias suffix - 1_
          - 1_entity-element suffixed key columns - reviewID1_2_1_
          - JOIN (JoinDefinedByMetadata(elements)) : &lt;gen:0&gt; -&gt; &lt;gen:1&gt;
             - EntityQuerySpaceImpl(uid=&lt;gen:1&gt;, entity=com.yuan.hspot.Entity.Review)
                - SQL table alias mapping - reviewrece0_
                - alias suffix - 1_
                - suffixed key columns - {reviewID1_2_1_}
                - JOIN (JoinDefinedByMetadata(reviewGiver)) : &lt;gen:1&gt; -&gt; &lt;gen:2&gt;
                   - EntityQuerySpaceImpl(uid=&lt;gen:2&gt;, entity=com.yuan.hspot.Entity.UserDetails)
                      - SQL table alias mapping - userdetail1_
                      - alias suffix - 2_
                      - suffixed key columns - {userID1_3_2_}

14:56:06.106 [main] DEBUG o.h.l.c.plan.CollectionLoader - Static select for collection com.yuan.hspot.Entity.UserDetails.reviewReceived: select reviewrece0_.reviewReceiver_userID as reviewRe5_3_0_, reviewrece0_.reviewID as reviewID1_2_0_, reviewrece0_.reviewID as reviewID1_2_1_, reviewrece0_.reviewContent as reviewCo2_2_1_, reviewrece0_.reviewGiver_userID as reviewGi4_2_1_, reviewrece0_.reviewReceiver_userID as reviewRe5_2_1_, reviewrece0_.star as star3_2_1_, userdetail1_.userID as userID1_3_2_, userdetail1_.email as email2_3_2_, userdetail1_.firstName as firstNam3_3_2_, userdetail1_.lastName as lastName4_3_2_, userdetail1_.password as password5_3_2_, userdetail1_.role as role6_3_2_ from Review reviewrece0_ left outer join UserDetails userdetail1_ on reviewrece0_.reviewGiver_userID=userdetail1_.userID where reviewrece0_.reviewReceiver_userID=?
14:56:06.106 [main] DEBUG o.h.l.p.b.i.spaces.QuerySpacesImpl - Adding QuerySpace : uid = &lt;gen:0&gt; -&gt; org.hibernate.loader.plan.build.internal.spaces.CollectionQuerySpaceImpl@b558294]
14:56:06.106 [main] DEBUG o.h.l.p.b.i.spaces.QuerySpacesImpl - Adding QuerySpace : uid = &lt;gen:1&gt; -&gt; org.hibernate.loader.plan.build.internal.spaces.EntityQuerySpaceImpl@bb095]
14:56:06.106 [main] DEBUG o.h.p.w.spi.MetamodelGraphWalker - Visiting attribute path : messages
14:56:06.106 [main] DEBUG o.h.p.w.spi.MetamodelGraphWalker - Visiting attribute path : userOne
14:56:06.106 [main] DEBUG o.h.p.w.spi.MetamodelGraphWalker - Property path deemed to be circular : userOne
14:56:06.106 [main] DEBUG o.h.p.w.spi.MetamodelGraphWalker - Visiting attribute path : userTwo
14:56:06.106 [main] DEBUG o.h.l.p.b.i.spaces.QuerySpacesImpl - Adding QuerySpace : uid = &lt;gen:2&gt; -&gt; org.hibernate.loader.plan.build.internal.spaces.EntityQuerySpaceImpl@4c9e38]
14:56:06.106 [main] DEBUG o.h.p.w.spi.MetamodelGraphWalker - Visiting attribute path : userTwo.email
14:56:06.106 [main] DEBUG o.h.p.w.spi.MetamodelGraphWalker - Visiting attribute path : userTwo.firstName
14:56:06.106 [main] DEBUG o.h.p.w.spi.MetamodelGraphWalker - Visiting attribute path : userTwo.lastName
14:56:06.106 [main] DEBUG o.h.p.w.spi.MetamodelGraphWalker - Visiting attribute path : userTwo.messages
14:56:06.106 [main] DEBUG o.h.p.w.spi.MetamodelGraphWalker - Visiting attribute path : userTwo.password
14:56:06.106 [main] DEBUG o.h.p.w.spi.MetamodelGraphWalker - Visiting attribute path : userTwo.reviewGiven
14:56:06.106 [main] DEBUG o.h.p.w.spi.MetamodelGraphWalker - Visiting attribute path : userTwo.reviewReceived
14:56:06.106 [main] DEBUG o.h.p.w.spi.MetamodelGraphWalker - Visiting attribute path : userTwo.role
14:56:06.106 [main] DEBUG o.h.p.w.spi.MetamodelGraphWalker - Visiting attribute path : userTwo.skills
14:56:06.106 [main] DEBUG o.h.p.w.spi.MetamodelGraphWalker - Visiting attribute path : userTwo.userOneConversations
14:56:06.106 [main] DEBUG o.h.p.w.spi.MetamodelGraphWalker - Property path deemed to be circular : userTwo.userOneConversations
14:56:06.106 [main] DEBUG o.h.p.w.spi.MetamodelGraphWalker - Visiting attribute path : userTwo.userTwoConversations
14:56:06.106 [main] DEBUG o.h.p.w.spi.MetamodelGraphWalker - Property path deemed to be circular : userTwo.userTwoConversations
14:56:06.106 [main] DEBUG o.h.l.p.b.i.FetchStyleLoadPlanBuildingAssociationVisitationStrategy - Building LoadPlan...
14:56:06.107 [main] DEBUG o.h.l.p.e.i.LoadQueryJoinAndFetchProcessor - processing queryspace &lt;gen:0&gt;
14:56:06.107 [main] DEBUG o.h.l.p.b.spi.LoadPlanTreePrinter - LoadPlan(collection=com.yuan.hspot.Entity.UserDetails.userOneConversations)
    - Returns
       - CollectionReturnImpl(collection=com.yuan.hspot.Entity.UserDetails.userOneConversations, querySpaceUid=&lt;gen:0&gt;, path=[com.yuan.hspot.Entity.UserDetails.userOneConversations])
          - (collection element) CollectionFetchableElementEntityGraph(entity=com.yuan.hspot.Entity.Conversation, querySpaceUid=&lt;gen:1&gt;, path=[com.yuan.hspot.Entity.UserDetails.userOneConversations].&lt;elements&gt;)
             - EntityAttributeFetchImpl(entity=com.yuan.hspot.Entity.UserDetails, querySpaceUid=&lt;gen:2&gt;, path=[com.yuan.hspot.Entity.UserDetails.userOneConversations].&lt;elements&gt;.userTwo)
    - QuerySpaces
       - CollectionQuerySpaceImpl(uid=&lt;gen:0&gt;, collection=com.yuan.hspot.Entity.UserDetails.userOneConversations)
          - SQL table alias mapping - useronecon0_
          - alias suffix - 0_
          - suffixed key columns - {userOne_2_3_0_}
          - entity-element alias suffix - 1_
          - 1_entity-element suffixed key columns - conversa1_0_1_
          - JOIN (JoinDefinedByMetadata(elements)) : &lt;gen:0&gt; -&gt; &lt;gen:1&gt;
             - EntityQuerySpaceImpl(uid=&lt;gen:1&gt;, entity=com.yuan.hspot.Entity.Conversation)
                - SQL table alias mapping - useronecon0_
                - alias suffix - 1_
                - suffixed key columns - {conversa1_0_1_}
                - JOIN (JoinDefinedByMetadata(userTwo)) : &lt;gen:1&gt; -&gt; &lt;gen:2&gt;
                   - EntityQuerySpaceImpl(uid=&lt;gen:2&gt;, entity=com.yuan.hspot.Entity.UserDetails)
                      - SQL table alias mapping - userdetail1_
                      - alias suffix - 2_
                      - suffixed key columns - {userID1_3_2_}

14:56:06.107 [main] DEBUG o.h.l.c.plan.CollectionLoader - Static select for collection com.yuan.hspot.Entity.UserDetails.userOneConversations: select useronecon0_.userOne_userID as userOne_2_3_0_, useronecon0_.conversationID as conversa1_0_0_, useronecon0_.conversationID as conversa1_0_1_, useronecon0_.userOne_userID as userOne_2_0_1_, useronecon0_.userTwo_userID as userTwo_3_0_1_, userdetail1_.userID as userID1_3_2_, userdetail1_.email as email2_3_2_, userdetail1_.firstName as firstNam3_3_2_, userdetail1_.lastName as lastName4_3_2_, userdetail1_.password as password5_3_2_, userdetail1_.role as role6_3_2_ from Conversation useronecon0_ left outer join UserDetails userdetail1_ on useronecon0_.userTwo_userID=userdetail1_.userID where useronecon0_.userOne_userID=?
14:56:06.107 [main] DEBUG o.h.l.p.b.i.spaces.QuerySpacesImpl - Adding QuerySpace : uid = &lt;gen:0&gt; -&gt; org.hibernate.loader.plan.build.internal.spaces.CollectionQuerySpaceImpl@4bdc8b5d]
14:56:06.107 [main] DEBUG o.h.l.p.b.i.spaces.QuerySpacesImpl - Adding QuerySpace : uid = &lt;gen:1&gt; -&gt; org.hibernate.loader.plan.build.internal.spaces.EntityQuerySpaceImpl@3bcd426c]
14:56:06.107 [main] DEBUG o.h.p.w.spi.MetamodelGraphWalker - Visiting attribute path : messages
14:56:06.107 [main] DEBUG o.h.p.w.spi.MetamodelGraphWalker - Visiting attribute path : userOne
14:56:06.107 [main] DEBUG o.h.l.p.b.i.spaces.QuerySpacesImpl - Adding QuerySpace : uid = &lt;gen:2&gt; -&gt; org.hibernate.loader.plan.build.internal.spaces.EntityQuerySpaceImpl@5dc3fcb7]
14:56:06.107 [main] DEBUG o.h.p.w.spi.MetamodelGraphWalker - Visiting attribute path : userOne.email
14:56:06.107 [main] DEBUG o.h.p.w.spi.MetamodelGraphWalker - Visiting attribute path : userOne.firstName
14:56:06.107 [main] DEBUG o.h.p.w.spi.MetamodelGraphWalker - Visiting attribute path : userOne.lastName
14:56:06.107 [main] DEBUG o.h.p.w.spi.MetamodelGraphWalker - Visiting attribute path : userOne.messages
14:56:06.107 [main] DEBUG o.h.p.w.spi.MetamodelGraphWalker - Visiting attribute path : userOne.password
14:56:06.107 [main] DEBUG o.h.p.w.spi.MetamodelGraphWalker - Visiting attribute path : userOne.reviewGiven
14:56:06.107 [main] DEBUG o.h.p.w.spi.MetamodelGraphWalker - Visiting attribute path : userOne.reviewReceived
14:56:06.107 [main] DEBUG o.h.p.w.spi.MetamodelGraphWalker - Visiting attribute path : userOne.role
14:56:06.107 [main] DEBUG o.h.p.w.spi.MetamodelGraphWalker - Visiting attribute path : userOne.skills
14:56:06.107 [main] DEBUG o.h.p.w.spi.MetamodelGraphWalker - Visiting attribute path : userOne.userOneConversations
14:56:06.107 [main] DEBUG o.h.p.w.spi.MetamodelGraphWalker - Property path deemed to be circular : userOne.userOneConversations
14:56:06.107 [main] DEBUG o.h.p.w.spi.MetamodelGraphWalker - Visiting attribute path : userOne.userTwoConversations
14:56:06.107 [main] DEBUG o.h.p.w.spi.MetamodelGraphWalker - Property path deemed to be circular : userOne.userTwoConversations
14:56:06.107 [main] DEBUG o.h.p.w.spi.MetamodelGraphWalker - Visiting attribute path : userTwo
14:56:06.107 [main] DEBUG o.h.p.w.spi.MetamodelGraphWalker - Property path deemed to be circular : userTwo
14:56:06.108 [main] DEBUG o.h.l.p.b.i.FetchStyleLoadPlanBuildingAssociationVisitationStrategy - Building LoadPlan...
14:56:06.108 [main] DEBUG o.h.l.p.e.i.LoadQueryJoinAndFetchProcessor - processing queryspace &lt;gen:0&gt;
14:56:06.108 [main] DEBUG o.h.l.p.b.spi.LoadPlanTreePrinter - LoadPlan(collection=com.yuan.hspot.Entity.UserDetails.userTwoConversations)
    - Returns
       - CollectionReturnImpl(collection=com.yuan.hspot.Entity.UserDetails.userTwoConversations, querySpaceUid=&lt;gen:0&gt;, path=[com.yuan.hspot.Entity.UserDetails.userTwoConversations])
          - (collection element) CollectionFetchableElementEntityGraph(entity=com.yuan.hspot.Entity.Conversation, querySpaceUid=&lt;gen:1&gt;, path=[com.yuan.hspot.Entity.UserDetails.userTwoConversations].&lt;elements&gt;)
             - EntityAttributeFetchImpl(entity=com.yuan.hspot.Entity.UserDetails, querySpaceUid=&lt;gen:2&gt;, path=[com.yuan.hspot.Entity.UserDetails.userTwoConversations].&lt;elements&gt;.userOne)
    - QuerySpaces
       - CollectionQuerySpaceImpl(uid=&lt;gen:0&gt;, collection=com.yuan.hspot.Entity.UserDetails.userTwoConversations)
          - SQL table alias mapping - usertwocon0_
          - alias suffix - 0_
          - suffixed key columns - {userTwo_3_3_0_}
          - entity-element alias suffix - 1_
          - 1_entity-element suffixed key columns - conversa1_0_1_
          - JOIN (JoinDefinedByMetadata(elements)) : &lt;gen:0&gt; -&gt; &lt;gen:1&gt;
             - EntityQuerySpaceImpl(uid=&lt;gen:1&gt;, entity=com.yuan.hspot.Entity.Conversation)
                - SQL table alias mapping - usertwocon0_
                - alias suffix - 1_
                - suffixed key columns - {conversa1_0_1_}
                - JOIN (JoinDefinedByMetadata(userOne)) : &lt;gen:1&gt; -&gt; &lt;gen:2&gt;
                   - EntityQuerySpaceImpl(uid=&lt;gen:2&gt;, entity=com.yuan.hspot.Entity.UserDetails)
                      - SQL table alias mapping - userdetail1_
                      - alias suffix - 2_
                      - suffixed key columns - {userID1_3_2_}

14:56:06.108 [main] DEBUG o.h.l.c.plan.CollectionLoader - Static select for collection com.yuan.hspot.Entity.UserDetails.userTwoConversations: select usertwocon0_.userTwo_userID as userTwo_3_3_0_, usertwocon0_.conversationID as conversa1_0_0_, usertwocon0_.conversationID as conversa1_0_1_, usertwocon0_.userOne_userID as userOne_2_0_1_, usertwocon0_.userTwo_userID as userTwo_3_0_1_, userdetail1_.userID as userID1_3_2_, userdetail1_.email as email2_3_2_, userdetail1_.firstName as firstNam3_3_2_, userdetail1_.lastName as lastName4_3_2_, userdetail1_.password as password5_3_2_, userdetail1_.role as role6_3_2_ from Conversation usertwocon0_ left outer join UserDetails userdetail1_ on usertwocon0_.userOne_userID=userdetail1_.userID where usertwocon0_.userTwo_userID=?
14:56:06.108 [main] DEBUG o.h.l.p.b.i.spaces.QuerySpacesImpl - Adding QuerySpace : uid = &lt;gen:0&gt; -&gt; org.hibernate.loader.plan.build.internal.spaces.CollectionQuerySpaceImpl@76911385]
14:56:06.108 [main] DEBUG o.h.l.p.b.i.spaces.QuerySpacesImpl - Adding QuerySpace : uid = &lt;gen:1&gt; -&gt; org.hibernate.loader.plan.build.internal.spaces.EntityQuerySpaceImpl@5467eea4]
14:56:06.108 [main] DEBUG o.h.p.w.spi.MetamodelGraphWalker - Visiting attribute path : conversation
14:56:06.108 [main] DEBUG o.h.l.p.b.i.spaces.QuerySpacesImpl - Adding QuerySpace : uid = &lt;gen:2&gt; -&gt; org.hibernate.loader.plan.build.internal.spaces.EntityQuerySpaceImpl@40ab8a8]
14:56:06.108 [main] DEBUG o.h.p.w.spi.MetamodelGraphWalker - Visiting attribute path : conversation.messages
14:56:06.108 [main] DEBUG o.h.p.w.spi.MetamodelGraphWalker - Property path deemed to be circular : conversation.messages
14:56:06.108 [main] DEBUG o.h.p.w.spi.MetamodelGraphWalker - Visiting attribute path : conversation.userOne
14:56:06.108 [main] DEBUG o.h.l.p.b.i.spaces.QuerySpacesImpl - Adding QuerySpace : uid = &lt;gen:3&gt; -&gt; org.hibernate.loader.plan.build.internal.spaces.EntityQuerySpaceImpl@65cc8228]
14:56:06.109 [main] DEBUG o.h.p.w.spi.MetamodelGraphWalker - Visiting attribute path : conversation.userOne.email
14:56:06.109 [main] DEBUG o.h.p.w.spi.MetamodelGraphWalker - Visiting attribute path : conversation.userOne.firstName
14:56:06.109 [main] DEBUG o.h.p.w.spi.MetamodelGraphWalker - Visiting attribute path : conversation.userOne.lastName
14:56:06.109 [main] DEBUG o.h.p.w.spi.MetamodelGraphWalker - Visiting attribute path : conversation.userOne.messages
14:56:06.109 [main] DEBUG o.h.p.w.spi.MetamodelGraphWalker - Property path deemed to be circular : conversation.userOne.messages
14:56:06.109 [main] DEBUG o.h.p.w.spi.MetamodelGraphWalker - Visiting attribute path : conversation.userOne.password
14:56:06.109 [main] DEBUG o.h.p.w.spi.MetamodelGraphWalker - Visiting attribute path : conversation.userOne.reviewGiven
14:56:06.109 [main] DEBUG o.h.p.w.spi.MetamodelGraphWalker - Visiting attribute path : conversation.userOne.reviewReceived
14:56:06.109 [main] DEBUG o.h.p.w.spi.MetamodelGraphWalker - Visiting attribute path : conversation.userOne.role
14:56:06.109 [main] DEBUG o.h.p.w.spi.MetamodelGraphWalker - Visiting attribute path : conversation.userOne.skills
14:56:06.109 [main] DEBUG o.h.p.w.spi.MetamodelGraphWalker - Visiting attribute path : conversation.userOne.userOneConversations
14:56:06.109 [main] DEBUG o.h.p.w.spi.MetamodelGraphWalker - Property path deemed to be circular : conversation.userOne.userOneConversations
14:56:06.109 [main] DEBUG o.h.p.w.spi.MetamodelGraphWalker - Visiting attribute path : conversation.userOne.userTwoConversations
14:56:06.109 [main] DEBUG o.h.p.w.spi.MetamodelGraphWalker - Visiting attribute path : conversation.userTwo
14:56:06.109 [main] DEBUG o.h.l.p.b.i.spaces.QuerySpacesImpl - Adding QuerySpace : uid = &lt;gen:4&gt; -&gt; org.hibernate.loader.plan.build.internal.spaces.EntityQuerySpaceImpl@21719a0]
14:56:06.109 [main] DEBUG o.h.p.w.spi.MetamodelGraphWalker - Visiting attribute path : conversation.userTwo.email
14:56:06.109 [main] DEBUG o.h.p.w.spi.MetamodelGraphWalker - Visiting attribute path : conversation.userTwo.firstName
14:56:06.109 [main] DEBUG o.h.p.w.spi.MetamodelGraphWalker - Visiting attribute path : conversation.userTwo.lastName
14:56:06.109 [main] DEBUG o.h.p.w.spi.MetamodelGraphWalker - Visiting attribute path : conversation.userTwo.messages
14:56:06.109 [main] DEBUG o.h.p.w.spi.MetamodelGraphWalker - Property path deemed to be circular : conversation.userTwo.messages
14:56:06.109 [main] DEBUG o.h.p.w.spi.MetamodelGraphWalker - Visiting attribute path : conversation.userTwo.password
14:56:06.109 [main] DEBUG o.h.p.w.spi.MetamodelGraphWalker - Visiting attribute path : conversation.userTwo.reviewGiven
14:56:06.109 [main] DEBUG o.h.p.w.spi.MetamodelGraphWalker - Visiting attribute path : conversation.userTwo.reviewReceived
14:56:06.109 [main] DEBUG o.h.p.w.spi.MetamodelGraphWalker - Visiting attribute path : conversation.userTwo.role
14:56:06.109 [main] DEBUG o.h.p.w.spi.MetamodelGraphWalker - Visiting attribute path : conversation.userTwo.skills
14:56:06.109 [main] DEBUG o.h.p.w.spi.MetamodelGraphWalker - Visiting attribute path : conversation.userTwo.userOneConversations
14:56:06.109 [main] DEBUG o.h.p.w.spi.MetamodelGraphWalker - Property path deemed to be circular : conversation.userTwo.userOneConversations
14:56:06.109 [main] DEBUG o.h.p.w.spi.MetamodelGraphWalker - Visiting attribute path : conversation.userTwo.userTwoConversations
14:56:06.109 [main] DEBUG o.h.p.w.spi.MetamodelGraphWalker - Property path deemed to be circular : conversation.userTwo.userTwoConversations
14:56:06.109 [main] DEBUG o.h.p.w.spi.MetamodelGraphWalker - Visiting attribute path : created
14:56:06.109 [main] DEBUG o.h.p.w.spi.MetamodelGraphWalker - Visiting attribute path : messageContent
14:56:06.109 [main] DEBUG o.h.p.w.spi.MetamodelGraphWalker - Visiting attribute path : userDetails
14:56:06.109 [main] DEBUG o.h.p.w.spi.MetamodelGraphWalker - Property path deemed to be circular : userDetails
14:56:06.109 [main] DEBUG o.h.l.p.b.i.FetchStyleLoadPlanBuildingAssociationVisitationStrategy - Building LoadPlan...
14:56:06.109 [main] DEBUG o.h.l.p.e.i.LoadQueryJoinAndFetchProcessor - processing queryspace &lt;gen:0&gt;
14:56:06.110 [main] DEBUG o.h.l.p.b.spi.LoadPlanTreePrinter - LoadPlan(collection=com.yuan.hspot.Entity.UserDetails.messages)
    - Returns
       - CollectionReturnImpl(collection=com.yuan.hspot.Entity.UserDetails.messages, querySpaceUid=&lt;gen:0&gt;, path=[com.yuan.hspot.Entity.UserDetails.messages])
          - (collection element) CollectionFetchableElementEntityGraph(entity=com.yuan.hspot.Entity.Message, querySpaceUid=&lt;gen:1&gt;, path=[com.yuan.hspot.Entity.UserDetails.messages].&lt;elements&gt;)
             - EntityAttributeFetchImpl(entity=com.yuan.hspot.Entity.Conversation, querySpaceUid=&lt;gen:2&gt;, path=[com.yuan.hspot.Entity.UserDetails.messages].&lt;elements&gt;.conversation)
                - EntityAttributeFetchImpl(entity=com.yuan.hspot.Entity.UserDetails, querySpaceUid=&lt;gen:3&gt;, path=[com.yuan.hspot.Entity.UserDetails.messages].&lt;elements&gt;.conversation.userOne)
                - EntityAttributeFetchImpl(entity=com.yuan.hspot.Entity.UserDetails, querySpaceUid=&lt;gen:4&gt;, path=[com.yuan.hspot.Entity.UserDetails.messages].&lt;elements&gt;.conversation.userTwo)
    - QuerySpaces
       - CollectionQuerySpaceImpl(uid=&lt;gen:0&gt;, collection=com.yuan.hspot.Entity.UserDetails.messages)
          - SQL table alias mapping - messages0_
          - alias suffix - 0_
          - suffixed key columns - {userDeta5_3_0_}
          - entity-element alias suffix - 1_
          - 1_entity-element suffixed key columns - messageI1_1_1_
          - JOIN (JoinDefinedByMetadata(elements)) : &lt;gen:0&gt; -&gt; &lt;gen:1&gt;
             - EntityQuerySpaceImpl(uid=&lt;gen:1&gt;, entity=com.yuan.hspot.Entity.Message)
                - SQL table alias mapping - messages0_
                - alias suffix - 1_
                - suffixed key columns - {messageI1_1_1_}
                - JOIN (JoinDefinedByMetadata(conversation)) : &lt;gen:1&gt; -&gt; &lt;gen:2&gt;
                   - EntityQuerySpaceImpl(uid=&lt;gen:2&gt;, entity=com.yuan.hspot.Entity.Conversation)
                      - SQL table alias mapping - conversati1_
                      - alias suffix - 2_
                      - suffixed key columns - {conversa1_0_2_}
                      - JOIN (JoinDefinedByMetadata(userOne)) : &lt;gen:2&gt; -&gt; &lt;gen:3&gt;
                         - EntityQuerySpaceImpl(uid=&lt;gen:3&gt;, entity=com.yuan.hspot.Entity.UserDetails)
                            - SQL table alias mapping - userdetail2_
                            - alias suffix - 3_
                            - suffixed key columns - {userID1_3_3_}
                      - JOIN (JoinDefinedByMetadata(userTwo)) : &lt;gen:2&gt; -&gt; &lt;gen:4&gt;
                         - EntityQuerySpaceImpl(uid=&lt;gen:4&gt;, entity=com.yuan.hspot.Entity.UserDetails)
                            - SQL table alias mapping - userdetail3_
                            - alias suffix - 4_
                            - suffixed key columns - {userID1_3_4_}

14:56:06.110 [main] DEBUG o.h.l.c.plan.CollectionLoader - Static select for collection com.yuan.hspot.Entity.UserDetails.messages: select messages0_.userDetails_userID as userDeta5_3_0_, messages0_.messageID as messageI1_1_0_, messages0_.messageID as messageI1_1_1_, messages0_.conversation_conversationID as conversa4_1_1_, messages0_.created as created2_1_1_, messages0_.messageContent as messageC3_1_1_, messages0_.userDetails_userID as userDeta5_1_1_, conversati1_.conversationID as conversa1_0_2_, conversati1_.userOne_userID as userOne_2_0_2_, conversati1_.userTwo_userID as userTwo_3_0_2_, userdetail2_.userID as userID1_3_3_, userdetail2_.email as email2_3_3_, userdetail2_.firstName as firstNam3_3_3_, userdetail2_.lastName as lastName4_3_3_, userdetail2_.password as password5_3_3_, userdetail2_.role as role6_3_3_, userdetail3_.userID as userID1_3_4_, userdetail3_.email as email2_3_4_, userdetail3_.firstName as firstNam3_3_4_, userdetail3_.lastName as lastName4_3_4_, userdetail3_.password as password5_3_4_, userdetail3_.role as role6_3_4_ from Message messages0_ left outer join Conversation conversati1_ on messages0_.conversation_conversationID=conversati1_.conversationID left outer join UserDetails userdetail2_ on conversati1_.userOne_userID=userdetail2_.userID left outer join UserDetails userdetail3_ on conversati1_.userTwo_userID=userdetail3_.userID where messages0_.userDetails_userID=?
14:56:06.110 [main] DEBUG o.h.l.p.b.i.spaces.QuerySpacesImpl - Adding QuerySpace : uid = &lt;gen:0&gt; -&gt; org.hibernate.loader.plan.build.internal.spaces.CollectionQuerySpaceImpl@77ee25f1]
14:56:06.110 [main] DEBUG o.h.l.p.b.i.FetchStyleLoadPlanBuildingAssociationVisitationStrategy - Building LoadPlan...
14:56:06.110 [main] DEBUG o.h.l.p.e.i.LoadQueryJoinAndFetchProcessor - processing queryspace &lt;gen:0&gt;
14:56:06.110 [main] DEBUG o.h.l.p.b.spi.LoadPlanTreePrinter - LoadPlan(collection=com.yuan.hspot.Entity.UserDetails.skills)
    - Returns
       - CollectionReturnImpl(collection=com.yuan.hspot.Entity.UserDetails.skills, querySpaceUid=&lt;gen:0&gt;, path=[com.yuan.hspot.Entity.UserDetails.skills])
    - QuerySpaces
       - CollectionQuerySpaceImpl(uid=&lt;gen:0&gt;, collection=com.yuan.hspot.Entity.UserDetails.skills)
          - SQL table alias mapping - skills0_
          - alias suffix - 0_
          - suffixed key columns - {UserDeta1_3_0_}

14:56:06.111 [main] DEBUG o.h.l.c.plan.CollectionLoader - Static select for collection com.yuan.hspot.Entity.UserDetails.skills: select skills0_.UserDetails_userID as UserDeta1_3_0_, skills0_.skills as skills2_4_0_ from UserDetails_skills skills0_ where skills0_.UserDetails_userID=?
14:56:06.111 [main] DEBUG o.h.l.p.b.i.spaces.QuerySpacesImpl - Adding QuerySpace : uid = &lt;gen:0&gt; -&gt; org.hibernate.loader.plan.build.internal.spaces.CollectionQuerySpaceImpl@57b9e423]
14:56:06.111 [main] DEBUG o.h.l.p.b.i.spaces.QuerySpacesImpl - Adding QuerySpace : uid = &lt;gen:1&gt; -&gt; org.hibernate.loader.plan.build.internal.spaces.EntityQuerySpaceImpl@304a3655]
14:56:06.111 [main] DEBUG o.h.p.w.spi.MetamodelGraphWalker - Visiting attribute path : conversation
14:56:06.111 [main] DEBUG o.h.p.w.spi.MetamodelGraphWalker - Property path deemed to be circular : conversation
14:56:06.111 [main] DEBUG o.h.p.w.spi.MetamodelGraphWalker - Visiting attribute path : created
14:56:06.111 [main] DEBUG o.h.p.w.spi.MetamodelGraphWalker - Visiting attribute path : messageContent
14:56:06.111 [main] DEBUG o.h.p.w.spi.MetamodelGraphWalker - Visiting attribute path : userDetails
14:56:06.111 [main] DEBUG o.h.l.p.b.i.spaces.QuerySpacesImpl - Adding QuerySpace : uid = &lt;gen:2&gt; -&gt; org.hibernate.loader.plan.build.internal.spaces.EntityQuerySpaceImpl@aa10649]
14:56:06.111 [main] DEBUG o.h.p.w.spi.MetamodelGraphWalker - Visiting attribute path : userDetails.email
14:56:06.111 [main] DEBUG o.h.p.w.spi.MetamodelGraphWalker - Visiting attribute path : userDetails.firstName
14:56:06.111 [main] DEBUG o.h.p.w.spi.MetamodelGraphWalker - Visiting attribute path : userDetails.lastName
14:56:06.111 [main] DEBUG o.h.p.w.spi.MetamodelGraphWalker - Visiting attribute path : userDetails.messages
14:56:06.111 [main] DEBUG o.h.p.w.spi.MetamodelGraphWalker - Property path deemed to be circular : userDetails.messages
14:56:06.111 [main] DEBUG o.h.p.w.spi.MetamodelGraphWalker - Visiting attribute path : userDetails.password
14:56:06.111 [main] DEBUG o.h.p.w.spi.MetamodelGraphWalker - Visiting attribute path : userDetails.reviewGiven
14:56:06.111 [main] DEBUG o.h.p.w.spi.MetamodelGraphWalker - Visiting attribute path : userDetails.reviewReceived
14:56:06.111 [main] DEBUG o.h.p.w.spi.MetamodelGraphWalker - Visiting attribute path : userDetails.role
14:56:06.111 [main] DEBUG o.h.p.w.spi.MetamodelGraphWalker - Visiting attribute path : userDetails.skills
14:56:06.111 [main] DEBUG o.h.p.w.spi.MetamodelGraphWalker - Visiting attribute path : userDetails.userOneConversations
14:56:06.111 [main] DEBUG o.h.p.w.spi.MetamodelGraphWalker - Visiting attribute path : userDetails.userTwoConversations
14:56:06.111 [main] DEBUG o.h.l.p.b.i.FetchStyleLoadPlanBuildingAssociationVisitationStrategy - Building LoadPlan...
14:56:06.111 [main] DEBUG o.h.l.p.e.i.LoadQueryJoinAndFetchProcessor - processing queryspace &lt;gen:0&gt;
14:56:06.112 [main] DEBUG o.h.l.p.b.spi.LoadPlanTreePrinter - LoadPlan(collection=com.yuan.hspot.Entity.Conversation.messages)
    - Returns
       - CollectionReturnImpl(collection=com.yuan.hspot.Entity.Conversation.messages, querySpaceUid=&lt;gen:0&gt;, path=[com.yuan.hspot.Entity.Conversation.messages])
          - (collection element) CollectionFetchableElementEntityGraph(entity=com.yuan.hspot.Entity.Message, querySpaceUid=&lt;gen:1&gt;, path=[com.yuan.hspot.Entity.Conversation.messages].&lt;elements&gt;)
             - EntityAttributeFetchImpl(entity=com.yuan.hspot.Entity.UserDetails, querySpaceUid=&lt;gen:2&gt;, path=[com.yuan.hspot.Entity.Conversation.messages].&lt;elements&gt;.userDetails)
    - QuerySpaces
       - CollectionQuerySpaceImpl(uid=&lt;gen:0&gt;, collection=com.yuan.hspot.Entity.Conversation.messages)
          - SQL table alias mapping - messages0_
          - alias suffix - 0_
          - suffixed key columns - {conversa4_0_0_}
          - entity-element alias suffix - 1_
          - 1_entity-element suffixed key columns - messageI1_1_1_
          - JOIN (JoinDefinedByMetadata(elements)) : &lt;gen:0&gt; -&gt; &lt;gen:1&gt;
             - EntityQuerySpaceImpl(uid=&lt;gen:1&gt;, entity=com.yuan.hspot.Entity.Message)
                - SQL table alias mapping - messages0_
                - alias suffix - 1_
                - suffixed key columns - {messageI1_1_1_}
                - JOIN (JoinDefinedByMetadata(userDetails)) : &lt;gen:1&gt; -&gt; &lt;gen:2&gt;
                   - EntityQuerySpaceImpl(uid=&lt;gen:2&gt;, entity=com.yuan.hspot.Entity.UserDetails)
                      - SQL table alias mapping - userdetail1_
                      - alias suffix - 2_
                      - suffixed key columns - {userID1_3_2_}

14:56:06.112 [main] DEBUG o.h.l.c.plan.CollectionLoader - Static select for collection com.yuan.hspot.Entity.Conversation.messages: select messages0_.conversation_conversationID as conversa4_0_0_, messages0_.messageID as messageI1_1_0_, messages0_.messageID as messageI1_1_1_, messages0_.conversation_conversationID as conversa4_1_1_, messages0_.created as created2_1_1_, messages0_.messageContent as messageC3_1_1_, messages0_.userDetails_userID as userDeta5_1_1_, userdetail1_.userID as userID1_3_2_, userdetail1_.email as email2_3_2_, userdetail1_.firstName as firstNam3_3_2_, userdetail1_.lastName as lastName4_3_2_, userdetail1_.password as password5_3_2_, userdetail1_.role as role6_3_2_ from Message messages0_ left outer join UserDetails userdetail1_ on messages0_.userDetails_userID=userdetail1_.userID where messages0_.conversation_conversationID=?
14:56:06.112 [main] DEBUG o.h.internal.SessionFactoryRegistry - Registering SessionFactory: b9eb762e-0e3f-4bf6-aceb-65ab0e737ddc (&lt;unnamed&gt;)
14:56:06.112 [main] DEBUG o.h.internal.SessionFactoryRegistry - Not binding SessionFactory to JNDI, no JNDI name configured
14:56:06.112 [main] DEBUG o.h.internal.SessionFactoryImpl - Instantiated session factory
14:56:06.112 [main] DEBUG org.hibernate.cfg.Configuration - Processing hbm.xml files
14:56:06.112 [main] DEBUG org.hibernate.cfg.Configuration - Process annotated classes
14:56:06.112 [main] DEBUG org.hibernate.cfg.Configuration - Processing fk mappings (*ToOne and JoinedSubclass)
14:56:06.112 [main] DEBUG org.hibernate.cfg.Configuration - Processing extends queue
14:56:06.112 [main] DEBUG org.hibernate.cfg.Configuration - Processing extends queue
14:56:06.112 [main] DEBUG org.hibernate.cfg.Configuration - Processing collection mappings
14:56:06.112 [main] DEBUG org.hibernate.cfg.Configuration - Processing native query and ResultSetMapping mappings
14:56:06.112 [main] DEBUG org.hibernate.cfg.Configuration - Processing association property references
14:56:06.112 [main] DEBUG org.hibernate.cfg.Configuration - Creating tables&apos; unique integer identifiers
14:56:06.112 [main] DEBUG org.hibernate.cfg.Configuration - Processing foreign key constraints
14:56:06.113 [main] DEBUG org.hibernate.cfg.Configuration - Resolving reference to class: com.yuan.hspot.Entity.UserDetails
14:56:06.113 [main] DEBUG org.hibernate.cfg.Configuration - Resolving reference to class: com.yuan.hspot.Entity.UserDetails
14:56:06.113 [main] DEBUG org.hibernate.cfg.Configuration - Resolving reference to class: com.yuan.hspot.Entity.Conversation
14:56:06.113 [main] DEBUG org.hibernate.cfg.Configuration - Resolving reference to class: com.yuan.hspot.Entity.UserDetails
14:56:06.113 [main] DEBUG org.hibernate.cfg.Configuration - Resolving reference to class: com.yuan.hspot.Entity.UserDetails
14:56:06.113 [main] DEBUG org.hibernate.cfg.Configuration - Resolving reference to class: com.yuan.hspot.Entity.UserDetails
14:56:06.113 [main] DEBUG org.hibernate.cfg.Configuration - Resolving reference to class: com.yuan.hspot.Entity.UserDetails
14:56:06.113 [main] DEBUG o.h.i.f.i.DefaultIdentifierGeneratorFactory - Setting dialect [org.hibernate.dialect.PostgreSQL9Dialect]
14:56:06.113 [main] DEBUG o.h.i.f.i.DefaultIdentifierGeneratorFactory - Setting dialect [org.hibernate.dialect.PostgreSQL9Dialect]
14:56:06.113 [main] DEBUG o.h.i.f.i.DefaultIdentifierGeneratorFactory - Setting dialect [org.hibernate.dialect.PostgreSQL9Dialect]
14:56:06.113 [main] DEBUG o.h.i.f.i.DefaultIdentifierGeneratorFactory - Setting dialect [org.hibernate.dialect.PostgreSQL9Dialect]
14:56:06.113 [main] DEBUG org.hibernate.cfg.Configuration - Processing hbm.xml files
14:56:06.113 [main] DEBUG org.hibernate.cfg.Configuration - Process annotated classes
14:56:06.113 [main] DEBUG org.hibernate.cfg.Configuration - Processing fk mappings (*ToOne and JoinedSubclass)
14:56:06.113 [main] DEBUG org.hibernate.cfg.Configuration - Processing extends queue
14:56:06.113 [main] DEBUG org.hibernate.cfg.Configuration - Processing extends queue
14:56:06.113 [main] DEBUG org.hibernate.cfg.Configuration - Processing collection mappings
14:56:06.113 [main] DEBUG org.hibernate.cfg.Configuration - Processing native query and ResultSetMapping mappings
14:56:06.113 [main] DEBUG org.hibernate.cfg.Configuration - Processing association property references
14:56:06.113 [main] DEBUG org.hibernate.cfg.Configuration - Creating tables&apos; unique integer identifiers
14:56:06.113 [main] DEBUG org.hibernate.cfg.Configuration - Processing foreign key constraints
14:56:06.113 [main] DEBUG org.hibernate.cfg.Configuration - Resolving reference to class: com.yuan.hspot.Entity.UserDetails
14:56:06.113 [main] DEBUG org.hibernate.cfg.Configuration - Resolving reference to class: com.yuan.hspot.Entity.UserDetails
14:56:06.113 [main] DEBUG org.hibernate.cfg.Configuration - Resolving reference to class: com.yuan.hspot.Entity.Conversation
14:56:06.113 [main] DEBUG org.hibernate.cfg.Configuration - Resolving reference to class: com.yuan.hspot.Entity.UserDetails
14:56:06.113 [main] DEBUG org.hibernate.cfg.Configuration - Resolving reference to class: com.yuan.hspot.Entity.UserDetails
14:56:06.113 [main] DEBUG org.hibernate.cfg.Configuration - Resolving reference to class: com.yuan.hspot.Entity.UserDetails
14:56:06.113 [main] DEBUG org.hibernate.cfg.Configuration - Resolving reference to class: com.yuan.hspot.Entity.UserDetails
14:56:06.113 [main] DEBUG o.h.i.f.i.DefaultIdentifierGeneratorFactory - Setting dialect [org.hibernate.dialect.PostgreSQL9Dialect]
14:56:06.113 [main] DEBUG o.h.i.f.i.DefaultIdentifierGeneratorFactory - Setting dialect [org.hibernate.dialect.PostgreSQL9Dialect]
14:56:06.113 [main] DEBUG o.h.i.f.i.DefaultIdentifierGeneratorFactory - Setting dialect [org.hibernate.dialect.PostgreSQL9Dialect]
14:56:06.114 [main] DEBUG o.h.i.f.i.DefaultIdentifierGeneratorFactory - Setting dialect [org.hibernate.dialect.PostgreSQL9Dialect]
14:56:06.114 [main] DEBUG o.h.i.f.i.DefaultIdentifierGeneratorFactory - Setting dialect [org.hibernate.dialect.PostgreSQL9Dialect]
14:56:06.114 [main] DEBUG o.h.i.f.i.DefaultIdentifierGeneratorFactory - Setting dialect [org.hibernate.dialect.PostgreSQL9Dialect]
14:56:06.114 [main] DEBUG o.h.i.f.i.DefaultIdentifierGeneratorFactory - Setting dialect [org.hibernate.dialect.PostgreSQL9Dialect]
14:56:06.114 [main] DEBUG o.h.i.f.i.DefaultIdentifierGeneratorFactory - Setting dialect [org.hibernate.dialect.PostgreSQL9Dialect]
14:56:06.114 [main] INFO  o.h.tool.hbm2ddl.SchemaExport - HHH000227: Running hbm2ddl schema export
14:56:06.115 [main] DEBUG o.h.tool.hbm2ddl.SchemaExport - Import file not found: /import.sql
14:56:06.129 [main] DEBUG org.hibernate.SQL - alter table Conversation drop constraint if exists FK_hxa5845vxjyihm3d343u5mrsd
Hibernate: alter table Conversation drop constraint if exists FK_hxa5845vxjyihm3d343u5mrsd
14:56:06.132 [main] DEBUG org.hibernate.SQL - alter table Conversation drop constraint if exists FK_afriaphh3ayen2obck14gee8o
Hibernate: alter table Conversation drop constraint if exists FK_afriaphh3ayen2obck14gee8o
14:56:06.134 [main] DEBUG org.hibernate.SQL - alter table Message drop constraint if exists FK_72e5qcp2ts1kcjml32o0p8mwe
Hibernate: alter table Message drop constraint if exists FK_72e5qcp2ts1kcjml32o0p8mwe
14:56:06.135 [main] DEBUG org.hibernate.SQL - alter table Message drop constraint if exists FK_a41go91ewmesbf11q39u35ge3
Hibernate: alter table Message drop constraint if exists FK_a41go91ewmesbf11q39u35ge3
14:56:06.137 [main] DEBUG org.hibernate.SQL - alter table Review drop constraint if exists FK_bxi5lsskf53a8jh1rifqf2lg8
Hibernate: alter table Review drop constraint if exists FK_bxi5lsskf53a8jh1rifqf2lg8
14:56:06.138 [main] DEBUG org.hibernate.SQL - alter table Review drop constraint if exists FK_6u9lr6blp3nly0bkkvnkg89kp
Hibernate: alter table Review drop constraint if exists FK_6u9lr6blp3nly0bkkvnkg89kp
14:56:06.140 [main] DEBUG org.hibernate.SQL - alter table UserDetails_skills drop constraint if exists FK_lwbmdaift2qnglwbwh3jws8he
Hibernate: alter table UserDetails_skills drop constraint if exists FK_lwbmdaift2qnglwbwh3jws8he
14:56:06.141 [main] DEBUG org.hibernate.SQL - drop table Conversation cascade
Hibernate: drop table Conversation cascade
14:56:06.143 [main] DEBUG org.hibernate.SQL - drop table Message cascade
Hibernate: drop table Message cascade
14:56:06.145 [main] DEBUG org.hibernate.SQL - drop table Review cascade
Hibernate: drop table Review cascade
14:56:06.147 [main] DEBUG org.hibernate.SQL - drop table UserDetails cascade
Hibernate: drop table UserDetails cascade
14:56:06.150 [main] DEBUG org.hibernate.SQL - drop table UserDetails_skills cascade
Hibernate: drop table UserDetails_skills cascade
14:56:06.151 [main] DEBUG org.hibernate.SQL - create table Conversation (conversationID  serial not null, userOne_userID int4, userTwo_userID int4, primary key (conversationID))
Hibernate: create table Conversation (conversationID  serial not null, userOne_userID int4, userTwo_userID int4, primary key (conversationID))
14:56:06.156 [main] DEBUG org.hibernate.SQL - create table Message (messageID  serial not null, created timestamp not null, messageContent varchar(255) not null, conversation_conversationID int4, userDetails_userID int4, primary key (messageID))
Hibernate: create table Message (messageID  serial not null, created timestamp not null, messageContent varchar(255) not null, conversation_conversationID int4, userDetails_userID int4, primary key (messageID))
14:56:06.160 [main] DEBUG org.hibernate.SQL - create table Review (reviewID  serial not null, reviewContent varchar(255) not null, star int4 not null, reviewGiver_userID int4, reviewReceiver_userID int4, primary key (reviewID))
Hibernate: create table Review (reviewID  serial not null, reviewContent varchar(255) not null, star int4 not null, reviewGiver_userID int4, reviewReceiver_userID int4, primary key (reviewID))
14:56:06.165 [main] DEBUG org.hibernate.SQL - create table UserDetails (userID  serial not null, email varchar(255), firstName varchar(255), lastName varchar(255), password varchar(255) not null, role varchar(255), primary key (userID))
Hibernate: create table UserDetails (userID  serial not null, email varchar(255), firstName varchar(255), lastName varchar(255), password varchar(255) not null, role varchar(255), primary key (userID))
14:56:06.171 [main] DEBUG org.hibernate.SQL - create table UserDetails_skills (UserDetails_userID int4 not null, skills varchar(255))
Hibernate: create table UserDetails_skills (UserDetails_userID int4 not null, skills varchar(255))
14:56:06.173 [main] DEBUG org.hibernate.SQL - alter table UserDetails add constraint UK_8ja5h2e3upra11pcu97lkq39u unique (email)
Hibernate: alter table UserDetails add constraint UK_8ja5h2e3upra11pcu97lkq39u unique (email)
14:56:06.175 [main] DEBUG org.hibernate.SQL - alter table Conversation add constraint FK_hxa5845vxjyihm3d343u5mrsd foreign key (userOne_userID) references UserDetails
Hibernate: alter table Conversation add constraint FK_hxa5845vxjyihm3d343u5mrsd foreign key (userOne_userID) references UserDetails
14:56:06.178 [main] DEBUG org.hibernate.SQL - alter table Conversation add constraint FK_afriaphh3ayen2obck14gee8o foreign key (userTwo_userID) references UserDetails
Hibernate: alter table Conversation add constraint FK_afriaphh3ayen2obck14gee8o foreign key (userTwo_userID) references UserDetails
14:56:06.181 [main] DEBUG org.hibernate.SQL - alter table Message add constraint FK_72e5qcp2ts1kcjml32o0p8mwe foreign key (conversation_conversationID) references Conversation
Hibernate: alter table Message add constraint FK_72e5qcp2ts1kcjml32o0p8mwe foreign key (conversation_conversationID) references Conversation
14:56:06.184 [main] DEBUG org.hibernate.SQL - alter table Message add constraint FK_a41go91ewmesbf11q39u35ge3 foreign key (userDetails_userID) references UserDetails
Hibernate: alter table Message add constraint FK_a41go91ewmesbf11q39u35ge3 foreign key (userDetails_userID) references UserDetails
14:56:06.187 [main] DEBUG org.hibernate.SQL - alter table Review add constraint FK_bxi5lsskf53a8jh1rifqf2lg8 foreign key (reviewGiver_userID) references UserDetails
Hibernate: alter table Review add constraint FK_bxi5lsskf53a8jh1rifqf2lg8 foreign key (reviewGiver_userID) references UserDetails
14:56:06.190 [main] DEBUG org.hibernate.SQL - alter table Review add constraint FK_6u9lr6blp3nly0bkkvnkg89kp foreign key (reviewReceiver_userID) references UserDetails
Hibernate: alter table Review add constraint FK_6u9lr6blp3nly0bkkvnkg89kp foreign key (reviewReceiver_userID) references UserDetails
14:56:06.192 [main] DEBUG org.hibernate.SQL - alter table UserDetails_skills add constraint FK_lwbmdaift2qnglwbwh3jws8he foreign key (UserDetails_userID) references UserDetails
Hibernate: alter table UserDetails_skills add constraint FK_lwbmdaift2qnglwbwh3jws8he foreign key (UserDetails_userID) references UserDetails
14:56:06.194 [main] INFO  o.h.tool.hbm2ddl.SchemaExport - HHH000230: Schema export complete
14:56:06.194 [main] DEBUG o.h.internal.NamedQueryRepository - Checking 5 named HQL queries
14:56:06.194 [main] DEBUG o.h.internal.NamedQueryRepository - Checking named query: Review.findAll
14:56:06.194 [main] DEBUG o.h.h.i.ast.QueryTranslatorImpl - parse() - HQL: from com.yuan.hspot.Entity.Review
14:56:06.195 [main] DEBUG o.h.h.i.ast.QueryTranslatorImpl - --- HQL AST ---
 \-[QUERY] Node: &apos;query&apos;
    \-[SELECT_FROM] Node: &apos;SELECT_FROM&apos;
       \-[FROM] Node: &apos;from&apos;
          \-[RANGE] Node: &apos;RANGE&apos;
             \-[DOT] Node: &apos;.&apos;
                +-[DOT] Node: &apos;.&apos;
                |  +-[DOT] Node: &apos;.&apos;
                |  |  +-[DOT] Node: &apos;.&apos;
                |  |  |  +-[IDENT] Node: &apos;com&apos;
                |  |  |  \-[IDENT] Node: &apos;yuan&apos;
                |  |  \-[IDENT] Node: &apos;hspot&apos;
                |  \-[IDENT] Node: &apos;Entity&apos;
                \-[IDENT] Node: &apos;Review&apos;

14:56:06.195 [main] DEBUG o.h.hql.internal.ast.ErrorCounter - throwQueryException() : no errors
14:56:06.195 [main] DEBUG o.h.h.i.antlr.HqlSqlBaseWalker - select &lt;&lt; begin [level=1, statement=select]
14:56:06.195 [main] DEBUG o.h.h.internal.ast.tree.FromElement - FromClause{level=1} : com.yuan.hspot.Entity.Review (&lt;no alias&gt;) -&gt; review0_
14:56:06.195 [main] DEBUG o.h.h.i.antlr.HqlSqlBaseWalker - select : finishing up [level=1, statement=select]
14:56:06.196 [main] DEBUG o.h.hql.internal.ast.HqlSqlWalker - processQuery() :  ( SELECT ( FromClause{level=1} Review review0_ ) )
14:56:06.196 [main] DEBUG o.h.hql.internal.ast.HqlSqlWalker - Derived SELECT clause created.
14:56:06.196 [main] DEBUG o.h.h.i.ast.util.JoinProcessor - Using FROM fragment [Review review0_]
14:56:06.196 [main] DEBUG o.h.h.i.antlr.HqlSqlBaseWalker - select &gt;&gt; end [level=1, statement=select]
14:56:06.196 [main] DEBUG o.h.h.i.ast.QueryTranslatorImpl - --- SQL AST ---
 \-[SELECT] QueryNode: &apos;SELECT&apos;  querySpaces (Review)
    +-[SELECT_CLAUSE] SelectClause: &apos;{derived select clause}&apos;
    |  +-[SELECT_EXPR] SelectExpressionImpl: &apos;review0_.reviewID as reviewID1_2_&apos; {FromElement{explicit,not a collection join,not a fetch join,fetch non-lazy properties,classAlias=null,role=null,tableName=Review,tableAlias=review0_,origin=null,columns={,className=com.yuan.hspot.Entity.Review}}}
    |  \-[SQL_TOKEN] SqlFragment: &apos;review0_.reviewContent as reviewCo2_2_, review0_.reviewGiver_userID as reviewGi4_2_, review0_.reviewReceiver_userID as reviewRe5_2_, review0_.star as star3_2_&apos;
    \-[FROM] FromClause: &apos;from&apos; FromClause{level=1, fromElementCounter=1, fromElements=1, fromElementByClassAlias=[], fromElementByTableAlias=[review0_], fromElementsByPath=[], collectionJoinFromElementsByPath=[], impliedElements=[]}
       \-[FROM_FRAGMENT] FromElement: &apos;Review review0_&apos; FromElement{explicit,not a collection join,not a fetch join,fetch non-lazy properties,classAlias=null,role=null,tableName=Review,tableAlias=review0_,origin=null,columns={,className=com.yuan.hspot.Entity.Review}}

14:56:06.196 [main] DEBUG o.h.hql.internal.ast.ErrorCounter - throwQueryException() : no errors
14:56:06.196 [main] DEBUG o.h.h.i.ast.QueryTranslatorImpl - HQL: from com.yuan.hspot.Entity.Review
14:56:06.196 [main] DEBUG o.h.h.i.ast.QueryTranslatorImpl - SQL: select review0_.reviewID as reviewID1_2_, review0_.reviewContent as reviewCo2_2_, review0_.reviewGiver_userID as reviewGi4_2_, review0_.reviewReceiver_userID as reviewRe5_2_, review0_.star as star3_2_ from Review review0_
14:56:06.196 [main] DEBUG o.h.hql.internal.ast.ErrorCounter - throwQueryException() : no errors
14:56:06.196 [main] DEBUG o.h.internal.NamedQueryRepository - Checking named query: UserDetails.deleteAll
14:56:06.196 [main] DEBUG o.h.h.i.ast.QueryTranslatorImpl - parse() - HQL: delete from com.yuan.hspot.Entity.UserDetails
14:56:06.197 [main] DEBUG o.h.h.i.ast.QueryTranslatorImpl - --- HQL AST ---
 \-[DELETE] Node: &apos;delete&apos;
    \-[FROM] Node: &apos;FROM&apos;
       \-[RANGE] Node: &apos;RANGE&apos;
          \-[DOT] Node: &apos;.&apos;
             +-[DOT] Node: &apos;.&apos;
             |  +-[DOT] Node: &apos;.&apos;
             |  |  +-[DOT] Node: &apos;.&apos;
             |  |  |  +-[IDENT] Node: &apos;com&apos;
             |  |  |  \-[IDENT] Node: &apos;yuan&apos;
             |  |  \-[IDENT] Node: &apos;hspot&apos;
             |  \-[IDENT] Node: &apos;Entity&apos;
             \-[IDENT] Node: &apos;UserDetails&apos;

14:56:06.197 [main] DEBUG o.h.hql.internal.ast.ErrorCounter - throwQueryException() : no errors
14:56:06.197 [main] DEBUG o.h.h.i.antlr.HqlSqlBaseWalker - delete &lt;&lt; begin [level=1, statement=delete]
14:56:06.198 [main] DEBUG o.h.h.internal.ast.tree.FromElement - FromClause{level=1} : com.yuan.hspot.Entity.UserDetails (&lt;no alias&gt;) -&gt; userdetail0_
14:56:06.198 [main] DEBUG o.h.h.i.antlr.HqlSqlBaseWalker - delete : finishing up [level=1, statement=delete]
14:56:06.198 [main] DEBUG o.h.h.i.antlr.HqlSqlBaseWalker - delete &gt;&gt; end [level=1, statement=delete]
14:56:06.198 [main] DEBUG o.h.h.i.ast.QueryTranslatorImpl - --- SQL AST ---
 \-[DELETE] DeleteStatement: &apos;delete&apos;  querySpaces (UserDetails)
    \-[FROM] FromClause: &apos;FROM&apos; FromClause{level=1, fromElementCounter=1, fromElements=1, fromElementByClassAlias=[], fromElementByTableAlias=[userdetail0_], fromElementsByPath=[], collectionJoinFromElementsByPath=[], impliedElements=[]}
       \-[FROM_FRAGMENT] FromElement: &apos;UserDetails&apos; FromElement{explicit,not a collection join,not a fetch join,fetch non-lazy properties,classAlias=null,role=null,tableName=UserDetails,tableAlias=userdetail0_,origin=null,columns={,className=com.yuan.hspot.Entity.UserDetails}}

14:56:06.198 [main] DEBUG o.h.hql.internal.ast.ErrorCounter - throwQueryException() : no errors
14:56:06.198 [main] DEBUG o.h.hql.internal.ast.ErrorCounter - throwQueryException() : no errors
14:56:06.198 [main] DEBUG o.h.internal.NamedQueryRepository - Checking named query: Message.findAll
14:56:06.199 [main] DEBUG o.h.h.i.ast.QueryTranslatorImpl - parse() - HQL: from com.yuan.hspot.Entity.Message
14:56:06.200 [main] DEBUG o.h.h.i.ast.QueryTranslatorImpl - --- HQL AST ---
 \-[QUERY] Node: &apos;query&apos;
    \-[SELECT_FROM] Node: &apos;SELECT_FROM&apos;
       \-[FROM] Node: &apos;from&apos;
          \-[RANGE] Node: &apos;RANGE&apos;
             \-[DOT] Node: &apos;.&apos;
                +-[DOT] Node: &apos;.&apos;
                |  +-[DOT] Node: &apos;.&apos;
                |  |  +-[DOT] Node: &apos;.&apos;
                |  |  |  +-[IDENT] Node: &apos;com&apos;
                |  |  |  \-[IDENT] Node: &apos;yuan&apos;
                |  |  \-[IDENT] Node: &apos;hspot&apos;
                |  \-[IDENT] Node: &apos;Entity&apos;
                \-[IDENT] Node: &apos;Message&apos;

14:56:06.200 [main] DEBUG o.h.hql.internal.ast.ErrorCounter - throwQueryException() : no errors
14:56:06.200 [main] DEBUG o.h.h.i.antlr.HqlSqlBaseWalker - select &lt;&lt; begin [level=1, statement=select]
14:56:06.200 [main] DEBUG o.h.h.internal.ast.tree.FromElement - FromClause{level=1} : com.yuan.hspot.Entity.Message (&lt;no alias&gt;) -&gt; message0_
14:56:06.200 [main] DEBUG o.h.h.i.antlr.HqlSqlBaseWalker - select : finishing up [level=1, statement=select]
14:56:06.200 [main] DEBUG o.h.hql.internal.ast.HqlSqlWalker - processQuery() :  ( SELECT ( FromClause{level=1} Message message0_ ) )
14:56:06.200 [main] DEBUG o.h.hql.internal.ast.HqlSqlWalker - Derived SELECT clause created.
14:56:06.200 [main] DEBUG o.h.h.i.ast.util.JoinProcessor - Using FROM fragment [Message message0_]
14:56:06.200 [main] DEBUG o.h.h.i.antlr.HqlSqlBaseWalker - select &gt;&gt; end [level=1, statement=select]
14:56:06.200 [main] DEBUG o.h.h.i.ast.QueryTranslatorImpl - --- SQL AST ---
 \-[SELECT] QueryNode: &apos;SELECT&apos;  querySpaces (Message)
    +-[SELECT_CLAUSE] SelectClause: &apos;{derived select clause}&apos;
    |  +-[SELECT_EXPR] SelectExpressionImpl: &apos;message0_.messageID as messageI1_1_&apos; {FromElement{explicit,not a collection join,not a fetch join,fetch non-lazy properties,classAlias=null,role=null,tableName=Message,tableAlias=message0_,origin=null,columns={,className=com.yuan.hspot.Entity.Message}}}
    |  \-[SQL_TOKEN] SqlFragment: &apos;message0_.conversation_conversationID as conversa4_1_, message0_.created as created2_1_, message0_.messageContent as messageC3_1_, message0_.userDetails_userID as userDeta5_1_&apos;
    \-[FROM] FromClause: &apos;from&apos; FromClause{level=1, fromElementCounter=1, fromElements=1, fromElementByClassAlias=[], fromElementByTableAlias=[message0_], fromElementsByPath=[], collectionJoinFromElementsByPath=[], impliedElements=[]}
       \-[FROM_FRAGMENT] FromElement: &apos;Message message0_&apos; FromElement{explicit,not a collection join,not a fetch join,fetch non-lazy properties,classAlias=null,role=null,tableName=Message,tableAlias=message0_,origin=null,columns={,className=com.yuan.hspot.Entity.Message}}

14:56:06.200 [main] DEBUG o.h.hql.internal.ast.ErrorCounter - throwQueryException() : no errors
14:56:06.201 [main] DEBUG o.h.h.i.ast.QueryTranslatorImpl - HQL: from com.yuan.hspot.Entity.Message
14:56:06.201 [main] DEBUG o.h.h.i.ast.QueryTranslatorImpl - SQL: select message0_.messageID as messageI1_1_, message0_.conversation_conversationID as conversa4_1_, message0_.created as created2_1_, message0_.messageContent as messageC3_1_, message0_.userDetails_userID as userDeta5_1_ from Message message0_
14:56:06.201 [main] DEBUG o.h.hql.internal.ast.ErrorCounter - throwQueryException() : no errors
14:56:06.201 [main] DEBUG o.h.internal.NamedQueryRepository - Checking named query: Conversation.findAll
14:56:06.201 [main] DEBUG o.h.h.i.ast.QueryTranslatorImpl - parse() - HQL: from com.yuan.hspot.Entity.Conversation
14:56:06.202 [main] DEBUG o.h.h.i.ast.QueryTranslatorImpl - --- HQL AST ---
 \-[QUERY] Node: &apos;query&apos;
    \-[SELECT_FROM] Node: &apos;SELECT_FROM&apos;
       \-[FROM] Node: &apos;from&apos;
          \-[RANGE] Node: &apos;RANGE&apos;
             \-[DOT] Node: &apos;.&apos;
                +-[DOT] Node: &apos;.&apos;
                |  +-[DOT] Node: &apos;.&apos;
                |  |  +-[DOT] Node: &apos;.&apos;
                |  |  |  +-[IDENT] Node: &apos;com&apos;
                |  |  |  \-[IDENT] Node: &apos;yuan&apos;
                |  |  \-[IDENT] Node: &apos;hspot&apos;
                |  \-[IDENT] Node: &apos;Entity&apos;
                \-[IDENT] Node: &apos;Conversation&apos;

14:56:06.202 [main] DEBUG o.h.hql.internal.ast.ErrorCounter - throwQueryException() : no errors
14:56:06.202 [main] DEBUG o.h.h.i.antlr.HqlSqlBaseWalker - select &lt;&lt; begin [level=1, statement=select]
14:56:06.203 [main] DEBUG o.h.h.internal.ast.tree.FromElement - FromClause{level=1} : com.yuan.hspot.Entity.Conversation (&lt;no alias&gt;) -&gt; conversati0_
14:56:06.203 [main] DEBUG o.h.h.i.antlr.HqlSqlBaseWalker - select : finishing up [level=1, statement=select]
14:56:06.203 [main] DEBUG o.h.hql.internal.ast.HqlSqlWalker - processQuery() :  ( SELECT ( FromClause{level=1} Conversation conversati0_ ) )
14:56:06.203 [main] DEBUG o.h.hql.internal.ast.HqlSqlWalker - Derived SELECT clause created.
14:56:06.203 [main] DEBUG o.h.h.i.ast.util.JoinProcessor - Using FROM fragment [Conversation conversati0_]
14:56:06.203 [main] DEBUG o.h.h.i.antlr.HqlSqlBaseWalker - select &gt;&gt; end [level=1, statement=select]
14:56:06.204 [main] DEBUG o.h.h.i.ast.QueryTranslatorImpl - --- SQL AST ---
 \-[SELECT] QueryNode: &apos;SELECT&apos;  querySpaces (Conversation)
    +-[SELECT_CLAUSE] SelectClause: &apos;{derived select clause}&apos;
    |  +-[SELECT_EXPR] SelectExpressionImpl: &apos;conversati0_.conversationID as conversa1_0_&apos; {FromElement{explicit,not a collection join,not a fetch join,fetch non-lazy properties,classAlias=null,role=null,tableName=Conversation,tableAlias=conversati0_,origin=null,columns={,className=com.yuan.hspot.Entity.Conversation}}}
    |  \-[SQL_TOKEN] SqlFragment: &apos;conversati0_.userOne_userID as userOne_2_0_, conversati0_.userTwo_userID as userTwo_3_0_&apos;
    \-[FROM] FromClause: &apos;from&apos; FromClause{level=1, fromElementCounter=1, fromElements=1, fromElementByClassAlias=[], fromElementByTableAlias=[conversati0_], fromElementsByPath=[], collectionJoinFromElementsByPath=[], impliedElements=[]}
       \-[FROM_FRAGMENT] FromElement: &apos;Conversation conversati0_&apos; FromElement{explicit,not a collection join,not a fetch join,fetch non-lazy properties,classAlias=null,role=null,tableName=Conversation,tableAlias=conversati0_,origin=null,columns={,className=com.yuan.hspot.Entity.Conversation}}

14:56:06.204 [main] DEBUG o.h.hql.internal.ast.ErrorCounter - throwQueryException() : no errors
14:56:06.204 [main] DEBUG o.h.h.i.ast.QueryTranslatorImpl - HQL: from com.yuan.hspot.Entity.Conversation
14:56:06.204 [main] DEBUG o.h.h.i.ast.QueryTranslatorImpl - SQL: select conversati0_.conversationID as conversa1_0_, conversati0_.userOne_userID as userOne_2_0_, conversati0_.userTwo_userID as userTwo_3_0_ from Conversation conversati0_
14:56:06.204 [main] DEBUG o.h.hql.internal.ast.ErrorCounter - throwQueryException() : no errors
14:56:06.204 [main] DEBUG o.h.internal.NamedQueryRepository - Checking named query: UserDetails.findAll
14:56:06.204 [main] DEBUG o.h.h.i.ast.QueryTranslatorImpl - parse() - HQL: from com.yuan.hspot.Entity.UserDetails
14:56:06.205 [main] DEBUG o.h.h.i.ast.QueryTranslatorImpl - --- HQL AST ---
 \-[QUERY] Node: &apos;query&apos;
    \-[SELECT_FROM] Node: &apos;SELECT_FROM&apos;
       \-[FROM] Node: &apos;from&apos;
          \-[RANGE] Node: &apos;RANGE&apos;
             \-[DOT] Node: &apos;.&apos;
                +-[DOT] Node: &apos;.&apos;
                |  +-[DOT] Node: &apos;.&apos;
                |  |  +-[DOT] Node: &apos;.&apos;
                |  |  |  +-[IDENT] Node: &apos;com&apos;
                |  |  |  \-[IDENT] Node: &apos;yuan&apos;
                |  |  \-[IDENT] Node: &apos;hspot&apos;
                |  \-[IDENT] Node: &apos;Entity&apos;
                \-[IDENT] Node: &apos;UserDetails&apos;

14:56:06.206 [main] DEBUG o.h.hql.internal.ast.ErrorCounter - throwQueryException() : no errors
14:56:06.206 [main] DEBUG o.h.h.i.antlr.HqlSqlBaseWalker - select &lt;&lt; begin [level=1, statement=select]
14:56:06.206 [main] DEBUG o.h.h.internal.ast.tree.FromElement - FromClause{level=1} : com.yuan.hspot.Entity.UserDetails (&lt;no alias&gt;) -&gt; userdetail0_
14:56:06.206 [main] DEBUG o.h.h.i.antlr.HqlSqlBaseWalker - select : finishing up [level=1, statement=select]
14:56:06.206 [main] DEBUG o.h.hql.internal.ast.HqlSqlWalker - processQuery() :  ( SELECT ( FromClause{level=1} UserDetails userdetail0_ ) )
14:56:06.207 [main] DEBUG o.h.hql.internal.ast.HqlSqlWalker - Derived SELECT clause created.
14:56:06.207 [main] DEBUG o.h.h.i.ast.util.JoinProcessor - Using FROM fragment [UserDetails userdetail0_]
14:56:06.207 [main] DEBUG o.h.h.i.antlr.HqlSqlBaseWalker - select &gt;&gt; end [level=1, statement=select]
14:56:06.207 [main] DEBUG o.h.h.i.ast.QueryTranslatorImpl - --- SQL AST ---
 \-[SELECT] QueryNode: &apos;SELECT&apos;  querySpaces (UserDetails)
    +-[SELECT_CLAUSE] SelectClause: &apos;{derived select clause}&apos;
    |  +-[SELECT_EXPR] SelectExpressionImpl: &apos;userdetail0_.userID as userID1_3_&apos; {FromElement{explicit,not a collection join,not a fetch join,fetch non-lazy properties,classAlias=null,role=null,tableName=UserDetails,tableAlias=userdetail0_,origin=null,columns={,className=com.yuan.hspot.Entity.UserDetails}}}
    |  \-[SQL_TOKEN] SqlFragment: &apos;userdetail0_.email as email2_3_, userdetail0_.firstName as firstNam3_3_, userdetail0_.lastName as lastName4_3_, userdetail0_.password as password5_3_, userdetail0_.role as role6_3_&apos;
    \-[FROM] FromClause: &apos;from&apos; FromClause{level=1, fromElementCounter=1, fromElements=1, fromElementByClassAlias=[], fromElementByTableAlias=[userdetail0_], fromElementsByPath=[], collectionJoinFromElementsByPath=[], impliedElements=[]}
       \-[FROM_FRAGMENT] FromElement: &apos;UserDetails userdetail0_&apos; FromElement{explicit,not a collection join,not a fetch join,fetch non-lazy properties,classAlias=null,role=null,tableName=UserDetails,tableAlias=userdetail0_,origin=null,columns={,className=com.yuan.hspot.Entity.UserDetails}}

14:56:06.207 [main] DEBUG o.h.hql.internal.ast.ErrorCounter - throwQueryException() : no errors
14:56:06.207 [main] DEBUG o.h.h.i.ast.QueryTranslatorImpl - HQL: from com.yuan.hspot.Entity.UserDetails
14:56:06.207 [main] DEBUG o.h.h.i.ast.QueryTranslatorImpl - SQL: select userdetail0_.userID as userID1_3_, userdetail0_.email as email2_3_, userdetail0_.firstName as firstNam3_3_, userdetail0_.lastName as lastName4_3_, userdetail0_.password as password5_3_, userdetail0_.role as role6_3_ from UserDetails userdetail0_
14:56:06.207 [main] DEBUG o.h.hql.internal.ast.ErrorCounter - throwQueryException() : no errors
14:56:06.207 [main] DEBUG o.h.internal.NamedQueryRepository - Checking 0 named SQL queries
14:56:06.207 [main] DEBUG o.h.s.internal.StatisticsInitiator - Statistics initialized [enabled=false]
14:56:06.208 [main] DEBUG o.h.e.t.spi.AbstractTransactionImpl - begin
14:56:06.208 [main] DEBUG o.h.e.j.i.LogicalConnectionImpl - Obtaining JDBC connection
14:56:06.208 [main] DEBUG o.h.e.j.i.LogicalConnectionImpl - Obtained JDBC connection
14:56:06.208 [main] DEBUG o.h.e.t.i.jdbc.JdbcTransaction - initial autocommit status: false
14:56:06.209 [main] DEBUG org.hibernate.SQL - delete from UserDetails
Hibernate: delete from UserDetails
14:56:06.210 [main] DEBUG org.hibernate.engine.spi.ActionQueue - Executing identity-insert immediately
14:56:06.210 [main] DEBUG org.hibernate.SQL - insert into UserDetails (email, firstName, lastName, password, role) values (?, ?, ?, ?, ?)
Hibernate: insert into UserDetails (email, firstName, lastName, password, role) values (?, ?, ?, ?, ?)
14:56:06.212 [main] DEBUG o.h.id.IdentifierGeneratorHelper - Natively generated identity: 1
14:56:06.212 [main] DEBUG org.hibernate.engine.spi.ActionQueue - Executing identity-insert immediately
14:56:06.212 [main] DEBUG org.hibernate.SQL - insert into UserDetails (email, firstName, lastName, password, role) values (?, ?, ?, ?, ?)
Hibernate: insert into UserDetails (email, firstName, lastName, password, role) values (?, ?, ?, ?, ?)
14:56:06.213 [main] DEBUG o.h.id.IdentifierGeneratorHelper - Natively generated identity: 2
14:56:06.214 [main] DEBUG org.hibernate.engine.spi.ActionQueue - Executing identity-insert immediately
14:56:06.214 [main] DEBUG org.hibernate.SQL - insert into Conversation (userOne_userID, userTwo_userID) values (?, ?)
Hibernate: insert into Conversation (userOne_userID, userTwo_userID) values (?, ?)
14:56:06.215 [main] DEBUG o.h.id.IdentifierGeneratorHelper - Natively generated identity: 1
14:56:06.216 [main] DEBUG org.hibernate.engine.spi.ActionQueue - Executing identity-insert immediately
14:56:06.216 [main] DEBUG org.hibernate.SQL - insert into Message (conversation_conversationID, created, messageContent, userDetails_userID) values (?, ?, ?, ?)
Hibernate: insert into Message (conversation_conversationID, created, messageContent, userDetails_userID) values (?, ?, ?, ?)
14:56:06.218 [main] DEBUG o.h.id.IdentifierGeneratorHelper - Natively generated identity: 1
14:56:06.219 [main] DEBUG org.hibernate.engine.spi.ActionQueue - Executing identity-insert immediately
14:56:06.219 [main] DEBUG org.hibernate.SQL - insert into Review (reviewContent, reviewGiver_userID, reviewReceiver_userID, star) values (?, ?, ?, ?)
Hibernate: insert into Review (reviewContent, reviewGiver_userID, reviewReceiver_userID, star) values (?, ?, ?, ?)
14:56:06.221 [main] DEBUG o.h.id.IdentifierGeneratorHelper - Natively generated identity: 1
14:56:06.221 [main] DEBUG o.h.e.t.spi.AbstractTransactionImpl - committing
14:56:06.221 [main] DEBUG o.h.e.i.AbstractFlushingEventListener - Processing flush-time cascades
14:56:06.221 [main] DEBUG o.h.e.i.AbstractFlushingEventListener - Dirty checking collections
14:56:06.222 [main] DEBUG o.h.engine.internal.Collections - Collection found: [com.yuan.hspot.Entity.UserDetails.messages#1], was: [&lt;unreferenced&gt;] (initialized)
14:56:06.222 [main] DEBUG o.h.engine.internal.Collections - Collection found: [com.yuan.hspot.Entity.UserDetails.reviewGiven#1], was: [&lt;unreferenced&gt;] (initialized)
14:56:06.222 [main] DEBUG o.h.engine.internal.Collections - Collection found: [com.yuan.hspot.Entity.UserDetails.reviewReceived#1], was: [&lt;unreferenced&gt;] (initialized)
14:56:06.222 [main] DEBUG o.h.engine.internal.Collections - Collection found: [com.yuan.hspot.Entity.UserDetails.skills#1], was: [&lt;unreferenced&gt;] (initialized)
14:56:06.222 [main] DEBUG o.h.engine.internal.Collections - Collection found: [com.yuan.hspot.Entity.UserDetails.userOneConversations#1], was: [&lt;unreferenced&gt;] (initialized)
14:56:06.222 [main] DEBUG o.h.engine.internal.Collections - Collection found: [com.yuan.hspot.Entity.UserDetails.userTwoConversations#1], was: [&lt;unreferenced&gt;] (initialized)
14:56:06.222 [main] DEBUG o.h.engine.internal.Collections - Collection found: [com.yuan.hspot.Entity.UserDetails.messages#2], was: [&lt;unreferenced&gt;] (initialized)
14:56:06.222 [main] DEBUG o.h.engine.internal.Collections - Collection found: [com.yuan.hspot.Entity.UserDetails.reviewGiven#2], was: [&lt;unreferenced&gt;] (initialized)
14:56:06.222 [main] DEBUG o.h.engine.internal.Collections - Collection found: [com.yuan.hspot.Entity.UserDetails.reviewReceived#2], was: [&lt;unreferenced&gt;] (initialized)
14:56:06.222 [main] DEBUG o.h.engine.internal.Collections - Collection found: [com.yuan.hspot.Entity.UserDetails.skills#2], was: [&lt;unreferenced&gt;] (initialized)
14:56:06.222 [main] DEBUG o.h.engine.internal.Collections - Collection found: [com.yuan.hspot.Entity.UserDetails.userOneConversations#2], was: [&lt;unreferenced&gt;] (initialized)
14:56:06.222 [main] DEBUG o.h.engine.internal.Collections - Collection found: [com.yuan.hspot.Entity.UserDetails.userTwoConversations#2], was: [&lt;unreferenced&gt;] (initialized)
14:56:06.222 [main] DEBUG o.h.engine.internal.Collections - Collection found: [com.yuan.hspot.Entity.Conversation.messages#1], was: [&lt;unreferenced&gt;] (initialized)
14:56:06.223 [main] DEBUG o.h.e.i.AbstractFlushingEventListener - Flushed: 0 insertions, 0 updates, 0 deletions to 5 objects
14:56:06.223 [main] DEBUG o.h.e.i.AbstractFlushingEventListener - Flushed: 13 (re)creations, 0 updates, 0 removals to 13 collections
14:56:06.223 [main] DEBUG o.h.internal.util.EntityPrinter - Listing entities:
14:56:06.223 [main] DEBUG o.h.internal.util.EntityPrinter - com.yuan.hspot.Entity.UserDetails{skills=[Python, Ruby], firstName=null, lastName=null, password=password, reviewGiven=[], role=null, messages=[], userOneConversations=[], userTwoConversations=[], userID=1, reviewReceived=[], email=user1@email.example.com}
14:56:06.223 [main] DEBUG o.h.internal.util.EntityPrinter - com.yuan.hspot.Entity.Conversation{userOne=com.yuan.hspot.Entity.UserDetails#1, conversationID=1, messages=[], userTwo=com.yuan.hspot.Entity.UserDetails#2}
14:56:06.223 [main] DEBUG o.h.internal.util.EntityPrinter - com.yuan.hspot.Entity.Message{created=Wed Nov 11 14:56:06 EST 2015, messageID=1, userDetails=com.yuan.hspot.Entity.UserDetails#1, conversation=com.yuan.hspot.Entity.Conversation#1, messageContent=hey}
14:56:06.223 [main] DEBUG o.h.internal.util.EntityPrinter - com.yuan.hspot.Entity.Review{reviewReceiver=com.yuan.hspot.Entity.UserDetails#2, star=0, reviewContent=good guy, reviewID=1, reviewGiver=com.yuan.hspot.Entity.UserDetails#1}
14:56:06.223 [main] DEBUG o.h.internal.util.EntityPrinter - com.yuan.hspot.Entity.UserDetails{skills=[], firstName=null, lastName=null, password=password, reviewGiven=[], role=null, messages=[], userOneConversations=[], userTwoConversations=[], userID=2, reviewReceived=[], email=user2@email.example.com}
14:56:06.224 [main] DEBUG o.h.p.c.AbstractCollectionPersister - Inserting collection: [com.yuan.hspot.Entity.UserDetails.skills#1]
14:56:06.224 [main] DEBUG org.hibernate.SQL - insert into UserDetails_skills (UserDetails_userID, skills) values (?, ?)
Hibernate: insert into UserDetails_skills (UserDetails_userID, skills) values (?, ?)
14:56:06.225 [main] DEBUG org.hibernate.SQL - insert into UserDetails_skills (UserDetails_userID, skills) values (?, ?)
Hibernate: insert into UserDetails_skills (UserDetails_userID, skills) values (?, ?)
14:56:06.226 [main] DEBUG o.h.p.c.AbstractCollectionPersister - Done inserting collection: 2 rows inserted
14:56:06.231 [main] DEBUG o.h.p.c.AbstractCollectionPersister - Inserting collection: [com.yuan.hspot.Entity.UserDetails.skills#2]
14:56:06.232 [main] DEBUG o.h.p.c.AbstractCollectionPersister - Collection was empty
14:56:06.232 [main] DEBUG o.h.e.t.i.jdbc.JdbcTransaction - committed JDBC Connection
14:56:06.232 [main] DEBUG o.h.e.j.internal.JdbcCoordinatorImpl - HHH000420: Closing un-released batch
14:56:06.233 [main] DEBUG o.h.e.j.i.LogicalConnectionImpl - Releasing JDBC connection
14:56:06.233 [main] DEBUG o.h.e.j.i.LogicalConnectionImpl - Released JDBC connection
14:56:06.233 [main] DEBUG o.h.e.t.spi.AbstractTransactionImpl - begin
14:56:06.233 [main] DEBUG o.h.e.j.i.LogicalConnectionImpl - Obtaining JDBC connection
14:56:06.233 [main] DEBUG o.h.e.j.i.LogicalConnectionImpl - Obtained JDBC connection
14:56:06.233 [main] DEBUG o.h.e.t.i.jdbc.JdbcTransaction - initial autocommit status: false
14:56:06.243 [main] DEBUG o.h.e.j.i.LogicalConnectionImpl - Releasing JDBC connection
14:56:06.243 [main] DEBUG o.h.e.j.i.LogicalConnectionImpl - Released JDBC connection
</system-out>
  </testcase>
</testsuite>